C:\Program Files (x86)\MSBuild\Microsoft.Cpp\v4.0\V140\Microsoft.CppBuild.targets(368,5): warning MSB8004: Output Directory does not end with a trailing slash.  This build instance will add the slash as it is required to allow proper evaluation of the Output Directory.
  Logic.cpp
c:\program files (x86)\windows kits\8.1\include\um\dbghelp.h(1544): warning C4091: 'typedef ': 변수를 선언하지 않으면 '' 왼쪽은 무시됩니다.
c:\program files (x86)\windows kits\8.1\include\um\dbghelp.h(3190): warning C4091: 'typedef ': 변수를 선언하지 않으면 '' 왼쪽은 무시됩니다.
c:\users\lsy\desktop\ingameserver\engine\include\structure.h(496): warning C4244: '=': 'int'에서 'float'(으)로 변환하면서 데이터가 손실될 수 있습니다.
c:\users\lsy\desktop\ingameserver\engine\include\structure.h(497): warning C4244: '=': 'int'에서 'float'(으)로 변환하면서 데이터가 손실될 수 있습니다.
c:\users\lsy\desktop\ingameserver\engine\include\structure.h(498): warning C4244: '=': 'int'에서 'float'(으)로 변환하면서 데이터가 손실될 수 있습니다.
c:\users\lsy\desktop\ingameserver\engine\include\structure.h(499): warning C4244: '=': 'int'에서 'float'(으)로 변환하면서 데이터가 손실될 수 있습니다.
c:\users\lsy\desktop\ingameserver\engine\include\structure.h(672): warning C4244: '=': 'int'에서 'float'(으)로 변환하면서 데이터가 손실될 수 있습니다.
c:\users\lsy\desktop\ingameserver\engine\include\structure.h(673): warning C4244: '=': 'int'에서 'float'(으)로 변환하면서 데이터가 손실될 수 있습니다.
c:\users\lsy\desktop\ingameserver\engine\include\structure.h(674): warning C4244: '=': 'int'에서 'float'(으)로 변환하면서 데이터가 손실될 수 있습니다.
c:\users\lsy\desktop\ingameserver\engine\include\structure.h(675): warning C4244: '=': 'int'에서 'float'(으)로 변환하면서 데이터가 손실될 수 있습니다.
ZEROLowLib.lib(stdafx.obj) : warning LNK4099: 'ZEROLowLib.pdb' PDB를 'ZEROLowLib.lib(stdafx.obj)' 또는 'C:\Users\LSY\Desktop\INGAMESERVER\INGAMESERVER\Bin_Debug\ZEROLowLib.pdb'에서 찾을 수 없습니다. 디버그 정보가 없는 것처럼 개체를 링크합니다.
ZEROLowLib.lib(ZEROCircularQueue.obj) : warning LNK4099: 'ZEROLowLib.pdb' PDB를 'ZEROLowLib.lib(ZEROCircularQueue.obj)' 또는 'C:\Users\LSY\Desktop\INGAMESERVER\INGAMESERVER\Bin_Debug\ZEROLowLib.pdb'에서 찾을 수 없습니다. 디버그 정보가 없는 것처럼 개체를 링크합니다.
ZEROLowLib.lib(ZEROCrypt.obj) : warning LNK4099: 'ZEROLowLib.pdb' PDB를 'ZEROLowLib.lib(ZEROCrypt.obj)' 또는 'C:\Users\LSY\Desktop\INGAMESERVER\INGAMESERVER\Bin_Debug\ZEROLowLib.pdb'에서 찾을 수 없습니다. 디버그 정보가 없는 것처럼 개체를 링크합니다.
ZEROLowLib.lib(ZEROIocp.obj) : warning LNK4099: 'ZEROLowLib.pdb' PDB를 'ZEROLowLib.lib(ZEROIocp.obj)' 또는 'C:\Users\LSY\Desktop\INGAMESERVER\INGAMESERVER\Bin_Debug\ZEROLowLib.pdb'에서 찾을 수 없습니다. 디버그 정보가 없는 것처럼 개체를 링크합니다.
ZEROLowLib.lib(ZERONetworkSession.obj) : warning LNK4099: 'ZEROLowLib.pdb' PDB를 'ZEROLowLib.lib(ZERONetworkSession.obj)' 또는 'C:\Users\LSY\Desktop\INGAMESERVER\INGAMESERVER\Bin_Debug\ZEROLowLib.pdb'에서 찾을 수 없습니다. 디버그 정보가 없는 것처럼 개체를 링크합니다.
ZEROLowLib.lib(ZEROPacketSession.obj) : warning LNK4099: 'ZEROLowLib.pdb' PDB를 'ZEROLowLib.lib(ZEROPacketSession.obj)' 또는 'C:\Users\LSY\Desktop\INGAMESERVER\INGAMESERVER\Bin_Debug\ZEROLowLib.pdb'에서 찾을 수 없습니다. 디버그 정보가 없는 것처럼 개체를 링크합니다.
ZEROLowLib.lib(ZEROStream.obj) : warning LNK4099: 'ZEROLowLib.pdb' PDB를 'ZEROLowLib.lib(ZEROStream.obj)' 또는 'C:\Users\LSY\Desktop\INGAMESERVER\INGAMESERVER\Bin_Debug\ZEROLowLib.pdb'에서 찾을 수 없습니다. 디버그 정보가 없는 것처럼 개체를 링크합니다.
  INGAMESERVER.vcxproj -> C:\Users\LSY\Desktop\INGAMESERVER\INGAMESERVER\Include\../Bin_Debug\INGAMESERVER.exe
  INGAMESERVER.vcxproj -> ../Bin_Debug\INGAMESERVER.pdb (Full PDB)
