c:\users\aiuv0\downloads\google_drive\directteam\_hsj\dx_framework\dx11engine\include\debug\vc140.pdb
c:\users\aiuv0\downloads\google_drive\directteam\_hsj\dx_framework\dx11engine\include\debug\vc140.idb
c:\users\aiuv0\downloads\google_drive\directteam\_hsj\dx_framework\dx11engine\include\debug\dx11window.obj
c:\users\aiuv0\downloads\google_drive\directteam\_hsj\dx_framework\dx11engine\include\debug\dx11core.obj
c:\users\aiuv0\downloads\google_drive\directteam\_hsj\dx_framework\dx11engine\include\debug\dx11object.obj
c:\users\aiuv0\downloads\google_drive\directteam\_hsj\dx_framework\dx11engine\include\debug\dx11gameobject.obj
c:\users\aiuv0\downloads\google_drive\directteam\_hsj\dx_framework\dx11engine\include\debug\dx11gameobjectmanager.obj
c:\users\aiuv0\downloads\google_drive\directteam\_hsj\dx_framework\dx11engine\include\debug\dx11blendstate.obj
c:\users\aiuv0\downloads\google_drive\directteam\_hsj\dx_framework\dx11engine\include\debug\dx11depthstencilstate.obj
c:\users\aiuv0\downloads\google_drive\directteam\_hsj\dx_framework\dx11engine\include\debug\dx11rasterizerstate.obj
c:\users\aiuv0\downloads\google_drive\directteam\_hsj\dx_framework\dx11engine\include\debug\dx11rendermanager.obj
c:\users\aiuv0\downloads\google_drive\directteam\_hsj\dx_framework\dx11engine\include\debug\dx11renderstate.obj
c:\users\aiuv0\downloads\google_drive\directteam\_hsj\dx_framework\dx11engine\include\debug\dx11shader.obj
c:\users\aiuv0\downloads\google_drive\directteam\_hsj\dx_framework\dx11engine\include\debug\dx11shadermanager.obj
c:\users\aiuv0\downloads\google_drive\directteam\_hsj\dx_framework\dx11engine\include\debug\dx11mesh.obj
c:\users\aiuv0\downloads\google_drive\directteam\_hsj\dx_framework\dx11engine\include\debug\dx11resource.obj
c:\users\aiuv0\downloads\google_drive\directteam\_hsj\dx_framework\dx11engine\include\debug\dx11resourcesmanager.obj
c:\users\aiuv0\downloads\google_drive\directteam\_hsj\dx_framework\dx11engine\include\debug\dx11sampler.obj
c:\users\aiuv0\downloads\google_drive\directteam\_hsj\dx_framework\dx11engine\include\debug\dx11texture.obj
c:\users\aiuv0\downloads\google_drive\directteam\_hsj\dx_framework\dx11engine\include\debug\dx11layer.obj
c:\users\aiuv0\downloads\google_drive\directteam\_hsj\dx_framework\dx11engine\include\debug\dx11scene.obj
c:\users\aiuv0\downloads\google_drive\directteam\_hsj\dx_framework\dx11engine\include\debug\dx11scenemanager.obj
c:\users\aiuv0\downloads\google_drive\directteam\_hsj\dx_framework\dx11engine\include\debug\dx11camera.obj
c:\users\aiuv0\downloads\google_drive\directteam\_hsj\dx_framework\dx11engine\include\debug\dx11component.obj
c:\users\aiuv0\downloads\google_drive\directteam\_hsj\dx_framework\dx11engine\include\debug\dx11light.obj
c:\users\aiuv0\downloads\google_drive\directteam\_hsj\dx_framework\dx11engine\include\debug\dx11lightdir.obj
c:\users\aiuv0\downloads\google_drive\directteam\_hsj\dx_framework\dx11engine\include\debug\dx11lightpoint.obj
c:\users\aiuv0\downloads\google_drive\directteam\_hsj\dx_framework\dx11engine\include\debug\dx11material.obj
c:\users\aiuv0\downloads\google_drive\directteam\_hsj\dx_framework\dx11engine\include\debug\dx11renderer.obj
c:\users\aiuv0\downloads\google_drive\directteam\_hsj\dx_framework\dx11engine\include\debug\dx11script.obj
c:\users\aiuv0\downloads\google_drive\directteam\_hsj\dx_framework\dx11engine\include\debug\dx11transform.obj
c:\users\aiuv0\downloads\google_drive\directteam\_hsj\dx_framework\dx11engine\include\debug\dx11debug.obj
c:\users\aiuv0\downloads\google_drive\directteam\_hsj\dx_framework\dx11engine\include\debug\dx11device.obj
c:\users\aiuv0\downloads\google_drive\directteam\_hsj\dx_framework\dx11engine\include\debug\dx11filepathmanager.obj
c:\users\aiuv0\downloads\google_drive\directteam\_hsj\dx_framework\dx11engine\include\debug\dx11input.obj
c:\users\aiuv0\downloads\google_drive\directteam\_hsj\dx_framework\dx11engine\include\debug\dx11scheduler.obj
c:\users\aiuv0\downloads\google_drive\directteam\_hsj\dx_framework\dx11engine\include\debug\dx11timer.obj
c:\users\aiuv0\downloads\google_drive\directteam\_hsj\dx_framework\dx11engine\include\debug\dx11timermanager.obj
c:\users\aiuv0\downloads\google_drive\directteam\_hsj\dx_framework\dx11engine\bin_debug\default.cso
c:\users\aiuv0\downloads\google_drive\directteam\_hsj\dx_framework\dx11engine\bin_debug\sky.cso
c:\users\aiuv0\downloads\google_drive\directteam\_hsj\dx_framework\dx11engine\bin_debug\dx11engine_debug.lib
c:\users\aiuv0\downloads\google_drive\directteam\_hsj\dx_framework\dx11engine\bin_debug\dx11engine_debug.exp
c:\users\aiuv0\downloads\google_drive\directteam\_hsj\dx_framework\dx11engine\bin_debug\dx11engine_debug.ilk
c:\users\aiuv0\downloads\google_drive\directteam\_hsj\dx_framework\dx11engine\bin_debug\dx11engine_debug.dll
c:\users\aiuv0\downloads\google_drive\directteam\_hsj\dx_framework\dx11engine\bin_debug\dx11engine_debug.pdb
c:\users\aiuv0\downloads\google_drive\directteam\_hsj\dx_framework\/dx11engine/bin_debug\dx11engine_debug.pdb
c:\users\aiuv0\downloads\google_drive\directteam\_hsj\dx_framework\/dx11engine/bin_debug\dx11engine_debug.dll
c:\users\aiuv0\downloads\google_drive\directteam\_hsj\dx_framework\/dx11engine/bin_debug\dx11engine_debug.ilk
c:\users\aiuv0\downloads\google_drive\directteam\_hsj\dx_framework\dx11engine\include\debug\dx11engine.tlog\cl.command.1.tlog
c:\users\aiuv0\downloads\google_drive\directteam\_hsj\dx_framework\dx11engine\include\debug\dx11engine.tlog\cl.read.1.tlog
c:\users\aiuv0\downloads\google_drive\directteam\_hsj\dx_framework\dx11engine\include\debug\dx11engine.tlog\cl.write.1.tlog
c:\users\aiuv0\downloads\google_drive\directteam\_hsj\dx_framework\dx11engine\include\debug\dx11engine.tlog\dx11engine.write.1u.tlog
c:\users\aiuv0\downloads\google_drive\directteam\_hsj\dx_framework\dx11engine\include\debug\dx11engine.tlog\fxc.command.1.tlog
c:\users\aiuv0\downloads\google_drive\directteam\_hsj\dx_framework\dx11engine\include\debug\dx11engine.tlog\fxc.read.1.tlog
c:\users\aiuv0\downloads\google_drive\directteam\_hsj\dx_framework\dx11engine\include\debug\dx11engine.tlog\fxc.write.1.tlog
c:\users\aiuv0\downloads\google_drive\directteam\_hsj\dx_framework\dx11engine\include\debug\dx11engine.tlog\link.command.1.tlog
c:\users\aiuv0\downloads\google_drive\directteam\_hsj\dx_framework\dx11engine\include\debug\dx11engine.tlog\link.read.1.tlog
c:\users\aiuv0\downloads\google_drive\directteam\_hsj\dx_framework\dx11engine\include\debug\dx11engine.tlog\link.write.1.tlog
