c:\users\aiuv0\downloads\google_drive\directteam\_hsj\dx_framework\client\include\debug\vc140.pdb
c:\users\aiuv0\downloads\google_drive\directteam\_hsj\dx_framework\client\include\debug\vc140.idb
c:\users\aiuv0\downloads\google_drive\directteam\_hsj\dx_framework\client\bin_debug\client_debug.ilk
c:\users\aiuv0\downloads\google_drive\directteam\_hsj\dx_framework\client\bin_debug\client_debug.exe
c:\users\aiuv0\downloads\google_drive\directteam\_hsj\dx_framework\client\bin_debug\client_debug.pdb
c:\users\aiuv0\downloads\google_drive\directteam\_hsj\dx_framework\client\include\debug\client.res
c:\users\aiuv0\downloads\google_drive\directteam\_hsj\dx_framework\client\include\debug\mainscene (1).obj
c:\users\aiuv0\downloads\google_drive\directteam\_hsj\dx_framework\client\include\debug\mainscene (2).obj
c:\users\aiuv0\downloads\google_drive\directteam\_hsj\dx_framework\client\include\debug\mainscene.obj.enc
c:\users\aiuv0\downloads\google_drive\directteam\_hsj\dx_framework\client\include\debug\player.obj.enc
c:\users\aiuv0\downloads\google_drive\directteam\_hsj\dx_framework\/client/bin_debug\client_debug.pdb
c:\users\aiuv0\downloads\google_drive\directteam\_hsj\dx_framework\/client/bin_debug\client_debug.exe
c:\users\aiuv0\downloads\google_drive\directteam\_hsj\dx_framework\/client/bin_debug\client_debug.ilk
c:\users\aiuv0\downloads\google_drive\directteam\_hsj\dx_framework\client\include\debug\client.tlog\cl.command.1.tlog
c:\users\aiuv0\downloads\google_drive\directteam\_hsj\dx_framework\client\include\debug\client.tlog\cl.read.1.tlog
c:\users\aiuv0\downloads\google_drive\directteam\_hsj\dx_framework\client\include\debug\client.tlog\cl.write.1.tlog
c:\users\aiuv0\downloads\google_drive\directteam\_hsj\dx_framework\client\include\debug\client.tlog\link.command.1.tlog
c:\users\aiuv0\downloads\google_drive\directteam\_hsj\dx_framework\client\include\debug\client.tlog\link.read.1.tlog
c:\users\aiuv0\downloads\google_drive\directteam\_hsj\dx_framework\client\include\debug\client.tlog\link.write.1.tlog
c:\users\aiuv0\downloads\google_drive\directteam\_hsj\dx_framework\client\include\debug\client.tlog\rc.command.1.tlog
c:\users\aiuv0\downloads\google_drive\directteam\_hsj\dx_framework\client\include\debug\client.tlog\rc.read.1.tlog
c:\users\aiuv0\downloads\google_drive\directteam\_hsj\dx_framework\client\include\debug\client.tlog\rc.write.1.tlog
