C:\Program Files (x86)\Microsoft Visual Studio\2017\Community\Common7\IDE\VC\VCTargets\Microsoft.CppBuild.targets(373,5): warning MSB8004: Output 디렉터리가 슬래시로 끝나지 않습니다. Output 디렉터리의 적절한 평가를 허용하는 데 필요하므로 이 빌드 인스턴스에서 슬래시를 추가합니다.
  Launcher.cpp
c:\users\lsy\desktop\20170815\main06120924\engine\include\Structure.h(496): warning C4244: '=': 'int'에서 'float'(으)로 변환하면서 데이터가 손실될 수 있습니다.
c:\users\lsy\desktop\20170815\main06120924\engine\include\Structure.h(497): warning C4244: '=': 'int'에서 'float'(으)로 변환하면서 데이터가 손실될 수 있습니다.
c:\users\lsy\desktop\20170815\main06120924\engine\include\Structure.h(498): warning C4244: '=': 'int'에서 'float'(으)로 변환하면서 데이터가 손실될 수 있습니다.
c:\users\lsy\desktop\20170815\main06120924\engine\include\Structure.h(499): warning C4244: '=': 'int'에서 'float'(으)로 변환하면서 데이터가 손실될 수 있습니다.
c:\users\lsy\desktop\20170815\main06120924\engine\include\Structure.h(672): warning C4244: '=': 'int'에서 'float'(으)로 변환하면서 데이터가 손실될 수 있습니다.
c:\users\lsy\desktop\20170815\main06120924\engine\include\Structure.h(673): warning C4244: '=': 'int'에서 'float'(으)로 변환하면서 데이터가 손실될 수 있습니다.
c:\users\lsy\desktop\20170815\main06120924\engine\include\Structure.h(674): warning C4244: '=': 'int'에서 'float'(으)로 변환하면서 데이터가 손실될 수 있습니다.
c:\users\lsy\desktop\20170815\main06120924\engine\include\Structure.h(675): warning C4244: '=': 'int'에서 'float'(으)로 변환하면서 데이터가 손실될 수 있습니다.
  LoginForm.cpp
c:\users\lsy\desktop\20170815\main06120924\engine\include\Structure.h(496): warning C4244: '=': 'int'에서 'float'(으)로 변환하면서 데이터가 손실될 수 있습니다.
c:\users\lsy\desktop\20170815\main06120924\engine\include\Structure.h(497): warning C4244: '=': 'int'에서 'float'(으)로 변환하면서 데이터가 손실될 수 있습니다.
c:\users\lsy\desktop\20170815\main06120924\engine\include\Structure.h(498): warning C4244: '=': 'int'에서 'float'(으)로 변환하면서 데이터가 손실될 수 있습니다.
c:\users\lsy\desktop\20170815\main06120924\engine\include\Structure.h(499): warning C4244: '=': 'int'에서 'float'(으)로 변환하면서 데이터가 손실될 수 있습니다.
c:\users\lsy\desktop\20170815\main06120924\engine\include\Structure.h(672): warning C4244: '=': 'int'에서 'float'(으)로 변환하면서 데이터가 손실될 수 있습니다.
c:\users\lsy\desktop\20170815\main06120924\engine\include\Structure.h(673): warning C4244: '=': 'int'에서 'float'(으)로 변환하면서 데이터가 손실될 수 있습니다.
c:\users\lsy\desktop\20170815\main06120924\engine\include\Structure.h(674): warning C4244: '=': 'int'에서 'float'(으)로 변환하면서 데이터가 손실될 수 있습니다.
c:\users\lsy\desktop\20170815\main06120924\engine\include\Structure.h(675): warning C4244: '=': 'int'에서 'float'(으)로 변환하면서 데이터가 손실될 수 있습니다.
  LoginNetwork.cpp
c:\users\lsy\desktop\20170815\main06120924\engine\include\Structure.h(496): warning C4244: '=': 'int'에서 'float'(으)로 변환하면서 데이터가 손실될 수 있습니다.
c:\users\lsy\desktop\20170815\main06120924\engine\include\Structure.h(497): warning C4244: '=': 'int'에서 'float'(으)로 변환하면서 데이터가 손실될 수 있습니다.
c:\users\lsy\desktop\20170815\main06120924\engine\include\Structure.h(498): warning C4244: '=': 'int'에서 'float'(으)로 변환하면서 데이터가 손실될 수 있습니다.
c:\users\lsy\desktop\20170815\main06120924\engine\include\Structure.h(499): warning C4244: '=': 'int'에서 'float'(으)로 변환하면서 데이터가 손실될 수 있습니다.
c:\users\lsy\desktop\20170815\main06120924\engine\include\Structure.h(672): warning C4244: '=': 'int'에서 'float'(으)로 변환하면서 데이터가 손실될 수 있습니다.
c:\users\lsy\desktop\20170815\main06120924\engine\include\Structure.h(673): warning C4244: '=': 'int'에서 'float'(으)로 변환하면서 데이터가 손실될 수 있습니다.
c:\users\lsy\desktop\20170815\main06120924\engine\include\Structure.h(674): warning C4244: '=': 'int'에서 'float'(으)로 변환하면서 데이터가 손실될 수 있습니다.
c:\users\lsy\desktop\20170815\main06120924\engine\include\Structure.h(675): warning C4244: '=': 'int'에서 'float'(으)로 변환하면서 데이터가 손실될 수 있습니다.
  MainFrm.cpp
c:\users\lsy\desktop\20170815\main06120924\engine\include\Structure.h(496): warning C4244: '=': 'int'에서 'float'(으)로 변환하면서 데이터가 손실될 수 있습니다.
c:\users\lsy\desktop\20170815\main06120924\engine\include\Structure.h(497): warning C4244: '=': 'int'에서 'float'(으)로 변환하면서 데이터가 손실될 수 있습니다.
c:\users\lsy\desktop\20170815\main06120924\engine\include\Structure.h(498): warning C4244: '=': 'int'에서 'float'(으)로 변환하면서 데이터가 손실될 수 있습니다.
c:\users\lsy\desktop\20170815\main06120924\engine\include\Structure.h(499): warning C4244: '=': 'int'에서 'float'(으)로 변환하면서 데이터가 손실될 수 있습니다.
c:\users\lsy\desktop\20170815\main06120924\engine\include\Structure.h(672): warning C4244: '=': 'int'에서 'float'(으)로 변환하면서 데이터가 손실될 수 있습니다.
c:\users\lsy\desktop\20170815\main06120924\engine\include\Structure.h(673): warning C4244: '=': 'int'에서 'float'(으)로 변환하면서 데이터가 손실될 수 있습니다.
c:\users\lsy\desktop\20170815\main06120924\engine\include\Structure.h(674): warning C4244: '=': 'int'에서 'float'(으)로 변환하면서 데이터가 손실될 수 있습니다.
c:\users\lsy\desktop\20170815\main06120924\engine\include\Structure.h(675): warning C4244: '=': 'int'에서 'float'(으)로 변환하면서 데이터가 손실될 수 있습니다.
  MemberShipDlg.cpp
c:\users\lsy\desktop\20170815\main06120924\engine\include\Structure.h(496): warning C4244: '=': 'int'에서 'float'(으)로 변환하면서 데이터가 손실될 수 있습니다.
c:\users\lsy\desktop\20170815\main06120924\engine\include\Structure.h(497): warning C4244: '=': 'int'에서 'float'(으)로 변환하면서 데이터가 손실될 수 있습니다.
c:\users\lsy\desktop\20170815\main06120924\engine\include\Structure.h(498): warning C4244: '=': 'int'에서 'float'(으)로 변환하면서 데이터가 손실될 수 있습니다.
c:\users\lsy\desktop\20170815\main06120924\engine\include\Structure.h(499): warning C4244: '=': 'int'에서 'float'(으)로 변환하면서 데이터가 손실될 수 있습니다.
c:\users\lsy\desktop\20170815\main06120924\engine\include\Structure.h(672): warning C4244: '=': 'int'에서 'float'(으)로 변환하면서 데이터가 손실될 수 있습니다.
c:\users\lsy\desktop\20170815\main06120924\engine\include\Structure.h(673): warning C4244: '=': 'int'에서 'float'(으)로 변환하면서 데이터가 손실될 수 있습니다.
c:\users\lsy\desktop\20170815\main06120924\engine\include\Structure.h(674): warning C4244: '=': 'int'에서 'float'(으)로 변환하면서 데이터가 손실될 수 있습니다.
c:\users\lsy\desktop\20170815\main06120924\engine\include\Structure.h(675): warning C4244: '=': 'int'에서 'float'(으)로 변환하면서 데이터가 손실될 수 있습니다.
  NetworkManager.cpp
c:\users\lsy\desktop\20170815\main06120924\engine\include\Structure.h(496): warning C4244: '=': 'int'에서 'float'(으)로 변환하면서 데이터가 손실될 수 있습니다.
c:\users\lsy\desktop\20170815\main06120924\engine\include\Structure.h(497): warning C4244: '=': 'int'에서 'float'(으)로 변환하면서 데이터가 손실될 수 있습니다.
c:\users\lsy\desktop\20170815\main06120924\engine\include\Structure.h(498): warning C4244: '=': 'int'에서 'float'(으)로 변환하면서 데이터가 손실될 수 있습니다.
c:\users\lsy\desktop\20170815\main06120924\engine\include\Structure.h(499): warning C4244: '=': 'int'에서 'float'(으)로 변환하면서 데이터가 손실될 수 있습니다.
c:\users\lsy\desktop\20170815\main06120924\engine\include\Structure.h(672): warning C4244: '=': 'int'에서 'float'(으)로 변환하면서 데이터가 손실될 수 있습니다.
c:\users\lsy\desktop\20170815\main06120924\engine\include\Structure.h(673): warning C4244: '=': 'int'에서 'float'(으)로 변환하면서 데이터가 손실될 수 있습니다.
c:\users\lsy\desktop\20170815\main06120924\engine\include\Structure.h(674): warning C4244: '=': 'int'에서 'float'(으)로 변환하면서 데이터가 손실될 수 있습니다.
c:\users\lsy\desktop\20170815\main06120924\engine\include\Structure.h(675): warning C4244: '=': 'int'에서 'float'(으)로 변환하면서 데이터가 손실될 수 있습니다.
NetworkManager.cpp(40): warning C4996: 'inet_addr': Use inet_pton() or InetPton() instead or define _WINSOCK_DEPRECATED_NO_WARNINGS to disable deprecated API warnings
  C:\Program Files (x86)\Windows Kits\10\Include\10.0.15063.0\um\winsock2.h(1830): note: 'inet_addr' 선언을 참조하십시오.
NetworkManager.cpp(57): warning C4996: 'inet_addr': Use inet_pton() or InetPton() instead or define _WINSOCK_DEPRECATED_NO_WARNINGS to disable deprecated API warnings
  C:\Program Files (x86)\Windows Kits\10\Include\10.0.15063.0\um\winsock2.h(1830): note: 'inet_addr' 선언을 참조하십시오.
  코드를 생성하고 있습니다.
  0 of 374 functions ( 0.0%) were compiled, the rest were copied from previous compilation.
    0 functions were new in current compilation
    7 functions had inline decision re-evaluated but remain unchanged
  코드를 생성했습니다.
ZEROLowlib.lib(ZEROEventSelect.obj) : warning LNK4099: 'ZEROLowLib.pdb' PDB를 'ZEROLowlib.lib(ZEROEventSelect.obj)' 또는 'C:\Users\LSY\Desktop\20170815\main06120924\Client\Bin\ZEROLowLib.pdb'에서 찾을 수 없습니다. 디버그 정보가 없는 것처럼 개체를 링크합니다.
ZEROLowlib.lib(stdafx.obj) : warning LNK4099: 'ZEROLowLib.pdb' PDB를 'ZEROLowlib.lib(stdafx.obj)' 또는 'C:\Users\LSY\Desktop\20170815\main06120924\Client\Bin\ZEROLowLib.pdb'에서 찾을 수 없습니다. 디버그 정보가 없는 것처럼 개체를 링크합니다.
  Launcher.vcxproj -> C:\Users\LSY\Desktop\20170815\main06120924\Launcher\Include\../../Client/Bin\Launcher.exe
  Launcher.vcxproj -> ../../Client/Bin\Launcher.pdb (Full PDB)
