C:\Program Files (x86)\MSBuild\Microsoft.Cpp\v4.0\V140\Microsoft.CppBuild.targets(368,5): warning MSB8004: Output Directory does not end with a trailing slash.  This build instance will add the slash as it is required to allow proper evaluation of the Output Directory.
  AttackState.cpp
c:\users\hsj\desktop\main0610\engine\include\Structure.h(496): warning C4244: '=': 'int'에서 'float'(으)로 변환하면서 데이터가 손실될 수 있습니다.
c:\users\hsj\desktop\main0610\engine\include\Structure.h(497): warning C4244: '=': 'int'에서 'float'(으)로 변환하면서 데이터가 손실될 수 있습니다.
c:\users\hsj\desktop\main0610\engine\include\Structure.h(498): warning C4244: '=': 'int'에서 'float'(으)로 변환하면서 데이터가 손실될 수 있습니다.
c:\users\hsj\desktop\main0610\engine\include\Structure.h(499): warning C4244: '=': 'int'에서 'float'(으)로 변환하면서 데이터가 손실될 수 있습니다.
c:\users\hsj\desktop\main0610\engine\include\Structure.h(672): warning C4244: '=': 'int'에서 'float'(으)로 변환하면서 데이터가 손실될 수 있습니다.
c:\users\hsj\desktop\main0610\engine\include\Structure.h(673): warning C4244: '=': 'int'에서 'float'(으)로 변환하면서 데이터가 손실될 수 있습니다.
c:\users\hsj\desktop\main0610\engine\include\Structure.h(674): warning C4244: '=': 'int'에서 'float'(으)로 변환하면서 데이터가 손실될 수 있습니다.
c:\users\hsj\desktop\main0610\engine\include\Structure.h(675): warning C4244: '=': 'int'에서 'float'(으)로 변환하면서 데이터가 손실될 수 있습니다.
AIState\AttackState.cpp(40): warning C4244: '인수': 'double'에서 'float'(으)로 변환하면서 데이터가 손실될 수 있습니다.
AIState\AttackState.cpp(41): warning C4244: '인수': 'double'에서 'float'(으)로 변환하면서 데이터가 손실될 수 있습니다.
AIState\AttackState.cpp(42): warning C4244: '인수': 'double'에서 'float'(으)로 변환하면서 데이터가 손실될 수 있습니다.
  DamageState.cpp
c:\users\hsj\desktop\main0610\engine\include\Structure.h(496): warning C4244: '=': 'int'에서 'float'(으)로 변환하면서 데이터가 손실될 수 있습니다.
c:\users\hsj\desktop\main0610\engine\include\Structure.h(497): warning C4244: '=': 'int'에서 'float'(으)로 변환하면서 데이터가 손실될 수 있습니다.
c:\users\hsj\desktop\main0610\engine\include\Structure.h(498): warning C4244: '=': 'int'에서 'float'(으)로 변환하면서 데이터가 손실될 수 있습니다.
c:\users\hsj\desktop\main0610\engine\include\Structure.h(499): warning C4244: '=': 'int'에서 'float'(으)로 변환하면서 데이터가 손실될 수 있습니다.
c:\users\hsj\desktop\main0610\engine\include\Structure.h(672): warning C4244: '=': 'int'에서 'float'(으)로 변환하면서 데이터가 손실될 수 있습니다.
c:\users\hsj\desktop\main0610\engine\include\Structure.h(673): warning C4244: '=': 'int'에서 'float'(으)로 변환하면서 데이터가 손실될 수 있습니다.
c:\users\hsj\desktop\main0610\engine\include\Structure.h(674): warning C4244: '=': 'int'에서 'float'(으)로 변환하면서 데이터가 손실될 수 있습니다.
c:\users\hsj\desktop\main0610\engine\include\Structure.h(675): warning C4244: '=': 'int'에서 'float'(으)로 변환하면서 데이터가 손실될 수 있습니다.
AIState\DamageState.cpp(55): warning C4244: '인수': 'double'에서 'float'(으)로 변환하면서 데이터가 손실될 수 있습니다.
  IdleState.cpp
c:\users\hsj\desktop\main0610\engine\include\Structure.h(496): warning C4244: '=': 'int'에서 'float'(으)로 변환하면서 데이터가 손실될 수 있습니다.
c:\users\hsj\desktop\main0610\engine\include\Structure.h(497): warning C4244: '=': 'int'에서 'float'(으)로 변환하면서 데이터가 손실될 수 있습니다.
c:\users\hsj\desktop\main0610\engine\include\Structure.h(498): warning C4244: '=': 'int'에서 'float'(으)로 변환하면서 데이터가 손실될 수 있습니다.
c:\users\hsj\desktop\main0610\engine\include\Structure.h(499): warning C4244: '=': 'int'에서 'float'(으)로 변환하면서 데이터가 손실될 수 있습니다.
c:\users\hsj\desktop\main0610\engine\include\Structure.h(672): warning C4244: '=': 'int'에서 'float'(으)로 변환하면서 데이터가 손실될 수 있습니다.
c:\users\hsj\desktop\main0610\engine\include\Structure.h(673): warning C4244: '=': 'int'에서 'float'(으)로 변환하면서 데이터가 손실될 수 있습니다.
c:\users\hsj\desktop\main0610\engine\include\Structure.h(674): warning C4244: '=': 'int'에서 'float'(으)로 변환하면서 데이터가 손실될 수 있습니다.
c:\users\hsj\desktop\main0610\engine\include\Structure.h(675): warning C4244: '=': 'int'에서 'float'(으)로 변환하면서 데이터가 손실될 수 있습니다.
AIState\IdleState.cpp(37): warning C4244: '인수': 'double'에서 'float'(으)로 변환하면서 데이터가 손실될 수 있습니다.
  JumpState.cpp
c:\users\hsj\desktop\main0610\engine\include\Structure.h(496): warning C4244: '=': 'int'에서 'float'(으)로 변환하면서 데이터가 손실될 수 있습니다.
c:\users\hsj\desktop\main0610\engine\include\Structure.h(497): warning C4244: '=': 'int'에서 'float'(으)로 변환하면서 데이터가 손실될 수 있습니다.
c:\users\hsj\desktop\main0610\engine\include\Structure.h(498): warning C4244: '=': 'int'에서 'float'(으)로 변환하면서 데이터가 손실될 수 있습니다.
c:\users\hsj\desktop\main0610\engine\include\Structure.h(499): warning C4244: '=': 'int'에서 'float'(으)로 변환하면서 데이터가 손실될 수 있습니다.
c:\users\hsj\desktop\main0610\engine\include\Structure.h(672): warning C4244: '=': 'int'에서 'float'(으)로 변환하면서 데이터가 손실될 수 있습니다.
c:\users\hsj\desktop\main0610\engine\include\Structure.h(673): warning C4244: '=': 'int'에서 'float'(으)로 변환하면서 데이터가 손실될 수 있습니다.
c:\users\hsj\desktop\main0610\engine\include\Structure.h(674): warning C4244: '=': 'int'에서 'float'(으)로 변환하면서 데이터가 손실될 수 있습니다.
c:\users\hsj\desktop\main0610\engine\include\Structure.h(675): warning C4244: '=': 'int'에서 'float'(으)로 변환하면서 데이터가 손실될 수 있습니다.
c:\users\hsj\desktop\main0610\client\include\aistate\JumpState.h(25): warning C4305: '초기화 중': 'double'에서 'const float'(으)로 잘립니다.
AIState\JumpState.cpp(42): warning C4244: '인수': 'double'에서 'float'(으)로 변환하면서 데이터가 손실될 수 있습니다.
  RunState.cpp
c:\users\hsj\desktop\main0610\engine\include\Structure.h(496): warning C4244: '=': 'int'에서 'float'(으)로 변환하면서 데이터가 손실될 수 있습니다.
c:\users\hsj\desktop\main0610\engine\include\Structure.h(497): warning C4244: '=': 'int'에서 'float'(으)로 변환하면서 데이터가 손실될 수 있습니다.
c:\users\hsj\desktop\main0610\engine\include\Structure.h(498): warning C4244: '=': 'int'에서 'float'(으)로 변환하면서 데이터가 손실될 수 있습니다.
c:\users\hsj\desktop\main0610\engine\include\Structure.h(499): warning C4244: '=': 'int'에서 'float'(으)로 변환하면서 데이터가 손실될 수 있습니다.
c:\users\hsj\desktop\main0610\engine\include\Structure.h(672): warning C4244: '=': 'int'에서 'float'(으)로 변환하면서 데이터가 손실될 수 있습니다.
c:\users\hsj\desktop\main0610\engine\include\Structure.h(673): warning C4244: '=': 'int'에서 'float'(으)로 변환하면서 데이터가 손실될 수 있습니다.
c:\users\hsj\desktop\main0610\engine\include\Structure.h(674): warning C4244: '=': 'int'에서 'float'(으)로 변환하면서 데이터가 손실될 수 있습니다.
c:\users\hsj\desktop\main0610\engine\include\Structure.h(675): warning C4244: '=': 'int'에서 'float'(으)로 변환하면서 데이터가 손실될 수 있습니다.
AIState\RunState.cpp(97): warning C4305: '인수': 'double'에서 'float'(으)로 잘립니다.
  ShakeHeadState.cpp
c:\users\hsj\desktop\main0610\engine\include\Structure.h(496): warning C4244: '=': 'int'에서 'float'(으)로 변환하면서 데이터가 손실될 수 있습니다.
c:\users\hsj\desktop\main0610\engine\include\Structure.h(497): warning C4244: '=': 'int'에서 'float'(으)로 변환하면서 데이터가 손실될 수 있습니다.
c:\users\hsj\desktop\main0610\engine\include\Structure.h(498): warning C4244: '=': 'int'에서 'float'(으)로 변환하면서 데이터가 손실될 수 있습니다.
c:\users\hsj\desktop\main0610\engine\include\Structure.h(499): warning C4244: '=': 'int'에서 'float'(으)로 변환하면서 데이터가 손실될 수 있습니다.
c:\users\hsj\desktop\main0610\engine\include\Structure.h(672): warning C4244: '=': 'int'에서 'float'(으)로 변환하면서 데이터가 손실될 수 있습니다.
c:\users\hsj\desktop\main0610\engine\include\Structure.h(673): warning C4244: '=': 'int'에서 'float'(으)로 변환하면서 데이터가 손실될 수 있습니다.
c:\users\hsj\desktop\main0610\engine\include\Structure.h(674): warning C4244: '=': 'int'에서 'float'(으)로 변환하면서 데이터가 손실될 수 있습니다.
c:\users\hsj\desktop\main0610\engine\include\Structure.h(675): warning C4244: '=': 'int'에서 'float'(으)로 변환하면서 데이터가 손실될 수 있습니다.
AIState\ShakeHeadState.cpp(37): warning C4244: '인수': 'double'에서 'float'(으)로 변환하면서 데이터가 손실될 수 있습니다.
  SmileState.cpp
c:\users\hsj\desktop\main0610\engine\include\Structure.h(496): warning C4244: '=': 'int'에서 'float'(으)로 변환하면서 데이터가 손실될 수 있습니다.
c:\users\hsj\desktop\main0610\engine\include\Structure.h(497): warning C4244: '=': 'int'에서 'float'(으)로 변환하면서 데이터가 손실될 수 있습니다.
c:\users\hsj\desktop\main0610\engine\include\Structure.h(498): warning C4244: '=': 'int'에서 'float'(으)로 변환하면서 데이터가 손실될 수 있습니다.
c:\users\hsj\desktop\main0610\engine\include\Structure.h(499): warning C4244: '=': 'int'에서 'float'(으)로 변환하면서 데이터가 손실될 수 있습니다.
c:\users\hsj\desktop\main0610\engine\include\Structure.h(672): warning C4244: '=': 'int'에서 'float'(으)로 변환하면서 데이터가 손실될 수 있습니다.
c:\users\hsj\desktop\main0610\engine\include\Structure.h(673): warning C4244: '=': 'int'에서 'float'(으)로 변환하면서 데이터가 손실될 수 있습니다.
c:\users\hsj\desktop\main0610\engine\include\Structure.h(674): warning C4244: '=': 'int'에서 'float'(으)로 변환하면서 데이터가 손실될 수 있습니다.
c:\users\hsj\desktop\main0610\engine\include\Structure.h(675): warning C4244: '=': 'int'에서 'float'(으)로 변환하면서 데이터가 손실될 수 있습니다.
AIState\SmileState.cpp(36): warning C4244: '인수': 'double'에서 'float'(으)로 변환하면서 데이터가 손실될 수 있습니다.
  WalkState.cpp
c:\users\hsj\desktop\main0610\engine\include\Structure.h(496): warning C4244: '=': 'int'에서 'float'(으)로 변환하면서 데이터가 손실될 수 있습니다.
c:\users\hsj\desktop\main0610\engine\include\Structure.h(497): warning C4244: '=': 'int'에서 'float'(으)로 변환하면서 데이터가 손실될 수 있습니다.
c:\users\hsj\desktop\main0610\engine\include\Structure.h(498): warning C4244: '=': 'int'에서 'float'(으)로 변환하면서 데이터가 손실될 수 있습니다.
c:\users\hsj\desktop\main0610\engine\include\Structure.h(499): warning C4244: '=': 'int'에서 'float'(으)로 변환하면서 데이터가 손실될 수 있습니다.
c:\users\hsj\desktop\main0610\engine\include\Structure.h(672): warning C4244: '=': 'int'에서 'float'(으)로 변환하면서 데이터가 손실될 수 있습니다.
c:\users\hsj\desktop\main0610\engine\include\Structure.h(673): warning C4244: '=': 'int'에서 'float'(으)로 변환하면서 데이터가 손실될 수 있습니다.
c:\users\hsj\desktop\main0610\engine\include\Structure.h(674): warning C4244: '=': 'int'에서 'float'(으)로 변환하면서 데이터가 손실될 수 있습니다.
c:\users\hsj\desktop\main0610\engine\include\Structure.h(675): warning C4244: '=': 'int'에서 'float'(으)로 변환하면서 데이터가 손실될 수 있습니다.
AIState\WalkState.cpp(42): warning C4244: '인수': 'double'에서 'float'(으)로 변환하면서 데이터가 손실될 수 있습니다.
AIState\WalkState.cpp(79): warning C4305: '인수': 'double'에서 'float'(으)로 잘립니다.
  DeathState.cpp
c:\users\hsj\desktop\main0610\engine\include\Structure.h(496): warning C4244: '=': 'int'에서 'float'(으)로 변환하면서 데이터가 손실될 수 있습니다.
c:\users\hsj\desktop\main0610\engine\include\Structure.h(497): warning C4244: '=': 'int'에서 'float'(으)로 변환하면서 데이터가 손실될 수 있습니다.
c:\users\hsj\desktop\main0610\engine\include\Structure.h(498): warning C4244: '=': 'int'에서 'float'(으)로 변환하면서 데이터가 손실될 수 있습니다.
c:\users\hsj\desktop\main0610\engine\include\Structure.h(499): warning C4244: '=': 'int'에서 'float'(으)로 변환하면서 데이터가 손실될 수 있습니다.
c:\users\hsj\desktop\main0610\engine\include\Structure.h(672): warning C4244: '=': 'int'에서 'float'(으)로 변환하면서 데이터가 손실될 수 있습니다.
c:\users\hsj\desktop\main0610\engine\include\Structure.h(673): warning C4244: '=': 'int'에서 'float'(으)로 변환하면서 데이터가 손실될 수 있습니다.
c:\users\hsj\desktop\main0610\engine\include\Structure.h(674): warning C4244: '=': 'int'에서 'float'(으)로 변환하면서 데이터가 손실될 수 있습니다.
c:\users\hsj\desktop\main0610\engine\include\Structure.h(675): warning C4244: '=': 'int'에서 'float'(으)로 변환하면서 데이터가 손실될 수 있습니다.
AIState\DeathState.cpp(38): warning C4244: '인수': 'double'에서 'float'(으)로 변환하면서 데이터가 손실될 수 있습니다.
  ClientCore.cpp
c:\users\hsj\desktop\main0610\engine\include\Structure.h(496): warning C4244: '=': 'int'에서 'float'(으)로 변환하면서 데이터가 손실될 수 있습니다.
c:\users\hsj\desktop\main0610\engine\include\Structure.h(497): warning C4244: '=': 'int'에서 'float'(으)로 변환하면서 데이터가 손실될 수 있습니다.
c:\users\hsj\desktop\main0610\engine\include\Structure.h(498): warning C4244: '=': 'int'에서 'float'(으)로 변환하면서 데이터가 손실될 수 있습니다.
c:\users\hsj\desktop\main0610\engine\include\Structure.h(499): warning C4244: '=': 'int'에서 'float'(으)로 변환하면서 데이터가 손실될 수 있습니다.
c:\users\hsj\desktop\main0610\engine\include\Structure.h(672): warning C4244: '=': 'int'에서 'float'(으)로 변환하면서 데이터가 손실될 수 있습니다.
c:\users\hsj\desktop\main0610\engine\include\Structure.h(673): warning C4244: '=': 'int'에서 'float'(으)로 변환하면서 데이터가 손실될 수 있습니다.
c:\users\hsj\desktop\main0610\engine\include\Structure.h(674): warning C4244: '=': 'int'에서 'float'(으)로 변환하면서 데이터가 손실될 수 있습니다.
c:\users\hsj\desktop\main0610\engine\include\Structure.h(675): warning C4244: '=': 'int'에서 'float'(으)로 변환하면서 데이터가 손실될 수 있습니다.
C:\Program Files (x86)\Windows Kits\8.1\Include\um\WinSock2.h(17): warning C4005: '_WINSOCKAPI_': 매크로 재정의
  C:\Program Files (x86)\Windows Kits\8.1\Include\um\WinSock2.h(17): note: 명령줄 인수: '_WINSOCKAPI_'의 이전 정의를 참조하십시오.
C:\Program Files (x86)\Windows Kits\8.1\Include\um\dbghelp.h(1544): warning C4091: 'typedef ': 변수를 선언하지 않으면 '' 왼쪽은 무시됩니다.
C:\Program Files (x86)\Windows Kits\8.1\Include\um\dbghelp.h(3190): warning C4091: 'typedef ': 변수를 선언하지 않으면 '' 왼쪽은 무시됩니다.
  main.cpp
c:\users\hsj\desktop\main0610\engine\include\Structure.h(496): warning C4244: '=': 'int'에서 'float'(으)로 변환하면서 데이터가 손실될 수 있습니다.
c:\users\hsj\desktop\main0610\engine\include\Structure.h(497): warning C4244: '=': 'int'에서 'float'(으)로 변환하면서 데이터가 손실될 수 있습니다.
c:\users\hsj\desktop\main0610\engine\include\Structure.h(498): warning C4244: '=': 'int'에서 'float'(으)로 변환하면서 데이터가 손실될 수 있습니다.
c:\users\hsj\desktop\main0610\engine\include\Structure.h(499): warning C4244: '=': 'int'에서 'float'(으)로 변환하면서 데이터가 손실될 수 있습니다.
c:\users\hsj\desktop\main0610\engine\include\Structure.h(672): warning C4244: '=': 'int'에서 'float'(으)로 변환하면서 데이터가 손실될 수 있습니다.
c:\users\hsj\desktop\main0610\engine\include\Structure.h(673): warning C4244: '=': 'int'에서 'float'(으)로 변환하면서 데이터가 손실될 수 있습니다.
c:\users\hsj\desktop\main0610\engine\include\Structure.h(674): warning C4244: '=': 'int'에서 'float'(으)로 변환하면서 데이터가 손실될 수 있습니다.
c:\users\hsj\desktop\main0610\engine\include\Structure.h(675): warning C4244: '=': 'int'에서 'float'(으)로 변환하면서 데이터가 손실될 수 있습니다.
C:\Program Files (x86)\Windows Kits\8.1\Include\um\WinSock2.h(17): warning C4005: '_WINSOCKAPI_': 매크로 재정의
  C:\Program Files (x86)\Windows Kits\8.1\Include\um\WinSock2.h(17): note: 명령줄 인수: '_WINSOCKAPI_'의 이전 정의를 참조하십시오.
  IngameNetwork.cpp
C:\Program Files (x86)\Windows Kits\8.1\Include\um\winsock2.h(17): warning C4005: '_WINSOCKAPI_': 매크로 재정의
  C:\Program Files (x86)\Windows Kits\8.1\Include\um\winsock2.h(17): note: 명령줄 인수: '_WINSOCKAPI_'의 이전 정의를 참조하십시오.
C:\Program Files (x86)\Windows Kits\8.1\Include\um\dbghelp.h(1544): warning C4091: 'typedef ': 변수를 선언하지 않으면 '' 왼쪽은 무시됩니다.
C:\Program Files (x86)\Windows Kits\8.1\Include\um\dbghelp.h(3190): warning C4091: 'typedef ': 변수를 선언하지 않으면 '' 왼쪽은 무시됩니다.
c:\users\hsj\desktop\main0610\engine\include\Structure.h(496): warning C4244: '=': 'int'에서 'float'(으)로 변환하면서 데이터가 손실될 수 있습니다.
c:\users\hsj\desktop\main0610\engine\include\Structure.h(497): warning C4244: '=': 'int'에서 'float'(으)로 변환하면서 데이터가 손실될 수 있습니다.
c:\users\hsj\desktop\main0610\engine\include\Structure.h(498): warning C4244: '=': 'int'에서 'float'(으)로 변환하면서 데이터가 손실될 수 있습니다.
c:\users\hsj\desktop\main0610\engine\include\Structure.h(499): warning C4244: '=': 'int'에서 'float'(으)로 변환하면서 데이터가 손실될 수 있습니다.
c:\users\hsj\desktop\main0610\engine\include\Structure.h(672): warning C4244: '=': 'int'에서 'float'(으)로 변환하면서 데이터가 손실될 수 있습니다.
c:\users\hsj\desktop\main0610\engine\include\Structure.h(673): warning C4244: '=': 'int'에서 'float'(으)로 변환하면서 데이터가 손실될 수 있습니다.
c:\users\hsj\desktop\main0610\engine\include\Structure.h(674): warning C4244: '=': 'int'에서 'float'(으)로 변환하면서 데이터가 손실될 수 있습니다.
c:\users\hsj\desktop\main0610\engine\include\Structure.h(675): warning C4244: '=': 'int'에서 'float'(으)로 변환하면서 데이터가 손실될 수 있습니다.
  NetManager.cpp
C:\Program Files (x86)\Windows Kits\8.1\Include\um\winsock2.h(17): warning C4005: '_WINSOCKAPI_': 매크로 재정의
  C:\Program Files (x86)\Windows Kits\8.1\Include\um\winsock2.h(17): note: 명령줄 인수: '_WINSOCKAPI_'의 이전 정의를 참조하십시오.
C:\Program Files (x86)\Windows Kits\8.1\Include\um\dbghelp.h(1544): warning C4091: 'typedef ': 변수를 선언하지 않으면 '' 왼쪽은 무시됩니다.
C:\Program Files (x86)\Windows Kits\8.1\Include\um\dbghelp.h(3190): warning C4091: 'typedef ': 변수를 선언하지 않으면 '' 왼쪽은 무시됩니다.
c:\users\hsj\desktop\main0610\engine\include\Structure.h(496): warning C4244: '=': 'int'에서 'float'(으)로 변환하면서 데이터가 손실될 수 있습니다.
c:\users\hsj\desktop\main0610\engine\include\Structure.h(497): warning C4244: '=': 'int'에서 'float'(으)로 변환하면서 데이터가 손실될 수 있습니다.
c:\users\hsj\desktop\main0610\engine\include\Structure.h(498): warning C4244: '=': 'int'에서 'float'(으)로 변환하면서 데이터가 손실될 수 있습니다.
c:\users\hsj\desktop\main0610\engine\include\Structure.h(499): warning C4244: '=': 'int'에서 'float'(으)로 변환하면서 데이터가 손실될 수 있습니다.
c:\users\hsj\desktop\main0610\engine\include\Structure.h(672): warning C4244: '=': 'int'에서 'float'(으)로 변환하면서 데이터가 손실될 수 있습니다.
c:\users\hsj\desktop\main0610\engine\include\Structure.h(673): warning C4244: '=': 'int'에서 'float'(으)로 변환하면서 데이터가 손실될 수 있습니다.
c:\users\hsj\desktop\main0610\engine\include\Structure.h(674): warning C4244: '=': 'int'에서 'float'(으)로 변환하면서 데이터가 손실될 수 있습니다.
c:\users\hsj\desktop\main0610\engine\include\Structure.h(675): warning C4244: '=': 'int'에서 'float'(으)로 변환하면서 데이터가 손실될 수 있습니다.
  UserSession.cpp
C:\Program Files (x86)\Windows Kits\8.1\Include\um\winsock2.h(17): warning C4005: '_WINSOCKAPI_': 매크로 재정의
  C:\Program Files (x86)\Windows Kits\8.1\Include\um\winsock2.h(17): note: 명령줄 인수: '_WINSOCKAPI_'의 이전 정의를 참조하십시오.
C:\Program Files (x86)\Windows Kits\8.1\Include\um\dbghelp.h(1544): warning C4091: 'typedef ': 변수를 선언하지 않으면 '' 왼쪽은 무시됩니다.
C:\Program Files (x86)\Windows Kits\8.1\Include\um\dbghelp.h(3190): warning C4091: 'typedef ': 변수를 선언하지 않으면 '' 왼쪽은 무시됩니다.
  BulletSC.cpp
c:\users\hsj\desktop\main0610\engine\include\Structure.h(496): warning C4244: '=': 'int'에서 'float'(으)로 변환하면서 데이터가 손실될 수 있습니다.
c:\users\hsj\desktop\main0610\engine\include\Structure.h(497): warning C4244: '=': 'int'에서 'float'(으)로 변환하면서 데이터가 손실될 수 있습니다.
c:\users\hsj\desktop\main0610\engine\include\Structure.h(498): warning C4244: '=': 'int'에서 'float'(으)로 변환하면서 데이터가 손실될 수 있습니다.
c:\users\hsj\desktop\main0610\engine\include\Structure.h(499): warning C4244: '=': 'int'에서 'float'(으)로 변환하면서 데이터가 손실될 수 있습니다.
c:\users\hsj\desktop\main0610\engine\include\Structure.h(672): warning C4244: '=': 'int'에서 'float'(으)로 변환하면서 데이터가 손실될 수 있습니다.
c:\users\hsj\desktop\main0610\engine\include\Structure.h(673): warning C4244: '=': 'int'에서 'float'(으)로 변환하면서 데이터가 손실될 수 있습니다.
c:\users\hsj\desktop\main0610\engine\include\Structure.h(674): warning C4244: '=': 'int'에서 'float'(으)로 변환하면서 데이터가 손실될 수 있습니다.
c:\users\hsj\desktop\main0610\engine\include\Structure.h(675): warning C4244: '=': 'int'에서 'float'(으)로 변환하면서 데이터가 손실될 수 있습니다.
ObjScript\Bullet\BulletSC.cpp(117): warning C4305: '인수': 'double'에서 'float'(으)로 잘립니다.
  CoordinateArrowSC.cpp
c:\users\hsj\desktop\main0610\engine\include\Structure.h(496): warning C4244: '=': 'int'에서 'float'(으)로 변환하면서 데이터가 손실될 수 있습니다.
c:\users\hsj\desktop\main0610\engine\include\Structure.h(497): warning C4244: '=': 'int'에서 'float'(으)로 변환하면서 데이터가 손실될 수 있습니다.
c:\users\hsj\desktop\main0610\engine\include\Structure.h(498): warning C4244: '=': 'int'에서 'float'(으)로 변환하면서 데이터가 손실될 수 있습니다.
c:\users\hsj\desktop\main0610\engine\include\Structure.h(499): warning C4244: '=': 'int'에서 'float'(으)로 변환하면서 데이터가 손실될 수 있습니다.
c:\users\hsj\desktop\main0610\engine\include\Structure.h(672): warning C4244: '=': 'int'에서 'float'(으)로 변환하면서 데이터가 손실될 수 있습니다.
c:\users\hsj\desktop\main0610\engine\include\Structure.h(673): warning C4244: '=': 'int'에서 'float'(으)로 변환하면서 데이터가 손실될 수 있습니다.
c:\users\hsj\desktop\main0610\engine\include\Structure.h(674): warning C4244: '=': 'int'에서 'float'(으)로 변환하면서 데이터가 손실될 수 있습니다.
c:\users\hsj\desktop\main0610\engine\include\Structure.h(675): warning C4244: '=': 'int'에서 'float'(으)로 변환하면서 데이터가 손실될 수 있습니다.
ObjScript\CoordinateArrow\CoordinateArrowSC.cpp(34): warning C4305: '인수': 'double'에서 'float'(으)로 잘립니다.
  MonsterSC.cpp
c:\users\hsj\desktop\main0610\engine\include\Structure.h(496): warning C4244: '=': 'int'에서 'float'(으)로 변환하면서 데이터가 손실될 수 있습니다.
c:\users\hsj\desktop\main0610\engine\include\Structure.h(497): warning C4244: '=': 'int'에서 'float'(으)로 변환하면서 데이터가 손실될 수 있습니다.
c:\users\hsj\desktop\main0610\engine\include\Structure.h(498): warning C4244: '=': 'int'에서 'float'(으)로 변환하면서 데이터가 손실될 수 있습니다.
c:\users\hsj\desktop\main0610\engine\include\Structure.h(499): warning C4244: '=': 'int'에서 'float'(으)로 변환하면서 데이터가 손실될 수 있습니다.
c:\users\hsj\desktop\main0610\engine\include\Structure.h(672): warning C4244: '=': 'int'에서 'float'(으)로 변환하면서 데이터가 손실될 수 있습니다.
c:\users\hsj\desktop\main0610\engine\include\Structure.h(673): warning C4244: '=': 'int'에서 'float'(으)로 변환하면서 데이터가 손실될 수 있습니다.
c:\users\hsj\desktop\main0610\engine\include\Structure.h(674): warning C4244: '=': 'int'에서 'float'(으)로 변환하면서 데이터가 손실될 수 있습니다.
c:\users\hsj\desktop\main0610\engine\include\Structure.h(675): warning C4244: '=': 'int'에서 'float'(으)로 변환하면서 데이터가 손실될 수 있습니다.
c:\users\hsj\desktop\main0610\client\include\objscript\monster\../../AiState/JumpState.h(25): warning C4305: '초기화 중': 'double'에서 'const float'(으)로 잘립니다.
ObjScript\Monster\MonsterSC.cpp(92): warning C4305: '인수': 'double'에서 'float'(으)로 잘립니다.
ObjScript\Monster\MonsterSC.cpp(195): warning C4305: '인수': 'double'에서 'float'(으)로 잘립니다.
ObjScript\Monster\MonsterSC.cpp(217): warning C4244: '인수': 'double'에서 'float'(으)로 변환하면서 데이터가 손실될 수 있습니다.
ObjScript\Monster\MonsterSC.cpp(226): warning C4244: '인수': 'double'에서 'float'(으)로 변환하면서 데이터가 손실될 수 있습니다.
  User.cpp
c:\users\hsj\desktop\main0610\engine\include\Structure.h(496): warning C4244: '=': 'int'에서 'float'(으)로 변환하면서 데이터가 손실될 수 있습니다.
c:\users\hsj\desktop\main0610\engine\include\Structure.h(497): warning C4244: '=': 'int'에서 'float'(으)로 변환하면서 데이터가 손실될 수 있습니다.
c:\users\hsj\desktop\main0610\engine\include\Structure.h(498): warning C4244: '=': 'int'에서 'float'(으)로 변환하면서 데이터가 손실될 수 있습니다.
c:\users\hsj\desktop\main0610\engine\include\Structure.h(499): warning C4244: '=': 'int'에서 'float'(으)로 변환하면서 데이터가 손실될 수 있습니다.
c:\users\hsj\desktop\main0610\engine\include\Structure.h(672): warning C4244: '=': 'int'에서 'float'(으)로 변환하면서 데이터가 손실될 수 있습니다.
c:\users\hsj\desktop\main0610\engine\include\Structure.h(673): warning C4244: '=': 'int'에서 'float'(으)로 변환하면서 데이터가 손실될 수 있습니다.
c:\users\hsj\desktop\main0610\engine\include\Structure.h(674): warning C4244: '=': 'int'에서 'float'(으)로 변환하면서 데이터가 손실될 수 있습니다.
c:\users\hsj\desktop\main0610\engine\include\Structure.h(675): warning C4244: '=': 'int'에서 'float'(으)로 변환하면서 데이터가 손실될 수 있습니다.
  TackCollisionSC.cpp
c:\users\hsj\desktop\main0610\engine\include\Structure.h(496): warning C4244: '=': 'int'에서 'float'(으)로 변환하면서 데이터가 손실될 수 있습니다.
c:\users\hsj\desktop\main0610\engine\include\Structure.h(497): warning C4244: '=': 'int'에서 'float'(으)로 변환하면서 데이터가 손실될 수 있습니다.
c:\users\hsj\desktop\main0610\engine\include\Structure.h(498): warning C4244: '=': 'int'에서 'float'(으)로 변환하면서 데이터가 손실될 수 있습니다.
c:\users\hsj\desktop\main0610\engine\include\Structure.h(499): warning C4244: '=': 'int'에서 'float'(으)로 변환하면서 데이터가 손실될 수 있습니다.
c:\users\hsj\desktop\main0610\engine\include\Structure.h(672): warning C4244: '=': 'int'에서 'float'(으)로 변환하면서 데이터가 손실될 수 있습니다.
c:\users\hsj\desktop\main0610\engine\include\Structure.h(673): warning C4244: '=': 'int'에서 'float'(으)로 변환하면서 데이터가 손실될 수 있습니다.
c:\users\hsj\desktop\main0610\engine\include\Structure.h(674): warning C4244: '=': 'int'에서 'float'(으)로 변환하면서 데이터가 손실될 수 있습니다.
c:\users\hsj\desktop\main0610\engine\include\Structure.h(675): warning C4244: '=': 'int'에서 'float'(으)로 변환하면서 데이터가 손실될 수 있습니다.
c:\users\hsj\desktop\main0610\client\include\objscript\tank\TankCameraSC.h(20): warning C4305: '초기화 중': 'double'에서 'const float'(으)로 잘립니다.
  TankCameraSC.cpp
c:\users\hsj\desktop\main0610\engine\include\Structure.h(496): warning C4244: '=': 'int'에서 'float'(으)로 변환하면서 데이터가 손실될 수 있습니다.
c:\users\hsj\desktop\main0610\engine\include\Structure.h(497): warning C4244: '=': 'int'에서 'float'(으)로 변환하면서 데이터가 손실될 수 있습니다.
c:\users\hsj\desktop\main0610\engine\include\Structure.h(498): warning C4244: '=': 'int'에서 'float'(으)로 변환하면서 데이터가 손실될 수 있습니다.
c:\users\hsj\desktop\main0610\engine\include\Structure.h(499): warning C4244: '=': 'int'에서 'float'(으)로 변환하면서 데이터가 손실될 수 있습니다.
c:\users\hsj\desktop\main0610\engine\include\Structure.h(672): warning C4244: '=': 'int'에서 'float'(으)로 변환하면서 데이터가 손실될 수 있습니다.
c:\users\hsj\desktop\main0610\engine\include\Structure.h(673): warning C4244: '=': 'int'에서 'float'(으)로 변환하면서 데이터가 손실될 수 있습니다.
c:\users\hsj\desktop\main0610\engine\include\Structure.h(674): warning C4244: '=': 'int'에서 'float'(으)로 변환하면서 데이터가 손실될 수 있습니다.
c:\users\hsj\desktop\main0610\engine\include\Structure.h(675): warning C4244: '=': 'int'에서 'float'(으)로 변환하면서 데이터가 손실될 수 있습니다.
c:\users\hsj\desktop\main0610\client\include\objscript\tank\TankCameraSC.h(20): warning C4305: '초기화 중': 'double'에서 'const float'(으)로 잘립니다.
  TankInitSC.cpp
c:\users\hsj\desktop\main0610\engine\include\Structure.h(496): warning C4244: '=': 'int'에서 'float'(으)로 변환하면서 데이터가 손실될 수 있습니다.
c:\users\hsj\desktop\main0610\engine\include\Structure.h(497): warning C4244: '=': 'int'에서 'float'(으)로 변환하면서 데이터가 손실될 수 있습니다.
c:\users\hsj\desktop\main0610\engine\include\Structure.h(498): warning C4244: '=': 'int'에서 'float'(으)로 변환하면서 데이터가 손실될 수 있습니다.
c:\users\hsj\desktop\main0610\engine\include\Structure.h(499): warning C4244: '=': 'int'에서 'float'(으)로 변환하면서 데이터가 손실될 수 있습니다.
c:\users\hsj\desktop\main0610\engine\include\Structure.h(672): warning C4244: '=': 'int'에서 'float'(으)로 변환하면서 데이터가 손실될 수 있습니다.
c:\users\hsj\desktop\main0610\engine\include\Structure.h(673): warning C4244: '=': 'int'에서 'float'(으)로 변환하면서 데이터가 손실될 수 있습니다.
c:\users\hsj\desktop\main0610\engine\include\Structure.h(674): warning C4244: '=': 'int'에서 'float'(으)로 변환하면서 데이터가 손실될 수 있습니다.
c:\users\hsj\desktop\main0610\engine\include\Structure.h(675): warning C4244: '=': 'int'에서 'float'(으)로 변환하면서 데이터가 손실될 수 있습니다.
c:\users\hsj\desktop\main0610\client\include\objscript\tank\TankInitSC.h(23): warning C4305: '초기화 중': 'double'에서 'const float'(으)로 잘립니다.
c:\users\hsj\desktop\main0610\client\include\objscript\tank\TankInitSC.h(24): warning C4305: '초기화 중': 'double'에서 'const float'(으)로 잘립니다.
c:\users\hsj\desktop\main0610\client\include\objscript\tank\TankInitSC.h(25): warning C4305: '초기화 중': 'double'에서 'const float'(으)로 잘립니다.
c:\users\hsj\desktop\main0610\client\include\objscript\tank\TankInitSC.h(34): warning C4305: '초기화 중': 'double'에서 'float'(으)로 잘립니다.
c:\users\hsj\desktop\main0610\client\include\objscript\tank\TankCameraSC.h(20): warning C4305: '초기화 중': 'double'에서 'const float'(으)로 잘립니다.
ObjScript\Tank\TankInitSC.cpp(207): warning C4305: '인수': 'double'에서 'float'(으)로 잘립니다.
ObjScript\Tank\TankInitSC.cpp(244): warning C4305: '인수': 'double'에서 'float'(으)로 잘립니다.
ObjScript\Tank\TankInitSC.cpp(281): warning C4305: '인수': 'double'에서 'float'(으)로 잘립니다.
ObjScript\Tank\TankInitSC.cpp(318): warning C4305: '인수': 'double'에서 'float'(으)로 잘립니다.
ObjScript\Tank\TankInitSC.cpp(359): warning C4305: '인수': 'double'에서 'float'(으)로 잘립니다.
ObjScript\Tank\TankInitSC.cpp(360): warning C4305: '인수': 'double'에서 'float'(으)로 잘립니다.
ObjScript\Tank\TankInitSC.cpp(413): warning C4305: '인수': 'double'에서 'float'(으)로 잘립니다.
ObjScript\Tank\TankInitSC.cpp(416): warning C4305: '인수': 'double'에서 'float'(으)로 잘립니다.
  InGameSceneSC.cpp
c:\users\hsj\desktop\main0610\engine\include\Structure.h(496): warning C4244: '=': 'int'에서 'float'(으)로 변환하면서 데이터가 손실될 수 있습니다.
c:\users\hsj\desktop\main0610\engine\include\Structure.h(497): warning C4244: '=': 'int'에서 'float'(으)로 변환하면서 데이터가 손실될 수 있습니다.
c:\users\hsj\desktop\main0610\engine\include\Structure.h(498): warning C4244: '=': 'int'에서 'float'(으)로 변환하면서 데이터가 손실될 수 있습니다.
c:\users\hsj\desktop\main0610\engine\include\Structure.h(499): warning C4244: '=': 'int'에서 'float'(으)로 변환하면서 데이터가 손실될 수 있습니다.
c:\users\hsj\desktop\main0610\engine\include\Structure.h(672): warning C4244: '=': 'int'에서 'float'(으)로 변환하면서 데이터가 손실될 수 있습니다.
c:\users\hsj\desktop\main0610\engine\include\Structure.h(673): warning C4244: '=': 'int'에서 'float'(으)로 변환하면서 데이터가 손실될 수 있습니다.
c:\users\hsj\desktop\main0610\engine\include\Structure.h(674): warning C4244: '=': 'int'에서 'float'(으)로 변환하면서 데이터가 손실될 수 있습니다.
c:\users\hsj\desktop\main0610\engine\include\Structure.h(675): warning C4244: '=': 'int'에서 'float'(으)로 변환하면서 데이터가 손실될 수 있습니다.
SceneScript\InGameSceneSC.cpp(19): warning C4067: 전처리기 지시문 다음에 예기치 않은 토큰이 있습니다. 줄 바꿈 문자가 필요합니다.
c:\users\hsj\desktop\main0610\client\include\scenescript\../ObjScript/Tank/TankInitSC.h(23): warning C4305: '초기화 중': 'double'에서 'const float'(으)로 잘립니다.
c:\users\hsj\desktop\main0610\client\include\scenescript\../ObjScript/Tank/TankInitSC.h(24): warning C4305: '초기화 중': 'double'에서 'const float'(으)로 잘립니다.
c:\users\hsj\desktop\main0610\client\include\scenescript\../ObjScript/Tank/TankInitSC.h(25): warning C4305: '초기화 중': 'double'에서 'const float'(으)로 잘립니다.
c:\users\hsj\desktop\main0610\client\include\scenescript\../ObjScript/Tank/TankInitSC.h(34): warning C4305: '초기화 중': 'double'에서 'float'(으)로 잘립니다.
C:\Program Files (x86)\Windows Kits\8.1\Include\um\winsock2.h(17): warning C4005: '_WINSOCKAPI_': 매크로 재정의
  C:\Program Files (x86)\Windows Kits\8.1\Include\um\winsock2.h(17): note: 명령줄 인수: '_WINSOCKAPI_'의 이전 정의를 참조하십시오.
C:\Program Files (x86)\Windows Kits\8.1\Include\um\dbghelp.h(1544): warning C4091: 'typedef ': 변수를 선언하지 않으면 '' 왼쪽은 무시됩니다.
C:\Program Files (x86)\Windows Kits\8.1\Include\um\dbghelp.h(3190): warning C4091: 'typedef ': 변수를 선언하지 않으면 '' 왼쪽은 무시됩니다.
SceneScript\InGameSceneSC.cpp(292): warning C4244: '인수': 'double'에서 'int'(으)로 변환하면서 데이터가 손실될 수 있습니다.
SceneScript\InGameSceneSC.cpp(296): warning C4244: '인수': 'double'에서 'int'(으)로 변환하면서 데이터가 손실될 수 있습니다.
SceneScript\InGameSceneSC.cpp(301): warning C4244: '인수': 'double'에서 'int'(으)로 변환하면서 데이터가 손실될 수 있습니다.
SceneScript\InGameSceneSC.cpp(302): warning C4244: '인수': 'double'에서 'int'(으)로 변환하면서 데이터가 손실될 수 있습니다.
SceneScript\InGameSceneSC.cpp(316): warning C4018: '<': signed 또는 unsigned가 일치하지 않습니다.
SceneScript\InGameSceneSC.cpp(329): warning C4244: '인수': 'int'에서 'float'(으)로 변환하면서 데이터가 손실될 수 있습니다.
SceneScript\InGameSceneSC.cpp(389): warning C4244: '인수': 'int'에서 'float'(으)로 변환하면서 데이터가 손실될 수 있습니다.
SceneScript\InGameSceneSC.cpp(411): warning C4244: '인수': 'int'에서 'float'(으)로 변환하면서 데이터가 손실될 수 있습니다.
SceneScript\InGameSceneSC.cpp(433): warning C4244: '인수': 'int'에서 'float'(으)로 변환하면서 데이터가 손실될 수 있습니다.
SceneScript\InGameSceneSC.cpp(455): warning C4244: '인수': 'int'에서 'float'(으)로 변환하면서 데이터가 손실될 수 있습니다.
SceneScript\InGameSceneSC.cpp(475): warning C4244: '초기화 중': 'int'에서 'float'(으)로 변환하면서 데이터가 손실될 수 있습니다.
SceneScript\InGameSceneSC.cpp(484): warning C4305: '인수': 'double'에서 'float'(으)로 잘립니다.
SceneScript\InGameSceneSC.cpp(490): warning C4305: '인수': 'double'에서 'float'(으)로 잘립니다.
SceneScript\InGameSceneSC.cpp(496): warning C4305: '인수': 'double'에서 'float'(으)로 잘립니다.
SceneScript\InGameSceneSC.cpp(503): warning C4244: '초기화 중': 'int'에서 'float'(으)로 변환하면서 데이터가 손실될 수 있습니다.
SceneScript\InGameSceneSC.cpp(503): warning C4305: '*=': 'double'에서 'float'(으)로 잘립니다.
SceneScript\InGameSceneSC.cpp(504): warning C4244: '초기화 중': 'int'에서 'float'(으)로 변환하면서 데이터가 손실될 수 있습니다.
SceneScript\InGameSceneSC.cpp(504): warning C4305: '*=': 'double'에서 'float'(으)로 잘립니다.
SceneScript\InGameSceneSC.cpp(539): warning C4305: '인수': 'double'에서 'float'(으)로 잘립니다.
SceneScript\InGameSceneSC.cpp(546): warning C4244: '초기화 중': 'int'에서 'float'(으)로 변환하면서 데이터가 손실될 수 있습니다.
SceneScript\InGameSceneSC.cpp(635): warning C4018: '<': signed 또는 unsigned가 일치하지 않습니다.
SceneScript\InGameSceneSC.cpp(640): warning C4305: '인수': 'double'에서 'float'(으)로 잘립니다.
SceneScript\InGameSceneSC.cpp(644): warning C4244: '초기화 중': 'int'에서 'float'(으)로 변환하면서 데이터가 손실될 수 있습니다.
SceneScript\InGameSceneSC.cpp(646): warning C4244: '인수': 'int'에서 'float'(으)로 변환하면서 데이터가 손실될 수 있습니다.
SceneScript\InGameSceneSC.cpp(708): warning C4018: '<': signed 또는 unsigned가 일치하지 않습니다.
SceneScript\InGameSceneSC.cpp(713): warning C4305: '인수': 'double'에서 'float'(으)로 잘립니다.
SceneScript\InGameSceneSC.cpp(731): warning C4244: '초기화 중': 'int'에서 'float'(으)로 변환하면서 데이터가 손실될 수 있습니다.
SceneScript\InGameSceneSC.cpp(733): warning C4244: '인수': 'int'에서 'float'(으)로 변환하면서 데이터가 손실될 수 있습니다.
SceneScript\InGameSceneSC.cpp(775): warning C4018: '<': signed 또는 unsigned가 일치하지 않습니다.
SceneScript\InGameSceneSC.cpp(780): warning C4305: '인수': 'double'에서 'float'(으)로 잘립니다.
SceneScript\InGameSceneSC.cpp(787): warning C4244: '초기화 중': 'int'에서 'float'(으)로 변환하면서 데이터가 손실될 수 있습니다.
SceneScript\InGameSceneSC.cpp(789): warning C4244: '인수': 'int'에서 'float'(으)로 변환하면서 데이터가 손실될 수 있습니다.
SceneScript\InGameSceneSC.cpp(840): warning C4018: '<': signed 또는 unsigned가 일치하지 않습니다.
SceneScript\InGameSceneSC.cpp(847): warning C4305: '인수': 'double'에서 'float'(으)로 잘립니다.
SceneScript\InGameSceneSC.cpp(852): warning C4244: '인수': 'int'에서 'float'(으)로 변환하면서 데이터가 손실될 수 있습니다.
SceneScript\InGameSceneSC.cpp(897): warning C4018: '<': signed 또는 unsigned가 일치하지 않습니다.
SceneScript\InGameSceneSC.cpp(902): warning C4305: '인수': 'double'에서 'float'(으)로 잘립니다.
SceneScript\InGameSceneSC.cpp(913): warning C4305: '=': 'double'에서 'float'(으)로 잘립니다.
SceneScript\InGameSceneSC.cpp(915): warning C4305: '=': 'double'에서 'float'(으)로 잘립니다.
SceneScript\InGameSceneSC.cpp(920): warning C4244: '초기화 중': 'int'에서 'float'(으)로 변환하면서 데이터가 손실될 수 있습니다.
SceneScript\InGameSceneSC.cpp(922): warning C4244: '인수': 'int'에서 'float'(으)로 변환하면서 데이터가 손실될 수 있습니다.
SceneScript\InGameSceneSC.cpp(960): warning C4018: '<': signed 또는 unsigned가 일치하지 않습니다.
SceneScript\InGameSceneSC.cpp(965): warning C4305: '인수': 'double'에서 'float'(으)로 잘립니다.
SceneScript\InGameSceneSC.cpp(984): warning C4244: '초기화 중': 'int'에서 'float'(으)로 변환하면서 데이터가 손실될 수 있습니다.
SceneScript\InGameSceneSC.cpp(986): warning C4244: '인수': 'int'에서 'float'(으)로 변환하면서 데이터가 손실될 수 있습니다.
SceneScript\InGameSceneSC.cpp(1022): warning C4018: '<': signed 또는 unsigned가 일치하지 않습니다.
SceneScript\InGameSceneSC.cpp(1027): warning C4305: '인수': 'double'에서 'float'(으)로 잘립니다.
SceneScript\InGameSceneSC.cpp(1038): warning C4305: '=': 'double'에서 'float'(으)로 잘립니다.
SceneScript\InGameSceneSC.cpp(1045): warning C4244: '초기화 중': 'int'에서 'float'(으)로 변환하면서 데이터가 손실될 수 있습니다.
SceneScript\InGameSceneSC.cpp(1047): warning C4244: '인수': 'int'에서 'float'(으)로 변환하면서 데이터가 손실될 수 있습니다.
SceneScript\InGameSceneSC.cpp(1082): warning C4018: '<': signed 또는 unsigned가 일치하지 않습니다.
SceneScript\InGameSceneSC.cpp(1087): warning C4305: '인수': 'double'에서 'float'(으)로 잘립니다.
SceneScript\InGameSceneSC.cpp(1098): warning C4305: '=': 'double'에서 'float'(으)로 잘립니다.
SceneScript\InGameSceneSC.cpp(1100): warning C4305: '=': 'double'에서 'float'(으)로 잘립니다.
SceneScript\InGameSceneSC.cpp(1105): warning C4244: '초기화 중': 'int'에서 'float'(으)로 변환하면서 데이터가 손실될 수 있습니다.
SceneScript\InGameSceneSC.cpp(1107): warning C4244: '인수': 'int'에서 'float'(으)로 변환하면서 데이터가 손실될 수 있습니다.
SceneScript\InGameSceneSC.cpp(1157): warning C4018: '<': signed 또는 unsigned가 일치하지 않습니다.
SceneScript\InGameSceneSC.cpp(1160): warning C4244: '인수': 'int'에서 'float'(으)로 변환하면서 데이터가 손실될 수 있습니다.
SceneScript\InGameSceneSC.cpp(1159): warning C4996: 'sprintf': This function or variable may be unsafe. Consider using sprintf_s instead. To disable deprecation, use _CRT_SECURE_NO_WARNINGS. See online help for details.
  C:\Program Files (x86)\Windows Kits\10\Include\10.0.10240.0\ucrt\stdio.h(1769): note: 'sprintf' 선언을 참조하십시오.
SceneScript\InGameSceneSC.cpp(1186): warning C4244: '+=': 'double'에서 'float'(으)로 변환하면서 데이터가 손실될 수 있습니다.
  LoadingSceneSC.cpp
c:\users\hsj\desktop\main0610\engine\include\Structure.h(496): warning C4244: '=': 'int'에서 'float'(으)로 변환하면서 데이터가 손실될 수 있습니다.
c:\users\hsj\desktop\main0610\engine\include\Structure.h(497): warning C4244: '=': 'int'에서 'float'(으)로 변환하면서 데이터가 손실될 수 있습니다.
c:\users\hsj\desktop\main0610\engine\include\Structure.h(498): warning C4244: '=': 'int'에서 'float'(으)로 변환하면서 데이터가 손실될 수 있습니다.
c:\users\hsj\desktop\main0610\engine\include\Structure.h(499): warning C4244: '=': 'int'에서 'float'(으)로 변환하면서 데이터가 손실될 수 있습니다.
c:\users\hsj\desktop\main0610\engine\include\Structure.h(672): warning C4244: '=': 'int'에서 'float'(으)로 변환하면서 데이터가 손실될 수 있습니다.
c:\users\hsj\desktop\main0610\engine\include\Structure.h(673): warning C4244: '=': 'int'에서 'float'(으)로 변환하면서 데이터가 손실될 수 있습니다.
c:\users\hsj\desktop\main0610\engine\include\Structure.h(674): warning C4244: '=': 'int'에서 'float'(으)로 변환하면서 데이터가 손실될 수 있습니다.
c:\users\hsj\desktop\main0610\engine\include\Structure.h(675): warning C4244: '=': 'int'에서 'float'(으)로 변환하면서 데이터가 손실될 수 있습니다.
C:\Program Files (x86)\Windows Kits\8.1\Include\um\winsock2.h(17): warning C4005: '_WINSOCKAPI_': 매크로 재정의
  C:\Program Files (x86)\Windows Kits\8.1\Include\um\winsock2.h(17): note: 명령줄 인수: '_WINSOCKAPI_'의 이전 정의를 참조하십시오.
C:\Program Files (x86)\Windows Kits\8.1\Include\um\dbghelp.h(1544): warning C4091: 'typedef ': 변수를 선언하지 않으면 '' 왼쪽은 무시됩니다.
C:\Program Files (x86)\Windows Kits\8.1\Include\um\dbghelp.h(3190): warning C4091: 'typedef ': 변수를 선언하지 않으면 '' 왼쪽은 무시됩니다.
  MainSceneSC.cpp
c:\users\hsj\desktop\main0610\engine\include\Structure.h(496): warning C4244: '=': 'int'에서 'float'(으)로 변환하면서 데이터가 손실될 수 있습니다.
c:\users\hsj\desktop\main0610\engine\include\Structure.h(497): warning C4244: '=': 'int'에서 'float'(으)로 변환하면서 데이터가 손실될 수 있습니다.
c:\users\hsj\desktop\main0610\engine\include\Structure.h(498): warning C4244: '=': 'int'에서 'float'(으)로 변환하면서 데이터가 손실될 수 있습니다.
c:\users\hsj\desktop\main0610\engine\include\Structure.h(499): warning C4244: '=': 'int'에서 'float'(으)로 변환하면서 데이터가 손실될 수 있습니다.
c:\users\hsj\desktop\main0610\engine\include\Structure.h(672): warning C4244: '=': 'int'에서 'float'(으)로 변환하면서 데이터가 손실될 수 있습니다.
c:\users\hsj\desktop\main0610\engine\include\Structure.h(673): warning C4244: '=': 'int'에서 'float'(으)로 변환하면서 데이터가 손실될 수 있습니다.
c:\users\hsj\desktop\main0610\engine\include\Structure.h(674): warning C4244: '=': 'int'에서 'float'(으)로 변환하면서 데이터가 손실될 수 있습니다.
c:\users\hsj\desktop\main0610\engine\include\Structure.h(675): warning C4244: '=': 'int'에서 'float'(으)로 변환하면서 데이터가 손실될 수 있습니다.
C:\Program Files (x86)\Windows Kits\8.1\Include\um\winsock2.h(17): warning C4005: '_WINSOCKAPI_': 매크로 재정의
  C:\Program Files (x86)\Windows Kits\8.1\Include\um\winsock2.h(17): note: 명령줄 인수: '_WINSOCKAPI_'의 이전 정의를 참조하십시오.
C:\Program Files (x86)\Windows Kits\8.1\Include\um\dbghelp.h(1544): warning C4091: 'typedef ': 변수를 선언하지 않으면 '' 왼쪽은 무시됩니다.
C:\Program Files (x86)\Windows Kits\8.1\Include\um\dbghelp.h(3190): warning C4091: 'typedef ': 변수를 선언하지 않으면 '' 왼쪽은 무시됩니다.
  코드를 생성하고 있습니다.
  781 of 2353 functions (33.2%) were compiled, the rest were copied from previous compilation.
    0 functions were new in current compilation
    34 functions had inline decision re-evaluated but remain unchanged
  코드를 생성했습니다.
ZEROLowLib.lib(ZEROEventSelect.obj) : warning LNK4099: 'ZEROLowLib.pdb' PDB를 'ZEROLowLib.lib(ZEROEventSelect.obj)' 또는 'C:\Users\HSJ\Desktop\main0610\Client\Bin\ZEROLowLib.pdb'에서 찾을 수 없습니다. 디버그 정보가 없는 것처럼 개체를 링크합니다.
ZEROLowLib.lib(ZEROStream.obj) : warning LNK4099: 'ZEROLowLib.pdb' PDB를 'ZEROLowLib.lib(ZEROStream.obj)' 또는 'C:\Users\HSJ\Desktop\main0610\Client\Bin\ZEROLowLib.pdb'에서 찾을 수 없습니다. 디버그 정보가 없는 것처럼 개체를 링크합니다.
ZEROLowLib.lib(ZEROPacketSession.obj) : warning LNK4099: 'ZEROLowLib.pdb' PDB를 'ZEROLowLib.lib(ZEROPacketSession.obj)' 또는 'C:\Users\HSJ\Desktop\main0610\Client\Bin\ZEROLowLib.pdb'에서 찾을 수 없습니다. 디버그 정보가 없는 것처럼 개체를 링크합니다.
ZEROLowLib.lib(ZEROCircularQueue.obj) : warning LNK4099: 'ZEROLowLib.pdb' PDB를 'ZEROLowLib.lib(ZEROCircularQueue.obj)' 또는 'C:\Users\HSJ\Desktop\main0610\Client\Bin\ZEROLowLib.pdb'에서 찾을 수 없습니다. 디버그 정보가 없는 것처럼 개체를 링크합니다.
ZEROLowLib.lib(ZERONetworkSession.obj) : warning LNK4099: 'ZEROLowLib.pdb' PDB를 'ZEROLowLib.lib(ZERONetworkSession.obj)' 또는 'C:\Users\HSJ\Desktop\main0610\Client\Bin\ZEROLowLib.pdb'에서 찾을 수 없습니다. 디버그 정보가 없는 것처럼 개체를 링크합니다.
ZEROLowLib.lib(stdafx.obj) : warning LNK4099: 'ZEROLowLib.pdb' PDB를 'ZEROLowLib.lib(stdafx.obj)' 또는 'C:\Users\HSJ\Desktop\main0610\Client\Bin\ZEROLowLib.pdb'에서 찾을 수 없습니다. 디버그 정보가 없는 것처럼 개체를 링크합니다.
ZEROLowLib.lib(ZEROCrypt.obj) : warning LNK4099: 'ZEROLowLib.pdb' PDB를 'ZEROLowLib.lib(ZEROCrypt.obj)' 또는 'C:\Users\HSJ\Desktop\main0610\Client\Bin\ZEROLowLib.pdb'에서 찾을 수 없습니다. 디버그 정보가 없는 것처럼 개체를 링크합니다.
  Client.vcxproj -> C:\Users\HSJ\Desktop\main0610\/Client/Bin\Client.exe
  Client.vcxproj -> C:\Users\HSJ\Desktop\main0610\/Client/Bin\Client.pdb (Full PDB)
