c:\users\aiuv0\desktop\main2 (3)\temp\release\vc140.pdb
c:\users\aiuv0\desktop\main2 (3)\temp\release\mainscenesc.obj
c:\users\aiuv0\desktop\main2 (3)\temp\release\loadingscenesc.obj
c:\users\aiuv0\desktop\main2 (3)\temp\release\ingamescenesc.obj
c:\users\aiuv0\desktop\main2 (3)\temp\release\tankui.obj
c:\users\aiuv0\desktop\main2 (3)\temp\release\tankinitsc.obj
c:\users\aiuv0\desktop\main2 (3)\temp\release\tankcamerasc.obj
c:\users\aiuv0\desktop\main2 (3)\temp\release\user.obj
c:\users\aiuv0\desktop\main2 (3)\temp\release\coordinatearrowsc.obj
c:\users\aiuv0\desktop\main2 (3)\temp\release\usersession.obj
c:\users\aiuv0\desktop\main2 (3)\temp\release\netmanager.obj
c:\users\aiuv0\desktop\main2 (3)\temp\release\ingamenetwork.obj
c:\users\aiuv0\desktop\main2 (3)\temp\release\main.obj
c:\users\aiuv0\desktop\main2 (3)\temp\release\clientcore.obj
c:\users\aiuv0\desktop\main2 (3)\temp\release\bulletsc.obj
c:\users\hsj\desktop\main0609\temp\release\vc140.pdb
c:\users\hsj\desktop\main0609\temp\release\mainscenesc.obj
c:\users\hsj\desktop\main0609\temp\release\loadingscenesc.obj
c:\users\hsj\desktop\main0609\temp\release\ingamescenesc.obj
c:\users\hsj\desktop\main0609\temp\release\tankinitsc.obj
c:\users\hsj\desktop\main0609\temp\release\tankcamerasc.obj
c:\users\hsj\desktop\main0609\temp\release\bulletsc.obj
c:\users\aiuv0\desktop\main2 (3)\client\bin\client.exe
c:\users\aiuv0\desktop\main2 (3)\client\bin\client.ipdb
c:\users\aiuv0\desktop\main2 (3)\client\bin\client.iobj
c:\users\aiuv0\desktop\main2 (3)\client\bin\client.pdb
c:\users\aiuv0\desktop\main2 (3)\temp\release\client.res
c:\users\hsj\desktop\main0609\temp\release\client.res
c:\users\hsj\desktop\main0609\temp\release\attackstate.obj
c:\users\hsj\desktop\main0609\temp\release\clientcore.obj
c:\users\hsj\desktop\main0609\temp\release\coordinatearrowsc.obj
c:\users\hsj\desktop\main0609\temp\release\cplayeractionsc.obj
c:\users\hsj\desktop\main0609\temp\release\cplayercamerasc.obj
c:\users\hsj\desktop\main0609\temp\release\cplayersc.obj
c:\users\hsj\desktop\main0609\temp\release\damagestate.obj
c:\users\hsj\desktop\main0609\temp\release\idlestate.obj
c:\users\hsj\desktop\main0609\temp\release\ingamenetwork.obj
c:\users\hsj\desktop\main0609\temp\release\jumpstate.obj
c:\users\hsj\desktop\main0609\temp\release\main.obj
c:\users\hsj\desktop\main0609\temp\release\monstersc.obj
c:\users\hsj\desktop\main0609\temp\release\netmanager.obj
c:\users\hsj\desktop\main0609\temp\release\playercollisionchecksc.obj
c:\users\hsj\desktop\main0609\temp\release\runstate.obj
c:\users\hsj\desktop\main0609\temp\release\seekingstate.obj
c:\users\hsj\desktop\main0609\temp\release\shakeheadstate.obj
c:\users\hsj\desktop\main0609\temp\release\shootingstate.obj
c:\users\hsj\desktop\main0609\temp\release\smilestate.obj
c:\users\hsj\desktop\main0609\temp\release\tankui.obj
c:\users\hsj\desktop\main0609\temp\release\terrainsc.obj
c:\users\hsj\desktop\main0609\temp\release\user.obj
c:\users\hsj\desktop\main0609\temp\release\usersession.obj
c:\users\hsj\desktop\main0609\temp\release\walkstate.obj
c:\users\hsj\desktop\main0609\temp\release\msado15.tli
c:\users\hsj\desktop\main0609\temp\release\msado15.tlh
c:\users\hsj\desktop\main0609\/client/bin\client.pdb
c:\users\hsj\desktop\main0609\temp\release\client.tlog\cl.command.1.tlog
c:\users\hsj\desktop\main0609\temp\release\client.tlog\cl.read.1.tlog
c:\users\hsj\desktop\main0609\temp\release\client.tlog\cl.write.1.tlog
c:\users\hsj\desktop\main0609\temp\release\client.tlog\link.command.1.tlog
c:\users\hsj\desktop\main0609\temp\release\client.tlog\link.read.1.tlog
c:\users\hsj\desktop\main0609\temp\release\client.tlog\link.write.1.tlog
c:\users\hsj\desktop\main0609\temp\release\client.tlog\rc.command.1.tlog
c:\users\hsj\desktop\main0609\temp\release\client.tlog\rc.read.1.tlog
c:\users\hsj\desktop\main0609\temp\release\client.tlog\rc.write.1.tlog
