C:\Program Files (x86)\MSBuild\Microsoft.Cpp\v4.0\V140\Microsoft.CppBuild.targets(368,5): warning MSB8004: Output Directory does not end with a trailing slash.  This build instance will add the slash as it is required to allow proper evaluation of the Output Directory.
  Dx11Terrain.cpp
c:\users\hsj\desktop\main0610\dx11engine\include\structure.h(496): warning C4244: '=': 'int'에서 'float'(으)로 변환하면서 데이터가 손실될 수 있습니다.
c:\users\hsj\desktop\main0610\dx11engine\include\structure.h(497): warning C4244: '=': 'int'에서 'float'(으)로 변환하면서 데이터가 손실될 수 있습니다.
c:\users\hsj\desktop\main0610\dx11engine\include\structure.h(498): warning C4244: '=': 'int'에서 'float'(으)로 변환하면서 데이터가 손실될 수 있습니다.
c:\users\hsj\desktop\main0610\dx11engine\include\structure.h(499): warning C4244: '=': 'int'에서 'float'(으)로 변환하면서 데이터가 손실될 수 있습니다.
c:\users\hsj\desktop\main0610\dx11engine\include\structure.h(672): warning C4244: '=': 'int'에서 'float'(으)로 변환하면서 데이터가 손실될 수 있습니다.
c:\users\hsj\desktop\main0610\dx11engine\include\structure.h(673): warning C4244: '=': 'int'에서 'float'(으)로 변환하면서 데이터가 손실될 수 있습니다.
c:\users\hsj\desktop\main0610\dx11engine\include\structure.h(674): warning C4244: '=': 'int'에서 'float'(으)로 변환하면서 데이터가 손실될 수 있습니다.
c:\users\hsj\desktop\main0610\dx11engine\include\structure.h(675): warning C4244: '=': 'int'에서 'float'(으)로 변환하면서 데이터가 손실될 수 있습니다.
c:\users\hsj\desktop\main0610\dx11engine\include\component\dx11terrain.cpp(101): warning C4018: '<': signed 또는 unsigned가 일치하지 않습니다.
c:\users\hsj\desktop\main0610\dx11engine\include\component\dx11terrain.cpp(109): warning C4018: '<': signed 또는 unsigned가 일치하지 않습니다.
c:\users\hsj\desktop\main0610\dx11engine\include\component\dx11terrain.cpp(117): warning C4018: '<': signed 또는 unsigned가 일치하지 않습니다.
c:\users\hsj\desktop\main0610\dx11engine\include\component\dx11terrain.cpp(232): warning C4018: '>=': signed 또는 unsigned가 일치하지 않습니다.
     C:\Users\HSJ\Desktop\main0610\\Dx11Engine\Bin_Debug\Dx11Engine_Debug.lib 라이브러리 및 C:\Users\HSJ\Desktop\main0610\\Dx11Engine\Bin_Debug\Dx11Engine_Debug.exp 개체를 생성하고 있습니다.
DirectXTex.lib(BC.obj) : warning LNK4099: 'DirectXTex.pdb' PDB를 'DirectXTex.lib(BC.obj)' 또는 'C:\Users\HSJ\Desktop\main0610\Dx11Engine\Bin_Debug\DirectXTex.pdb'에서 찾을 수 없습니다. 디버그 정보가 없는 것처럼 개체를 링크합니다.
DirectXTex.lib(BC4BC5.obj) : warning LNK4099: 'DirectXTex.pdb' PDB를 'DirectXTex.lib(BC4BC5.obj)' 또는 'C:\Users\HSJ\Desktop\main0610\Dx11Engine\Bin_Debug\DirectXTex.pdb'에서 찾을 수 없습니다. 디버그 정보가 없는 것처럼 개체를 링크합니다.
DirectXTex.lib(BC6HBC7.obj) : warning LNK4099: 'DirectXTex.pdb' PDB를 'DirectXTex.lib(BC6HBC7.obj)' 또는 'C:\Users\HSJ\Desktop\main0610\Dx11Engine\Bin_Debug\DirectXTex.pdb'에서 찾을 수 없습니다. 디버그 정보가 없는 것처럼 개체를 링크합니다.
DirectXTex.lib(DirectXTexCompress.obj) : warning LNK4099: 'DirectXTex.pdb' PDB를 'DirectXTex.lib(DirectXTexCompress.obj)' 또는 'C:\Users\HSJ\Desktop\main0610\Dx11Engine\Bin_Debug\DirectXTex.pdb'에서 찾을 수 없습니다. 디버그 정보가 없는 것처럼 개체를 링크합니다.
DirectXTex.lib(DirectXTexConvert.obj) : warning LNK4099: 'DirectXTex.pdb' PDB를 'DirectXTex.lib(DirectXTexConvert.obj)' 또는 'C:\Users\HSJ\Desktop\main0610\Dx11Engine\Bin_Debug\DirectXTex.pdb'에서 찾을 수 없습니다. 디버그 정보가 없는 것처럼 개체를 링크합니다.
DirectXTex.lib(DirectXTexD3D11.obj) : warning LNK4099: 'DirectXTex.pdb' PDB를 'DirectXTex.lib(DirectXTexD3D11.obj)' 또는 'C:\Users\HSJ\Desktop\main0610\Dx11Engine\Bin_Debug\DirectXTex.pdb'에서 찾을 수 없습니다. 디버그 정보가 없는 것처럼 개체를 링크합니다.
DirectXTex.lib(DirectXTexDDS.obj) : warning LNK4099: 'DirectXTex.pdb' PDB를 'DirectXTex.lib(DirectXTexDDS.obj)' 또는 'C:\Users\HSJ\Desktop\main0610\Dx11Engine\Bin_Debug\DirectXTex.pdb'에서 찾을 수 없습니다. 디버그 정보가 없는 것처럼 개체를 링크합니다.
DirectXTex.lib(DirectXTexImage.obj) : warning LNK4099: 'DirectXTex.pdb' PDB를 'DirectXTex.lib(DirectXTexImage.obj)' 또는 'C:\Users\HSJ\Desktop\main0610\Dx11Engine\Bin_Debug\DirectXTex.pdb'에서 찾을 수 없습니다. 디버그 정보가 없는 것처럼 개체를 링크합니다.
DirectXTex.lib(DirectXTexMipMaps.obj) : warning LNK4099: 'DirectXTex.pdb' PDB를 'DirectXTex.lib(DirectXTexMipMaps.obj)' 또는 'C:\Users\HSJ\Desktop\main0610\Dx11Engine\Bin_Debug\DirectXTex.pdb'에서 찾을 수 없습니다. 디버그 정보가 없는 것처럼 개체를 링크합니다.
DirectXTex.lib(DirectXTexTGA.obj) : warning LNK4099: 'DirectXTex.pdb' PDB를 'DirectXTex.lib(DirectXTexTGA.obj)' 또는 'C:\Users\HSJ\Desktop\main0610\Dx11Engine\Bin_Debug\DirectXTex.pdb'에서 찾을 수 없습니다. 디버그 정보가 없는 것처럼 개체를 링크합니다.
DirectXTex.lib(DirectXTexUtil.obj) : warning LNK4099: 'DirectXTex.pdb' PDB를 'DirectXTex.lib(DirectXTexUtil.obj)' 또는 'C:\Users\HSJ\Desktop\main0610\Dx11Engine\Bin_Debug\DirectXTex.pdb'에서 찾을 수 없습니다. 디버그 정보가 없는 것처럼 개체를 링크합니다.
DirectXTex.lib(DirectXTexWIC.obj) : warning LNK4099: 'DirectXTex.pdb' PDB를 'DirectXTex.lib(DirectXTexWIC.obj)' 또는 'C:\Users\HSJ\Desktop\main0610\Dx11Engine\Bin_Debug\DirectXTex.pdb'에서 찾을 수 없습니다. 디버그 정보가 없는 것처럼 개체를 링크합니다.
  Dx11Engine.vcxproj -> C:\Users\HSJ\Desktop\main0610\\Dx11Engine\Bin_Debug\Dx11Engine_Debug.dll
  Dx11Engine.vcxproj -> C:\Users\HSJ\Desktop\main0610\\Dx11Engine\Bin_Debug\Dx11Engine_Debug.pdb (Full PDB)
  .\Dx11Engine\Include\Component\Dx11Terrain.h
  1개 파일이 복사되었습니다.
  .\Dx11Engine\Bin_Debug\Dx11Engine_Debug.dll
  .\Dx11Engine\Bin_Debug\Dx11Engine_Debug.lib
  2개 파일이 복사되었습니다.
  0개 파일이 복사되었습니다.
  파일을 찾을 수 없습니다-*.*
  0개 파일이 복사되었습니다.
  .\Dx11Engine\Bin_Debug\Dx11Engine_Debug.dll
  .\Dx11Engine\Bin_Debug\Dx11Engine_Debug.lib
  2개 파일이 복사되었습니다.
  잘못된 경로
  0개 파일이 복사되었습니다.
  .\Dx11Engine\Bin_Debug\Dx11Engine_Debug.dll
  .\Dx11Engine\Bin_Debug\Dx11Engine_Debug.lib
  2개 파일이 복사되었습니다.
  0개 파일이 복사되었습니다.
