c:\users\aiuv0\desktop\the hunter 0511\dx11engine\include\debug\vc140.pdb
c:\users\aiuv0\desktop\the hunter 0514 0404\dx11engine\include\debug\vc140.pdb
c:\users\aiuv0\desktop\main\dx11engine\include\debug\vc140.pdb
c:\users\hsj\desktop\main0610\dx11engine\include\debug\vc140.pdb
c:\users\hsj\desktop\main0610\dx11engine\include\debug\vc140.idb
c:\users\hsj\desktop\main0610\dx11engine\include\debug\dx11core.obj
c:\users\hsj\desktop\main0610\dx11engine\include\debug\dx11fsm.obj
c:\users\hsj\desktop\main0610\dx11engine\include\debug\dx11object.obj
c:\users\hsj\desktop\main0610\dx11engine\include\debug\dx11gameobject.obj
c:\users\hsj\desktop\main0610\dx11engine\include\debug\dx11prototypemanager.obj
c:\users\hsj\desktop\main0610\dx11engine\include\debug\dx11blendstate.obj
c:\users\hsj\desktop\main0610\dx11engine\include\debug\dx11depthstencilstate.obj
c:\users\hsj\desktop\main0610\dx11engine\include\debug\dx11rasterizerstate.obj
c:\users\hsj\desktop\main0610\dx11engine\include\debug\dx11rendermanager.obj
c:\users\hsj\desktop\main0610\dx11engine\include\debug\dx11renderstate.obj
c:\users\hsj\desktop\main0610\dx11engine\include\debug\dx11fbxloader.obj
c:\users\hsj\desktop\main0610\dx11engine\include\debug\dx11mesh.obj
c:\users\hsj\desktop\main0610\dx11engine\include\debug\dx11resources.obj
c:\users\hsj\desktop\main0610\dx11engine\include\debug\dx11resourcesmanager.obj
c:\users\hsj\desktop\main0610\dx11engine\include\debug\dx11texture.obj
c:\users\hsj\desktop\main0610\dx11engine\include\debug\dx11layer.obj
c:\users\hsj\desktop\main0610\dx11engine\include\debug\dx11scene.obj
c:\users\hsj\desktop\main0610\dx11engine\include\debug\dx11scenemanager.obj
c:\users\hsj\desktop\main0610\dx11engine\include\debug\dx11shader.obj
c:\users\hsj\desktop\main0610\dx11engine\include\debug\dx11shadermanager.obj
c:\users\hsj\desktop\main0610\dx11engine\include\debug\dx11renderer.obj
c:\users\hsj\desktop\main0610\dx11engine\include\debug\dx11script.obj
c:\users\hsj\desktop\main0610\dx11engine\include\debug\dx11terrain.obj
c:\users\hsj\desktop\main0610\dx11engine\include\debug\dx11transform.obj
c:\users\hsj\desktop\main0610\dx11engine\include\debug\dx11ui.obj
c:\users\hsj\desktop\main0610\dx11engine\include\debug\dx11uibar.obj
c:\users\hsj\desktop\main0610\dx11engine\include\debug\dx11uibutton.obj
c:\users\hsj\desktop\main0610\dx11engine\include\debug\dx11uiicon.obj
c:\users\hsj\desktop\main0610\dx11engine\include\debug\dx11uipanel.obj
c:\users\hsj\desktop\main0610\dx11engine\include\debug\dx11uislot.obj
c:\users\hsj\desktop\main0610\dx11engine\include\debug\dx11collisionmanager.obj
c:\users\hsj\desktop\main0610\dx11engine\include\debug\dx11debug.obj
c:\users\hsj\desktop\main0610\dx11engine\include\debug\dx11device.obj
c:\users\hsj\desktop\main0610\dx11engine\include\debug\dx11file.obj
c:\users\hsj\desktop\main0610\dx11engine\include\debug\dx11input.obj
c:\users\hsj\desktop\main0610\dx11engine\include\debug\dx11pathmanager.obj
c:\users\hsj\desktop\main0610\dx11engine\include\debug\dx11scheduler.obj
c:\users\hsj\desktop\main0610\dx11engine\include\debug\dx11timer.obj
c:\users\hsj\desktop\main0610\dx11engine\include\debug\dx11timermanager.obj
c:\users\hsj\desktop\main0610\dx11engine\include\debug\dx11window.obj
c:\users\hsj\desktop\main0610\dx11engine\include\debug\dx11animation3d.obj
c:\users\hsj\desktop\main0610\dx11engine\include\debug\dx11animationclip.obj
c:\users\hsj\desktop\main0610\dx11engine\include\debug\dx11billboard.obj
c:\users\hsj\desktop\main0610\dx11engine\include\debug\dx11camera.obj
c:\users\hsj\desktop\main0610\dx11engine\include\debug\dx11camera3rd.obj
c:\users\hsj\desktop\main0610\dx11engine\include\debug\dx11collider.obj
c:\users\hsj\desktop\main0610\dx11engine\include\debug\dx11collideraabb.obj
c:\users\hsj\desktop\main0610\dx11engine\include\debug\dx11colliderfrustrum.obj
c:\users\hsj\desktop\main0610\dx11engine\include\debug\dx11colliderobb.obj
c:\users\hsj\desktop\main0610\dx11engine\include\debug\dx11colliderpoint.obj
c:\users\hsj\desktop\main0610\dx11engine\include\debug\dx11colliderray.obj
c:\users\hsj\desktop\main0610\dx11engine\include\debug\dx11colliderrc.obj
c:\users\hsj\desktop\main0610\dx11engine\include\debug\dx11collidersphere.obj
c:\users\hsj\desktop\main0610\dx11engine\include\debug\dx11colliderterrain.obj
c:\users\hsj\desktop\main0610\dx11engine\include\debug\dx11component.obj
c:\users\hsj\desktop\main0610\dx11engine\include\debug\dx11light.obj
c:\users\hsj\desktop\main0610\dx11engine\include\debug\dx11lightdir.obj
c:\users\hsj\desktop\main0610\dx11engine\include\debug\dx11lightpoint.obj
c:\users\hsj\desktop\main0610\dx11engine\include\debug\dx11material.obj
c:\users\hsj\desktop\main0610\dx11engine\include\debug\dx11mouse.obj
c:\users\hsj\desktop\main0610\dx11engine\include\debug\dx11state.obj
c:\users\hsj\desktop\main0610\dx11engine\include\debug\dx11animation2d.obj
c:\users\aiuv0\desktop\the hunter 0511\dx11engine\bin_debug\collider.cso
c:\users\aiuv0\desktop\the hunter 0511\dx11engine\bin_debug\default.cso
c:\users\aiuv0\desktop\the hunter 0511\dx11engine\bin_debug\effect.cso
c:\users\aiuv0\desktop\the hunter 0511\dx11engine\bin_debug\share.cso
c:\users\aiuv0\desktop\the hunter 0511\dx11engine\bin_debug\sky.cso
c:\users\aiuv0\desktop\the hunter 0511\dx11engine\bin_debug\ui.cso
c:\users\aiuv0\desktop\the hunter 0511\dx11engine\bin_debug\dx11engine_debug.lib
c:\users\aiuv0\desktop\the hunter 0511\dx11engine\bin_debug\dx11engine_debug.exp
c:\users\aiuv0\desktop\the hunter 0514 0404\dx11engine\bin_debug\collider.cso
c:\users\aiuv0\desktop\the hunter 0514 0404\dx11engine\bin_debug\default.cso
c:\users\aiuv0\desktop\the hunter 0514 0404\dx11engine\bin_debug\effect.cso
c:\users\aiuv0\desktop\the hunter 0514 0404\dx11engine\bin_debug\share.cso
c:\users\aiuv0\desktop\the hunter 0514 0404\dx11engine\bin_debug\sky.cso
c:\users\aiuv0\desktop\the hunter 0514 0404\dx11engine\bin_debug\ui.cso
c:\users\aiuv0\desktop\the hunter 0514 0404\dx11engine\bin_debug\dx11engine_debug.lib
c:\users\aiuv0\desktop\the hunter 0514 0404\dx11engine\bin_debug\dx11engine_debug.exp
c:\users\aiuv0\desktop\main\dx11engine\bin_debug\collider.cso
c:\users\aiuv0\desktop\main\dx11engine\bin_debug\default.cso
c:\users\aiuv0\desktop\main\dx11engine\bin_debug\effect.cso
c:\users\aiuv0\desktop\main\dx11engine\bin_debug\share.cso
c:\users\aiuv0\desktop\main\dx11engine\bin_debug\sky.cso
c:\users\aiuv0\desktop\main\dx11engine\bin_debug\ui.cso
c:\users\aiuv0\desktop\main\dx11engine\bin_debug\dx11engine_debug.lib
c:\users\aiuv0\desktop\main\dx11engine\bin_debug\dx11engine_debug.exp
c:\users\hsj\desktop\main0610\dx11engine\bin_debug\collider.cso
c:\users\hsj\desktop\main0610\dx11engine\bin_debug\default.cso
c:\users\hsj\desktop\main0610\dx11engine\bin_debug\effect.cso
c:\users\hsj\desktop\main0610\dx11engine\bin_debug\share.cso
c:\users\hsj\desktop\main0610\dx11engine\bin_debug\sky.cso
c:\users\hsj\desktop\main0610\dx11engine\bin_debug\ui.cso
c:\users\hsj\desktop\main0610\dx11engine\bin_debug\dx11engine_debug.lib
c:\users\hsj\desktop\main0610\dx11engine\bin_debug\dx11engine_debug.exp
c:\users\aiuv0\desktop\the hunter 0511\dx11engine\bin_debug\dx11engine_debug.ilk
c:\users\aiuv0\desktop\the hunter 0511\dx11engine\bin_debug\dx11engine_debug.dll
c:\users\aiuv0\desktop\the hunter 0511\dx11engine\bin_debug\dx11engine_debug.pdb
c:\users\aiuv0\desktop\the hunter 0514 0404\dx11engine\bin_debug\dx11engine_debug.ilk
c:\users\aiuv0\desktop\the hunter 0514 0404\dx11engine\bin_debug\dx11engine_debug.dll
c:\users\aiuv0\desktop\the hunter 0514 0404\dx11engine\bin_debug\dx11engine_debug.pdb
c:\users\aiuv0\desktop\main\dx11engine\bin_debug\dx11engine_debug.ilk
c:\users\aiuv0\desktop\main\dx11engine\bin_debug\dx11engine_debug.dll
c:\users\aiuv0\desktop\main\dx11engine\bin_debug\dx11engine_debug.pdb
c:\users\hsj\desktop\main0610\dx11engine\bin_debug\dx11engine_debug.ilk
c:\users\hsj\desktop\main0610\dx11engine\bin_debug\dx11engine_debug.dll
c:\users\hsj\desktop\main0610\dx11engine\bin_debug\dx11engine_debug.pdb
c:\users\hsj\desktop\main0610\\dx11engine\bin_debug\dx11engine_debug.pdb
c:\users\hsj\desktop\main0610\\dx11engine\bin_debug\dx11engine_debug.dll
c:\users\hsj\desktop\main0610\\dx11engine\bin_debug\dx11engine_debug.ilk
c:\users\hsj\desktop\main0610\dx11engine\include\debug\dx11engine.tlog\cl.command.1.tlog
c:\users\hsj\desktop\main0610\dx11engine\include\debug\dx11engine.tlog\cl.read.1.tlog
c:\users\hsj\desktop\main0610\dx11engine\include\debug\dx11engine.tlog\cl.write.1.tlog
c:\users\hsj\desktop\main0610\dx11engine\include\debug\dx11engine.tlog\dx11engine.write.1u.tlog
c:\users\hsj\desktop\main0610\dx11engine\include\debug\dx11engine.tlog\fxc.command.1.tlog
c:\users\hsj\desktop\main0610\dx11engine\include\debug\dx11engine.tlog\fxc.read.1.tlog
c:\users\hsj\desktop\main0610\dx11engine\include\debug\dx11engine.tlog\fxc.write.1.tlog
c:\users\hsj\desktop\main0610\dx11engine\include\debug\dx11engine.tlog\link.command.1.tlog
c:\users\hsj\desktop\main0610\dx11engine\include\debug\dx11engine.tlog\link.read.1.tlog
c:\users\hsj\desktop\main0610\dx11engine\include\debug\dx11engine.tlog\link.write.1.tlog
