c:\users\sangwon\documents\visual studio 2015\projects\myframework\dx11engine\include\release\vc140.pdb
c:\users\sangwon\documents\visual studio 2015\projects\myframework\dx11engine\include\release\dx11core.obj
c:\users\sangwon\documents\visual studio 2015\projects\myframework\dx11engine\include\release\dx11scheduler.obj
c:\users\sangwon\documents\visual studio 2015\projects\myframework\dx11engine\include\release\dx11timer.obj
c:\users\sangwon\documents\visual studio 2015\projects\myframework\dx11engine\include\release\dx11debug.obj
c:\users\sangwon\documents\visual studio 2015\projects\myframework\dx11engine\include\release\dx11object.obj
c:\users\sangwon\documents\visual studio 2015\projects\myframework\dx11engine\include\release\dx11window.obj
c:\users\sangwon\documents\visual studio 2015\projects\myframework\dx11engine\include\release\dx11timermanager.obj
c:\users\sangwon\documents\visual studio 2015\projects\myframework\dx11engine\include\release\dx11input.obj
c:\users\sangwon\documents\visual studio 2015\projects\myframework\dx11engine\include\release\dx11filepathmanager.obj
c:\users\sangwon\documents\visual studio 2015\projects\myframework\dx11engine\include\release\dx11device.obj
c:\users\sangwon\documents\visual studio 2015\projects\myframework\dx11engine\include\release\dx11transform.obj
c:\users\sangwon\documents\visual studio 2015\projects\myframework\dx11engine\include\release\dx11script.obj
c:\users\sangwon\documents\visual studio 2015\projects\myframework\dx11engine\include\release\dx11renderer.obj
c:\users\sangwon\documents\visual studio 2015\projects\myframework\dx11engine\include\release\dx11material.obj
c:\users\sangwon\documents\visual studio 2015\projects\myframework\dx11engine\include\release\dx11lightspot.obj
c:\users\sangwon\documents\visual studio 2015\projects\myframework\dx11engine\include\release\dx11lightpoint.obj
c:\users\sangwon\documents\visual studio 2015\projects\myframework\dx11engine\include\release\dx11lightdir.obj
c:\users\sangwon\documents\visual studio 2015\projects\myframework\dx11engine\include\release\dx11light.obj
c:\users\sangwon\documents\visual studio 2015\projects\myframework\dx11engine\include\release\dx11component.obj
c:\users\sangwon\documents\visual studio 2015\projects\myframework\dx11engine\include\release\dx11camera.obj
c:\users\sangwon\documents\visual studio 2015\projects\myframework\dx11engine\include\release\dx11scenemanager.obj
c:\users\sangwon\documents\visual studio 2015\projects\myframework\dx11engine\include\release\dx11scene.obj
c:\users\sangwon\documents\visual studio 2015\projects\myframework\dx11engine\include\release\dx11layer.obj
c:\users\sangwon\documents\visual studio 2015\projects\myframework\dx11engine\include\release\dx11texture.obj
c:\users\sangwon\documents\visual studio 2015\projects\myframework\dx11engine\include\release\dx11sampler.obj
c:\users\sangwon\documents\visual studio 2015\projects\myframework\dx11engine\include\release\dx11resourcesmanager.obj
c:\users\sangwon\documents\visual studio 2015\projects\myframework\dx11engine\include\release\dx11resources.obj
c:\users\sangwon\documents\visual studio 2015\projects\myframework\dx11engine\include\release\dx11mesh.obj
c:\users\sangwon\documents\visual studio 2015\projects\myframework\dx11engine\include\release\dx11shadermanager.obj
c:\users\sangwon\documents\visual studio 2015\projects\myframework\dx11engine\include\release\dx11shader.obj
c:\users\sangwon\documents\visual studio 2015\projects\myframework\dx11engine\include\release\dx11renderstate.obj
c:\users\sangwon\documents\visual studio 2015\projects\myframework\dx11engine\include\release\dx11rendermanager.obj
c:\users\sangwon\documents\visual studio 2015\projects\myframework\dx11engine\include\release\dx11rasterizerstate.obj
c:\users\sangwon\documents\visual studio 2015\projects\myframework\dx11engine\include\release\dx11depthstencilstate.obj
c:\users\sangwon\documents\visual studio 2015\projects\myframework\dx11engine\include\release\dx11gameobjectmanager.obj
c:\users\sangwon\documents\visual studio 2015\projects\myframework\dx11engine\include\release\dx11gameobject.obj
c:\users\sangwon\documents\visual studio 2015\projects\myframework\dx11engine\include\release\dx11blendstate.obj
c:\users\sangwon\documents\visual studio 2015\projects\myframework\dx11engine\include\release\dx11collisionmanager.obj
c:\users\sangwon\documents\visual studio 2015\projects\myframework\dx11engine\include\release\dx11collidersphere.obj
c:\users\sangwon\documents\visual studio 2015\projects\myframework\dx11engine\include\release\dx11collider.obj
c:\users\sangwon\documents\visual studio 2015\projects\myframework\dx11engine\include\release\dx11uibackground.obj
c:\users\sangwon\documents\visual studio 2015\projects\myframework\dx11engine\include\release\dx11ui.obj
c:\users\sangwon\documents\visual studio 2015\projects\myframework\dx11engine\include\release\dx11colliderrect.obj
c:\users\sangwon\documents\visual studio 2015\projects\myframework\dx11engine\include\release\dx11colliderpoint.obj
c:\users\sangwon\documents\visual studio 2015\projects\myframework\dx11engine\bin\default.cso
c:\users\sangwon\documents\visual studio 2015\projects\myframework\dx11engine\bin\sky.cso
c:\users\sangwon\documents\visual studio 2015\projects\myframework\dx11engine\bin\dx11engine.lib
c:\users\sangwon\documents\visual studio 2015\projects\myframework\dx11engine\bin\dx11engine.exp
c:\users\sangwon\documents\visual studio 2015\projects\myframework\dx11engine\bin\collider.cso
c:\users\sangwon\documents\visual studio 2015\projects\myframework\dx11engine\bin\light.cso
c:\users\sangwon\documents\visual studio 2015\projects\myframework\dx11engine\bin\share.cso
c:\users\sangwon\documents\visual studio 2015\projects\myframework\dx11engine\bin\ui.cso
c:\users\sangwon\documents\visual studio 2015\projects\myframework\dx11engine\bin\dx11engine.dll
c:\users\sangwon\documents\visual studio 2015\projects\myframework\dx11engine\bin\dx11engine.ipdb
c:\users\sangwon\documents\visual studio 2015\projects\myframework\dx11engine\bin\dx11engine.iobj
c:\users\sangwon\documents\visual studio 2015\projects\myframework\dx11engine\bin\dx11engine.pdb
c:\users\sangwon\documents\visual studio 2015\projects\myframework\\dx11engine\bin\dx11engine.pdb
c:\users\sangwon\documents\visual studio 2015\projects\myframework\\dx11engine\bin\dx11engine.dll
c:\users\sangwon\documents\visual studio 2015\projects\myframework\dx11engine\include\release\dx11engine.tlog\cl.command.1.tlog
c:\users\sangwon\documents\visual studio 2015\projects\myframework\dx11engine\include\release\dx11engine.tlog\cl.read.1.tlog
c:\users\sangwon\documents\visual studio 2015\projects\myframework\dx11engine\include\release\dx11engine.tlog\cl.write.1.tlog
c:\users\sangwon\documents\visual studio 2015\projects\myframework\dx11engine\include\release\dx11engine.tlog\dx11engine.write.1u.tlog
c:\users\sangwon\documents\visual studio 2015\projects\myframework\dx11engine\include\release\dx11engine.tlog\fxc.command.1.tlog
c:\users\sangwon\documents\visual studio 2015\projects\myframework\dx11engine\include\release\dx11engine.tlog\fxc.read.1.tlog
c:\users\sangwon\documents\visual studio 2015\projects\myframework\dx11engine\include\release\dx11engine.tlog\fxc.write.1.tlog
c:\users\sangwon\documents\visual studio 2015\projects\myframework\dx11engine\include\release\dx11engine.tlog\link.command.1.tlog
c:\users\sangwon\documents\visual studio 2015\projects\myframework\dx11engine\include\release\dx11engine.tlog\link.read.1.tlog
c:\users\sangwon\documents\visual studio 2015\projects\myframework\dx11engine\include\release\dx11engine.tlog\link.write.1.tlog
