c:\users\aiuv0\desktop\the hunter 0508 1633\temp\debug\vc140.pdb
c:\users\aiuv0\desktop\the hunter 0508 1633\temp\debug\vc140.idb
c:\users\aiuv0\desktop\the hunter 0508 1633\temp\debug\idlestate.obj
c:\users\aiuv0\desktop\the hunter 0508 1633\temp\debug\clientcore.obj
c:\users\aiuv0\desktop\the hunter 0508 1633\temp\debug\main.obj
c:\users\aiuv0\desktop\the hunter 0508 1633\temp\debug\mainscenesc.obj
c:\users\aiuv0\desktop\the hunter 0508 1633\temp\debug\ingamenetwork.obj
c:\users\aiuv0\desktop\the hunter 0508 1633\temp\debug\netmanager.obj
c:\users\aiuv0\desktop\the hunter 0508 1633\temp\debug\usersession.obj
c:\users\aiuv0\desktop\the hunter 0508 1633\temp\debug\coordinatearrowsc.obj
c:\users\aiuv0\desktop\the hunter 0508 1633\temp\debug\monstersc.obj
c:\users\aiuv0\desktop\the hunter 0508 1633\temp\debug\cplayercamerasc.obj
c:\users\aiuv0\desktop\the hunter 0508 1633\temp\debug\cplayeractionsc.obj
c:\users\aiuv0\desktop\the hunter 0508 1633\temp\debug\cplayersc.obj
c:\users\aiuv0\desktop\the hunter 0508 1633\temp\debug\user.obj
c:\users\aiuv0\desktop\the hunter 0508 1633\temp\debug\terrainsc.obj
c:\users\aiuv0\desktop\the hunter 0508 1633\temp\debug\walkstate.obj
c:\users\aiuv0\desktop\the hunter 0508 1633\temp\debug\shakeheadstate.obj
c:\users\aiuv0\desktop\the hunter 0508 1633\temp\debug\smilestate.obj
c:\users\aiuv0\desktop\the hunter 0508 1633\temp\debug\client.res
c:\users\aiuv0\desktop\the hunter 0508 1633\temp\debug\cplayerinputsc.obj
c:\users\aiuv0\desktop\the hunter 0508 1633\temp\debug\ingamescene.obj
c:\users\aiuv0\desktop\the hunter 0508 1633\temp\debug\logobackground.obj
c:\users\aiuv0\desktop\the hunter 0508 1633\temp\debug\logoscene.obj
c:\users\aiuv0\desktop\the hunter 0508 1633\temp\debug\logostartbutton.obj
c:\users\aiuv0\desktop\the hunter 0508 1633\temp\debug\mainscene.obj
c:\users\aiuv0\desktop\the hunter 0508 1633\temp\debug\monsteridlestate.obj
c:\users\aiuv0\desktop\the hunter 0508 1633\temp\debug\monsterinit.obj
c:\users\aiuv0\desktop\the hunter 0508 1633\temp\debug\monsterwalkstate.obj
c:\users\aiuv0\desktop\the hunter 0508 1633\temp\debug\playercamerasc.obj
c:\users\aiuv0\desktop\the hunter 0508 1633\temp\debug\playerinit.obj
c:\users\aiuv0\desktop\the hunter 0508 1633\temp\debug\playerinitsc.obj
c:\users\aiuv0\desktop\the hunter 0508 1633\temp\debug\playerinputsc.obj
c:\users\aiuv0\desktop\the hunter 0508 1633\temp\debug\playermeshsc.obj
c:\users\aiuv0\desktop\the hunter 0508 1633\temp\debug\terrain.obj
c:\users\aiuv0\desktop\the hunter 0508 1633\temp\debug\msado15.tli
c:\users\aiuv0\desktop\the hunter 0508 1633\temp\debug\msado15.tlh
c:\users\aiuv0\desktop\the hunter 0508 1633\/client/bin_debug\client_debug.pdb
c:\users\aiuv0\desktop\the hunter 0508 1633\temp\debug\client.tlog\cl.command.1.tlog
c:\users\aiuv0\desktop\the hunter 0508 1633\temp\debug\client.tlog\cl.read.1.tlog
c:\users\aiuv0\desktop\the hunter 0508 1633\temp\debug\client.tlog\cl.write.1.tlog
c:\users\aiuv0\desktop\the hunter 0508 1633\temp\debug\client.tlog\link-cvtres.read.1.tlog
c:\users\aiuv0\desktop\the hunter 0508 1633\temp\debug\client.tlog\link-cvtres.write.1.tlog
c:\users\aiuv0\desktop\the hunter 0508 1633\temp\debug\client.tlog\link-rc.read.1.tlog
c:\users\aiuv0\desktop\the hunter 0508 1633\temp\debug\client.tlog\link-rc.write.1.tlog
c:\users\aiuv0\desktop\the hunter 0508 1633\temp\debug\client.tlog\link.2780-cvtres.read.1.tlog
c:\users\aiuv0\desktop\the hunter 0508 1633\temp\debug\client.tlog\link.2780-cvtres.write.1.tlog
c:\users\aiuv0\desktop\the hunter 0508 1633\temp\debug\client.tlog\link.2780-rc.read.1.tlog
c:\users\aiuv0\desktop\the hunter 0508 1633\temp\debug\client.tlog\link.2780-rc.write.1.tlog
c:\users\aiuv0\desktop\the hunter 0508 1633\temp\debug\client.tlog\link.2780.read.1.tlog
c:\users\aiuv0\desktop\the hunter 0508 1633\temp\debug\client.tlog\link.2780.write.1.tlog
c:\users\aiuv0\desktop\the hunter 0508 1633\temp\debug\client.tlog\link.command.1.tlog
c:\users\aiuv0\desktop\the hunter 0508 1633\temp\debug\client.tlog\link.read.1.tlog
c:\users\aiuv0\desktop\the hunter 0508 1633\temp\debug\client.tlog\link.write.1.tlog
c:\users\aiuv0\desktop\the hunter 0508 1633\temp\debug\client.tlog\rc.command.1.tlog
c:\users\aiuv0\desktop\the hunter 0508 1633\temp\debug\client.tlog\rc.read.1.tlog
c:\users\aiuv0\desktop\the hunter 0508 1633\temp\debug\client.tlog\rc.write.1.tlog
