C:\Program Files (x86)\MSBuild\Microsoft.Cpp\v4.0\V140\Microsoft.CppBuild.targets(368,5): warning MSB8004: Output Directory does not end with a trailing slash.  This build instance will add the slash as it is required to allow proper evaluation of the Output Directory.
FXC : warning X4717: Effects deprecated for D3DCompiler_47
C:\Users\aiuv0\Downloads\Google_Drive\DirectTeam\_HSJ\DX_Framework\Dx11Engine\Include\Rendering\Default.fx(173,2-73): warning X3206: implicit truncation of vector type
C:\Users\aiuv0\Downloads\Google_Drive\DirectTeam\_HSJ\DX_Framework\Dx11Engine\Include\Rendering\Default.fx(174,2-56): warning X3206: implicit truncation of vector type
  
  compilation object save succeeded; see C:\Users\aiuv0\Downloads\Google_Drive\DirectTeam\_HSJ\DX_Framework\Dx11Engine\Bin\Default.cso
FXC : warning X4717: Effects deprecated for D3DCompiler_47
  
  compilation object save succeeded; see C:\Users\aiuv0\Downloads\Google_Drive\DirectTeam\_HSJ\DX_Framework\Dx11Engine\Bin\Sky.cso
  Dx11Camera.cpp
c:\users\aiuv0\downloads\google_drive\directteam\_hsj\dx_framework\dx11engine\include\component\../Dx11Object.h(14): warning C4251: 'DX11::CDx11Object::m_strTag': class 'std::basic_string<char,std::char_traits<char>,std::allocator<char>>'에서는 class 'DX11::CDx11Object'의 클라이언트에서 DLL 인터페이스를 사용하도록 지정해야 합니다.
c:\users\aiuv0\downloads\google_drive\directteam\_hsj\dx_framework\dx11engine\include\component\../Dx11Object.h(18): warning C4251: 'DX11::CDx11Object::m_strTypeName': class 'std::basic_string<char,std::char_traits<char>,std::allocator<char>>'에서는 class 'DX11::CDx11Object'의 클라이언트에서 DLL 인터페이스를 사용하도록 지정해야 합니다.
c:\users\aiuv0\downloads\google_drive\directteam\_hsj\dx_framework\dx11engine\include\component\Dx11Camera.h(15): warning C4251: 'DX11::CDx11Camera::m_matView': struct 'DirectX::XMMATRIX'에서는 class 'DX11::CDx11Camera'의 클라이언트에서 DLL 인터페이스를 사용하도록 지정해야 합니다.
  C:\Program Files (x86)\Windows Kits\8.1\Include\um\DirectXMath.h(395): note: 'DirectX::XMMATRIX' 선언을 참조하십시오.
c:\users\aiuv0\downloads\google_drive\directteam\_hsj\dx_framework\dx11engine\include\component\Dx11Camera.h(16): warning C4251: 'DX11::CDx11Camera::m_matProj': struct 'DirectX::XMMATRIX'에서는 class 'DX11::CDx11Camera'의 클라이언트에서 DLL 인터페이스를 사용하도록 지정해야 합니다.
  C:\Program Files (x86)\Windows Kits\8.1\Include\um\DirectXMath.h(395): note: 'DirectX::XMMATRIX' 선언을 참조하십시오.
c:\users\aiuv0\downloads\google_drive\directteam\_hsj\dx_framework\dx11engine\include\component\Dx11Transform.h(29): warning C4251: 'DX11::CDx11Transform::m_vAxis': struct 'DX11::_tagVector3'에서는 class 'DX11::CDx11Transform'의 클라이언트에서 DLL 인터페이스를 사용하도록 지정해야 합니다.
  c:\users\aiuv0\downloads\google_drive\directteam\_hsj\dx_framework\dx11engine\include\Dx11Types.h(272): note: 'DX11::_tagVector3' 선언을 참조하십시오.
  Dx11Component.cpp
c:\users\aiuv0\downloads\google_drive\directteam\_hsj\dx_framework\dx11engine\include\component\../Dx11Object.h(14): warning C4251: 'DX11::CDx11Object::m_strTag': class 'std::basic_string<char,std::char_traits<char>,std::allocator<char>>'에서는 class 'DX11::CDx11Object'의 클라이언트에서 DLL 인터페이스를 사용하도록 지정해야 합니다.
c:\users\aiuv0\downloads\google_drive\directteam\_hsj\dx_framework\dx11engine\include\component\../Dx11Object.h(18): warning C4251: 'DX11::CDx11Object::m_strTypeName': class 'std::basic_string<char,std::char_traits<char>,std::allocator<char>>'에서는 class 'DX11::CDx11Object'의 클라이언트에서 DLL 인터페이스를 사용하도록 지정해야 합니다.
c:\users\aiuv0\downloads\google_drive\directteam\_hsj\dx_framework\dx11engine\include\component\../GameObject/Dx11GameObject.h(28): warning C4251: 'DX11::CDx11GameObject::m_ComponentList': class 'std::list<DX11::CDx11Component *,std::allocator<_Ty>>'에서는 class 'DX11::CDx11GameObject'의 클라이언트에서 DLL 인터페이스를 사용하도록 지정해야 합니다.
          with
          [
              _Ty=DX11::CDx11Component *
          ]
c:\users\aiuv0\downloads\google_drive\directteam\_hsj\dx_framework\dx11engine\include\component\../GameObject/Dx11GameObject.h(30): warning C4251: 'DX11::CDx11GameObject::m_FindList': class 'std::list<DX11::CDx11Component *,std::allocator<_Ty>>'에서는 class 'DX11::CDx11GameObject'의 클라이언트에서 DLL 인터페이스를 사용하도록 지정해야 합니다.
          with
          [
              _Ty=DX11::CDx11Component *
          ]
c:\users\aiuv0\downloads\google_drive\directteam\_hsj\dx_framework\dx11engine\include\component\../GameObject/Dx11GameObject.h(36): warning C4251: 'DX11::CDx11GameObject::m_ChildList': class 'std::list<DX11::CDx11GameObject *,std::allocator<_Ty>>'에서는 class 'DX11::CDx11GameObject'의 클라이언트에서 DLL 인터페이스를 사용하도록 지정해야 합니다.
          with
          [
              _Ty=DX11::CDx11GameObject *
          ]
  Dx11Light.cpp
c:\users\aiuv0\downloads\google_drive\directteam\_hsj\dx_framework\dx11engine\include\component\../Dx11Object.h(14): warning C4251: 'DX11::CDx11Object::m_strTag': class 'std::basic_string<char,std::char_traits<char>,std::allocator<char>>'에서는 class 'DX11::CDx11Object'의 클라이언트에서 DLL 인터페이스를 사용하도록 지정해야 합니다.
c:\users\aiuv0\downloads\google_drive\directteam\_hsj\dx_framework\dx11engine\include\component\../Dx11Object.h(18): warning C4251: 'DX11::CDx11Object::m_strTypeName': class 'std::basic_string<char,std::char_traits<char>,std::allocator<char>>'에서는 class 'DX11::CDx11Object'의 클라이언트에서 DLL 인터페이스를 사용하도록 지정해야 합니다.
c:\users\aiuv0\downloads\google_drive\directteam\_hsj\dx_framework\dx11engine\include\component\../Rendering/Dx11Shader.h(36): warning C4251: 'DX11::CDx11Shader::m_mapConstantBuffer': class 'std::unordered_map<std::string,DX11::CDx11Shader::PCBUFFERINFO,std::hash<_Kty>,std::equal_to<_Kty>,std::allocator<std::pair<const _Kty,_Ty>>>'에서는 class 'DX11::CDx11Shader'의 클라이언트에서 DLL 인터페이스를 사용하도록 지정해야 합니다.
          with
          [
              _Kty=std::string,
              _Ty=DX11::CDx11Shader::PCBUFFERINFO
          ]
  Dx11LightDir.cpp
c:\users\aiuv0\downloads\google_drive\directteam\_hsj\dx_framework\dx11engine\include\component\../Dx11Object.h(14): warning C4251: 'DX11::CDx11Object::m_strTag': class 'std::basic_string<char,std::char_traits<char>,std::allocator<char>>'에서는 class 'DX11::CDx11Object'의 클라이언트에서 DLL 인터페이스를 사용하도록 지정해야 합니다.
c:\users\aiuv0\downloads\google_drive\directteam\_hsj\dx_framework\dx11engine\include\component\../Dx11Object.h(18): warning C4251: 'DX11::CDx11Object::m_strTypeName': class 'std::basic_string<char,std::char_traits<char>,std::allocator<char>>'에서는 class 'DX11::CDx11Object'의 클라이언트에서 DLL 인터페이스를 사용하도록 지정해야 합니다.
c:\users\aiuv0\downloads\google_drive\directteam\_hsj\dx_framework\dx11engine\include\component\Dx11LightDir.h(18): warning C4251: 'DX11::CDx11LightDir::m_vDir': struct 'DX11::_tagVector3'에서는 class 'DX11::CDx11LightDir'의 클라이언트에서 DLL 인터페이스를 사용하도록 지정해야 합니다.
  c:\users\aiuv0\downloads\google_drive\directteam\_hsj\dx_framework\dx11engine\include\Dx11Types.h(272): note: 'DX11::_tagVector3' 선언을 참조하십시오.
c:\users\aiuv0\downloads\google_drive\directteam\_hsj\dx_framework\dx11engine\include\component\Dx11Transform.h(29): warning C4251: 'DX11::CDx11Transform::m_vAxis': struct 'DX11::_tagVector3'에서는 class 'DX11::CDx11Transform'의 클라이언트에서 DLL 인터페이스를 사용하도록 지정해야 합니다.
  c:\users\aiuv0\downloads\google_drive\directteam\_hsj\dx_framework\dx11engine\include\Dx11Types.h(272): note: 'DX11::_tagVector3' 선언을 참조하십시오.
c:\users\aiuv0\downloads\google_drive\directteam\_hsj\dx_framework\dx11engine\include\component\../Rendering/Dx11Shader.h(36): warning C4251: 'DX11::CDx11Shader::m_mapConstantBuffer': class 'std::unordered_map<std::string,DX11::CDx11Shader::PCBUFFERINFO,std::hash<_Kty>,std::equal_to<_Kty>,std::allocator<std::pair<const _Kty,_Ty>>>'에서는 class 'DX11::CDx11Shader'의 클라이언트에서 DLL 인터페이스를 사용하도록 지정해야 합니다.
          with
          [
              _Kty=std::string,
              _Ty=DX11::CDx11Shader::PCBUFFERINFO
          ]
  Dx11LightPoint.cpp
c:\users\aiuv0\downloads\google_drive\directteam\_hsj\dx_framework\dx11engine\include\component\../Dx11Object.h(14): warning C4251: 'DX11::CDx11Object::m_strTag': class 'std::basic_string<char,std::char_traits<char>,std::allocator<char>>'에서는 class 'DX11::CDx11Object'의 클라이언트에서 DLL 인터페이스를 사용하도록 지정해야 합니다.
c:\users\aiuv0\downloads\google_drive\directteam\_hsj\dx_framework\dx11engine\include\component\../Dx11Object.h(18): warning C4251: 'DX11::CDx11Object::m_strTypeName': class 'std::basic_string<char,std::char_traits<char>,std::allocator<char>>'에서는 class 'DX11::CDx11Object'의 클라이언트에서 DLL 인터페이스를 사용하도록 지정해야 합니다.
c:\users\aiuv0\downloads\google_drive\directteam\_hsj\dx_framework\dx11engine\include\component\Dx11LightPoint.h(15): warning C4251: 'DX11::CDx11LightPoint::m_vPos': struct 'DX11::_tagVector3'에서는 class 'DX11::CDx11LightPoint'의 클라이언트에서 DLL 인터페이스를 사용하도록 지정해야 합니다.
  c:\users\aiuv0\downloads\google_drive\directteam\_hsj\dx_framework\dx11engine\include\Dx11Types.h(272): note: 'DX11::_tagVector3' 선언을 참조하십시오.
c:\users\aiuv0\downloads\google_drive\directteam\_hsj\dx_framework\dx11engine\include\component\Dx11Transform.h(29): warning C4251: 'DX11::CDx11Transform::m_vAxis': struct 'DX11::_tagVector3'에서는 class 'DX11::CDx11Transform'의 클라이언트에서 DLL 인터페이스를 사용하도록 지정해야 합니다.
  c:\users\aiuv0\downloads\google_drive\directteam\_hsj\dx_framework\dx11engine\include\Dx11Types.h(272): note: 'DX11::_tagVector3' 선언을 참조하십시오.
c:\users\aiuv0\downloads\google_drive\directteam\_hsj\dx_framework\dx11engine\include\component\../Rendering/Dx11Shader.h(36): warning C4251: 'DX11::CDx11Shader::m_mapConstantBuffer': class 'std::unordered_map<std::string,DX11::CDx11Shader::PCBUFFERINFO,std::hash<_Kty>,std::equal_to<_Kty>,std::allocator<std::pair<const _Kty,_Ty>>>'에서는 class 'DX11::CDx11Shader'의 클라이언트에서 DLL 인터페이스를 사용하도록 지정해야 합니다.
          with
          [
              _Kty=std::string,
              _Ty=DX11::CDx11Shader::PCBUFFERINFO
          ]
  Dx11Material.cpp
c:\users\aiuv0\downloads\google_drive\directteam\_hsj\dx_framework\dx11engine\include\component\../Dx11Object.h(14): warning C4251: 'DX11::CDx11Object::m_strTag': class 'std::basic_string<char,std::char_traits<char>,std::allocator<char>>'에서는 class 'DX11::CDx11Object'의 클라이언트에서 DLL 인터페이스를 사용하도록 지정해야 합니다.
c:\users\aiuv0\downloads\google_drive\directteam\_hsj\dx_framework\dx11engine\include\component\../Dx11Object.h(18): warning C4251: 'DX11::CDx11Object::m_strTypeName': class 'std::basic_string<char,std::char_traits<char>,std::allocator<char>>'에서는 class 'DX11::CDx11Object'의 클라이언트에서 DLL 인터페이스를 사용하도록 지정해야 합니다.
c:\users\aiuv0\downloads\google_drive\directteam\_hsj\dx_framework\dx11engine\include\component\Dx11Material.h(20): warning C4251: 'DX11::CDx11Material::m_tInfo': struct 'DX11::_tagMaterial'에서는 class 'DX11::CDx11Material'의 클라이언트에서 DLL 인터페이스를 사용하도록 지정해야 합니다.
  c:\users\aiuv0\downloads\google_drive\directteam\_hsj\dx_framework\dx11engine\include\Dx11Types.h(904): note: 'DX11::_tagMaterial' 선언을 참조하십시오.
c:\users\aiuv0\downloads\google_drive\directteam\_hsj\dx_framework\dx11engine\include\component\../Resources/Dx11ResourcesManager.h(12): warning C4251: 'DX11::CDx11ResourcesManager::m_mapMesh': class 'std::unordered_map<std::string,DX11::CDx11Mesh *,std::hash<_Kty>,std::equal_to<_Kty>,std::allocator<std::pair<const _Kty,_Ty>>>'에서는 class 'DX11::CDx11ResourcesManager'의 클라이언트에서 DLL 인터페이스를 사용하도록 지정해야 합니다.
          with
          [
              _Kty=std::string,
              _Ty=DX11::CDx11Mesh *
          ]
c:\users\aiuv0\downloads\google_drive\directteam\_hsj\dx_framework\dx11engine\include\component\../Resources/Dx11ResourcesManager.h(13): warning C4251: 'DX11::CDx11ResourcesManager::m_mapTexture': class 'std::unordered_map<std::string,DX11::CDx11Texture *,std::hash<_Kty>,std::equal_to<_Kty>,std::allocator<std::pair<const _Kty,_Ty>>>'에서는 class 'DX11::CDx11ResourcesManager'의 클라이언트에서 DLL 인터페이스를 사용하도록 지정해야 합니다.
          with
          [
              _Kty=std::string,
              _Ty=DX11::CDx11Texture *
          ]
c:\users\aiuv0\downloads\google_drive\directteam\_hsj\dx_framework\dx11engine\include\component\../Resources/Dx11ResourcesManager.h(14): warning C4251: 'DX11::CDx11ResourcesManager::m_mapSampler': class 'std::unordered_map<std::string,DX11::CDx11Sampler *,std::hash<_Kty>,std::equal_to<_Kty>,std::allocator<std::pair<const _Kty,_Ty>>>'에서는 class 'DX11::CDx11ResourcesManager'의 클라이언트에서 DLL 인터페이스를 사용하도록 지정해야 합니다.
          with
          [
              _Kty=std::string,
              _Ty=DX11::CDx11Sampler *
          ]
c:\users\aiuv0\downloads\google_drive\directteam\_hsj\dx_framework\dx11engine\include\component\../Rendering/Dx11Shader.h(36): warning C4251: 'DX11::CDx11Shader::m_mapConstantBuffer': class 'std::unordered_map<std::string,DX11::CDx11Shader::PCBUFFERINFO,std::hash<_Kty>,std::equal_to<_Kty>,std::allocator<std::pair<const _Kty,_Ty>>>'에서는 class 'DX11::CDx11Shader'의 클라이언트에서 DLL 인터페이스를 사용하도록 지정해야 합니다.
          with
          [
              _Kty=std::string,
              _Ty=DX11::CDx11Shader::PCBUFFERINFO
          ]
  Dx11Renderer.cpp
c:\users\aiuv0\downloads\google_drive\directteam\_hsj\dx_framework\dx11engine\include\component\../Dx11Object.h(14): warning C4251: 'DX11::CDx11Object::m_strTag': class 'std::basic_string<char,std::char_traits<char>,std::allocator<char>>'에서는 class 'DX11::CDx11Object'의 클라이언트에서 DLL 인터페이스를 사용하도록 지정해야 합니다.
c:\users\aiuv0\downloads\google_drive\directteam\_hsj\dx_framework\dx11engine\include\component\../Dx11Object.h(18): warning C4251: 'DX11::CDx11Object::m_strTypeName': class 'std::basic_string<char,std::char_traits<char>,std::allocator<char>>'에서는 class 'DX11::CDx11Object'의 클라이언트에서 DLL 인터페이스를 사용하도록 지정해야 합니다.
c:\users\aiuv0\downloads\google_drive\directteam\_hsj\dx_framework\dx11engine\include\component\../Rendering/Dx11Shader.h(36): warning C4251: 'DX11::CDx11Shader::m_mapConstantBuffer': class 'std::unordered_map<std::string,DX11::CDx11Shader::PCBUFFERINFO,std::hash<_Kty>,std::equal_to<_Kty>,std::allocator<std::pair<const _Kty,_Ty>>>'에서는 class 'DX11::CDx11Shader'의 클라이언트에서 DLL 인터페이스를 사용하도록 지정해야 합니다.
          with
          [
              _Kty=std::string,
              _Ty=DX11::CDx11Shader::PCBUFFERINFO
          ]
c:\users\aiuv0\downloads\google_drive\directteam\_hsj\dx_framework\dx11engine\include\component\../Resources/Dx11ResourcesManager.h(12): warning C4251: 'DX11::CDx11ResourcesManager::m_mapMesh': class 'std::unordered_map<std::string,DX11::CDx11Mesh *,std::hash<_Kty>,std::equal_to<_Kty>,std::allocator<std::pair<const _Kty,_Ty>>>'에서는 class 'DX11::CDx11ResourcesManager'의 클라이언트에서 DLL 인터페이스를 사용하도록 지정해야 합니다.
          with
          [
              _Kty=std::string,
              _Ty=DX11::CDx11Mesh *
          ]
c:\users\aiuv0\downloads\google_drive\directteam\_hsj\dx_framework\dx11engine\include\component\../Resources/Dx11ResourcesManager.h(13): warning C4251: 'DX11::CDx11ResourcesManager::m_mapTexture': class 'std::unordered_map<std::string,DX11::CDx11Texture *,std::hash<_Kty>,std::equal_to<_Kty>,std::allocator<std::pair<const _Kty,_Ty>>>'에서는 class 'DX11::CDx11ResourcesManager'의 클라이언트에서 DLL 인터페이스를 사용하도록 지정해야 합니다.
          with
          [
              _Kty=std::string,
              _Ty=DX11::CDx11Texture *
          ]
c:\users\aiuv0\downloads\google_drive\directteam\_hsj\dx_framework\dx11engine\include\component\../Resources/Dx11ResourcesManager.h(14): warning C4251: 'DX11::CDx11ResourcesManager::m_mapSampler': class 'std::unordered_map<std::string,DX11::CDx11Sampler *,std::hash<_Kty>,std::equal_to<_Kty>,std::allocator<std::pair<const _Kty,_Ty>>>'에서는 class 'DX11::CDx11ResourcesManager'의 클라이언트에서 DLL 인터페이스를 사용하도록 지정해야 합니다.
          with
          [
              _Kty=std::string,
              _Ty=DX11::CDx11Sampler *
          ]
c:\users\aiuv0\downloads\google_drive\directteam\_hsj\dx_framework\dx11engine\include\component\../Rendering/Dx11ShaderManager.h(12): warning C4251: 'DX11::CDx11ShaderManager::m_mapShader': class 'std::unordered_map<std::string,DX11::CDx11Shader *,std::hash<_Kty>,std::equal_to<_Kty>,std::allocator<std::pair<const _Kty,_Ty>>>'에서는 class 'DX11::CDx11ShaderManager'의 클라이언트에서 DLL 인터페이스를 사용하도록 지정해야 합니다.
          with
          [
              _Kty=std::string,
              _Ty=DX11::CDx11Shader *
          ]
c:\users\aiuv0\downloads\google_drive\directteam\_hsj\dx_framework\dx11engine\include\component\../Scene/Dx11Scene.h(17): warning C4251: 'DX11::CDx11Scene::m_vecLayer': class 'std::vector<DX11::CDx11Layer *,std::allocator<_Ty>>'에서는 class 'DX11::CDx11Scene'의 클라이언트에서 DLL 인터페이스를 사용하도록 지정해야 합니다.
          with
          [
              _Ty=DX11::CDx11Layer *
          ]
c:\users\aiuv0\downloads\google_drive\directteam\_hsj\dx_framework\dx11engine\include\component\../Scene/Dx11Scene.h(18): warning C4251: 'DX11::CDx11Scene::m_vecScript': class 'std::vector<DX11::CDx11Script *,std::allocator<_Ty>>'에서는 class 'DX11::CDx11Scene'의 클라이언트에서 DLL 인터페이스를 사용하도록 지정해야 합니다.
          with
          [
              _Ty=DX11::CDx11Script *
          ]
c:\users\aiuv0\downloads\google_drive\directteam\_hsj\dx_framework\dx11engine\include\component\../Scene/Dx11Scene.h(19): warning C4251: 'DX11::CDx11Scene::m_mapCamera': class 'std::unordered_map<std::string,DX11::CDx11GameObject *,std::hash<_Kty>,std::equal_to<_Kty>,std::allocator<std::pair<const _Kty,_Ty>>>'에서는 class 'DX11::CDx11Scene'의 클라이언트에서 DLL 인터페이스를 사용하도록 지정해야 합니다.
          with
          [
              _Kty=std::string,
              _Ty=DX11::CDx11GameObject *
          ]
c:\users\aiuv0\downloads\google_drive\directteam\_hsj\dx_framework\dx11engine\include\component\../Scene/Dx11Scene.h(21): warning C4251: 'DX11::CDx11Scene::m_FindList': class 'std::list<DX11::CDx11GameObject *,std::allocator<_Ty>>'에서는 class 'DX11::CDx11Scene'의 클라이언트에서 DLL 인터페이스를 사용하도록 지정해야 합니다.
          with
          [
              _Ty=DX11::CDx11GameObject *
          ]
c:\users\aiuv0\downloads\google_drive\directteam\_hsj\dx_framework\dx11engine\include\component\../Scene/Dx11Scene.h(22): warning C4251: 'DX11::CDx11Scene::m_LightList': class 'std::list<DX11::CDx11GameObject *,std::allocator<_Ty>>'에서는 class 'DX11::CDx11Scene'의 클라이언트에서 DLL 인터페이스를 사용하도록 지정해야 합니다.
          with
          [
              _Ty=DX11::CDx11GameObject *
          ]
c:\users\aiuv0\downloads\google_drive\directteam\_hsj\dx_framework\dx11engine\include\component\Dx11Camera.h(15): warning C4251: 'DX11::CDx11Camera::m_matView': struct 'DirectX::XMMATRIX'에서는 class 'DX11::CDx11Camera'의 클라이언트에서 DLL 인터페이스를 사용하도록 지정해야 합니다.
  C:\Program Files (x86)\Windows Kits\8.1\Include\um\DirectXMath.h(395): note: 'DirectX::XMMATRIX' 선언을 참조하십시오.
c:\users\aiuv0\downloads\google_drive\directteam\_hsj\dx_framework\dx11engine\include\component\Dx11Camera.h(16): warning C4251: 'DX11::CDx11Camera::m_matProj': struct 'DirectX::XMMATRIX'에서는 class 'DX11::CDx11Camera'의 클라이언트에서 DLL 인터페이스를 사용하도록 지정해야 합니다.
  C:\Program Files (x86)\Windows Kits\8.1\Include\um\DirectXMath.h(395): note: 'DirectX::XMMATRIX' 선언을 참조하십시오.
c:\users\aiuv0\downloads\google_drive\directteam\_hsj\dx_framework\dx11engine\include\component\Dx11Transform.h(29): warning C4251: 'DX11::CDx11Transform::m_vAxis': struct 'DX11::_tagVector3'에서는 class 'DX11::CDx11Transform'의 클라이언트에서 DLL 인터페이스를 사용하도록 지정해야 합니다.
  c:\users\aiuv0\downloads\google_drive\directteam\_hsj\dx_framework\dx11engine\include\Dx11Types.h(272): note: 'DX11::_tagVector3' 선언을 참조하십시오.
c:\users\aiuv0\downloads\google_drive\directteam\_hsj\dx_framework\dx11engine\include\component\../GameObject/Dx11GameObject.h(28): warning C4251: 'DX11::CDx11GameObject::m_ComponentList': class 'std::list<DX11::CDx11Component *,std::allocator<_Ty>>'에서는 class 'DX11::CDx11GameObject'의 클라이언트에서 DLL 인터페이스를 사용하도록 지정해야 합니다.
          with
          [
              _Ty=DX11::CDx11Component *
          ]
c:\users\aiuv0\downloads\google_drive\directteam\_hsj\dx_framework\dx11engine\include\component\../GameObject/Dx11GameObject.h(30): warning C4251: 'DX11::CDx11GameObject::m_FindList': class 'std::list<DX11::CDx11Component *,std::allocator<_Ty>>'에서는 class 'DX11::CDx11GameObject'의 클라이언트에서 DLL 인터페이스를 사용하도록 지정해야 합니다.
          with
          [
              _Ty=DX11::CDx11Component *
          ]
c:\users\aiuv0\downloads\google_drive\directteam\_hsj\dx_framework\dx11engine\include\component\../GameObject/Dx11GameObject.h(36): warning C4251: 'DX11::CDx11GameObject::m_ChildList': class 'std::list<DX11::CDx11GameObject *,std::allocator<_Ty>>'에서는 class 'DX11::CDx11GameObject'의 클라이언트에서 DLL 인터페이스를 사용하도록 지정해야 합니다.
          with
          [
              _Ty=DX11::CDx11GameObject *
          ]
c:\users\aiuv0\downloads\google_drive\directteam\_hsj\dx_framework\dx11engine\include\component\Dx11Material.h(20): warning C4251: 'DX11::CDx11Material::m_tInfo': struct 'DX11::_tagMaterial'에서는 class 'DX11::CDx11Material'의 클라이언트에서 DLL 인터페이스를 사용하도록 지정해야 합니다.
  c:\users\aiuv0\downloads\google_drive\directteam\_hsj\dx_framework\dx11engine\include\Dx11Types.h(904): note: 'DX11::_tagMaterial' 선언을 참조하십시오.
c:\users\aiuv0\downloads\google_drive\directteam\_hsj\dx_framework\dx11engine\include\component\../Rendering/Dx11RenderManager.h(12): warning C4251: 'DX11::CDx11RenderManager::m_mapState': class 'std::unordered_map<std::string,DX11::CDx11RenderState *,std::hash<_Kty>,std::equal_to<_Kty>,std::allocator<std::pair<const _Kty,_Ty>>>'에서는 class 'DX11::CDx11RenderManager'의 클라이언트에서 DLL 인터페이스를 사용하도록 지정해야 합니다.
          with
          [
              _Kty=std::string,
              _Ty=DX11::CDx11RenderState *
          ]
  Dx11Script.cpp
c:\users\aiuv0\downloads\google_drive\directteam\_hsj\dx_framework\dx11engine\include\component\../Dx11Object.h(14): warning C4251: 'DX11::CDx11Object::m_strTag': class 'std::basic_string<char,std::char_traits<char>,std::allocator<char>>'에서는 class 'DX11::CDx11Object'의 클라이언트에서 DLL 인터페이스를 사용하도록 지정해야 합니다.
c:\users\aiuv0\downloads\google_drive\directteam\_hsj\dx_framework\dx11engine\include\component\../Dx11Object.h(18): warning C4251: 'DX11::CDx11Object::m_strTypeName': class 'std::basic_string<char,std::char_traits<char>,std::allocator<char>>'에서는 class 'DX11::CDx11Object'의 클라이언트에서 DLL 인터페이스를 사용하도록 지정해야 합니다.
  Dx11Transform.cpp
c:\users\aiuv0\downloads\google_drive\directteam\_hsj\dx_framework\dx11engine\include\component\../Dx11Object.h(14): warning C4251: 'DX11::CDx11Object::m_strTag': class 'std::basic_string<char,std::char_traits<char>,std::allocator<char>>'에서는 class 'DX11::CDx11Object'의 클라이언트에서 DLL 인터페이스를 사용하도록 지정해야 합니다.
c:\users\aiuv0\downloads\google_drive\directteam\_hsj\dx_framework\dx11engine\include\component\../Dx11Object.h(18): warning C4251: 'DX11::CDx11Object::m_strTypeName': class 'std::basic_string<char,std::char_traits<char>,std::allocator<char>>'에서는 class 'DX11::CDx11Object'의 클라이언트에서 DLL 인터페이스를 사용하도록 지정해야 합니다.
c:\users\aiuv0\downloads\google_drive\directteam\_hsj\dx_framework\dx11engine\include\component\Dx11Transform.h(29): warning C4251: 'DX11::CDx11Transform::m_vAxis': struct 'DX11::_tagVector3'에서는 class 'DX11::CDx11Transform'의 클라이언트에서 DLL 인터페이스를 사용하도록 지정해야 합니다.
  c:\users\aiuv0\downloads\google_drive\directteam\_hsj\dx_framework\dx11engine\include\Dx11Types.h(272): note: 'DX11::_tagVector3' 선언을 참조하십시오.
c:\users\aiuv0\downloads\google_drive\directteam\_hsj\dx_framework\dx11engine\include\component\../GameObject/Dx11GameObject.h(28): warning C4251: 'DX11::CDx11GameObject::m_ComponentList': class 'std::list<DX11::CDx11Component *,std::allocator<_Ty>>'에서는 class 'DX11::CDx11GameObject'의 클라이언트에서 DLL 인터페이스를 사용하도록 지정해야 합니다.
          with
          [
              _Ty=DX11::CDx11Component *
          ]
c:\users\aiuv0\downloads\google_drive\directteam\_hsj\dx_framework\dx11engine\include\component\../GameObject/Dx11GameObject.h(30): warning C4251: 'DX11::CDx11GameObject::m_FindList': class 'std::list<DX11::CDx11Component *,std::allocator<_Ty>>'에서는 class 'DX11::CDx11GameObject'의 클라이언트에서 DLL 인터페이스를 사용하도록 지정해야 합니다.
          with
          [
              _Ty=DX11::CDx11Component *
          ]
c:\users\aiuv0\downloads\google_drive\directteam\_hsj\dx_framework\dx11engine\include\component\../GameObject/Dx11GameObject.h(36): warning C4251: 'DX11::CDx11GameObject::m_ChildList': class 'std::list<DX11::CDx11GameObject *,std::allocator<_Ty>>'에서는 class 'DX11::CDx11GameObject'의 클라이언트에서 DLL 인터페이스를 사용하도록 지정해야 합니다.
          with
          [
              _Ty=DX11::CDx11GameObject *
          ]
  Dx11Debug.cpp
c:\users\aiuv0\downloads\google_drive\directteam\_hsj\dx_framework\dx11engine\include\core\../Dx11Object.h(14): warning C4251: 'DX11::CDx11Object::m_strTag': class 'std::basic_string<char,std::char_traits<char>,std::allocator<char>>'에서는 class 'DX11::CDx11Object'의 클라이언트에서 DLL 인터페이스를 사용하도록 지정해야 합니다.
c:\users\aiuv0\downloads\google_drive\directteam\_hsj\dx_framework\dx11engine\include\core\../Dx11Object.h(18): warning C4251: 'DX11::CDx11Object::m_strTypeName': class 'std::basic_string<char,std::char_traits<char>,std::allocator<char>>'에서는 class 'DX11::CDx11Object'의 클라이언트에서 DLL 인터페이스를 사용하도록 지정해야 합니다.
  Dx11Device.cpp
c:\users\aiuv0\downloads\google_drive\directteam\_hsj\dx_framework\dx11engine\include\core\../Dx11Object.h(14): warning C4251: 'DX11::CDx11Object::m_strTag': class 'std::basic_string<char,std::char_traits<char>,std::allocator<char>>'에서는 class 'DX11::CDx11Object'의 클라이언트에서 DLL 인터페이스를 사용하도록 지정해야 합니다.
c:\users\aiuv0\downloads\google_drive\directteam\_hsj\dx_framework\dx11engine\include\core\../Dx11Object.h(18): warning C4251: 'DX11::CDx11Object::m_strTypeName': class 'std::basic_string<char,std::char_traits<char>,std::allocator<char>>'에서는 class 'DX11::CDx11Object'의 클라이언트에서 DLL 인터페이스를 사용하도록 지정해야 합니다.
Core\Dx11Device.cpp(224): warning C4244: '=': 'const UINT'에서 'FLOAT'(으)로 변환하면서 데이터가 손실될 수 있습니다.
Core\Dx11Device.cpp(225): warning C4244: '=': 'const UINT'에서 'FLOAT'(으)로 변환하면서 데이터가 손실될 수 있습니다.
  Dx11FilePathManager.cpp
c:\users\aiuv0\downloads\google_drive\directteam\_hsj\dx_framework\dx11engine\include\core\../Dx11Object.h(14): warning C4251: 'DX11::CDx11Object::m_strTag': class 'std::basic_string<char,std::char_traits<char>,std::allocator<char>>'에서는 class 'DX11::CDx11Object'의 클라이언트에서 DLL 인터페이스를 사용하도록 지정해야 합니다.
c:\users\aiuv0\downloads\google_drive\directteam\_hsj\dx_framework\dx11engine\include\core\../Dx11Object.h(18): warning C4251: 'DX11::CDx11Object::m_strTypeName': class 'std::basic_string<char,std::char_traits<char>,std::allocator<char>>'에서는 class 'DX11::CDx11Object'의 클라이언트에서 DLL 인터페이스를 사용하도록 지정해야 합니다.
c:\users\aiuv0\downloads\google_drive\directteam\_hsj\dx_framework\dx11engine\include\core\Dx11FilePathManager.h(12): warning C4251: 'DX11::CDx11FilePathManager::m_mapPath': class 'std::unordered_map<std::string,std::wstring,std::hash<_Kty>,std::equal_to<_Kty>,std::allocator<std::pair<const _Kty,_Ty>>>'에서는 class 'DX11::CDx11FilePathManager'의 클라이언트에서 DLL 인터페이스를 사용하도록 지정해야 합니다.
          with
          [
              _Kty=std::string,
              _Ty=std::wstring
          ]
  Dx11Input.cpp
c:\users\aiuv0\downloads\google_drive\directteam\_hsj\dx_framework\dx11engine\include\core\../Dx11Object.h(14): warning C4251: 'DX11::CDx11Object::m_strTag': class 'std::basic_string<char,std::char_traits<char>,std::allocator<char>>'에서는 class 'DX11::CDx11Object'의 클라이언트에서 DLL 인터페이스를 사용하도록 지정해야 합니다.
c:\users\aiuv0\downloads\google_drive\directteam\_hsj\dx_framework\dx11engine\include\core\../Dx11Object.h(18): warning C4251: 'DX11::CDx11Object::m_strTypeName': class 'std::basic_string<char,std::char_traits<char>,std::allocator<char>>'에서는 class 'DX11::CDx11Object'의 클라이언트에서 DLL 인터페이스를 사용하도록 지정해야 합니다.
c:\users\aiuv0\downloads\google_drive\directteam\_hsj\dx_framework\dx11engine\include\core\Dx11Input.h(12): warning C4251: 'DX11::CDx11Input::m_mapKey': class 'std::unordered_map<std::string,DX11::PKEYINFO,std::hash<_Kty>,std::equal_to<_Kty>,std::allocator<std::pair<const _Kty,_Ty>>>'에서는 class 'DX11::CDx11Input'의 클라이언트에서 DLL 인터페이스를 사용하도록 지정해야 합니다.
          with
          [
              _Kty=std::string,
              _Ty=DX11::PKEYINFO
          ]
  Dx11Scheduler.cpp
c:\users\aiuv0\downloads\google_drive\directteam\_hsj\dx_framework\dx11engine\include\core\../Dx11Object.h(14): warning C4251: 'DX11::CDx11Object::m_strTag': class 'std::basic_string<char,std::char_traits<char>,std::allocator<char>>'에서는 class 'DX11::CDx11Object'의 클라이언트에서 DLL 인터페이스를 사용하도록 지정해야 합니다.
c:\users\aiuv0\downloads\google_drive\directteam\_hsj\dx_framework\dx11engine\include\core\../Dx11Object.h(18): warning C4251: 'DX11::CDx11Object::m_strTypeName': class 'std::basic_string<char,std::char_traits<char>,std::allocator<char>>'에서는 class 'DX11::CDx11Object'의 클라이언트에서 DLL 인터페이스를 사용하도록 지정해야 합니다.
c:\users\aiuv0\downloads\google_drive\directteam\_hsj\dx_framework\dx11engine\include\core\Dx11Scheduler.h(22): warning C4251: 'DX11::CDx11Scheduler::m_Schedule': class 'std::list<DX11::CDx11Scheduler::PSCHEDULEINFO,std::allocator<_Ty>>'에서는 class 'DX11::CDx11Scheduler'의 클라이언트에서 DLL 인터페이스를 사용하도록 지정해야 합니다.
          with
          [
              _Ty=DX11::CDx11Scheduler::PSCHEDULEINFO
          ]
  Dx11Timer.cpp
c:\users\aiuv0\downloads\google_drive\directteam\_hsj\dx_framework\dx11engine\include\core\../Dx11Object.h(14): warning C4251: 'DX11::CDx11Object::m_strTag': class 'std::basic_string<char,std::char_traits<char>,std::allocator<char>>'에서는 class 'DX11::CDx11Object'의 클라이언트에서 DLL 인터페이스를 사용하도록 지정해야 합니다.
c:\users\aiuv0\downloads\google_drive\directteam\_hsj\dx_framework\dx11engine\include\core\../Dx11Object.h(18): warning C4251: 'DX11::CDx11Object::m_strTypeName': class 'std::basic_string<char,std::char_traits<char>,std::allocator<char>>'에서는 class 'DX11::CDx11Object'의 클라이언트에서 DLL 인터페이스를 사용하도록 지정해야 합니다.
  Dx11TimerManager.cpp
c:\users\aiuv0\downloads\google_drive\directteam\_hsj\dx_framework\dx11engine\include\core\../Dx11Object.h(14): warning C4251: 'DX11::CDx11Object::m_strTag': class 'std::basic_string<char,std::char_traits<char>,std::allocator<char>>'에서는 class 'DX11::CDx11Object'의 클라이언트에서 DLL 인터페이스를 사용하도록 지정해야 합니다.
c:\users\aiuv0\downloads\google_drive\directteam\_hsj\dx_framework\dx11engine\include\core\../Dx11Object.h(18): warning C4251: 'DX11::CDx11Object::m_strTypeName': class 'std::basic_string<char,std::char_traits<char>,std::allocator<char>>'에서는 class 'DX11::CDx11Object'의 클라이언트에서 DLL 인터페이스를 사용하도록 지정해야 합니다.
c:\users\aiuv0\downloads\google_drive\directteam\_hsj\dx_framework\dx11engine\include\core\Dx11TimerManager.h(12): warning C4251: 'DX11::CDx11TimerManager::m_mapTimer': class 'std::unordered_map<std::string,DX11::CDx11Timer *,std::hash<_Kty>,std::equal_to<_Kty>,std::allocator<std::pair<const _Kty,_Ty>>>'에서는 class 'DX11::CDx11TimerManager'의 클라이언트에서 DLL 인터페이스를 사용하도록 지정해야 합니다.
          with
          [
              _Kty=std::string,
              _Ty=DX11::CDx11Timer *
          ]
  Dx11Window.cpp
c:\users\aiuv0\downloads\google_drive\directteam\_hsj\dx_framework\dx11engine\include\core\../Dx11Object.h(14): warning C4251: 'DX11::CDx11Object::m_strTag': class 'std::basic_string<char,std::char_traits<char>,std::allocator<char>>'에서는 class 'DX11::CDx11Object'의 클라이언트에서 DLL 인터페이스를 사용하도록 지정해야 합니다.
c:\users\aiuv0\downloads\google_drive\directteam\_hsj\dx_framework\dx11engine\include\core\../Dx11Object.h(18): warning C4251: 'DX11::CDx11Object::m_strTypeName': class 'std::basic_string<char,std::char_traits<char>,std::allocator<char>>'에서는 class 'DX11::CDx11Object'의 클라이언트에서 DLL 인터페이스를 사용하도록 지정해야 합니다.
Core\Dx11Window.cpp(71): warning C4838: 'const UINT'에서 'LONG'(으)로의 변환에는 축소 변환이 필요합니다.
  Dx11Core.cpp
c:\users\aiuv0\downloads\google_drive\directteam\_hsj\dx_framework\dx11engine\include\Dx11Object.h(14): warning C4251: 'DX11::CDx11Object::m_strTag': class 'std::basic_string<char,std::char_traits<char>,std::allocator<char>>'에서는 class 'DX11::CDx11Object'의 클라이언트에서 DLL 인터페이스를 사용하도록 지정해야 합니다.
c:\users\aiuv0\downloads\google_drive\directteam\_hsj\dx_framework\dx11engine\include\Dx11Object.h(18): warning C4251: 'DX11::CDx11Object::m_strTypeName': class 'std::basic_string<char,std::char_traits<char>,std::allocator<char>>'에서는 class 'DX11::CDx11Object'의 클라이언트에서 DLL 인터페이스를 사용하도록 지정해야 합니다.
c:\users\aiuv0\downloads\google_drive\directteam\_hsj\dx_framework\dx11engine\include\Resources\Dx11ResourcesManager.h(12): warning C4251: 'DX11::CDx11ResourcesManager::m_mapMesh': class 'std::unordered_map<std::string,DX11::CDx11Mesh *,std::hash<_Kty>,std::equal_to<_Kty>,std::allocator<std::pair<const _Kty,_Ty>>>'에서는 class 'DX11::CDx11ResourcesManager'의 클라이언트에서 DLL 인터페이스를 사용하도록 지정해야 합니다.
          with
          [
              _Kty=std::string,
              _Ty=DX11::CDx11Mesh *
          ]
c:\users\aiuv0\downloads\google_drive\directteam\_hsj\dx_framework\dx11engine\include\Resources\Dx11ResourcesManager.h(13): warning C4251: 'DX11::CDx11ResourcesManager::m_mapTexture': class 'std::unordered_map<std::string,DX11::CDx11Texture *,std::hash<_Kty>,std::equal_to<_Kty>,std::allocator<std::pair<const _Kty,_Ty>>>'에서는 class 'DX11::CDx11ResourcesManager'의 클라이언트에서 DLL 인터페이스를 사용하도록 지정해야 합니다.
          with
          [
              _Kty=std::string,
              _Ty=DX11::CDx11Texture *
          ]
c:\users\aiuv0\downloads\google_drive\directteam\_hsj\dx_framework\dx11engine\include\Resources\Dx11ResourcesManager.h(14): warning C4251: 'DX11::CDx11ResourcesManager::m_mapSampler': class 'std::unordered_map<std::string,DX11::CDx11Sampler *,std::hash<_Kty>,std::equal_to<_Kty>,std::allocator<std::pair<const _Kty,_Ty>>>'에서는 class 'DX11::CDx11ResourcesManager'의 클라이언트에서 DLL 인터페이스를 사용하도록 지정해야 합니다.
          with
          [
              _Kty=std::string,
              _Ty=DX11::CDx11Sampler *
          ]
c:\users\aiuv0\downloads\google_drive\directteam\_hsj\dx_framework\dx11engine\include\Rendering\Dx11ShaderManager.h(12): warning C4251: 'DX11::CDx11ShaderManager::m_mapShader': class 'std::unordered_map<std::string,DX11::CDx11Shader *,std::hash<_Kty>,std::equal_to<_Kty>,std::allocator<std::pair<const _Kty,_Ty>>>'에서는 class 'DX11::CDx11ShaderManager'의 클라이언트에서 DLL 인터페이스를 사용하도록 지정해야 합니다.
          with
          [
              _Kty=std::string,
              _Ty=DX11::CDx11Shader *
          ]
c:\users\aiuv0\downloads\google_drive\directteam\_hsj\dx_framework\dx11engine\include\Core\Dx11FilePathManager.h(12): warning C4251: 'DX11::CDx11FilePathManager::m_mapPath': class 'std::unordered_map<std::string,std::wstring,std::hash<_Kty>,std::equal_to<_Kty>,std::allocator<std::pair<const _Kty,_Ty>>>'에서는 class 'DX11::CDx11FilePathManager'의 클라이언트에서 DLL 인터페이스를 사용하도록 지정해야 합니다.
          with
          [
              _Kty=std::string,
              _Ty=std::wstring
          ]
c:\users\aiuv0\downloads\google_drive\directteam\_hsj\dx_framework\dx11engine\include\Rendering\Dx11Shader.h(36): warning C4251: 'DX11::CDx11Shader::m_mapConstantBuffer': class 'std::unordered_map<std::string,DX11::CDx11Shader::PCBUFFERINFO,std::hash<_Kty>,std::equal_to<_Kty>,std::allocator<std::pair<const _Kty,_Ty>>>'에서는 class 'DX11::CDx11Shader'의 클라이언트에서 DLL 인터페이스를 사용하도록 지정해야 합니다.
          with
          [
              _Kty=std::string,
              _Ty=DX11::CDx11Shader::PCBUFFERINFO
          ]
c:\users\aiuv0\downloads\google_drive\directteam\_hsj\dx_framework\dx11engine\include\Core\Dx11TimerManager.h(12): warning C4251: 'DX11::CDx11TimerManager::m_mapTimer': class 'std::unordered_map<std::string,DX11::CDx11Timer *,std::hash<_Kty>,std::equal_to<_Kty>,std::allocator<std::pair<const _Kty,_Ty>>>'에서는 class 'DX11::CDx11TimerManager'의 클라이언트에서 DLL 인터페이스를 사용하도록 지정해야 합니다.
          with
          [
              _Kty=std::string,
              _Ty=DX11::CDx11Timer *
          ]
c:\users\aiuv0\downloads\google_drive\directteam\_hsj\dx_framework\dx11engine\include\GameObject\Dx11GameObjectManager.h(12): warning C4251: 'DX11::CDx11GameObjectManager::m_mapPrototype': class 'std::unordered_map<std::string,DX11::CDx11GameObject *,std::hash<_Kty>,std::equal_to<_Kty>,std::allocator<std::pair<const _Kty,_Ty>>>'에서는 class 'DX11::CDx11GameObjectManager'의 클라이언트에서 DLL 인터페이스를 사용하도록 지정해야 합니다.
          with
          [
              _Kty=std::string,
              _Ty=DX11::CDx11GameObject *
          ]
c:\users\aiuv0\downloads\google_drive\directteam\_hsj\dx_framework\dx11engine\include\Core\Dx11Input.h(12): warning C4251: 'DX11::CDx11Input::m_mapKey': class 'std::unordered_map<std::string,DX11::PKEYINFO,std::hash<_Kty>,std::equal_to<_Kty>,std::allocator<std::pair<const _Kty,_Ty>>>'에서는 class 'DX11::CDx11Input'의 클라이언트에서 DLL 인터페이스를 사용하도록 지정해야 합니다.
          with
          [
              _Kty=std::string,
              _Ty=DX11::PKEYINFO
          ]
c:\users\aiuv0\downloads\google_drive\directteam\_hsj\dx_framework\dx11engine\include\Core\Dx11Scheduler.h(22): warning C4251: 'DX11::CDx11Scheduler::m_Schedule': class 'std::list<DX11::CDx11Scheduler::PSCHEDULEINFO,std::allocator<_Ty>>'에서는 class 'DX11::CDx11Scheduler'의 클라이언트에서 DLL 인터페이스를 사용하도록 지정해야 합니다.
          with
          [
              _Ty=DX11::CDx11Scheduler::PSCHEDULEINFO
          ]
c:\users\aiuv0\downloads\google_drive\directteam\_hsj\dx_framework\dx11engine\include\Rendering\Dx11RenderManager.h(12): warning C4251: 'DX11::CDx11RenderManager::m_mapState': class 'std::unordered_map<std::string,DX11::CDx11RenderState *,std::hash<_Kty>,std::equal_to<_Kty>,std::allocator<std::pair<const _Kty,_Ty>>>'에서는 class 'DX11::CDx11RenderManager'의 클라이언트에서 DLL 인터페이스를 사용하도록 지정해야 합니다.
          with
          [
              _Kty=std::string,
              _Ty=DX11::CDx11RenderState *
          ]
  Dx11Object.cpp
c:\users\aiuv0\downloads\google_drive\directteam\_hsj\dx_framework\dx11engine\include\Dx11Object.h(14): warning C4251: 'DX11::CDx11Object::m_strTag': class 'std::basic_string<char,std::char_traits<char>,std::allocator<char>>'에서는 class 'DX11::CDx11Object'의 클라이언트에서 DLL 인터페이스를 사용하도록 지정해야 합니다.
c:\users\aiuv0\downloads\google_drive\directteam\_hsj\dx_framework\dx11engine\include\Dx11Object.h(18): warning C4251: 'DX11::CDx11Object::m_strTypeName': class 'std::basic_string<char,std::char_traits<char>,std::allocator<char>>'에서는 class 'DX11::CDx11Object'의 클라이언트에서 DLL 인터페이스를 사용하도록 지정해야 합니다.
  Dx11GameObject.cpp
c:\users\aiuv0\downloads\google_drive\directteam\_hsj\dx_framework\dx11engine\include\gameobject\../Dx11Object.h(14): warning C4251: 'DX11::CDx11Object::m_strTag': class 'std::basic_string<char,std::char_traits<char>,std::allocator<char>>'에서는 class 'DX11::CDx11Object'의 클라이언트에서 DLL 인터페이스를 사용하도록 지정해야 합니다.
c:\users\aiuv0\downloads\google_drive\directteam\_hsj\dx_framework\dx11engine\include\gameobject\../Dx11Object.h(18): warning C4251: 'DX11::CDx11Object::m_strTypeName': class 'std::basic_string<char,std::char_traits<char>,std::allocator<char>>'에서는 class 'DX11::CDx11Object'의 클라이언트에서 DLL 인터페이스를 사용하도록 지정해야 합니다.
c:\users\aiuv0\downloads\google_drive\directteam\_hsj\dx_framework\dx11engine\include\gameobject\Dx11GameObject.h(28): warning C4251: 'DX11::CDx11GameObject::m_ComponentList': class 'std::list<DX11::CDx11Component *,std::allocator<_Ty>>'에서는 class 'DX11::CDx11GameObject'의 클라이언트에서 DLL 인터페이스를 사용하도록 지정해야 합니다.
          with
          [
              _Ty=DX11::CDx11Component *
          ]
c:\users\aiuv0\downloads\google_drive\directteam\_hsj\dx_framework\dx11engine\include\gameobject\Dx11GameObject.h(30): warning C4251: 'DX11::CDx11GameObject::m_FindList': class 'std::list<DX11::CDx11Component *,std::allocator<_Ty>>'에서는 class 'DX11::CDx11GameObject'의 클라이언트에서 DLL 인터페이스를 사용하도록 지정해야 합니다.
          with
          [
              _Ty=DX11::CDx11Component *
          ]
c:\users\aiuv0\downloads\google_drive\directteam\_hsj\dx_framework\dx11engine\include\gameobject\Dx11GameObject.h(36): warning C4251: 'DX11::CDx11GameObject::m_ChildList': class 'std::list<DX11::CDx11GameObject *,std::allocator<_Ty>>'에서는 class 'DX11::CDx11GameObject'의 클라이언트에서 DLL 인터페이스를 사용하도록 지정해야 합니다.
          with
          [
              _Ty=DX11::CDx11GameObject *
          ]
c:\users\aiuv0\downloads\google_drive\directteam\_hsj\dx_framework\dx11engine\include\gameobject\../Scene/Dx11Scene.h(17): warning C4251: 'DX11::CDx11Scene::m_vecLayer': class 'std::vector<DX11::CDx11Layer *,std::allocator<_Ty>>'에서는 class 'DX11::CDx11Scene'의 클라이언트에서 DLL 인터페이스를 사용하도록 지정해야 합니다.
          with
          [
              _Ty=DX11::CDx11Layer *
          ]
c:\users\aiuv0\downloads\google_drive\directteam\_hsj\dx_framework\dx11engine\include\gameobject\../Scene/Dx11Scene.h(18): warning C4251: 'DX11::CDx11Scene::m_vecScript': class 'std::vector<DX11::CDx11Script *,std::allocator<_Ty>>'에서는 class 'DX11::CDx11Scene'의 클라이언트에서 DLL 인터페이스를 사용하도록 지정해야 합니다.
          with
          [
              _Ty=DX11::CDx11Script *
          ]
c:\users\aiuv0\downloads\google_drive\directteam\_hsj\dx_framework\dx11engine\include\gameobject\../Scene/Dx11Scene.h(19): warning C4251: 'DX11::CDx11Scene::m_mapCamera': class 'std::unordered_map<std::string,DX11::CDx11GameObject *,std::hash<_Kty>,std::equal_to<_Kty>,std::allocator<std::pair<const _Kty,_Ty>>>'에서는 class 'DX11::CDx11Scene'의 클라이언트에서 DLL 인터페이스를 사용하도록 지정해야 합니다.
          with
          [
              _Kty=std::string,
              _Ty=DX11::CDx11GameObject *
          ]
c:\users\aiuv0\downloads\google_drive\directteam\_hsj\dx_framework\dx11engine\include\gameobject\../Scene/Dx11Scene.h(21): warning C4251: 'DX11::CDx11Scene::m_FindList': class 'std::list<DX11::CDx11GameObject *,std::allocator<_Ty>>'에서는 class 'DX11::CDx11Scene'의 클라이언트에서 DLL 인터페이스를 사용하도록 지정해야 합니다.
          with
          [
              _Ty=DX11::CDx11GameObject *
          ]
c:\users\aiuv0\downloads\google_drive\directteam\_hsj\dx_framework\dx11engine\include\gameobject\../Scene/Dx11Scene.h(22): warning C4251: 'DX11::CDx11Scene::m_LightList': class 'std::list<DX11::CDx11GameObject *,std::allocator<_Ty>>'에서는 class 'DX11::CDx11Scene'의 클라이언트에서 DLL 인터페이스를 사용하도록 지정해야 합니다.
          with
          [
              _Ty=DX11::CDx11GameObject *
          ]
c:\users\aiuv0\downloads\google_drive\directteam\_hsj\dx_framework\dx11engine\include\gameobject\../Scene/Dx11layer.h(17): warning C4251: 'DX11::CDx11Layer::m_ObjList': class 'std::list<DX11::CDx11GameObject *,std::allocator<_Ty>>'에서는 class 'DX11::CDx11Layer'의 클라이언트에서 DLL 인터페이스를 사용하도록 지정해야 합니다.
          with
          [
              _Ty=DX11::CDx11GameObject *
          ]
c:\users\aiuv0\downloads\google_drive\directteam\_hsj\dx_framework\dx11engine\include\gameobject\../Scene/Dx11layer.h(19): warning C4251: 'DX11::CDx11Layer::m_FindList': class 'std::list<DX11::CDx11GameObject *,std::allocator<_Ty>>'에서는 class 'DX11::CDx11Layer'의 클라이언트에서 DLL 인터페이스를 사용하도록 지정해야 합니다.
          with
          [
              _Ty=DX11::CDx11GameObject *
          ]
c:\users\aiuv0\downloads\google_drive\directteam\_hsj\dx_framework\dx11engine\include\gameobject\../Component/Dx11Transform.h(29): warning C4251: 'DX11::CDx11Transform::m_vAxis': struct 'DX11::_tagVector3'에서는 class 'DX11::CDx11Transform'의 클라이언트에서 DLL 인터페이스를 사용하도록 지정해야 합니다.
  c:\users\aiuv0\downloads\google_drive\directteam\_hsj\dx_framework\dx11engine\include\Dx11Types.h(272): note: 'DX11::_tagVector3' 선언을 참조하십시오.
c:\users\aiuv0\downloads\google_drive\directteam\_hsj\dx_framework\dx11engine\include\gameobject\Dx11GameObjectManager.h(12): warning C4251: 'DX11::CDx11GameObjectManager::m_mapPrototype': class 'std::unordered_map<std::string,DX11::CDx11GameObject *,std::hash<_Kty>,std::equal_to<_Kty>,std::allocator<std::pair<const _Kty,_Ty>>>'에서는 class 'DX11::CDx11GameObjectManager'의 클라이언트에서 DLL 인터페이스를 사용하도록 지정해야 합니다.
          with
          [
              _Kty=std::string,
              _Ty=DX11::CDx11GameObject *
          ]
  컴파일하고 있습니다...
  Dx11GameObjectManager.cpp
c:\users\aiuv0\downloads\google_drive\directteam\_hsj\dx_framework\dx11engine\include\gameobject\../Dx11Object.h(14): warning C4251: 'DX11::CDx11Object::m_strTag': class 'std::basic_string<char,std::char_traits<char>,std::allocator<char>>'에서는 class 'DX11::CDx11Object'의 클라이언트에서 DLL 인터페이스를 사용하도록 지정해야 합니다.
c:\users\aiuv0\downloads\google_drive\directteam\_hsj\dx_framework\dx11engine\include\gameobject\../Dx11Object.h(18): warning C4251: 'DX11::CDx11Object::m_strTypeName': class 'std::basic_string<char,std::char_traits<char>,std::allocator<char>>'에서는 class 'DX11::CDx11Object'의 클라이언트에서 DLL 인터페이스를 사용하도록 지정해야 합니다.
c:\users\aiuv0\downloads\google_drive\directteam\_hsj\dx_framework\dx11engine\include\gameobject\Dx11GameObjectManager.h(12): warning C4251: 'DX11::CDx11GameObjectManager::m_mapPrototype': class 'std::unordered_map<std::string,DX11::CDx11GameObject *,std::hash<_Kty>,std::equal_to<_Kty>,std::allocator<std::pair<const _Kty,_Ty>>>'에서는 class 'DX11::CDx11GameObjectManager'의 클라이언트에서 DLL 인터페이스를 사용하도록 지정해야 합니다.
          with
          [
              _Kty=std::string,
              _Ty=DX11::CDx11GameObject *
          ]
c:\users\aiuv0\downloads\google_drive\directteam\_hsj\dx_framework\dx11engine\include\gameobject\Dx11GameObject.h(28): warning C4251: 'DX11::CDx11GameObject::m_ComponentList': class 'std::list<DX11::CDx11Component *,std::allocator<_Ty>>'에서는 class 'DX11::CDx11GameObject'의 클라이언트에서 DLL 인터페이스를 사용하도록 지정해야 합니다.
          with
          [
              _Ty=DX11::CDx11Component *
          ]
c:\users\aiuv0\downloads\google_drive\directteam\_hsj\dx_framework\dx11engine\include\gameobject\Dx11GameObject.h(30): warning C4251: 'DX11::CDx11GameObject::m_FindList': class 'std::list<DX11::CDx11Component *,std::allocator<_Ty>>'에서는 class 'DX11::CDx11GameObject'의 클라이언트에서 DLL 인터페이스를 사용하도록 지정해야 합니다.
          with
          [
              _Ty=DX11::CDx11Component *
          ]
c:\users\aiuv0\downloads\google_drive\directteam\_hsj\dx_framework\dx11engine\include\gameobject\Dx11GameObject.h(36): warning C4251: 'DX11::CDx11GameObject::m_ChildList': class 'std::list<DX11::CDx11GameObject *,std::allocator<_Ty>>'에서는 class 'DX11::CDx11GameObject'의 클라이언트에서 DLL 인터페이스를 사용하도록 지정해야 합니다.
          with
          [
              _Ty=DX11::CDx11GameObject *
          ]
  Dx11DepthStencilState.cpp
c:\users\aiuv0\downloads\google_drive\directteam\_hsj\dx_framework\dx11engine\include\rendering\../Dx11Object.h(14): warning C4251: 'DX11::CDx11Object::m_strTag': class 'std::basic_string<char,std::char_traits<char>,std::allocator<char>>'에서는 class 'DX11::CDx11Object'의 클라이언트에서 DLL 인터페이스를 사용하도록 지정해야 합니다.
c:\users\aiuv0\downloads\google_drive\directteam\_hsj\dx_framework\dx11engine\include\rendering\../Dx11Object.h(18): warning C4251: 'DX11::CDx11Object::m_strTypeName': class 'std::basic_string<char,std::char_traits<char>,std::allocator<char>>'에서는 class 'DX11::CDx11Object'의 클라이언트에서 DLL 인터페이스를 사용하도록 지정해야 합니다.
  Dx11RasterizerState.cpp
c:\users\aiuv0\downloads\google_drive\directteam\_hsj\dx_framework\dx11engine\include\rendering\../Dx11Object.h(14): warning C4251: 'DX11::CDx11Object::m_strTag': class 'std::basic_string<char,std::char_traits<char>,std::allocator<char>>'에서는 class 'DX11::CDx11Object'의 클라이언트에서 DLL 인터페이스를 사용하도록 지정해야 합니다.
c:\users\aiuv0\downloads\google_drive\directteam\_hsj\dx_framework\dx11engine\include\rendering\../Dx11Object.h(18): warning C4251: 'DX11::CDx11Object::m_strTypeName': class 'std::basic_string<char,std::char_traits<char>,std::allocator<char>>'에서는 class 'DX11::CDx11Object'의 클라이언트에서 DLL 인터페이스를 사용하도록 지정해야 합니다.
  Dx11RenderManager.cpp
c:\users\aiuv0\downloads\google_drive\directteam\_hsj\dx_framework\dx11engine\include\rendering\../Dx11Object.h(14): warning C4251: 'DX11::CDx11Object::m_strTag': class 'std::basic_string<char,std::char_traits<char>,std::allocator<char>>'에서는 class 'DX11::CDx11Object'의 클라이언트에서 DLL 인터페이스를 사용하도록 지정해야 합니다.
c:\users\aiuv0\downloads\google_drive\directteam\_hsj\dx_framework\dx11engine\include\rendering\../Dx11Object.h(18): warning C4251: 'DX11::CDx11Object::m_strTypeName': class 'std::basic_string<char,std::char_traits<char>,std::allocator<char>>'에서는 class 'DX11::CDx11Object'의 클라이언트에서 DLL 인터페이스를 사용하도록 지정해야 합니다.
c:\users\aiuv0\downloads\google_drive\directteam\_hsj\dx_framework\dx11engine\include\rendering\Dx11RenderManager.h(12): warning C4251: 'DX11::CDx11RenderManager::m_mapState': class 'std::unordered_map<std::string,DX11::CDx11RenderState *,std::hash<_Kty>,std::equal_to<_Kty>,std::allocator<std::pair<const _Kty,_Ty>>>'에서는 class 'DX11::CDx11RenderManager'의 클라이언트에서 DLL 인터페이스를 사용하도록 지정해야 합니다.
          with
          [
              _Kty=std::string,
              _Ty=DX11::CDx11RenderState *
          ]
  Dx11RenderState.cpp
c:\users\aiuv0\downloads\google_drive\directteam\_hsj\dx_framework\dx11engine\include\rendering\../Dx11Object.h(14): warning C4251: 'DX11::CDx11Object::m_strTag': class 'std::basic_string<char,std::char_traits<char>,std::allocator<char>>'에서는 class 'DX11::CDx11Object'의 클라이언트에서 DLL 인터페이스를 사용하도록 지정해야 합니다.
c:\users\aiuv0\downloads\google_drive\directteam\_hsj\dx_framework\dx11engine\include\rendering\../Dx11Object.h(18): warning C4251: 'DX11::CDx11Object::m_strTypeName': class 'std::basic_string<char,std::char_traits<char>,std::allocator<char>>'에서는 class 'DX11::CDx11Object'의 클라이언트에서 DLL 인터페이스를 사용하도록 지정해야 합니다.
  Dx11Shader.cpp
c:\users\aiuv0\downloads\google_drive\directteam\_hsj\dx_framework\dx11engine\include\rendering\../Dx11Object.h(14): warning C4251: 'DX11::CDx11Object::m_strTag': class 'std::basic_string<char,std::char_traits<char>,std::allocator<char>>'에서는 class 'DX11::CDx11Object'의 클라이언트에서 DLL 인터페이스를 사용하도록 지정해야 합니다.
c:\users\aiuv0\downloads\google_drive\directteam\_hsj\dx_framework\dx11engine\include\rendering\../Dx11Object.h(18): warning C4251: 'DX11::CDx11Object::m_strTypeName': class 'std::basic_string<char,std::char_traits<char>,std::allocator<char>>'에서는 class 'DX11::CDx11Object'의 클라이언트에서 DLL 인터페이스를 사용하도록 지정해야 합니다.
c:\users\aiuv0\downloads\google_drive\directteam\_hsj\dx_framework\dx11engine\include\rendering\Dx11Shader.h(36): warning C4251: 'DX11::CDx11Shader::m_mapConstantBuffer': class 'std::unordered_map<std::string,DX11::CDx11Shader::PCBUFFERINFO,std::hash<_Kty>,std::equal_to<_Kty>,std::allocator<std::pair<const _Kty,_Ty>>>'에서는 class 'DX11::CDx11Shader'의 클라이언트에서 DLL 인터페이스를 사용하도록 지정해야 합니다.
          with
          [
              _Kty=std::string,
              _Ty=DX11::CDx11Shader::PCBUFFERINFO
          ]
c:\users\aiuv0\downloads\google_drive\directteam\_hsj\dx_framework\dx11engine\include\rendering\../Core/Dx11FilePathManager.h(12): warning C4251: 'DX11::CDx11FilePathManager::m_mapPath': class 'std::unordered_map<std::string,std::wstring,std::hash<_Kty>,std::equal_to<_Kty>,std::allocator<std::pair<const _Kty,_Ty>>>'에서는 class 'DX11::CDx11FilePathManager'의 클라이언트에서 DLL 인터페이스를 사용하도록 지정해야 합니다.
          with
          [
              _Kty=std::string,
              _Ty=std::wstring
          ]
  Dx11ShaderManager.cpp
c:\users\aiuv0\downloads\google_drive\directteam\_hsj\dx_framework\dx11engine\include\rendering\../Dx11Object.h(14): warning C4251: 'DX11::CDx11Object::m_strTag': class 'std::basic_string<char,std::char_traits<char>,std::allocator<char>>'에서는 class 'DX11::CDx11Object'의 클라이언트에서 DLL 인터페이스를 사용하도록 지정해야 합니다.
c:\users\aiuv0\downloads\google_drive\directteam\_hsj\dx_framework\dx11engine\include\rendering\../Dx11Object.h(18): warning C4251: 'DX11::CDx11Object::m_strTypeName': class 'std::basic_string<char,std::char_traits<char>,std::allocator<char>>'에서는 class 'DX11::CDx11Object'의 클라이언트에서 DLL 인터페이스를 사용하도록 지정해야 합니다.
c:\users\aiuv0\downloads\google_drive\directteam\_hsj\dx_framework\dx11engine\include\rendering\Dx11ShaderManager.h(12): warning C4251: 'DX11::CDx11ShaderManager::m_mapShader': class 'std::unordered_map<std::string,DX11::CDx11Shader *,std::hash<_Kty>,std::equal_to<_Kty>,std::allocator<std::pair<const _Kty,_Ty>>>'에서는 class 'DX11::CDx11ShaderManager'의 클라이언트에서 DLL 인터페이스를 사용하도록 지정해야 합니다.
          with
          [
              _Kty=std::string,
              _Ty=DX11::CDx11Shader *
          ]
c:\users\aiuv0\downloads\google_drive\directteam\_hsj\dx_framework\dx11engine\include\rendering\Dx11Shader.h(36): warning C4251: 'DX11::CDx11Shader::m_mapConstantBuffer': class 'std::unordered_map<std::string,DX11::CDx11Shader::PCBUFFERINFO,std::hash<_Kty>,std::equal_to<_Kty>,std::allocator<std::pair<const _Kty,_Ty>>>'에서는 class 'DX11::CDx11Shader'의 클라이언트에서 DLL 인터페이스를 사용하도록 지정해야 합니다.
          with
          [
              _Kty=std::string,
              _Ty=DX11::CDx11Shader::PCBUFFERINFO
          ]
  Dx11Mesh.cpp
c:\users\aiuv0\downloads\google_drive\directteam\_hsj\dx_framework\dx11engine\include\resources\../Dx11Object.h(14): warning C4251: 'DX11::CDx11Object::m_strTag': class 'std::basic_string<char,std::char_traits<char>,std::allocator<char>>'에서는 class 'DX11::CDx11Object'의 클라이언트에서 DLL 인터페이스를 사용하도록 지정해야 합니다.
c:\users\aiuv0\downloads\google_drive\directteam\_hsj\dx_framework\dx11engine\include\resources\../Dx11Object.h(18): warning C4251: 'DX11::CDx11Object::m_strTypeName': class 'std::basic_string<char,std::char_traits<char>,std::allocator<char>>'에서는 class 'DX11::CDx11Object'의 클라이언트에서 DLL 인터페이스를 사용하도록 지정해야 합니다.
  Dx11Resource.cpp
c:\users\aiuv0\downloads\google_drive\directteam\_hsj\dx_framework\dx11engine\include\resources\../Dx11Object.h(14): warning C4251: 'DX11::CDx11Object::m_strTag': class 'std::basic_string<char,std::char_traits<char>,std::allocator<char>>'에서는 class 'DX11::CDx11Object'의 클라이언트에서 DLL 인터페이스를 사용하도록 지정해야 합니다.
c:\users\aiuv0\downloads\google_drive\directteam\_hsj\dx_framework\dx11engine\include\resources\../Dx11Object.h(18): warning C4251: 'DX11::CDx11Object::m_strTypeName': class 'std::basic_string<char,std::char_traits<char>,std::allocator<char>>'에서는 class 'DX11::CDx11Object'의 클라이언트에서 DLL 인터페이스를 사용하도록 지정해야 합니다.
  Dx11ResourcesManager.cpp
c:\users\aiuv0\downloads\google_drive\directteam\_hsj\dx_framework\dx11engine\include\resources\../Dx11Object.h(14): warning C4251: 'DX11::CDx11Object::m_strTag': class 'std::basic_string<char,std::char_traits<char>,std::allocator<char>>'에서는 class 'DX11::CDx11Object'의 클라이언트에서 DLL 인터페이스를 사용하도록 지정해야 합니다.
c:\users\aiuv0\downloads\google_drive\directteam\_hsj\dx_framework\dx11engine\include\resources\../Dx11Object.h(18): warning C4251: 'DX11::CDx11Object::m_strTypeName': class 'std::basic_string<char,std::char_traits<char>,std::allocator<char>>'에서는 class 'DX11::CDx11Object'의 클라이언트에서 DLL 인터페이스를 사용하도록 지정해야 합니다.
c:\users\aiuv0\downloads\google_drive\directteam\_hsj\dx_framework\dx11engine\include\resources\Dx11ResourcesManager.h(12): warning C4251: 'DX11::CDx11ResourcesManager::m_mapMesh': class 'std::unordered_map<std::string,DX11::CDx11Mesh *,std::hash<_Kty>,std::equal_to<_Kty>,std::allocator<std::pair<const _Kty,_Ty>>>'에서는 class 'DX11::CDx11ResourcesManager'의 클라이언트에서 DLL 인터페이스를 사용하도록 지정해야 합니다.
          with
          [
              _Kty=std::string,
              _Ty=DX11::CDx11Mesh *
          ]
c:\users\aiuv0\downloads\google_drive\directteam\_hsj\dx_framework\dx11engine\include\resources\Dx11ResourcesManager.h(13): warning C4251: 'DX11::CDx11ResourcesManager::m_mapTexture': class 'std::unordered_map<std::string,DX11::CDx11Texture *,std::hash<_Kty>,std::equal_to<_Kty>,std::allocator<std::pair<const _Kty,_Ty>>>'에서는 class 'DX11::CDx11ResourcesManager'의 클라이언트에서 DLL 인터페이스를 사용하도록 지정해야 합니다.
          with
          [
              _Kty=std::string,
              _Ty=DX11::CDx11Texture *
          ]
c:\users\aiuv0\downloads\google_drive\directteam\_hsj\dx_framework\dx11engine\include\resources\Dx11ResourcesManager.h(14): warning C4251: 'DX11::CDx11ResourcesManager::m_mapSampler': class 'std::unordered_map<std::string,DX11::CDx11Sampler *,std::hash<_Kty>,std::equal_to<_Kty>,std::allocator<std::pair<const _Kty,_Ty>>>'에서는 class 'DX11::CDx11ResourcesManager'의 클라이언트에서 DLL 인터페이스를 사용하도록 지정해야 합니다.
          with
          [
              _Kty=std::string,
              _Ty=DX11::CDx11Sampler *
          ]
  Dx11Sampler.cpp
c:\users\aiuv0\downloads\google_drive\directteam\_hsj\dx_framework\dx11engine\include\resources\../Dx11Object.h(14): warning C4251: 'DX11::CDx11Object::m_strTag': class 'std::basic_string<char,std::char_traits<char>,std::allocator<char>>'에서는 class 'DX11::CDx11Object'의 클라이언트에서 DLL 인터페이스를 사용하도록 지정해야 합니다.
c:\users\aiuv0\downloads\google_drive\directteam\_hsj\dx_framework\dx11engine\include\resources\../Dx11Object.h(18): warning C4251: 'DX11::CDx11Object::m_strTypeName': class 'std::basic_string<char,std::char_traits<char>,std::allocator<char>>'에서는 class 'DX11::CDx11Object'의 클라이언트에서 DLL 인터페이스를 사용하도록 지정해야 합니다.
  Dx11Texture.cpp
c:\users\aiuv0\downloads\google_drive\directteam\_hsj\dx_framework\dx11engine\include\resources\../Dx11Object.h(14): warning C4251: 'DX11::CDx11Object::m_strTag': class 'std::basic_string<char,std::char_traits<char>,std::allocator<char>>'에서는 class 'DX11::CDx11Object'의 클라이언트에서 DLL 인터페이스를 사용하도록 지정해야 합니다.
c:\users\aiuv0\downloads\google_drive\directteam\_hsj\dx_framework\dx11engine\include\resources\../Dx11Object.h(18): warning C4251: 'DX11::CDx11Object::m_strTypeName': class 'std::basic_string<char,std::char_traits<char>,std::allocator<char>>'에서는 class 'DX11::CDx11Object'의 클라이언트에서 DLL 인터페이스를 사용하도록 지정해야 합니다.
c:\users\aiuv0\downloads\google_drive\directteam\_hsj\dx_framework\dx11engine\include\resources\../Core/Dx11FilePathManager.h(12): warning C4251: 'DX11::CDx11FilePathManager::m_mapPath': class 'std::unordered_map<std::string,std::wstring,std::hash<_Kty>,std::equal_to<_Kty>,std::allocator<std::pair<const _Kty,_Ty>>>'에서는 class 'DX11::CDx11FilePathManager'의 클라이언트에서 DLL 인터페이스를 사용하도록 지정해야 합니다.
          with
          [
              _Kty=std::string,
              _Ty=std::wstring
          ]
  Dx11Layer.cpp
c:\users\aiuv0\downloads\google_drive\directteam\_hsj\dx_framework\dx11engine\include\scene\../Dx11Object.h(14): warning C4251: 'DX11::CDx11Object::m_strTag': class 'std::basic_string<char,std::char_traits<char>,std::allocator<char>>'에서는 class 'DX11::CDx11Object'의 클라이언트에서 DLL 인터페이스를 사용하도록 지정해야 합니다.
c:\users\aiuv0\downloads\google_drive\directteam\_hsj\dx_framework\dx11engine\include\scene\../Dx11Object.h(18): warning C4251: 'DX11::CDx11Object::m_strTypeName': class 'std::basic_string<char,std::char_traits<char>,std::allocator<char>>'에서는 class 'DX11::CDx11Object'의 클라이언트에서 DLL 인터페이스를 사용하도록 지정해야 합니다.
c:\users\aiuv0\downloads\google_drive\directteam\_hsj\dx_framework\dx11engine\include\scene\Dx11Layer.h(17): warning C4251: 'DX11::CDx11Layer::m_ObjList': class 'std::list<DX11::CDx11GameObject *,std::allocator<_Ty>>'에서는 class 'DX11::CDx11Layer'의 클라이언트에서 DLL 인터페이스를 사용하도록 지정해야 합니다.
          with
          [
              _Ty=DX11::CDx11GameObject *
          ]
c:\users\aiuv0\downloads\google_drive\directteam\_hsj\dx_framework\dx11engine\include\scene\Dx11Layer.h(19): warning C4251: 'DX11::CDx11Layer::m_FindList': class 'std::list<DX11::CDx11GameObject *,std::allocator<_Ty>>'에서는 class 'DX11::CDx11Layer'의 클라이언트에서 DLL 인터페이스를 사용하도록 지정해야 합니다.
          with
          [
              _Ty=DX11::CDx11GameObject *
          ]
c:\users\aiuv0\downloads\google_drive\directteam\_hsj\dx_framework\dx11engine\include\scene\../GameObject/Dx11GameObject.h(28): warning C4251: 'DX11::CDx11GameObject::m_ComponentList': class 'std::list<DX11::CDx11Component *,std::allocator<_Ty>>'에서는 class 'DX11::CDx11GameObject'의 클라이언트에서 DLL 인터페이스를 사용하도록 지정해야 합니다.
          with
          [
              _Ty=DX11::CDx11Component *
          ]
c:\users\aiuv0\downloads\google_drive\directteam\_hsj\dx_framework\dx11engine\include\scene\../GameObject/Dx11GameObject.h(30): warning C4251: 'DX11::CDx11GameObject::m_FindList': class 'std::list<DX11::CDx11Component *,std::allocator<_Ty>>'에서는 class 'DX11::CDx11GameObject'의 클라이언트에서 DLL 인터페이스를 사용하도록 지정해야 합니다.
          with
          [
              _Ty=DX11::CDx11Component *
          ]
c:\users\aiuv0\downloads\google_drive\directteam\_hsj\dx_framework\dx11engine\include\scene\../GameObject/Dx11GameObject.h(36): warning C4251: 'DX11::CDx11GameObject::m_ChildList': class 'std::list<DX11::CDx11GameObject *,std::allocator<_Ty>>'에서는 class 'DX11::CDx11GameObject'의 클라이언트에서 DLL 인터페이스를 사용하도록 지정해야 합니다.
          with
          [
              _Ty=DX11::CDx11GameObject *
          ]
  Dx11Scene.cpp
c:\users\aiuv0\downloads\google_drive\directteam\_hsj\dx_framework\dx11engine\include\scene\../Dx11Object.h(14): warning C4251: 'DX11::CDx11Object::m_strTag': class 'std::basic_string<char,std::char_traits<char>,std::allocator<char>>'에서는 class 'DX11::CDx11Object'의 클라이언트에서 DLL 인터페이스를 사용하도록 지정해야 합니다.
c:\users\aiuv0\downloads\google_drive\directteam\_hsj\dx_framework\dx11engine\include\scene\../Dx11Object.h(18): warning C4251: 'DX11::CDx11Object::m_strTypeName': class 'std::basic_string<char,std::char_traits<char>,std::allocator<char>>'에서는 class 'DX11::CDx11Object'의 클라이언트에서 DLL 인터페이스를 사용하도록 지정해야 합니다.
c:\users\aiuv0\downloads\google_drive\directteam\_hsj\dx_framework\dx11engine\include\scene\Dx11Scene.h(17): warning C4251: 'DX11::CDx11Scene::m_vecLayer': class 'std::vector<DX11::CDx11Layer *,std::allocator<_Ty>>'에서는 class 'DX11::CDx11Scene'의 클라이언트에서 DLL 인터페이스를 사용하도록 지정해야 합니다.
          with
          [
              _Ty=DX11::CDx11Layer *
          ]
c:\users\aiuv0\downloads\google_drive\directteam\_hsj\dx_framework\dx11engine\include\scene\Dx11Scene.h(18): warning C4251: 'DX11::CDx11Scene::m_vecScript': class 'std::vector<DX11::CDx11Script *,std::allocator<_Ty>>'에서는 class 'DX11::CDx11Scene'의 클라이언트에서 DLL 인터페이스를 사용하도록 지정해야 합니다.
          with
          [
              _Ty=DX11::CDx11Script *
          ]
c:\users\aiuv0\downloads\google_drive\directteam\_hsj\dx_framework\dx11engine\include\scene\Dx11Scene.h(19): warning C4251: 'DX11::CDx11Scene::m_mapCamera': class 'std::unordered_map<std::string,DX11::CDx11GameObject *,std::hash<_Kty>,std::equal_to<_Kty>,std::allocator<std::pair<const _Kty,_Ty>>>'에서는 class 'DX11::CDx11Scene'의 클라이언트에서 DLL 인터페이스를 사용하도록 지정해야 합니다.
          with
          [
              _Kty=std::string,
              _Ty=DX11::CDx11GameObject *
          ]
c:\users\aiuv0\downloads\google_drive\directteam\_hsj\dx_framework\dx11engine\include\scene\Dx11Scene.h(21): warning C4251: 'DX11::CDx11Scene::m_FindList': class 'std::list<DX11::CDx11GameObject *,std::allocator<_Ty>>'에서는 class 'DX11::CDx11Scene'의 클라이언트에서 DLL 인터페이스를 사용하도록 지정해야 합니다.
          with
          [
              _Ty=DX11::CDx11GameObject *
          ]
c:\users\aiuv0\downloads\google_drive\directteam\_hsj\dx_framework\dx11engine\include\scene\Dx11Scene.h(22): warning C4251: 'DX11::CDx11Scene::m_LightList': class 'std::list<DX11::CDx11GameObject *,std::allocator<_Ty>>'에서는 class 'DX11::CDx11Scene'의 클라이언트에서 DLL 인터페이스를 사용하도록 지정해야 합니다.
          with
          [
              _Ty=DX11::CDx11GameObject *
          ]
c:\users\aiuv0\downloads\google_drive\directteam\_hsj\dx_framework\dx11engine\include\scene\Dx11Layer.h(17): warning C4251: 'DX11::CDx11Layer::m_ObjList': class 'std::list<DX11::CDx11GameObject *,std::allocator<_Ty>>'에서는 class 'DX11::CDx11Layer'의 클라이언트에서 DLL 인터페이스를 사용하도록 지정해야 합니다.
          with
          [
              _Ty=DX11::CDx11GameObject *
          ]
c:\users\aiuv0\downloads\google_drive\directteam\_hsj\dx_framework\dx11engine\include\scene\Dx11Layer.h(19): warning C4251: 'DX11::CDx11Layer::m_FindList': class 'std::list<DX11::CDx11GameObject *,std::allocator<_Ty>>'에서는 class 'DX11::CDx11Layer'의 클라이언트에서 DLL 인터페이스를 사용하도록 지정해야 합니다.
          with
          [
              _Ty=DX11::CDx11GameObject *
          ]
c:\users\aiuv0\downloads\google_drive\directteam\_hsj\dx_framework\dx11engine\include\scene\../GameObject/Dx11GameObject.h(28): warning C4251: 'DX11::CDx11GameObject::m_ComponentList': class 'std::list<DX11::CDx11Component *,std::allocator<_Ty>>'에서는 class 'DX11::CDx11GameObject'의 클라이언트에서 DLL 인터페이스를 사용하도록 지정해야 합니다.
          with
          [
              _Ty=DX11::CDx11Component *
          ]
c:\users\aiuv0\downloads\google_drive\directteam\_hsj\dx_framework\dx11engine\include\scene\../GameObject/Dx11GameObject.h(30): warning C4251: 'DX11::CDx11GameObject::m_FindList': class 'std::list<DX11::CDx11Component *,std::allocator<_Ty>>'에서는 class 'DX11::CDx11GameObject'의 클라이언트에서 DLL 인터페이스를 사용하도록 지정해야 합니다.
          with
          [
              _Ty=DX11::CDx11Component *
          ]
c:\users\aiuv0\downloads\google_drive\directteam\_hsj\dx_framework\dx11engine\include\scene\../GameObject/Dx11GameObject.h(36): warning C4251: 'DX11::CDx11GameObject::m_ChildList': class 'std::list<DX11::CDx11GameObject *,std::allocator<_Ty>>'에서는 class 'DX11::CDx11GameObject'의 클라이언트에서 DLL 인터페이스를 사용하도록 지정해야 합니다.
          with
          [
              _Ty=DX11::CDx11GameObject *
          ]
c:\users\aiuv0\downloads\google_drive\directteam\_hsj\dx_framework\dx11engine\include\scene\../Component/Dx11Camera.h(15): warning C4251: 'DX11::CDx11Camera::m_matView': struct 'DirectX::XMMATRIX'에서는 class 'DX11::CDx11Camera'의 클라이언트에서 DLL 인터페이스를 사용하도록 지정해야 합니다.
  C:\Program Files (x86)\Windows Kits\8.1\Include\um\DirectXMath.h(395): note: 'DirectX::XMMATRIX' 선언을 참조하십시오.
c:\users\aiuv0\downloads\google_drive\directteam\_hsj\dx_framework\dx11engine\include\scene\../Component/Dx11Camera.h(16): warning C4251: 'DX11::CDx11Camera::m_matProj': struct 'DirectX::XMMATRIX'에서는 class 'DX11::CDx11Camera'의 클라이언트에서 DLL 인터페이스를 사용하도록 지정해야 합니다.
  C:\Program Files (x86)\Windows Kits\8.1\Include\um\DirectXMath.h(395): note: 'DirectX::XMMATRIX' 선언을 참조하십시오.
c:\users\aiuv0\downloads\google_drive\directteam\_hsj\dx_framework\dx11engine\include\scene\../Component/Dx11Transform.h(29): warning C4251: 'DX11::CDx11Transform::m_vAxis': struct 'DX11::_tagVector3'에서는 class 'DX11::CDx11Transform'의 클라이언트에서 DLL 인터페이스를 사용하도록 지정해야 합니다.
  c:\users\aiuv0\downloads\google_drive\directteam\_hsj\dx_framework\dx11engine\include\Dx11Types.h(272): note: 'DX11::_tagVector3' 선언을 참조하십시오.
c:\users\aiuv0\downloads\google_drive\directteam\_hsj\dx_framework\dx11engine\include\scene\../Component/Dx11LightDir.h(18): warning C4251: 'DX11::CDx11LightDir::m_vDir': struct 'DX11::_tagVector3'에서는 class 'DX11::CDx11LightDir'의 클라이언트에서 DLL 인터페이스를 사용하도록 지정해야 합니다.
  c:\users\aiuv0\downloads\google_drive\directteam\_hsj\dx_framework\dx11engine\include\Dx11Types.h(272): note: 'DX11::_tagVector3' 선언을 참조하십시오.
c:\users\aiuv0\downloads\google_drive\directteam\_hsj\dx_framework\dx11engine\include\scene\../Component/Dx11LightPoint.h(15): warning C4251: 'DX11::CDx11LightPoint::m_vPos': struct 'DX11::_tagVector3'에서는 class 'DX11::CDx11LightPoint'의 클라이언트에서 DLL 인터페이스를 사용하도록 지정해야 합니다.
  c:\users\aiuv0\downloads\google_drive\directteam\_hsj\dx_framework\dx11engine\include\Dx11Types.h(272): note: 'DX11::_tagVector3' 선언을 참조하십시오.
c:\users\aiuv0\downloads\google_drive\directteam\_hsj\dx_framework\dx11engine\include\scene\../Component/Dx11Material.h(20): warning C4251: 'DX11::CDx11Material::m_tInfo': struct 'DX11::_tagMaterial'에서는 class 'DX11::CDx11Material'의 클라이언트에서 DLL 인터페이스를 사용하도록 지정해야 합니다.
  c:\users\aiuv0\downloads\google_drive\directteam\_hsj\dx_framework\dx11engine\include\Dx11Types.h(904): note: 'DX11::_tagMaterial' 선언을 참조하십시오.
  Dx11SceneManager.cpp
c:\users\aiuv0\downloads\google_drive\directteam\_hsj\dx_framework\dx11engine\include\scene\../Dx11Object.h(14): warning C4251: 'DX11::CDx11Object::m_strTag': class 'std::basic_string<char,std::char_traits<char>,std::allocator<char>>'에서는 class 'DX11::CDx11Object'의 클라이언트에서 DLL 인터페이스를 사용하도록 지정해야 합니다.
c:\users\aiuv0\downloads\google_drive\directteam\_hsj\dx_framework\dx11engine\include\scene\../Dx11Object.h(18): warning C4251: 'DX11::CDx11Object::m_strTypeName': class 'std::basic_string<char,std::char_traits<char>,std::allocator<char>>'에서는 class 'DX11::CDx11Object'의 클라이언트에서 DLL 인터페이스를 사용하도록 지정해야 합니다.
c:\users\aiuv0\downloads\google_drive\directteam\_hsj\dx_framework\dx11engine\include\scene\Dx11Scene.h(17): warning C4251: 'DX11::CDx11Scene::m_vecLayer': class 'std::vector<DX11::CDx11Layer *,std::allocator<_Ty>>'에서는 class 'DX11::CDx11Scene'의 클라이언트에서 DLL 인터페이스를 사용하도록 지정해야 합니다.
          with
          [
              _Ty=DX11::CDx11Layer *
          ]
c:\users\aiuv0\downloads\google_drive\directteam\_hsj\dx_framework\dx11engine\include\scene\Dx11Scene.h(18): warning C4251: 'DX11::CDx11Scene::m_vecScript': class 'std::vector<DX11::CDx11Script *,std::allocator<_Ty>>'에서는 class 'DX11::CDx11Scene'의 클라이언트에서 DLL 인터페이스를 사용하도록 지정해야 합니다.
          with
          [
              _Ty=DX11::CDx11Script *
          ]
c:\users\aiuv0\downloads\google_drive\directteam\_hsj\dx_framework\dx11engine\include\scene\Dx11Scene.h(19): warning C4251: 'DX11::CDx11Scene::m_mapCamera': class 'std::unordered_map<std::string,DX11::CDx11GameObject *,std::hash<_Kty>,std::equal_to<_Kty>,std::allocator<std::pair<const _Kty,_Ty>>>'에서는 class 'DX11::CDx11Scene'의 클라이언트에서 DLL 인터페이스를 사용하도록 지정해야 합니다.
          with
          [
              _Kty=std::string,
              _Ty=DX11::CDx11GameObject *
          ]
c:\users\aiuv0\downloads\google_drive\directteam\_hsj\dx_framework\dx11engine\include\scene\Dx11Scene.h(21): warning C4251: 'DX11::CDx11Scene::m_FindList': class 'std::list<DX11::CDx11GameObject *,std::allocator<_Ty>>'에서는 class 'DX11::CDx11Scene'의 클라이언트에서 DLL 인터페이스를 사용하도록 지정해야 합니다.
          with
          [
              _Ty=DX11::CDx11GameObject *
          ]
c:\users\aiuv0\downloads\google_drive\directteam\_hsj\dx_framework\dx11engine\include\scene\Dx11Scene.h(22): warning C4251: 'DX11::CDx11Scene::m_LightList': class 'std::list<DX11::CDx11GameObject *,std::allocator<_Ty>>'에서는 class 'DX11::CDx11Scene'의 클라이언트에서 DLL 인터페이스를 사용하도록 지정해야 합니다.
          with
          [
              _Ty=DX11::CDx11GameObject *
          ]
     C:\Users\aiuv0\Downloads\Google_Drive\DirectTeam\_HSJ\DX_Framework\/Dx11Engine/Bin\Dx11Engine.lib 라이브러리 및 C:\Users\aiuv0\Downloads\Google_Drive\DirectTeam\_HSJ\DX_Framework\/Dx11Engine/Bin\Dx11Engine.exp 개체를 생성하고 있습니다.
  코드를 생성하고 있습니다.
  All 4728 functions were compiled because no usable IPDB/IOBJ from previous compilation was found.
  코드를 생성했습니다.
DirectXTex.lib(BC.obj) : warning LNK4099: 'DirectXTex.pdb' PDB를 'DirectXTex.lib(BC.obj)' 또는 'C:\Users\aiuv0\Downloads\Google_Drive\DirectTeam\_HSJ\DX_Framework\Dx11Engine\Bin\DirectXTex.pdb'에서 찾을 수 없습니다. 디버그 정보가 없는 것처럼 개체를 링크합니다.
DirectXTex.lib(BC4BC5.obj) : warning LNK4099: 'DirectXTex.pdb' PDB를 'DirectXTex.lib(BC4BC5.obj)' 또는 'C:\Users\aiuv0\Downloads\Google_Drive\DirectTeam\_HSJ\DX_Framework\Dx11Engine\Bin\DirectXTex.pdb'에서 찾을 수 없습니다. 디버그 정보가 없는 것처럼 개체를 링크합니다.
DirectXTex.lib(BC6HBC7.obj) : warning LNK4099: 'DirectXTex.pdb' PDB를 'DirectXTex.lib(BC6HBC7.obj)' 또는 'C:\Users\aiuv0\Downloads\Google_Drive\DirectTeam\_HSJ\DX_Framework\Dx11Engine\Bin\DirectXTex.pdb'에서 찾을 수 없습니다. 디버그 정보가 없는 것처럼 개체를 링크합니다.
DirectXTex.lib(DirectXTexCompress.obj) : warning LNK4099: 'DirectXTex.pdb' PDB를 'DirectXTex.lib(DirectXTexCompress.obj)' 또는 'C:\Users\aiuv0\Downloads\Google_Drive\DirectTeam\_HSJ\DX_Framework\Dx11Engine\Bin\DirectXTex.pdb'에서 찾을 수 없습니다. 디버그 정보가 없는 것처럼 개체를 링크합니다.
DirectXTex.lib(DirectXTexConvert.obj) : warning LNK4099: 'DirectXTex.pdb' PDB를 'DirectXTex.lib(DirectXTexConvert.obj)' 또는 'C:\Users\aiuv0\Downloads\Google_Drive\DirectTeam\_HSJ\DX_Framework\Dx11Engine\Bin\DirectXTex.pdb'에서 찾을 수 없습니다. 디버그 정보가 없는 것처럼 개체를 링크합니다.
DirectXTex.lib(DirectXTexD3D11.obj) : warning LNK4099: 'DirectXTex.pdb' PDB를 'DirectXTex.lib(DirectXTexD3D11.obj)' 또는 'C:\Users\aiuv0\Downloads\Google_Drive\DirectTeam\_HSJ\DX_Framework\Dx11Engine\Bin\DirectXTex.pdb'에서 찾을 수 없습니다. 디버그 정보가 없는 것처럼 개체를 링크합니다.
DirectXTex.lib(DirectXTexDDS.obj) : warning LNK4099: 'DirectXTex.pdb' PDB를 'DirectXTex.lib(DirectXTexDDS.obj)' 또는 'C:\Users\aiuv0\Downloads\Google_Drive\DirectTeam\_HSJ\DX_Framework\Dx11Engine\Bin\DirectXTex.pdb'에서 찾을 수 없습니다. 디버그 정보가 없는 것처럼 개체를 링크합니다.
DirectXTex.lib(DirectXTexImage.obj) : warning LNK4099: 'DirectXTex.pdb' PDB를 'DirectXTex.lib(DirectXTexImage.obj)' 또는 'C:\Users\aiuv0\Downloads\Google_Drive\DirectTeam\_HSJ\DX_Framework\Dx11Engine\Bin\DirectXTex.pdb'에서 찾을 수 없습니다. 디버그 정보가 없는 것처럼 개체를 링크합니다.
DirectXTex.lib(DirectXTexMipMaps.obj) : warning LNK4099: 'DirectXTex.pdb' PDB를 'DirectXTex.lib(DirectXTexMipMaps.obj)' 또는 'C:\Users\aiuv0\Downloads\Google_Drive\DirectTeam\_HSJ\DX_Framework\Dx11Engine\Bin\DirectXTex.pdb'에서 찾을 수 없습니다. 디버그 정보가 없는 것처럼 개체를 링크합니다.
DirectXTex.lib(DirectXTexTGA.obj) : warning LNK4099: 'DirectXTex.pdb' PDB를 'DirectXTex.lib(DirectXTexTGA.obj)' 또는 'C:\Users\aiuv0\Downloads\Google_Drive\DirectTeam\_HSJ\DX_Framework\Dx11Engine\Bin\DirectXTex.pdb'에서 찾을 수 없습니다. 디버그 정보가 없는 것처럼 개체를 링크합니다.
DirectXTex.lib(DirectXTexUtil.obj) : warning LNK4099: 'DirectXTex.pdb' PDB를 'DirectXTex.lib(DirectXTexUtil.obj)' 또는 'C:\Users\aiuv0\Downloads\Google_Drive\DirectTeam\_HSJ\DX_Framework\Dx11Engine\Bin\DirectXTex.pdb'에서 찾을 수 없습니다. 디버그 정보가 없는 것처럼 개체를 링크합니다.
DirectXTex.lib(DirectXTexWIC.obj) : warning LNK4099: 'DirectXTex.pdb' PDB를 'DirectXTex.lib(DirectXTexWIC.obj)' 또는 'C:\Users\aiuv0\Downloads\Google_Drive\DirectTeam\_HSJ\DX_Framework\Dx11Engine\Bin\DirectXTex.pdb'에서 찾을 수 없습니다. 디버그 정보가 없는 것처럼 개체를 링크합니다.
  Dx11Engine.vcxproj -> C:\Users\aiuv0\Downloads\Google_Drive\DirectTeam\_HSJ\DX_Framework\/Dx11Engine/Bin\Dx11Engine.dll
  0 File(s) copied
  0 File(s) copied
  .\Dx11Engine\Bin\Default.cso
  .\Dx11Engine\Bin\Dx11Engine.dll
  .\Dx11Engine\Bin\Dx11Engine.lib
  .\Dx11Engine\Bin\Sky.cso
  4 File(s) copied
  0 File(s) copied
  .\Dx11Engine\Bin\Default.cso
  .\Dx11Engine\Bin\Dx11Engine.dll
  .\Dx11Engine\Bin\Dx11Engine.lib
  .\Dx11Engine\Bin\Sky.cso
  4 File(s) copied
