c:\users\aiuv0\downloads\google_drive\directteam\_hsj\dx_framework\dx11engine\include\release\vc140.pdb
c:\users\aiuv0\downloads\google_drive\directteam\_hsj\dx_framework\dx11engine\include\release\dx11gameobject.obj
c:\users\aiuv0\downloads\google_drive\directteam\_hsj\dx_framework\dx11engine\include\release\dx11object.obj
c:\users\aiuv0\downloads\google_drive\directteam\_hsj\dx_framework\dx11engine\include\release\dx11core.obj
c:\users\aiuv0\downloads\google_drive\directteam\_hsj\dx_framework\dx11engine\include\release\dx11window.obj
c:\users\aiuv0\downloads\google_drive\directteam\_hsj\dx_framework\dx11engine\include\release\dx11timermanager.obj
c:\users\aiuv0\downloads\google_drive\directteam\_hsj\dx_framework\dx11engine\include\release\dx11timer.obj
c:\users\aiuv0\downloads\google_drive\directteam\_hsj\dx_framework\dx11engine\include\release\dx11scheduler.obj
c:\users\aiuv0\downloads\google_drive\directteam\_hsj\dx_framework\dx11engine\include\release\dx11input.obj
c:\users\aiuv0\downloads\google_drive\directteam\_hsj\dx_framework\dx11engine\include\release\dx11filepathmanager.obj
c:\users\aiuv0\downloads\google_drive\directteam\_hsj\dx_framework\dx11engine\include\release\dx11device.obj
c:\users\aiuv0\downloads\google_drive\directteam\_hsj\dx_framework\dx11engine\include\release\dx11debug.obj
c:\users\aiuv0\downloads\google_drive\directteam\_hsj\dx_framework\dx11engine\include\release\dx11transform.obj
c:\users\aiuv0\downloads\google_drive\directteam\_hsj\dx_framework\dx11engine\include\release\dx11script.obj
c:\users\aiuv0\downloads\google_drive\directteam\_hsj\dx_framework\dx11engine\include\release\dx11renderer.obj
c:\users\aiuv0\downloads\google_drive\directteam\_hsj\dx_framework\dx11engine\include\release\dx11material.obj
c:\users\aiuv0\downloads\google_drive\directteam\_hsj\dx_framework\dx11engine\include\release\dx11lightpoint.obj
c:\users\aiuv0\downloads\google_drive\directteam\_hsj\dx_framework\dx11engine\include\release\dx11lightdir.obj
c:\users\aiuv0\downloads\google_drive\directteam\_hsj\dx_framework\dx11engine\include\release\dx11light.obj
c:\users\aiuv0\downloads\google_drive\directteam\_hsj\dx_framework\dx11engine\include\release\dx11component.obj
c:\users\aiuv0\downloads\google_drive\directteam\_hsj\dx_framework\dx11engine\include\release\dx11camera.obj
c:\users\aiuv0\downloads\google_drive\directteam\_hsj\dx_framework\dx11engine\include\release\dx11scenemanager.obj
c:\users\aiuv0\downloads\google_drive\directteam\_hsj\dx_framework\dx11engine\include\release\dx11scene.obj
c:\users\aiuv0\downloads\google_drive\directteam\_hsj\dx_framework\dx11engine\include\release\dx11layer.obj
c:\users\aiuv0\downloads\google_drive\directteam\_hsj\dx_framework\dx11engine\include\release\dx11texture.obj
c:\users\aiuv0\downloads\google_drive\directteam\_hsj\dx_framework\dx11engine\include\release\dx11sampler.obj
c:\users\aiuv0\downloads\google_drive\directteam\_hsj\dx_framework\dx11engine\include\release\dx11resourcesmanager.obj
c:\users\aiuv0\downloads\google_drive\directteam\_hsj\dx_framework\dx11engine\include\release\dx11resource.obj
c:\users\aiuv0\downloads\google_drive\directteam\_hsj\dx_framework\dx11engine\include\release\dx11mesh.obj
c:\users\aiuv0\downloads\google_drive\directteam\_hsj\dx_framework\dx11engine\include\release\dx11shadermanager.obj
c:\users\aiuv0\downloads\google_drive\directteam\_hsj\dx_framework\dx11engine\include\release\dx11shader.obj
c:\users\aiuv0\downloads\google_drive\directteam\_hsj\dx_framework\dx11engine\include\release\dx11renderstate.obj
c:\users\aiuv0\downloads\google_drive\directteam\_hsj\dx_framework\dx11engine\include\release\dx11rendermanager.obj
c:\users\aiuv0\downloads\google_drive\directteam\_hsj\dx_framework\dx11engine\include\release\dx11rasterizerstate.obj
c:\users\aiuv0\downloads\google_drive\directteam\_hsj\dx_framework\dx11engine\include\release\dx11depthstencilstate.obj
c:\users\aiuv0\downloads\google_drive\directteam\_hsj\dx_framework\dx11engine\include\release\dx11gameobjectmanager.obj
c:\users\aiuv0\downloads\google_drive\directteam\_hsj\dx_framework\dx11engine\bin\default.cso
c:\users\aiuv0\downloads\google_drive\directteam\_hsj\dx_framework\dx11engine\bin\sky.cso
c:\users\aiuv0\downloads\google_drive\directteam\_hsj\dx_framework\dx11engine\bin\dx11engine.lib
c:\users\aiuv0\downloads\google_drive\directteam\_hsj\dx_framework\dx11engine\bin\dx11engine.exp
c:\users\aiuv0\downloads\google_drive\directteam\_hsj\dx_framework\dx11engine\bin\dx11engine.dll
c:\users\aiuv0\downloads\google_drive\directteam\_hsj\dx_framework\dx11engine\bin\dx11engine.ipdb
c:\users\aiuv0\downloads\google_drive\directteam\_hsj\dx_framework\dx11engine\bin\dx11engine.iobj
c:\users\aiuv0\downloads\google_drive\directteam\_hsj\dx_framework\dx11engine\bin\dx11engine.pdb
c:\users\aiuv0\downloads\google_drive\directteam\_hsj\dx_framework\/dx11engine/bin\dx11engine.pdb
c:\users\aiuv0\downloads\google_drive\directteam\_hsj\dx_framework\/dx11engine/bin\dx11engine.dll
c:\users\aiuv0\downloads\google_drive\directteam\_hsj\dx_framework\dx11engine\include\release\dx11engine.tlog\cl.command.1.tlog
c:\users\aiuv0\downloads\google_drive\directteam\_hsj\dx_framework\dx11engine\include\release\dx11engine.tlog\cl.read.1.tlog
c:\users\aiuv0\downloads\google_drive\directteam\_hsj\dx_framework\dx11engine\include\release\dx11engine.tlog\cl.write.1.tlog
c:\users\aiuv0\downloads\google_drive\directteam\_hsj\dx_framework\dx11engine\include\release\dx11engine.tlog\dx11engine.write.1u.tlog
c:\users\aiuv0\downloads\google_drive\directteam\_hsj\dx_framework\dx11engine\include\release\dx11engine.tlog\fxc.command.1.tlog
c:\users\aiuv0\downloads\google_drive\directteam\_hsj\dx_framework\dx11engine\include\release\dx11engine.tlog\fxc.read.1.tlog
c:\users\aiuv0\downloads\google_drive\directteam\_hsj\dx_framework\dx11engine\include\release\dx11engine.tlog\fxc.write.1.tlog
c:\users\aiuv0\downloads\google_drive\directteam\_hsj\dx_framework\dx11engine\include\release\dx11engine.tlog\link.command.1.tlog
c:\users\aiuv0\downloads\google_drive\directteam\_hsj\dx_framework\dx11engine\include\release\dx11engine.tlog\link.read.1.tlog
c:\users\aiuv0\downloads\google_drive\directteam\_hsj\dx_framework\dx11engine\include\release\dx11engine.tlog\link.write.1.tlog
