C:\Program Files (x86)\Microsoft Visual Studio\2017\Community\Common7\IDE\VC\VCTargets\Microsoft.CppBuild.targets(373,5): warning MSB8004: Output 디렉터리가 슬래시로 끝나지 않습니다. Output 디렉터리의 적절한 평가를 허용하는 데 필요하므로 이 빌드 인스턴스에서 슬래시를 추가합니다.
  Dx11Layer.cpp
c:\users\hsj\desktop\20170815\main06120924\dx11engine\include\Structure.h(496): warning C4244: '=': 'int'에서 'float'(으)로 변환하면서 데이터가 손실될 수 있습니다.
c:\users\hsj\desktop\20170815\main06120924\dx11engine\include\Structure.h(497): warning C4244: '=': 'int'에서 'float'(으)로 변환하면서 데이터가 손실될 수 있습니다.
c:\users\hsj\desktop\20170815\main06120924\dx11engine\include\Structure.h(498): warning C4244: '=': 'int'에서 'float'(으)로 변환하면서 데이터가 손실될 수 있습니다.
c:\users\hsj\desktop\20170815\main06120924\dx11engine\include\Structure.h(499): warning C4244: '=': 'int'에서 'float'(으)로 변환하면서 데이터가 손실될 수 있습니다.
c:\users\hsj\desktop\20170815\main06120924\dx11engine\include\Structure.h(672): warning C4244: '=': 'int'에서 'float'(으)로 변환하면서 데이터가 손실될 수 있습니다.
c:\users\hsj\desktop\20170815\main06120924\dx11engine\include\Structure.h(673): warning C4244: '=': 'int'에서 'float'(으)로 변환하면서 데이터가 손실될 수 있습니다.
c:\users\hsj\desktop\20170815\main06120924\dx11engine\include\Structure.h(674): warning C4244: '=': 'int'에서 'float'(으)로 변환하면서 데이터가 손실될 수 있습니다.
c:\users\hsj\desktop\20170815\main06120924\dx11engine\include\Structure.h(675): warning C4244: '=': 'int'에서 'float'(으)로 변환하면서 데이터가 손실될 수 있습니다.
     C:\Users\HSJ\Desktop\20170815\main06120924\\Dx11Engine\Bin\Dx11Engine.lib 라이브러리 및 C:\Users\HSJ\Desktop\20170815\main06120924\\Dx11Engine\Bin\Dx11Engine.exp 개체를 생성하고 있습니다.
  코드를 생성하고 있습니다.
  1 of 9260 functions ( 0.0%) were compiled, the rest were copied from previous compilation.
    0 functions were new in current compilation
    0 functions had inline decision re-evaluated but remain unchanged
  코드를 생성했습니다.
DirectXTex.lib(BC.obj) : warning LNK4099: 'DirectXTex.pdb' PDB를 'DirectXTex.lib(BC.obj)' 또는 'C:\Users\HSJ\Desktop\20170815\main06120924\Dx11Engine\Bin\DirectXTex.pdb'에서 찾을 수 없습니다. 디버그 정보가 없는 것처럼 개체를 링크합니다.
DirectXTex.lib(BC4BC5.obj) : warning LNK4099: 'DirectXTex.pdb' PDB를 'DirectXTex.lib(BC4BC5.obj)' 또는 'C:\Users\HSJ\Desktop\20170815\main06120924\Dx11Engine\Bin\DirectXTex.pdb'에서 찾을 수 없습니다. 디버그 정보가 없는 것처럼 개체를 링크합니다.
DirectXTex.lib(BC6HBC7.obj) : warning LNK4099: 'DirectXTex.pdb' PDB를 'DirectXTex.lib(BC6HBC7.obj)' 또는 'C:\Users\HSJ\Desktop\20170815\main06120924\Dx11Engine\Bin\DirectXTex.pdb'에서 찾을 수 없습니다. 디버그 정보가 없는 것처럼 개체를 링크합니다.
DirectXTex.lib(DirectXTexCompress.obj) : warning LNK4099: 'DirectXTex.pdb' PDB를 'DirectXTex.lib(DirectXTexCompress.obj)' 또는 'C:\Users\HSJ\Desktop\20170815\main06120924\Dx11Engine\Bin\DirectXTex.pdb'에서 찾을 수 없습니다. 디버그 정보가 없는 것처럼 개체를 링크합니다.
DirectXTex.lib(DirectXTexConvert.obj) : warning LNK4099: 'DirectXTex.pdb' PDB를 'DirectXTex.lib(DirectXTexConvert.obj)' 또는 'C:\Users\HSJ\Desktop\20170815\main06120924\Dx11Engine\Bin\DirectXTex.pdb'에서 찾을 수 없습니다. 디버그 정보가 없는 것처럼 개체를 링크합니다.
DirectXTex.lib(DirectXTexD3D11.obj) : warning LNK4099: 'DirectXTex.pdb' PDB를 'DirectXTex.lib(DirectXTexD3D11.obj)' 또는 'C:\Users\HSJ\Desktop\20170815\main06120924\Dx11Engine\Bin\DirectXTex.pdb'에서 찾을 수 없습니다. 디버그 정보가 없는 것처럼 개체를 링크합니다.
DirectXTex.lib(DirectXTexDDS.obj) : warning LNK4099: 'DirectXTex.pdb' PDB를 'DirectXTex.lib(DirectXTexDDS.obj)' 또는 'C:\Users\HSJ\Desktop\20170815\main06120924\Dx11Engine\Bin\DirectXTex.pdb'에서 찾을 수 없습니다. 디버그 정보가 없는 것처럼 개체를 링크합니다.
DirectXTex.lib(DirectXTexImage.obj) : warning LNK4099: 'DirectXTex.pdb' PDB를 'DirectXTex.lib(DirectXTexImage.obj)' 또는 'C:\Users\HSJ\Desktop\20170815\main06120924\Dx11Engine\Bin\DirectXTex.pdb'에서 찾을 수 없습니다. 디버그 정보가 없는 것처럼 개체를 링크합니다.
DirectXTex.lib(DirectXTexMipMaps.obj) : warning LNK4099: 'DirectXTex.pdb' PDB를 'DirectXTex.lib(DirectXTexMipMaps.obj)' 또는 'C:\Users\HSJ\Desktop\20170815\main06120924\Dx11Engine\Bin\DirectXTex.pdb'에서 찾을 수 없습니다. 디버그 정보가 없는 것처럼 개체를 링크합니다.
DirectXTex.lib(DirectXTexTGA.obj) : warning LNK4099: 'DirectXTex.pdb' PDB를 'DirectXTex.lib(DirectXTexTGA.obj)' 또는 'C:\Users\HSJ\Desktop\20170815\main06120924\Dx11Engine\Bin\DirectXTex.pdb'에서 찾을 수 없습니다. 디버그 정보가 없는 것처럼 개체를 링크합니다.
DirectXTex.lib(DirectXTexUtil.obj) : warning LNK4099: 'DirectXTex.pdb' PDB를 'DirectXTex.lib(DirectXTexUtil.obj)' 또는 'C:\Users\HSJ\Desktop\20170815\main06120924\Dx11Engine\Bin\DirectXTex.pdb'에서 찾을 수 없습니다. 디버그 정보가 없는 것처럼 개체를 링크합니다.
DirectXTex.lib(DirectXTexWIC.obj) : warning LNK4099: 'DirectXTex.pdb' PDB를 'DirectXTex.lib(DirectXTexWIC.obj)' 또는 'C:\Users\HSJ\Desktop\20170815\main06120924\Dx11Engine\Bin\DirectXTex.pdb'에서 찾을 수 없습니다. 디버그 정보가 없는 것처럼 개체를 링크합니다.
  Dx11Engine.vcxproj -> C:\Users\HSJ\Desktop\20170815\main06120924\\Dx11Engine\Bin\Dx11Engine.dll
  Dx11Engine.vcxproj -> C:\Users\HSJ\Desktop\20170815\main06120924\\Dx11Engine\Bin\Dx11Engine.pdb (Full PDB)
  0개 파일이 복사되었습니다.
  0개 파일이 복사되었습니다.
  .\Dx11Engine\Bin\Dx11Engine.dll
  .\Dx11Engine\Bin\Dx11Engine.lib
  2개 파일이 복사되었습니다.
  파일을 찾을 수 없습니다-*.*
  0개 파일이 복사되었습니다.
  0개 파일이 복사되었습니다.
  잘못된 경로
  0개 파일이 복사되었습니다.
  0개 파일이 복사되었습니다.
  .\Dx11Engine\Bin\Dx11Engine.dll
  .\Dx11Engine\Bin\Dx11Engine.lib
  2개 파일이 복사되었습니다.
