C:\Program Files (x86)\Microsoft Visual Studio\2017\Community\Common7\IDE\VC\VCTargets\Microsoft.CppBuild.targets(373,5): warning MSB8004: Output 디렉터리가 슬래시로 끝나지 않습니다. Output 디렉터리의 적절한 평가를 허용하는 데 필요하므로 이 빌드 인스턴스에서 슬래시를 추가합니다.
  Logic.cpp
c:\users\lsy\desktop\20170613\ingameserver 06120925\engine\include\Structure.h(496): warning C4244: '=': 'int'에서 'float'(으)로 변환하면서 데이터가 손실될 수 있습니다.
c:\users\lsy\desktop\20170613\ingameserver 06120925\engine\include\Structure.h(497): warning C4244: '=': 'int'에서 'float'(으)로 변환하면서 데이터가 손실될 수 있습니다.
c:\users\lsy\desktop\20170613\ingameserver 06120925\engine\include\Structure.h(498): warning C4244: '=': 'int'에서 'float'(으)로 변환하면서 데이터가 손실될 수 있습니다.
c:\users\lsy\desktop\20170613\ingameserver 06120925\engine\include\Structure.h(499): warning C4244: '=': 'int'에서 'float'(으)로 변환하면서 데이터가 손실될 수 있습니다.
c:\users\lsy\desktop\20170613\ingameserver 06120925\engine\include\Structure.h(672): warning C4244: '=': 'int'에서 'float'(으)로 변환하면서 데이터가 손실될 수 있습니다.
c:\users\lsy\desktop\20170613\ingameserver 06120925\engine\include\Structure.h(673): warning C4244: '=': 'int'에서 'float'(으)로 변환하면서 데이터가 손실될 수 있습니다.
c:\users\lsy\desktop\20170613\ingameserver 06120925\engine\include\Structure.h(674): warning C4244: '=': 'int'에서 'float'(으)로 변환하면서 데이터가 손실될 수 있습니다.
c:\users\lsy\desktop\20170613\ingameserver 06120925\engine\include\Structure.h(675): warning C4244: '=': 'int'에서 'float'(으)로 변환하면서 데이터가 손실될 수 있습니다.
  MonsterManager.cpp
c:\users\lsy\desktop\20170613\ingameserver 06120925\engine\include\Structure.h(496): warning C4244: '=': 'int'에서 'float'(으)로 변환하면서 데이터가 손실될 수 있습니다.
c:\users\lsy\desktop\20170613\ingameserver 06120925\engine\include\Structure.h(497): warning C4244: '=': 'int'에서 'float'(으)로 변환하면서 데이터가 손실될 수 있습니다.
c:\users\lsy\desktop\20170613\ingameserver 06120925\engine\include\Structure.h(498): warning C4244: '=': 'int'에서 'float'(으)로 변환하면서 데이터가 손실될 수 있습니다.
c:\users\lsy\desktop\20170613\ingameserver 06120925\engine\include\Structure.h(499): warning C4244: '=': 'int'에서 'float'(으)로 변환하면서 데이터가 손실될 수 있습니다.
c:\users\lsy\desktop\20170613\ingameserver 06120925\engine\include\Structure.h(672): warning C4244: '=': 'int'에서 'float'(으)로 변환하면서 데이터가 손실될 수 있습니다.
c:\users\lsy\desktop\20170613\ingameserver 06120925\engine\include\Structure.h(673): warning C4244: '=': 'int'에서 'float'(으)로 변환하면서 데이터가 손실될 수 있습니다.
c:\users\lsy\desktop\20170613\ingameserver 06120925\engine\include\Structure.h(674): warning C4244: '=': 'int'에서 'float'(으)로 변환하면서 데이터가 손실될 수 있습니다.
c:\users\lsy\desktop\20170613\ingameserver 06120925\engine\include\Structure.h(675): warning C4244: '=': 'int'에서 'float'(으)로 변환하면서 데이터가 손실될 수 있습니다.
  NetworkManager.cpp
c:\users\lsy\desktop\20170613\ingameserver 06120925\engine\include\Structure.h(496): warning C4244: '=': 'int'에서 'float'(으)로 변환하면서 데이터가 손실될 수 있습니다.
c:\users\lsy\desktop\20170613\ingameserver 06120925\engine\include\Structure.h(497): warning C4244: '=': 'int'에서 'float'(으)로 변환하면서 데이터가 손실될 수 있습니다.
c:\users\lsy\desktop\20170613\ingameserver 06120925\engine\include\Structure.h(498): warning C4244: '=': 'int'에서 'float'(으)로 변환하면서 데이터가 손실될 수 있습니다.
c:\users\lsy\desktop\20170613\ingameserver 06120925\engine\include\Structure.h(499): warning C4244: '=': 'int'에서 'float'(으)로 변환하면서 데이터가 손실될 수 있습니다.
c:\users\lsy\desktop\20170613\ingameserver 06120925\engine\include\Structure.h(672): warning C4244: '=': 'int'에서 'float'(으)로 변환하면서 데이터가 손실될 수 있습니다.
c:\users\lsy\desktop\20170613\ingameserver 06120925\engine\include\Structure.h(673): warning C4244: '=': 'int'에서 'float'(으)로 변환하면서 데이터가 손실될 수 있습니다.
c:\users\lsy\desktop\20170613\ingameserver 06120925\engine\include\Structure.h(674): warning C4244: '=': 'int'에서 'float'(으)로 변환하면서 데이터가 손실될 수 있습니다.
c:\users\lsy\desktop\20170613\ingameserver 06120925\engine\include\Structure.h(675): warning C4244: '=': 'int'에서 'float'(으)로 변환하면서 데이터가 손실될 수 있습니다.
  ServerIOCP.cpp
c:\users\lsy\desktop\20170613\ingameserver 06120925\engine\include\Structure.h(496): warning C4244: '=': 'int'에서 'float'(으)로 변환하면서 데이터가 손실될 수 있습니다.
c:\users\lsy\desktop\20170613\ingameserver 06120925\engine\include\Structure.h(497): warning C4244: '=': 'int'에서 'float'(으)로 변환하면서 데이터가 손실될 수 있습니다.
c:\users\lsy\desktop\20170613\ingameserver 06120925\engine\include\Structure.h(498): warning C4244: '=': 'int'에서 'float'(으)로 변환하면서 데이터가 손실될 수 있습니다.
c:\users\lsy\desktop\20170613\ingameserver 06120925\engine\include\Structure.h(499): warning C4244: '=': 'int'에서 'float'(으)로 변환하면서 데이터가 손실될 수 있습니다.
c:\users\lsy\desktop\20170613\ingameserver 06120925\engine\include\Structure.h(672): warning C4244: '=': 'int'에서 'float'(으)로 변환하면서 데이터가 손실될 수 있습니다.
c:\users\lsy\desktop\20170613\ingameserver 06120925\engine\include\Structure.h(673): warning C4244: '=': 'int'에서 'float'(으)로 변환하면서 데이터가 손실될 수 있습니다.
c:\users\lsy\desktop\20170613\ingameserver 06120925\engine\include\Structure.h(674): warning C4244: '=': 'int'에서 'float'(으)로 변환하면서 데이터가 손실될 수 있습니다.
c:\users\lsy\desktop\20170613\ingameserver 06120925\engine\include\Structure.h(675): warning C4244: '=': 'int'에서 'float'(으)로 변환하면서 데이터가 손실될 수 있습니다.
  UserSession.cpp
c:\users\lsy\desktop\20170613\ingameserver 06120925\engine\include\Structure.h(496): warning C4244: '=': 'int'에서 'float'(으)로 변환하면서 데이터가 손실될 수 있습니다.
c:\users\lsy\desktop\20170613\ingameserver 06120925\engine\include\Structure.h(497): warning C4244: '=': 'int'에서 'float'(으)로 변환하면서 데이터가 손실될 수 있습니다.
c:\users\lsy\desktop\20170613\ingameserver 06120925\engine\include\Structure.h(498): warning C4244: '=': 'int'에서 'float'(으)로 변환하면서 데이터가 손실될 수 있습니다.
c:\users\lsy\desktop\20170613\ingameserver 06120925\engine\include\Structure.h(499): warning C4244: '=': 'int'에서 'float'(으)로 변환하면서 데이터가 손실될 수 있습니다.
c:\users\lsy\desktop\20170613\ingameserver 06120925\engine\include\Structure.h(672): warning C4244: '=': 'int'에서 'float'(으)로 변환하면서 데이터가 손실될 수 있습니다.
c:\users\lsy\desktop\20170613\ingameserver 06120925\engine\include\Structure.h(673): warning C4244: '=': 'int'에서 'float'(으)로 변환하면서 데이터가 손실될 수 있습니다.
c:\users\lsy\desktop\20170613\ingameserver 06120925\engine\include\Structure.h(674): warning C4244: '=': 'int'에서 'float'(으)로 변환하면서 데이터가 손실될 수 있습니다.
c:\users\lsy\desktop\20170613\ingameserver 06120925\engine\include\Structure.h(675): warning C4244: '=': 'int'에서 'float'(으)로 변환하면서 데이터가 손실될 수 있습니다.
  server_main.cpp
c:\users\lsy\desktop\20170613\ingameserver 06120925\engine\include\Structure.h(496): warning C4244: '=': 'int'에서 'float'(으)로 변환하면서 데이터가 손실될 수 있습니다.
c:\users\lsy\desktop\20170613\ingameserver 06120925\engine\include\Structure.h(497): warning C4244: '=': 'int'에서 'float'(으)로 변환하면서 데이터가 손실될 수 있습니다.
c:\users\lsy\desktop\20170613\ingameserver 06120925\engine\include\Structure.h(498): warning C4244: '=': 'int'에서 'float'(으)로 변환하면서 데이터가 손실될 수 있습니다.
c:\users\lsy\desktop\20170613\ingameserver 06120925\engine\include\Structure.h(499): warning C4244: '=': 'int'에서 'float'(으)로 변환하면서 데이터가 손실될 수 있습니다.
c:\users\lsy\desktop\20170613\ingameserver 06120925\engine\include\Structure.h(672): warning C4244: '=': 'int'에서 'float'(으)로 변환하면서 데이터가 손실될 수 있습니다.
c:\users\lsy\desktop\20170613\ingameserver 06120925\engine\include\Structure.h(673): warning C4244: '=': 'int'에서 'float'(으)로 변환하면서 데이터가 손실될 수 있습니다.
c:\users\lsy\desktop\20170613\ingameserver 06120925\engine\include\Structure.h(674): warning C4244: '=': 'int'에서 'float'(으)로 변환하면서 데이터가 손실될 수 있습니다.
c:\users\lsy\desktop\20170613\ingameserver 06120925\engine\include\Structure.h(675): warning C4244: '=': 'int'에서 'float'(으)로 변환하면서 데이터가 손실될 수 있습니다.
  코드를 생성하고 있습니다.
  0 of 1328 functions ( 0.0%) were compiled, the rest were copied from previous compilation.
    0 functions were new in current compilation
    18 functions had inline decision re-evaluated but remain unchanged
  코드를 생성했습니다.
ZEROLowLib.lib(ZEROIocp.obj) : warning LNK4099: 'ZEROLowLib.pdb' PDB를 'ZEROLowLib.lib(ZEROIocp.obj)' 또는 'C:\Users\LSY\Desktop\20170613\INGAMESERVER 06120925\INGAMESERVER\Bin\ZEROLowLib.pdb'에서 찾을 수 없습니다. 디버그 정보가 없는 것처럼 개체를 링크합니다.
ZEROLowLib.lib(ZERONetworkSession.obj) : warning LNK4099: 'ZEROLowLib.pdb' PDB를 'ZEROLowLib.lib(ZERONetworkSession.obj)' 또는 'C:\Users\LSY\Desktop\20170613\INGAMESERVER 06120925\INGAMESERVER\Bin\ZEROLowLib.pdb'에서 찾을 수 없습니다. 디버그 정보가 없는 것처럼 개체를 링크합니다.
ZEROLowLib.lib(ZEROStream.obj) : warning LNK4099: 'ZEROLowLib.pdb' PDB를 'ZEROLowLib.lib(ZEROStream.obj)' 또는 'C:\Users\LSY\Desktop\20170613\INGAMESERVER 06120925\INGAMESERVER\Bin\ZEROLowLib.pdb'에서 찾을 수 없습니다. 디버그 정보가 없는 것처럼 개체를 링크합니다.
ZEROLowLib.lib(ZEROPacketSession.obj) : warning LNK4099: 'ZEROLowLib.pdb' PDB를 'ZEROLowLib.lib(ZEROPacketSession.obj)' 또는 'C:\Users\LSY\Desktop\20170613\INGAMESERVER 06120925\INGAMESERVER\Bin\ZEROLowLib.pdb'에서 찾을 수 없습니다. 디버그 정보가 없는 것처럼 개체를 링크합니다.
ZEROLowLib.lib(stdafx.obj) : warning LNK4099: 'ZEROLowLib.pdb' PDB를 'ZEROLowLib.lib(stdafx.obj)' 또는 'C:\Users\LSY\Desktop\20170613\INGAMESERVER 06120925\INGAMESERVER\Bin\ZEROLowLib.pdb'에서 찾을 수 없습니다. 디버그 정보가 없는 것처럼 개체를 링크합니다.
ZEROLowLib.lib(ZEROCircularQueue.obj) : warning LNK4099: 'ZEROLowLib.pdb' PDB를 'ZEROLowLib.lib(ZEROCircularQueue.obj)' 또는 'C:\Users\LSY\Desktop\20170613\INGAMESERVER 06120925\INGAMESERVER\Bin\ZEROLowLib.pdb'에서 찾을 수 없습니다. 디버그 정보가 없는 것처럼 개체를 링크합니다.
ZEROLowLib.lib(ZEROCrypt.obj) : warning LNK4099: 'ZEROLowLib.pdb' PDB를 'ZEROLowLib.lib(ZEROCrypt.obj)' 또는 'C:\Users\LSY\Desktop\20170613\INGAMESERVER 06120925\INGAMESERVER\Bin\ZEROLowLib.pdb'에서 찾을 수 없습니다. 디버그 정보가 없는 것처럼 개체를 링크합니다.
  INGAMESERVER.vcxproj -> C:\Users\LSY\Desktop\20170613\INGAMESERVER 06120925\INGAMESERVER\Include\../Bin\INGAMESERVER.exe
  INGAMESERVER.vcxproj -> ../Bin\INGAMESERVER.pdb (Full PDB)
