C:\Program Files (x86)\Microsoft Visual Studio\2017\Community\Common7\IDE\VC\VCTargets\Microsoft.CppBuild.targets(373,5): warning MSB8004: Output 디렉터리가 슬래시로 끝나지 않습니다. Output 디렉터리의 적절한 평가를 허용하는 데 필요하므로 이 빌드 인스턴스에서 슬래시를 추가합니다.
FXC : warning X4717: Effects deprecated for D3DCompiler_47
C:\Users\HSJ\Desktop\20170815\main06120924\Resources\Shader\Share.fx(89,3-70): warning X3206: implicit truncation of vector type
C:\Users\HSJ\Desktop\20170815\main06120924\Resources\Shader\Share.fx(96,10-66): warning X3206: implicit truncation of vector type
C:\Users\HSJ\Desktop\20170815\main06120924\Resources\Shader\Share.fx(143,3): warning X3206: implicit truncation of vector type
C:\Users\HSJ\Desktop\20170815\main06120924\Resources\Shader\Share.fx(149,3): warning X3206: implicit truncation of vector type
C:\Users\HSJ\Desktop\20170815\main06120924\Resources\Shader\Share.fx(179,3-100): warning X3206: 'SampleLevel': implicit truncation of vector type
C:\Users\HSJ\Desktop\20170815\main06120924\Resources\Shader\Share.fx(180,3-104): warning X3206: 'SampleLevel': implicit truncation of vector type
C:\Users\HSJ\Desktop\20170815\main06120924\Resources\Shader\Share.fx(181,3-104): warning X3206: 'SampleLevel': implicit truncation of vector type
C:\Users\HSJ\Desktop\20170815\main06120924\Resources\Shader\Share.fx(182,3-104): warning X3206: 'SampleLevel': implicit truncation of vector type
  
  compilation object save succeeded; see C:\Users\HSJ\Desktop\20170815\main06120924\Dx11Engine\Bin\Collider.cso
FXC : warning X4717: Effects deprecated for D3DCompiler_47
C:\Users\HSJ\Desktop\20170815\main06120924\Resources\Shader\Share.fx(89,3-70): warning X3206: implicit truncation of vector type
C:\Users\HSJ\Desktop\20170815\main06120924\Resources\Shader\Share.fx(96,10-66): warning X3206: implicit truncation of vector type
C:\Users\HSJ\Desktop\20170815\main06120924\Resources\Shader\Share.fx(143,3): warning X3206: implicit truncation of vector type
C:\Users\HSJ\Desktop\20170815\main06120924\Resources\Shader\Share.fx(149,3): warning X3206: implicit truncation of vector type
C:\Users\HSJ\Desktop\20170815\main06120924\Resources\Shader\Share.fx(179,3-100): warning X3206: 'SampleLevel': implicit truncation of vector type
C:\Users\HSJ\Desktop\20170815\main06120924\Resources\Shader\Share.fx(180,3-104): warning X3206: 'SampleLevel': implicit truncation of vector type
C:\Users\HSJ\Desktop\20170815\main06120924\Resources\Shader\Share.fx(181,3-104): warning X3206: 'SampleLevel': implicit truncation of vector type
C:\Users\HSJ\Desktop\20170815\main06120924\Resources\Shader\Share.fx(182,3-104): warning X3206: 'SampleLevel': implicit truncation of vector type
C:\Users\HSJ\Desktop\20170815\main06120924\Resources\Shader\Default.fx(71,2-69): warning X3206: implicit truncation of vector type
C:\Users\HSJ\Desktop\20170815\main06120924\Resources\Shader\Default.fx(72,2-56): warning X3206: implicit truncation of vector type
C:\Users\HSJ\Desktop\20170815\main06120924\Resources\Shader\Default.fx(76,3-72): warning X3206: implicit truncation of vector type
C:\Users\HSJ\Desktop\20170815\main06120924\Resources\Shader\Default.fx(77,3-74): warning X3206: implicit truncation of vector type
C:\Users\HSJ\Desktop\20170815\main06120924\Resources\Shader\Default.fx(98,2-73): warning X3206: implicit truncation of vector type
C:\Users\HSJ\Desktop\20170815\main06120924\Resources\Shader\Default.fx(99,2-60): warning X3206: implicit truncation of vector type
C:\Users\HSJ\Desktop\20170815\main06120924\Resources\Shader\Default.fx(103,3-76): warning X3206: implicit truncation of vector type
C:\Users\HSJ\Desktop\20170815\main06120924\Resources\Shader\Default.fx(104,3-78): warning X3206: implicit truncation of vector type
  
  compilation object save succeeded; see C:\Users\HSJ\Desktop\20170815\main06120924\Dx11Engine\Bin\Default.cso
FXC : warning X4717: Effects deprecated for D3DCompiler_47
C:\Users\HSJ\Desktop\20170815\main06120924\Resources\Shader\Share.fx(89,3-70): warning X3206: implicit truncation of vector type
C:\Users\HSJ\Desktop\20170815\main06120924\Resources\Shader\Share.fx(96,10-66): warning X3206: implicit truncation of vector type
C:\Users\HSJ\Desktop\20170815\main06120924\Resources\Shader\Share.fx(143,3): warning X3206: implicit truncation of vector type
C:\Users\HSJ\Desktop\20170815\main06120924\Resources\Shader\Share.fx(149,3): warning X3206: implicit truncation of vector type
C:\Users\HSJ\Desktop\20170815\main06120924\Resources\Shader\Share.fx(179,3-100): warning X3206: 'SampleLevel': implicit truncation of vector type
C:\Users\HSJ\Desktop\20170815\main06120924\Resources\Shader\Share.fx(180,3-104): warning X3206: 'SampleLevel': implicit truncation of vector type
C:\Users\HSJ\Desktop\20170815\main06120924\Resources\Shader\Share.fx(181,3-104): warning X3206: 'SampleLevel': implicit truncation of vector type
C:\Users\HSJ\Desktop\20170815\main06120924\Resources\Shader\Share.fx(182,3-104): warning X3206: 'SampleLevel': implicit truncation of vector type
  
  compilation object save succeeded; see C:\Users\HSJ\Desktop\20170815\main06120924\Dx11Engine\Bin\Effect.cso
FXC : warning X4717: Effects deprecated for D3DCompiler_47
C:\Users\HSJ\Desktop\20170815\main06120924\Resources\Shader\Share.fx(89,3-70): warning X3206: implicit truncation of vector type
C:\Users\HSJ\Desktop\20170815\main06120924\Resources\Shader\Share.fx(96,10-66): warning X3206: implicit truncation of vector type
C:\Users\HSJ\Desktop\20170815\main06120924\Resources\Shader\Share.fx(143,3): warning X3206: implicit truncation of vector type
C:\Users\HSJ\Desktop\20170815\main06120924\Resources\Shader\Share.fx(149,3): warning X3206: implicit truncation of vector type
C:\Users\HSJ\Desktop\20170815\main06120924\Resources\Shader\Share.fx(179,3-100): warning X3206: 'SampleLevel': implicit truncation of vector type
C:\Users\HSJ\Desktop\20170815\main06120924\Resources\Shader\Share.fx(180,3-104): warning X3206: 'SampleLevel': implicit truncation of vector type
C:\Users\HSJ\Desktop\20170815\main06120924\Resources\Shader\Share.fx(181,3-104): warning X3206: 'SampleLevel': implicit truncation of vector type
C:\Users\HSJ\Desktop\20170815\main06120924\Resources\Shader\Share.fx(182,3-104): warning X3206: 'SampleLevel': implicit truncation of vector type
  
  compilation object save succeeded; see C:\Users\HSJ\Desktop\20170815\main06120924\Dx11Engine\Bin\Share.cso
FXC : warning X4717: Effects deprecated for D3DCompiler_47
  
  compilation object save succeeded; see C:\Users\HSJ\Desktop\20170815\main06120924\Dx11Engine\Bin\Sky.cso
FXC : warning X4717: Effects deprecated for D3DCompiler_47
C:\Users\HSJ\Desktop\20170815\main06120924\Resources\Shader\Share.fx(89,3-70): warning X3206: implicit truncation of vector type
C:\Users\HSJ\Desktop\20170815\main06120924\Resources\Shader\Share.fx(96,10-66): warning X3206: implicit truncation of vector type
C:\Users\HSJ\Desktop\20170815\main06120924\Resources\Shader\Share.fx(143,3): warning X3206: implicit truncation of vector type
C:\Users\HSJ\Desktop\20170815\main06120924\Resources\Shader\Share.fx(149,3): warning X3206: implicit truncation of vector type
C:\Users\HSJ\Desktop\20170815\main06120924\Resources\Shader\Share.fx(179,3-100): warning X3206: 'SampleLevel': implicit truncation of vector type
C:\Users\HSJ\Desktop\20170815\main06120924\Resources\Shader\Share.fx(180,3-104): warning X3206: 'SampleLevel': implicit truncation of vector type
C:\Users\HSJ\Desktop\20170815\main06120924\Resources\Shader\Share.fx(181,3-104): warning X3206: 'SampleLevel': implicit truncation of vector type
C:\Users\HSJ\Desktop\20170815\main06120924\Resources\Shader\Share.fx(182,3-104): warning X3206: 'SampleLevel': implicit truncation of vector type
  
  compilation object save succeeded; see C:\Users\HSJ\Desktop\20170815\main06120924\Dx11Engine\Bin\UI.cso
  Dx11State.cpp
c:\users\hsj\desktop\20170815\main06120924\dx11engine\include\Structure.h(496): warning C4244: '=': 'int'에서 'float'(으)로 변환하면서 데이터가 손실될 수 있습니다.
c:\users\hsj\desktop\20170815\main06120924\dx11engine\include\Structure.h(497): warning C4244: '=': 'int'에서 'float'(으)로 변환하면서 데이터가 손실될 수 있습니다.
c:\users\hsj\desktop\20170815\main06120924\dx11engine\include\Structure.h(498): warning C4244: '=': 'int'에서 'float'(으)로 변환하면서 데이터가 손실될 수 있습니다.
c:\users\hsj\desktop\20170815\main06120924\dx11engine\include\Structure.h(499): warning C4244: '=': 'int'에서 'float'(으)로 변환하면서 데이터가 손실될 수 있습니다.
c:\users\hsj\desktop\20170815\main06120924\dx11engine\include\Structure.h(672): warning C4244: '=': 'int'에서 'float'(으)로 변환하면서 데이터가 손실될 수 있습니다.
c:\users\hsj\desktop\20170815\main06120924\dx11engine\include\Structure.h(673): warning C4244: '=': 'int'에서 'float'(으)로 변환하면서 데이터가 손실될 수 있습니다.
c:\users\hsj\desktop\20170815\main06120924\dx11engine\include\Structure.h(674): warning C4244: '=': 'int'에서 'float'(으)로 변환하면서 데이터가 손실될 수 있습니다.
c:\users\hsj\desktop\20170815\main06120924\dx11engine\include\Structure.h(675): warning C4244: '=': 'int'에서 'float'(으)로 변환하면서 데이터가 손실될 수 있습니다.
  Dx11Animation2D.cpp
c:\users\hsj\desktop\20170815\main06120924\dx11engine\include\Structure.h(496): warning C4244: '=': 'int'에서 'float'(으)로 변환하면서 데이터가 손실될 수 있습니다.
c:\users\hsj\desktop\20170815\main06120924\dx11engine\include\Structure.h(497): warning C4244: '=': 'int'에서 'float'(으)로 변환하면서 데이터가 손실될 수 있습니다.
c:\users\hsj\desktop\20170815\main06120924\dx11engine\include\Structure.h(498): warning C4244: '=': 'int'에서 'float'(으)로 변환하면서 데이터가 손실될 수 있습니다.
c:\users\hsj\desktop\20170815\main06120924\dx11engine\include\Structure.h(499): warning C4244: '=': 'int'에서 'float'(으)로 변환하면서 데이터가 손실될 수 있습니다.
c:\users\hsj\desktop\20170815\main06120924\dx11engine\include\Structure.h(672): warning C4244: '=': 'int'에서 'float'(으)로 변환하면서 데이터가 손실될 수 있습니다.
c:\users\hsj\desktop\20170815\main06120924\dx11engine\include\Structure.h(673): warning C4244: '=': 'int'에서 'float'(으)로 변환하면서 데이터가 손실될 수 있습니다.
c:\users\hsj\desktop\20170815\main06120924\dx11engine\include\Structure.h(674): warning C4244: '=': 'int'에서 'float'(으)로 변환하면서 데이터가 손실될 수 있습니다.
c:\users\hsj\desktop\20170815\main06120924\dx11engine\include\Structure.h(675): warning C4244: '=': 'int'에서 'float'(으)로 변환하면서 데이터가 손실될 수 있습니다.
  Dx11Animation3D.cpp
c:\users\hsj\desktop\20170815\main06120924\dx11engine\include\Structure.h(496): warning C4244: '=': 'int'에서 'float'(으)로 변환하면서 데이터가 손실될 수 있습니다.
c:\users\hsj\desktop\20170815\main06120924\dx11engine\include\Structure.h(497): warning C4244: '=': 'int'에서 'float'(으)로 변환하면서 데이터가 손실될 수 있습니다.
c:\users\hsj\desktop\20170815\main06120924\dx11engine\include\Structure.h(498): warning C4244: '=': 'int'에서 'float'(으)로 변환하면서 데이터가 손실될 수 있습니다.
c:\users\hsj\desktop\20170815\main06120924\dx11engine\include\Structure.h(499): warning C4244: '=': 'int'에서 'float'(으)로 변환하면서 데이터가 손실될 수 있습니다.
c:\users\hsj\desktop\20170815\main06120924\dx11engine\include\Structure.h(672): warning C4244: '=': 'int'에서 'float'(으)로 변환하면서 데이터가 손실될 수 있습니다.
c:\users\hsj\desktop\20170815\main06120924\dx11engine\include\Structure.h(673): warning C4244: '=': 'int'에서 'float'(으)로 변환하면서 데이터가 손실될 수 있습니다.
c:\users\hsj\desktop\20170815\main06120924\dx11engine\include\Structure.h(674): warning C4244: '=': 'int'에서 'float'(으)로 변환하면서 데이터가 손실될 수 있습니다.
c:\users\hsj\desktop\20170815\main06120924\dx11engine\include\Structure.h(675): warning C4244: '=': 'int'에서 'float'(으)로 변환하면서 데이터가 손실될 수 있습니다.
Component\Dx11Animation3D.cpp(88): warning C4244: '=': 'double'에서 'float'(으)로 변환하면서 데이터가 손실될 수 있습니다.
Component\Dx11Animation3D.cpp(95): warning C4244: '=': 'double'에서 'float'(으)로 변환하면서 데이터가 손실될 수 있습니다.
  Dx11AnimationClip.cpp
c:\users\hsj\desktop\20170815\main06120924\dx11engine\include\Structure.h(496): warning C4244: '=': 'int'에서 'float'(으)로 변환하면서 데이터가 손실될 수 있습니다.
c:\users\hsj\desktop\20170815\main06120924\dx11engine\include\Structure.h(497): warning C4244: '=': 'int'에서 'float'(으)로 변환하면서 데이터가 손실될 수 있습니다.
c:\users\hsj\desktop\20170815\main06120924\dx11engine\include\Structure.h(498): warning C4244: '=': 'int'에서 'float'(으)로 변환하면서 데이터가 손실될 수 있습니다.
c:\users\hsj\desktop\20170815\main06120924\dx11engine\include\Structure.h(499): warning C4244: '=': 'int'에서 'float'(으)로 변환하면서 데이터가 손실될 수 있습니다.
c:\users\hsj\desktop\20170815\main06120924\dx11engine\include\Structure.h(672): warning C4244: '=': 'int'에서 'float'(으)로 변환하면서 데이터가 손실될 수 있습니다.
c:\users\hsj\desktop\20170815\main06120924\dx11engine\include\Structure.h(673): warning C4244: '=': 'int'에서 'float'(으)로 변환하면서 데이터가 손실될 수 있습니다.
c:\users\hsj\desktop\20170815\main06120924\dx11engine\include\Structure.h(674): warning C4244: '=': 'int'에서 'float'(으)로 변환하면서 데이터가 손실될 수 있습니다.
c:\users\hsj\desktop\20170815\main06120924\dx11engine\include\Structure.h(675): warning C4244: '=': 'int'에서 'float'(으)로 변환하면서 데이터가 손실될 수 있습니다.
  Dx11BillBoard.cpp
c:\users\hsj\desktop\20170815\main06120924\dx11engine\include\Structure.h(496): warning C4244: '=': 'int'에서 'float'(으)로 변환하면서 데이터가 손실될 수 있습니다.
c:\users\hsj\desktop\20170815\main06120924\dx11engine\include\Structure.h(497): warning C4244: '=': 'int'에서 'float'(으)로 변환하면서 데이터가 손실될 수 있습니다.
c:\users\hsj\desktop\20170815\main06120924\dx11engine\include\Structure.h(498): warning C4244: '=': 'int'에서 'float'(으)로 변환하면서 데이터가 손실될 수 있습니다.
c:\users\hsj\desktop\20170815\main06120924\dx11engine\include\Structure.h(499): warning C4244: '=': 'int'에서 'float'(으)로 변환하면서 데이터가 손실될 수 있습니다.
c:\users\hsj\desktop\20170815\main06120924\dx11engine\include\Structure.h(672): warning C4244: '=': 'int'에서 'float'(으)로 변환하면서 데이터가 손실될 수 있습니다.
c:\users\hsj\desktop\20170815\main06120924\dx11engine\include\Structure.h(673): warning C4244: '=': 'int'에서 'float'(으)로 변환하면서 데이터가 손실될 수 있습니다.
c:\users\hsj\desktop\20170815\main06120924\dx11engine\include\Structure.h(674): warning C4244: '=': 'int'에서 'float'(으)로 변환하면서 데이터가 손실될 수 있습니다.
c:\users\hsj\desktop\20170815\main06120924\dx11engine\include\Structure.h(675): warning C4244: '=': 'int'에서 'float'(으)로 변환하면서 데이터가 손실될 수 있습니다.
  Dx11Camera.cpp
c:\users\hsj\desktop\20170815\main06120924\dx11engine\include\Structure.h(496): warning C4244: '=': 'int'에서 'float'(으)로 변환하면서 데이터가 손실될 수 있습니다.
c:\users\hsj\desktop\20170815\main06120924\dx11engine\include\Structure.h(497): warning C4244: '=': 'int'에서 'float'(으)로 변환하면서 데이터가 손실될 수 있습니다.
c:\users\hsj\desktop\20170815\main06120924\dx11engine\include\Structure.h(498): warning C4244: '=': 'int'에서 'float'(으)로 변환하면서 데이터가 손실될 수 있습니다.
c:\users\hsj\desktop\20170815\main06120924\dx11engine\include\Structure.h(499): warning C4244: '=': 'int'에서 'float'(으)로 변환하면서 데이터가 손실될 수 있습니다.
c:\users\hsj\desktop\20170815\main06120924\dx11engine\include\Structure.h(672): warning C4244: '=': 'int'에서 'float'(으)로 변환하면서 데이터가 손실될 수 있습니다.
c:\users\hsj\desktop\20170815\main06120924\dx11engine\include\Structure.h(673): warning C4244: '=': 'int'에서 'float'(으)로 변환하면서 데이터가 손실될 수 있습니다.
c:\users\hsj\desktop\20170815\main06120924\dx11engine\include\Structure.h(674): warning C4244: '=': 'int'에서 'float'(으)로 변환하면서 데이터가 손실될 수 있습니다.
c:\users\hsj\desktop\20170815\main06120924\dx11engine\include\Structure.h(675): warning C4244: '=': 'int'에서 'float'(으)로 변환하면서 데이터가 손실될 수 있습니다.
Component\Dx11Camera.cpp(43): warning C4305: '인수': 'double'에서 'float'(으)로 잘립니다.
Component\Dx11Camera.cpp(47): warning C4305: '인수': 'double'에서 'float'(으)로 잘립니다.
  Dx11Camera3rd.cpp
c:\users\hsj\desktop\20170815\main06120924\dx11engine\include\Structure.h(496): warning C4244: '=': 'int'에서 'float'(으)로 변환하면서 데이터가 손실될 수 있습니다.
c:\users\hsj\desktop\20170815\main06120924\dx11engine\include\Structure.h(497): warning C4244: '=': 'int'에서 'float'(으)로 변환하면서 데이터가 손실될 수 있습니다.
c:\users\hsj\desktop\20170815\main06120924\dx11engine\include\Structure.h(498): warning C4244: '=': 'int'에서 'float'(으)로 변환하면서 데이터가 손실될 수 있습니다.
c:\users\hsj\desktop\20170815\main06120924\dx11engine\include\Structure.h(499): warning C4244: '=': 'int'에서 'float'(으)로 변환하면서 데이터가 손실될 수 있습니다.
c:\users\hsj\desktop\20170815\main06120924\dx11engine\include\Structure.h(672): warning C4244: '=': 'int'에서 'float'(으)로 변환하면서 데이터가 손실될 수 있습니다.
c:\users\hsj\desktop\20170815\main06120924\dx11engine\include\Structure.h(673): warning C4244: '=': 'int'에서 'float'(으)로 변환하면서 데이터가 손실될 수 있습니다.
c:\users\hsj\desktop\20170815\main06120924\dx11engine\include\Structure.h(674): warning C4244: '=': 'int'에서 'float'(으)로 변환하면서 데이터가 손실될 수 있습니다.
c:\users\hsj\desktop\20170815\main06120924\dx11engine\include\Structure.h(675): warning C4244: '=': 'int'에서 'float'(으)로 변환하면서 데이터가 손실될 수 있습니다.
  Dx11Collider.cpp
c:\users\hsj\desktop\20170815\main06120924\dx11engine\include\Structure.h(496): warning C4244: '=': 'int'에서 'float'(으)로 변환하면서 데이터가 손실될 수 있습니다.
c:\users\hsj\desktop\20170815\main06120924\dx11engine\include\Structure.h(497): warning C4244: '=': 'int'에서 'float'(으)로 변환하면서 데이터가 손실될 수 있습니다.
c:\users\hsj\desktop\20170815\main06120924\dx11engine\include\Structure.h(498): warning C4244: '=': 'int'에서 'float'(으)로 변환하면서 데이터가 손실될 수 있습니다.
c:\users\hsj\desktop\20170815\main06120924\dx11engine\include\Structure.h(499): warning C4244: '=': 'int'에서 'float'(으)로 변환하면서 데이터가 손실될 수 있습니다.
c:\users\hsj\desktop\20170815\main06120924\dx11engine\include\Structure.h(672): warning C4244: '=': 'int'에서 'float'(으)로 변환하면서 데이터가 손실될 수 있습니다.
c:\users\hsj\desktop\20170815\main06120924\dx11engine\include\Structure.h(673): warning C4244: '=': 'int'에서 'float'(으)로 변환하면서 데이터가 손실될 수 있습니다.
c:\users\hsj\desktop\20170815\main06120924\dx11engine\include\Structure.h(674): warning C4244: '=': 'int'에서 'float'(으)로 변환하면서 데이터가 손실될 수 있습니다.
c:\users\hsj\desktop\20170815\main06120924\dx11engine\include\Structure.h(675): warning C4244: '=': 'int'에서 'float'(으)로 변환하면서 데이터가 손실될 수 있습니다.
  Dx11ColliderAABB.cpp
c:\users\hsj\desktop\20170815\main06120924\dx11engine\include\Structure.h(496): warning C4244: '=': 'int'에서 'float'(으)로 변환하면서 데이터가 손실될 수 있습니다.
c:\users\hsj\desktop\20170815\main06120924\dx11engine\include\Structure.h(497): warning C4244: '=': 'int'에서 'float'(으)로 변환하면서 데이터가 손실될 수 있습니다.
c:\users\hsj\desktop\20170815\main06120924\dx11engine\include\Structure.h(498): warning C4244: '=': 'int'에서 'float'(으)로 변환하면서 데이터가 손실될 수 있습니다.
c:\users\hsj\desktop\20170815\main06120924\dx11engine\include\Structure.h(499): warning C4244: '=': 'int'에서 'float'(으)로 변환하면서 데이터가 손실될 수 있습니다.
c:\users\hsj\desktop\20170815\main06120924\dx11engine\include\Structure.h(672): warning C4244: '=': 'int'에서 'float'(으)로 변환하면서 데이터가 손실될 수 있습니다.
c:\users\hsj\desktop\20170815\main06120924\dx11engine\include\Structure.h(673): warning C4244: '=': 'int'에서 'float'(으)로 변환하면서 데이터가 손실될 수 있습니다.
c:\users\hsj\desktop\20170815\main06120924\dx11engine\include\Structure.h(674): warning C4244: '=': 'int'에서 'float'(으)로 변환하면서 데이터가 손실될 수 있습니다.
c:\users\hsj\desktop\20170815\main06120924\dx11engine\include\Structure.h(675): warning C4244: '=': 'int'에서 'float'(으)로 변환하면서 데이터가 손실될 수 있습니다.
  DX11ColliderFrustrum.cpp
c:\users\hsj\desktop\20170815\main06120924\dx11engine\include\Structure.h(496): warning C4244: '=': 'int'에서 'float'(으)로 변환하면서 데이터가 손실될 수 있습니다.
c:\users\hsj\desktop\20170815\main06120924\dx11engine\include\Structure.h(497): warning C4244: '=': 'int'에서 'float'(으)로 변환하면서 데이터가 손실될 수 있습니다.
c:\users\hsj\desktop\20170815\main06120924\dx11engine\include\Structure.h(498): warning C4244: '=': 'int'에서 'float'(으)로 변환하면서 데이터가 손실될 수 있습니다.
c:\users\hsj\desktop\20170815\main06120924\dx11engine\include\Structure.h(499): warning C4244: '=': 'int'에서 'float'(으)로 변환하면서 데이터가 손실될 수 있습니다.
c:\users\hsj\desktop\20170815\main06120924\dx11engine\include\Structure.h(672): warning C4244: '=': 'int'에서 'float'(으)로 변환하면서 데이터가 손실될 수 있습니다.
c:\users\hsj\desktop\20170815\main06120924\dx11engine\include\Structure.h(673): warning C4244: '=': 'int'에서 'float'(으)로 변환하면서 데이터가 손실될 수 있습니다.
c:\users\hsj\desktop\20170815\main06120924\dx11engine\include\Structure.h(674): warning C4244: '=': 'int'에서 'float'(으)로 변환하면서 데이터가 손실될 수 있습니다.
c:\users\hsj\desktop\20170815\main06120924\dx11engine\include\Structure.h(675): warning C4244: '=': 'int'에서 'float'(으)로 변환하면서 데이터가 손실될 수 있습니다.
  DX11ColliderOBB.cpp
c:\users\hsj\desktop\20170815\main06120924\dx11engine\include\Structure.h(496): warning C4244: '=': 'int'에서 'float'(으)로 변환하면서 데이터가 손실될 수 있습니다.
c:\users\hsj\desktop\20170815\main06120924\dx11engine\include\Structure.h(497): warning C4244: '=': 'int'에서 'float'(으)로 변환하면서 데이터가 손실될 수 있습니다.
c:\users\hsj\desktop\20170815\main06120924\dx11engine\include\Structure.h(498): warning C4244: '=': 'int'에서 'float'(으)로 변환하면서 데이터가 손실될 수 있습니다.
c:\users\hsj\desktop\20170815\main06120924\dx11engine\include\Structure.h(499): warning C4244: '=': 'int'에서 'float'(으)로 변환하면서 데이터가 손실될 수 있습니다.
c:\users\hsj\desktop\20170815\main06120924\dx11engine\include\Structure.h(672): warning C4244: '=': 'int'에서 'float'(으)로 변환하면서 데이터가 손실될 수 있습니다.
c:\users\hsj\desktop\20170815\main06120924\dx11engine\include\Structure.h(673): warning C4244: '=': 'int'에서 'float'(으)로 변환하면서 데이터가 손실될 수 있습니다.
c:\users\hsj\desktop\20170815\main06120924\dx11engine\include\Structure.h(674): warning C4244: '=': 'int'에서 'float'(으)로 변환하면서 데이터가 손실될 수 있습니다.
c:\users\hsj\desktop\20170815\main06120924\dx11engine\include\Structure.h(675): warning C4244: '=': 'int'에서 'float'(으)로 변환하면서 데이터가 손실될 수 있습니다.
  Dx11ColliderPoint.cpp
c:\users\hsj\desktop\20170815\main06120924\dx11engine\include\Structure.h(496): warning C4244: '=': 'int'에서 'float'(으)로 변환하면서 데이터가 손실될 수 있습니다.
c:\users\hsj\desktop\20170815\main06120924\dx11engine\include\Structure.h(497): warning C4244: '=': 'int'에서 'float'(으)로 변환하면서 데이터가 손실될 수 있습니다.
c:\users\hsj\desktop\20170815\main06120924\dx11engine\include\Structure.h(498): warning C4244: '=': 'int'에서 'float'(으)로 변환하면서 데이터가 손실될 수 있습니다.
c:\users\hsj\desktop\20170815\main06120924\dx11engine\include\Structure.h(499): warning C4244: '=': 'int'에서 'float'(으)로 변환하면서 데이터가 손실될 수 있습니다.
c:\users\hsj\desktop\20170815\main06120924\dx11engine\include\Structure.h(672): warning C4244: '=': 'int'에서 'float'(으)로 변환하면서 데이터가 손실될 수 있습니다.
c:\users\hsj\desktop\20170815\main06120924\dx11engine\include\Structure.h(673): warning C4244: '=': 'int'에서 'float'(으)로 변환하면서 데이터가 손실될 수 있습니다.
c:\users\hsj\desktop\20170815\main06120924\dx11engine\include\Structure.h(674): warning C4244: '=': 'int'에서 'float'(으)로 변환하면서 데이터가 손실될 수 있습니다.
c:\users\hsj\desktop\20170815\main06120924\dx11engine\include\Structure.h(675): warning C4244: '=': 'int'에서 'float'(으)로 변환하면서 데이터가 손실될 수 있습니다.
  Dx11ColliderRay.cpp
c:\users\hsj\desktop\20170815\main06120924\dx11engine\include\Structure.h(496): warning C4244: '=': 'int'에서 'float'(으)로 변환하면서 데이터가 손실될 수 있습니다.
c:\users\hsj\desktop\20170815\main06120924\dx11engine\include\Structure.h(497): warning C4244: '=': 'int'에서 'float'(으)로 변환하면서 데이터가 손실될 수 있습니다.
c:\users\hsj\desktop\20170815\main06120924\dx11engine\include\Structure.h(498): warning C4244: '=': 'int'에서 'float'(으)로 변환하면서 데이터가 손실될 수 있습니다.
c:\users\hsj\desktop\20170815\main06120924\dx11engine\include\Structure.h(499): warning C4244: '=': 'int'에서 'float'(으)로 변환하면서 데이터가 손실될 수 있습니다.
c:\users\hsj\desktop\20170815\main06120924\dx11engine\include\Structure.h(672): warning C4244: '=': 'int'에서 'float'(으)로 변환하면서 데이터가 손실될 수 있습니다.
c:\users\hsj\desktop\20170815\main06120924\dx11engine\include\Structure.h(673): warning C4244: '=': 'int'에서 'float'(으)로 변환하면서 데이터가 손실될 수 있습니다.
c:\users\hsj\desktop\20170815\main06120924\dx11engine\include\Structure.h(674): warning C4244: '=': 'int'에서 'float'(으)로 변환하면서 데이터가 손실될 수 있습니다.
c:\users\hsj\desktop\20170815\main06120924\dx11engine\include\Structure.h(675): warning C4244: '=': 'int'에서 'float'(으)로 변환하면서 데이터가 손실될 수 있습니다.
Component\Dx11ColliderRay.cpp(54): warning C4244: '인수': 'UINT'에서 'float'(으)로 변환하면서 데이터가 손실될 수 있습니다.
Component\Dx11ColliderRay.cpp(143): warning C4060: switch문에 'case' 또는 'default' 레이블이 없습니다.
  Dx11ColliderRC.cpp
c:\users\hsj\desktop\20170815\main06120924\dx11engine\include\Structure.h(496): warning C4244: '=': 'int'에서 'float'(으)로 변환하면서 데이터가 손실될 수 있습니다.
c:\users\hsj\desktop\20170815\main06120924\dx11engine\include\Structure.h(497): warning C4244: '=': 'int'에서 'float'(으)로 변환하면서 데이터가 손실될 수 있습니다.
c:\users\hsj\desktop\20170815\main06120924\dx11engine\include\Structure.h(498): warning C4244: '=': 'int'에서 'float'(으)로 변환하면서 데이터가 손실될 수 있습니다.
c:\users\hsj\desktop\20170815\main06120924\dx11engine\include\Structure.h(499): warning C4244: '=': 'int'에서 'float'(으)로 변환하면서 데이터가 손실될 수 있습니다.
c:\users\hsj\desktop\20170815\main06120924\dx11engine\include\Structure.h(672): warning C4244: '=': 'int'에서 'float'(으)로 변환하면서 데이터가 손실될 수 있습니다.
c:\users\hsj\desktop\20170815\main06120924\dx11engine\include\Structure.h(673): warning C4244: '=': 'int'에서 'float'(으)로 변환하면서 데이터가 손실될 수 있습니다.
c:\users\hsj\desktop\20170815\main06120924\dx11engine\include\Structure.h(674): warning C4244: '=': 'int'에서 'float'(으)로 변환하면서 데이터가 손실될 수 있습니다.
c:\users\hsj\desktop\20170815\main06120924\dx11engine\include\Structure.h(675): warning C4244: '=': 'int'에서 'float'(으)로 변환하면서 데이터가 손실될 수 있습니다.
  Dx11ColliderSphere.cpp
c:\users\hsj\desktop\20170815\main06120924\dx11engine\include\Structure.h(496): warning C4244: '=': 'int'에서 'float'(으)로 변환하면서 데이터가 손실될 수 있습니다.
c:\users\hsj\desktop\20170815\main06120924\dx11engine\include\Structure.h(497): warning C4244: '=': 'int'에서 'float'(으)로 변환하면서 데이터가 손실될 수 있습니다.
c:\users\hsj\desktop\20170815\main06120924\dx11engine\include\Structure.h(498): warning C4244: '=': 'int'에서 'float'(으)로 변환하면서 데이터가 손실될 수 있습니다.
c:\users\hsj\desktop\20170815\main06120924\dx11engine\include\Structure.h(499): warning C4244: '=': 'int'에서 'float'(으)로 변환하면서 데이터가 손실될 수 있습니다.
c:\users\hsj\desktop\20170815\main06120924\dx11engine\include\Structure.h(672): warning C4244: '=': 'int'에서 'float'(으)로 변환하면서 데이터가 손실될 수 있습니다.
c:\users\hsj\desktop\20170815\main06120924\dx11engine\include\Structure.h(673): warning C4244: '=': 'int'에서 'float'(으)로 변환하면서 데이터가 손실될 수 있습니다.
c:\users\hsj\desktop\20170815\main06120924\dx11engine\include\Structure.h(674): warning C4244: '=': 'int'에서 'float'(으)로 변환하면서 데이터가 손실될 수 있습니다.
c:\users\hsj\desktop\20170815\main06120924\dx11engine\include\Structure.h(675): warning C4244: '=': 'int'에서 'float'(으)로 변환하면서 데이터가 손실될 수 있습니다.
  Dx11ColliderTerrain.cpp
c:\users\hsj\desktop\20170815\main06120924\dx11engine\include\Structure.h(496): warning C4244: '=': 'int'에서 'float'(으)로 변환하면서 데이터가 손실될 수 있습니다.
c:\users\hsj\desktop\20170815\main06120924\dx11engine\include\Structure.h(497): warning C4244: '=': 'int'에서 'float'(으)로 변환하면서 데이터가 손실될 수 있습니다.
c:\users\hsj\desktop\20170815\main06120924\dx11engine\include\Structure.h(498): warning C4244: '=': 'int'에서 'float'(으)로 변환하면서 데이터가 손실될 수 있습니다.
c:\users\hsj\desktop\20170815\main06120924\dx11engine\include\Structure.h(499): warning C4244: '=': 'int'에서 'float'(으)로 변환하면서 데이터가 손실될 수 있습니다.
c:\users\hsj\desktop\20170815\main06120924\dx11engine\include\Structure.h(672): warning C4244: '=': 'int'에서 'float'(으)로 변환하면서 데이터가 손실될 수 있습니다.
c:\users\hsj\desktop\20170815\main06120924\dx11engine\include\Structure.h(673): warning C4244: '=': 'int'에서 'float'(으)로 변환하면서 데이터가 손실될 수 있습니다.
c:\users\hsj\desktop\20170815\main06120924\dx11engine\include\Structure.h(674): warning C4244: '=': 'int'에서 'float'(으)로 변환하면서 데이터가 손실될 수 있습니다.
c:\users\hsj\desktop\20170815\main06120924\dx11engine\include\Structure.h(675): warning C4244: '=': 'int'에서 'float'(으)로 변환하면서 데이터가 손실될 수 있습니다.
Component\Dx11ColliderTerrain.cpp(36): warning C4018: '<': signed 또는 unsigned가 일치하지 않습니다.
Component\Dx11ColliderTerrain.cpp(106): warning C4018: '>=': signed 또는 unsigned가 일치하지 않습니다.
Component\Dx11ColliderTerrain.cpp(120): warning C4244: '초기화 중': 'float'에서 'int'(으)로 변환하면서 데이터가 손실될 수 있습니다.
  Dx11Component.cpp
c:\users\hsj\desktop\20170815\main06120924\dx11engine\include\Structure.h(496): warning C4244: '=': 'int'에서 'float'(으)로 변환하면서 데이터가 손실될 수 있습니다.
c:\users\hsj\desktop\20170815\main06120924\dx11engine\include\Structure.h(497): warning C4244: '=': 'int'에서 'float'(으)로 변환하면서 데이터가 손실될 수 있습니다.
c:\users\hsj\desktop\20170815\main06120924\dx11engine\include\Structure.h(498): warning C4244: '=': 'int'에서 'float'(으)로 변환하면서 데이터가 손실될 수 있습니다.
c:\users\hsj\desktop\20170815\main06120924\dx11engine\include\Structure.h(499): warning C4244: '=': 'int'에서 'float'(으)로 변환하면서 데이터가 손실될 수 있습니다.
c:\users\hsj\desktop\20170815\main06120924\dx11engine\include\Structure.h(672): warning C4244: '=': 'int'에서 'float'(으)로 변환하면서 데이터가 손실될 수 있습니다.
c:\users\hsj\desktop\20170815\main06120924\dx11engine\include\Structure.h(673): warning C4244: '=': 'int'에서 'float'(으)로 변환하면서 데이터가 손실될 수 있습니다.
c:\users\hsj\desktop\20170815\main06120924\dx11engine\include\Structure.h(674): warning C4244: '=': 'int'에서 'float'(으)로 변환하면서 데이터가 손실될 수 있습니다.
c:\users\hsj\desktop\20170815\main06120924\dx11engine\include\Structure.h(675): warning C4244: '=': 'int'에서 'float'(으)로 변환하면서 데이터가 손실될 수 있습니다.
  Dx11Light.cpp
c:\users\hsj\desktop\20170815\main06120924\dx11engine\include\Structure.h(496): warning C4244: '=': 'int'에서 'float'(으)로 변환하면서 데이터가 손실될 수 있습니다.
c:\users\hsj\desktop\20170815\main06120924\dx11engine\include\Structure.h(497): warning C4244: '=': 'int'에서 'float'(으)로 변환하면서 데이터가 손실될 수 있습니다.
c:\users\hsj\desktop\20170815\main06120924\dx11engine\include\Structure.h(498): warning C4244: '=': 'int'에서 'float'(으)로 변환하면서 데이터가 손실될 수 있습니다.
c:\users\hsj\desktop\20170815\main06120924\dx11engine\include\Structure.h(499): warning C4244: '=': 'int'에서 'float'(으)로 변환하면서 데이터가 손실될 수 있습니다.
c:\users\hsj\desktop\20170815\main06120924\dx11engine\include\Structure.h(672): warning C4244: '=': 'int'에서 'float'(으)로 변환하면서 데이터가 손실될 수 있습니다.
c:\users\hsj\desktop\20170815\main06120924\dx11engine\include\Structure.h(673): warning C4244: '=': 'int'에서 'float'(으)로 변환하면서 데이터가 손실될 수 있습니다.
c:\users\hsj\desktop\20170815\main06120924\dx11engine\include\Structure.h(674): warning C4244: '=': 'int'에서 'float'(으)로 변환하면서 데이터가 손실될 수 있습니다.
c:\users\hsj\desktop\20170815\main06120924\dx11engine\include\Structure.h(675): warning C4244: '=': 'int'에서 'float'(으)로 변환하면서 데이터가 손실될 수 있습니다.
  Dx11LightDir.cpp
c:\users\hsj\desktop\20170815\main06120924\dx11engine\include\Structure.h(496): warning C4244: '=': 'int'에서 'float'(으)로 변환하면서 데이터가 손실될 수 있습니다.
c:\users\hsj\desktop\20170815\main06120924\dx11engine\include\Structure.h(497): warning C4244: '=': 'int'에서 'float'(으)로 변환하면서 데이터가 손실될 수 있습니다.
c:\users\hsj\desktop\20170815\main06120924\dx11engine\include\Structure.h(498): warning C4244: '=': 'int'에서 'float'(으)로 변환하면서 데이터가 손실될 수 있습니다.
c:\users\hsj\desktop\20170815\main06120924\dx11engine\include\Structure.h(499): warning C4244: '=': 'int'에서 'float'(으)로 변환하면서 데이터가 손실될 수 있습니다.
c:\users\hsj\desktop\20170815\main06120924\dx11engine\include\Structure.h(672): warning C4244: '=': 'int'에서 'float'(으)로 변환하면서 데이터가 손실될 수 있습니다.
c:\users\hsj\desktop\20170815\main06120924\dx11engine\include\Structure.h(673): warning C4244: '=': 'int'에서 'float'(으)로 변환하면서 데이터가 손실될 수 있습니다.
c:\users\hsj\desktop\20170815\main06120924\dx11engine\include\Structure.h(674): warning C4244: '=': 'int'에서 'float'(으)로 변환하면서 데이터가 손실될 수 있습니다.
c:\users\hsj\desktop\20170815\main06120924\dx11engine\include\Structure.h(675): warning C4244: '=': 'int'에서 'float'(으)로 변환하면서 데이터가 손실될 수 있습니다.
  Dx11LightPoint.cpp
c:\users\hsj\desktop\20170815\main06120924\dx11engine\include\Structure.h(496): warning C4244: '=': 'int'에서 'float'(으)로 변환하면서 데이터가 손실될 수 있습니다.
c:\users\hsj\desktop\20170815\main06120924\dx11engine\include\Structure.h(497): warning C4244: '=': 'int'에서 'float'(으)로 변환하면서 데이터가 손실될 수 있습니다.
c:\users\hsj\desktop\20170815\main06120924\dx11engine\include\Structure.h(498): warning C4244: '=': 'int'에서 'float'(으)로 변환하면서 데이터가 손실될 수 있습니다.
c:\users\hsj\desktop\20170815\main06120924\dx11engine\include\Structure.h(499): warning C4244: '=': 'int'에서 'float'(으)로 변환하면서 데이터가 손실될 수 있습니다.
c:\users\hsj\desktop\20170815\main06120924\dx11engine\include\Structure.h(672): warning C4244: '=': 'int'에서 'float'(으)로 변환하면서 데이터가 손실될 수 있습니다.
c:\users\hsj\desktop\20170815\main06120924\dx11engine\include\Structure.h(673): warning C4244: '=': 'int'에서 'float'(으)로 변환하면서 데이터가 손실될 수 있습니다.
c:\users\hsj\desktop\20170815\main06120924\dx11engine\include\Structure.h(674): warning C4244: '=': 'int'에서 'float'(으)로 변환하면서 데이터가 손실될 수 있습니다.
c:\users\hsj\desktop\20170815\main06120924\dx11engine\include\Structure.h(675): warning C4244: '=': 'int'에서 'float'(으)로 변환하면서 데이터가 손실될 수 있습니다.
  컴파일하고 있습니다...
  Dx11Material.cpp
c:\users\hsj\desktop\20170815\main06120924\dx11engine\include\Structure.h(496): warning C4244: '=': 'int'에서 'float'(으)로 변환하면서 데이터가 손실될 수 있습니다.
c:\users\hsj\desktop\20170815\main06120924\dx11engine\include\Structure.h(497): warning C4244: '=': 'int'에서 'float'(으)로 변환하면서 데이터가 손실될 수 있습니다.
c:\users\hsj\desktop\20170815\main06120924\dx11engine\include\Structure.h(498): warning C4244: '=': 'int'에서 'float'(으)로 변환하면서 데이터가 손실될 수 있습니다.
c:\users\hsj\desktop\20170815\main06120924\dx11engine\include\Structure.h(499): warning C4244: '=': 'int'에서 'float'(으)로 변환하면서 데이터가 손실될 수 있습니다.
c:\users\hsj\desktop\20170815\main06120924\dx11engine\include\Structure.h(672): warning C4244: '=': 'int'에서 'float'(으)로 변환하면서 데이터가 손실될 수 있습니다.
c:\users\hsj\desktop\20170815\main06120924\dx11engine\include\Structure.h(673): warning C4244: '=': 'int'에서 'float'(으)로 변환하면서 데이터가 손실될 수 있습니다.
c:\users\hsj\desktop\20170815\main06120924\dx11engine\include\Structure.h(674): warning C4244: '=': 'int'에서 'float'(으)로 변환하면서 데이터가 손실될 수 있습니다.
c:\users\hsj\desktop\20170815\main06120924\dx11engine\include\Structure.h(675): warning C4244: '=': 'int'에서 'float'(으)로 변환하면서 데이터가 손실될 수 있습니다.
  Dx11Mouse.cpp
c:\users\hsj\desktop\20170815\main06120924\dx11engine\include\Structure.h(496): warning C4244: '=': 'int'에서 'float'(으)로 변환하면서 데이터가 손실될 수 있습니다.
c:\users\hsj\desktop\20170815\main06120924\dx11engine\include\Structure.h(497): warning C4244: '=': 'int'에서 'float'(으)로 변환하면서 데이터가 손실될 수 있습니다.
c:\users\hsj\desktop\20170815\main06120924\dx11engine\include\Structure.h(498): warning C4244: '=': 'int'에서 'float'(으)로 변환하면서 데이터가 손실될 수 있습니다.
c:\users\hsj\desktop\20170815\main06120924\dx11engine\include\Structure.h(499): warning C4244: '=': 'int'에서 'float'(으)로 변환하면서 데이터가 손실될 수 있습니다.
c:\users\hsj\desktop\20170815\main06120924\dx11engine\include\Structure.h(672): warning C4244: '=': 'int'에서 'float'(으)로 변환하면서 데이터가 손실될 수 있습니다.
c:\users\hsj\desktop\20170815\main06120924\dx11engine\include\Structure.h(673): warning C4244: '=': 'int'에서 'float'(으)로 변환하면서 데이터가 손실될 수 있습니다.
c:\users\hsj\desktop\20170815\main06120924\dx11engine\include\Structure.h(674): warning C4244: '=': 'int'에서 'float'(으)로 변환하면서 데이터가 손실될 수 있습니다.
c:\users\hsj\desktop\20170815\main06120924\dx11engine\include\Structure.h(675): warning C4244: '=': 'int'에서 'float'(으)로 변환하면서 데이터가 손실될 수 있습니다.
  Dx11Renderer.cpp
c:\users\hsj\desktop\20170815\main06120924\dx11engine\include\Structure.h(496): warning C4244: '=': 'int'에서 'float'(으)로 변환하면서 데이터가 손실될 수 있습니다.
c:\users\hsj\desktop\20170815\main06120924\dx11engine\include\Structure.h(497): warning C4244: '=': 'int'에서 'float'(으)로 변환하면서 데이터가 손실될 수 있습니다.
c:\users\hsj\desktop\20170815\main06120924\dx11engine\include\Structure.h(498): warning C4244: '=': 'int'에서 'float'(으)로 변환하면서 데이터가 손실될 수 있습니다.
c:\users\hsj\desktop\20170815\main06120924\dx11engine\include\Structure.h(499): warning C4244: '=': 'int'에서 'float'(으)로 변환하면서 데이터가 손실될 수 있습니다.
c:\users\hsj\desktop\20170815\main06120924\dx11engine\include\Structure.h(672): warning C4244: '=': 'int'에서 'float'(으)로 변환하면서 데이터가 손실될 수 있습니다.
c:\users\hsj\desktop\20170815\main06120924\dx11engine\include\Structure.h(673): warning C4244: '=': 'int'에서 'float'(으)로 변환하면서 데이터가 손실될 수 있습니다.
c:\users\hsj\desktop\20170815\main06120924\dx11engine\include\Structure.h(674): warning C4244: '=': 'int'에서 'float'(으)로 변환하면서 데이터가 손실될 수 있습니다.
c:\users\hsj\desktop\20170815\main06120924\dx11engine\include\Structure.h(675): warning C4244: '=': 'int'에서 'float'(으)로 변환하면서 데이터가 손실될 수 있습니다.
Component\Dx11Renderer.cpp(53): warning C4018: '<': signed 또는 unsigned가 일치하지 않습니다.
Component\Dx11Renderer.cpp(57): warning C4018: '<': signed 또는 unsigned가 일치하지 않습니다.
Component\Dx11Renderer.cpp(427): warning C4018: '<=': signed 또는 unsigned가 일치하지 않습니다.
  Dx11Script.cpp
c:\users\hsj\desktop\20170815\main06120924\dx11engine\include\Structure.h(496): warning C4244: '=': 'int'에서 'float'(으)로 변환하면서 데이터가 손실될 수 있습니다.
c:\users\hsj\desktop\20170815\main06120924\dx11engine\include\Structure.h(497): warning C4244: '=': 'int'에서 'float'(으)로 변환하면서 데이터가 손실될 수 있습니다.
c:\users\hsj\desktop\20170815\main06120924\dx11engine\include\Structure.h(498): warning C4244: '=': 'int'에서 'float'(으)로 변환하면서 데이터가 손실될 수 있습니다.
c:\users\hsj\desktop\20170815\main06120924\dx11engine\include\Structure.h(499): warning C4244: '=': 'int'에서 'float'(으)로 변환하면서 데이터가 손실될 수 있습니다.
c:\users\hsj\desktop\20170815\main06120924\dx11engine\include\Structure.h(672): warning C4244: '=': 'int'에서 'float'(으)로 변환하면서 데이터가 손실될 수 있습니다.
c:\users\hsj\desktop\20170815\main06120924\dx11engine\include\Structure.h(673): warning C4244: '=': 'int'에서 'float'(으)로 변환하면서 데이터가 손실될 수 있습니다.
c:\users\hsj\desktop\20170815\main06120924\dx11engine\include\Structure.h(674): warning C4244: '=': 'int'에서 'float'(으)로 변환하면서 데이터가 손실될 수 있습니다.
c:\users\hsj\desktop\20170815\main06120924\dx11engine\include\Structure.h(675): warning C4244: '=': 'int'에서 'float'(으)로 변환하면서 데이터가 손실될 수 있습니다.
  Dx11Terrain.cpp
c:\users\hsj\desktop\20170815\main06120924\dx11engine\include\Structure.h(496): warning C4244: '=': 'int'에서 'float'(으)로 변환하면서 데이터가 손실될 수 있습니다.
c:\users\hsj\desktop\20170815\main06120924\dx11engine\include\Structure.h(497): warning C4244: '=': 'int'에서 'float'(으)로 변환하면서 데이터가 손실될 수 있습니다.
c:\users\hsj\desktop\20170815\main06120924\dx11engine\include\Structure.h(498): warning C4244: '=': 'int'에서 'float'(으)로 변환하면서 데이터가 손실될 수 있습니다.
c:\users\hsj\desktop\20170815\main06120924\dx11engine\include\Structure.h(499): warning C4244: '=': 'int'에서 'float'(으)로 변환하면서 데이터가 손실될 수 있습니다.
c:\users\hsj\desktop\20170815\main06120924\dx11engine\include\Structure.h(672): warning C4244: '=': 'int'에서 'float'(으)로 변환하면서 데이터가 손실될 수 있습니다.
c:\users\hsj\desktop\20170815\main06120924\dx11engine\include\Structure.h(673): warning C4244: '=': 'int'에서 'float'(으)로 변환하면서 데이터가 손실될 수 있습니다.
c:\users\hsj\desktop\20170815\main06120924\dx11engine\include\Structure.h(674): warning C4244: '=': 'int'에서 'float'(으)로 변환하면서 데이터가 손실될 수 있습니다.
c:\users\hsj\desktop\20170815\main06120924\dx11engine\include\Structure.h(675): warning C4244: '=': 'int'에서 'float'(으)로 변환하면서 데이터가 손실될 수 있습니다.
Component\Dx11Terrain.cpp(101): warning C4018: '<': signed 또는 unsigned가 일치하지 않습니다.
Component\Dx11Terrain.cpp(109): warning C4018: '<': signed 또는 unsigned가 일치하지 않습니다.
Component\Dx11Terrain.cpp(117): warning C4018: '<': signed 또는 unsigned가 일치하지 않습니다.
Component\Dx11Terrain.cpp(232): warning C4018: '>=': signed 또는 unsigned가 일치하지 않습니다.
  Dx11Transform.cpp
c:\users\hsj\desktop\20170815\main06120924\dx11engine\include\Structure.h(496): warning C4244: '=': 'int'에서 'float'(으)로 변환하면서 데이터가 손실될 수 있습니다.
c:\users\hsj\desktop\20170815\main06120924\dx11engine\include\Structure.h(497): warning C4244: '=': 'int'에서 'float'(으)로 변환하면서 데이터가 손실될 수 있습니다.
c:\users\hsj\desktop\20170815\main06120924\dx11engine\include\Structure.h(498): warning C4244: '=': 'int'에서 'float'(으)로 변환하면서 데이터가 손실될 수 있습니다.
c:\users\hsj\desktop\20170815\main06120924\dx11engine\include\Structure.h(499): warning C4244: '=': 'int'에서 'float'(으)로 변환하면서 데이터가 손실될 수 있습니다.
c:\users\hsj\desktop\20170815\main06120924\dx11engine\include\Structure.h(672): warning C4244: '=': 'int'에서 'float'(으)로 변환하면서 데이터가 손실될 수 있습니다.
c:\users\hsj\desktop\20170815\main06120924\dx11engine\include\Structure.h(673): warning C4244: '=': 'int'에서 'float'(으)로 변환하면서 데이터가 손실될 수 있습니다.
c:\users\hsj\desktop\20170815\main06120924\dx11engine\include\Structure.h(674): warning C4244: '=': 'int'에서 'float'(으)로 변환하면서 데이터가 손실될 수 있습니다.
c:\users\hsj\desktop\20170815\main06120924\dx11engine\include\Structure.h(675): warning C4244: '=': 'int'에서 'float'(으)로 변환하면서 데이터가 손실될 수 있습니다.
  Dx11UI.cpp
c:\users\hsj\desktop\20170815\main06120924\dx11engine\include\Structure.h(496): warning C4244: '=': 'int'에서 'float'(으)로 변환하면서 데이터가 손실될 수 있습니다.
c:\users\hsj\desktop\20170815\main06120924\dx11engine\include\Structure.h(497): warning C4244: '=': 'int'에서 'float'(으)로 변환하면서 데이터가 손실될 수 있습니다.
c:\users\hsj\desktop\20170815\main06120924\dx11engine\include\Structure.h(498): warning C4244: '=': 'int'에서 'float'(으)로 변환하면서 데이터가 손실될 수 있습니다.
c:\users\hsj\desktop\20170815\main06120924\dx11engine\include\Structure.h(499): warning C4244: '=': 'int'에서 'float'(으)로 변환하면서 데이터가 손실될 수 있습니다.
c:\users\hsj\desktop\20170815\main06120924\dx11engine\include\Structure.h(672): warning C4244: '=': 'int'에서 'float'(으)로 변환하면서 데이터가 손실될 수 있습니다.
c:\users\hsj\desktop\20170815\main06120924\dx11engine\include\Structure.h(673): warning C4244: '=': 'int'에서 'float'(으)로 변환하면서 데이터가 손실될 수 있습니다.
c:\users\hsj\desktop\20170815\main06120924\dx11engine\include\Structure.h(674): warning C4244: '=': 'int'에서 'float'(으)로 변환하면서 데이터가 손실될 수 있습니다.
c:\users\hsj\desktop\20170815\main06120924\dx11engine\include\Structure.h(675): warning C4244: '=': 'int'에서 'float'(으)로 변환하면서 데이터가 손실될 수 있습니다.
  Dx11UIBar.cpp
c:\users\hsj\desktop\20170815\main06120924\dx11engine\include\Structure.h(496): warning C4244: '=': 'int'에서 'float'(으)로 변환하면서 데이터가 손실될 수 있습니다.
c:\users\hsj\desktop\20170815\main06120924\dx11engine\include\Structure.h(497): warning C4244: '=': 'int'에서 'float'(으)로 변환하면서 데이터가 손실될 수 있습니다.
c:\users\hsj\desktop\20170815\main06120924\dx11engine\include\Structure.h(498): warning C4244: '=': 'int'에서 'float'(으)로 변환하면서 데이터가 손실될 수 있습니다.
c:\users\hsj\desktop\20170815\main06120924\dx11engine\include\Structure.h(499): warning C4244: '=': 'int'에서 'float'(으)로 변환하면서 데이터가 손실될 수 있습니다.
c:\users\hsj\desktop\20170815\main06120924\dx11engine\include\Structure.h(672): warning C4244: '=': 'int'에서 'float'(으)로 변환하면서 데이터가 손실될 수 있습니다.
c:\users\hsj\desktop\20170815\main06120924\dx11engine\include\Structure.h(673): warning C4244: '=': 'int'에서 'float'(으)로 변환하면서 데이터가 손실될 수 있습니다.
c:\users\hsj\desktop\20170815\main06120924\dx11engine\include\Structure.h(674): warning C4244: '=': 'int'에서 'float'(으)로 변환하면서 데이터가 손실될 수 있습니다.
c:\users\hsj\desktop\20170815\main06120924\dx11engine\include\Structure.h(675): warning C4244: '=': 'int'에서 'float'(으)로 변환하면서 데이터가 손실될 수 있습니다.
  Dx11UIButton.cpp
c:\users\hsj\desktop\20170815\main06120924\dx11engine\include\Structure.h(496): warning C4244: '=': 'int'에서 'float'(으)로 변환하면서 데이터가 손실될 수 있습니다.
c:\users\hsj\desktop\20170815\main06120924\dx11engine\include\Structure.h(497): warning C4244: '=': 'int'에서 'float'(으)로 변환하면서 데이터가 손실될 수 있습니다.
c:\users\hsj\desktop\20170815\main06120924\dx11engine\include\Structure.h(498): warning C4244: '=': 'int'에서 'float'(으)로 변환하면서 데이터가 손실될 수 있습니다.
c:\users\hsj\desktop\20170815\main06120924\dx11engine\include\Structure.h(499): warning C4244: '=': 'int'에서 'float'(으)로 변환하면서 데이터가 손실될 수 있습니다.
c:\users\hsj\desktop\20170815\main06120924\dx11engine\include\Structure.h(672): warning C4244: '=': 'int'에서 'float'(으)로 변환하면서 데이터가 손실될 수 있습니다.
c:\users\hsj\desktop\20170815\main06120924\dx11engine\include\Structure.h(673): warning C4244: '=': 'int'에서 'float'(으)로 변환하면서 데이터가 손실될 수 있습니다.
c:\users\hsj\desktop\20170815\main06120924\dx11engine\include\Structure.h(674): warning C4244: '=': 'int'에서 'float'(으)로 변환하면서 데이터가 손실될 수 있습니다.
c:\users\hsj\desktop\20170815\main06120924\dx11engine\include\Structure.h(675): warning C4244: '=': 'int'에서 'float'(으)로 변환하면서 데이터가 손실될 수 있습니다.
  Dx11UIIcon.cpp
c:\users\hsj\desktop\20170815\main06120924\dx11engine\include\Structure.h(496): warning C4244: '=': 'int'에서 'float'(으)로 변환하면서 데이터가 손실될 수 있습니다.
c:\users\hsj\desktop\20170815\main06120924\dx11engine\include\Structure.h(497): warning C4244: '=': 'int'에서 'float'(으)로 변환하면서 데이터가 손실될 수 있습니다.
c:\users\hsj\desktop\20170815\main06120924\dx11engine\include\Structure.h(498): warning C4244: '=': 'int'에서 'float'(으)로 변환하면서 데이터가 손실될 수 있습니다.
c:\users\hsj\desktop\20170815\main06120924\dx11engine\include\Structure.h(499): warning C4244: '=': 'int'에서 'float'(으)로 변환하면서 데이터가 손실될 수 있습니다.
c:\users\hsj\desktop\20170815\main06120924\dx11engine\include\Structure.h(672): warning C4244: '=': 'int'에서 'float'(으)로 변환하면서 데이터가 손실될 수 있습니다.
c:\users\hsj\desktop\20170815\main06120924\dx11engine\include\Structure.h(673): warning C4244: '=': 'int'에서 'float'(으)로 변환하면서 데이터가 손실될 수 있습니다.
c:\users\hsj\desktop\20170815\main06120924\dx11engine\include\Structure.h(674): warning C4244: '=': 'int'에서 'float'(으)로 변환하면서 데이터가 손실될 수 있습니다.
c:\users\hsj\desktop\20170815\main06120924\dx11engine\include\Structure.h(675): warning C4244: '=': 'int'에서 'float'(으)로 변환하면서 데이터가 손실될 수 있습니다.
  Dx11UIPanel.cpp
c:\users\hsj\desktop\20170815\main06120924\dx11engine\include\Structure.h(496): warning C4244: '=': 'int'에서 'float'(으)로 변환하면서 데이터가 손실될 수 있습니다.
c:\users\hsj\desktop\20170815\main06120924\dx11engine\include\Structure.h(497): warning C4244: '=': 'int'에서 'float'(으)로 변환하면서 데이터가 손실될 수 있습니다.
c:\users\hsj\desktop\20170815\main06120924\dx11engine\include\Structure.h(498): warning C4244: '=': 'int'에서 'float'(으)로 변환하면서 데이터가 손실될 수 있습니다.
c:\users\hsj\desktop\20170815\main06120924\dx11engine\include\Structure.h(499): warning C4244: '=': 'int'에서 'float'(으)로 변환하면서 데이터가 손실될 수 있습니다.
c:\users\hsj\desktop\20170815\main06120924\dx11engine\include\Structure.h(672): warning C4244: '=': 'int'에서 'float'(으)로 변환하면서 데이터가 손실될 수 있습니다.
c:\users\hsj\desktop\20170815\main06120924\dx11engine\include\Structure.h(673): warning C4244: '=': 'int'에서 'float'(으)로 변환하면서 데이터가 손실될 수 있습니다.
c:\users\hsj\desktop\20170815\main06120924\dx11engine\include\Structure.h(674): warning C4244: '=': 'int'에서 'float'(으)로 변환하면서 데이터가 손실될 수 있습니다.
c:\users\hsj\desktop\20170815\main06120924\dx11engine\include\Structure.h(675): warning C4244: '=': 'int'에서 'float'(으)로 변환하면서 데이터가 손실될 수 있습니다.
  Dx11UISlot.cpp
c:\users\hsj\desktop\20170815\main06120924\dx11engine\include\Structure.h(496): warning C4244: '=': 'int'에서 'float'(으)로 변환하면서 데이터가 손실될 수 있습니다.
c:\users\hsj\desktop\20170815\main06120924\dx11engine\include\Structure.h(497): warning C4244: '=': 'int'에서 'float'(으)로 변환하면서 데이터가 손실될 수 있습니다.
c:\users\hsj\desktop\20170815\main06120924\dx11engine\include\Structure.h(498): warning C4244: '=': 'int'에서 'float'(으)로 변환하면서 데이터가 손실될 수 있습니다.
c:\users\hsj\desktop\20170815\main06120924\dx11engine\include\Structure.h(499): warning C4244: '=': 'int'에서 'float'(으)로 변환하면서 데이터가 손실될 수 있습니다.
c:\users\hsj\desktop\20170815\main06120924\dx11engine\include\Structure.h(672): warning C4244: '=': 'int'에서 'float'(으)로 변환하면서 데이터가 손실될 수 있습니다.
c:\users\hsj\desktop\20170815\main06120924\dx11engine\include\Structure.h(673): warning C4244: '=': 'int'에서 'float'(으)로 변환하면서 데이터가 손실될 수 있습니다.
c:\users\hsj\desktop\20170815\main06120924\dx11engine\include\Structure.h(674): warning C4244: '=': 'int'에서 'float'(으)로 변환하면서 데이터가 손실될 수 있습니다.
c:\users\hsj\desktop\20170815\main06120924\dx11engine\include\Structure.h(675): warning C4244: '=': 'int'에서 'float'(으)로 변환하면서 데이터가 손실될 수 있습니다.
  Dx11CollisionManager.cpp
c:\users\hsj\desktop\20170815\main06120924\dx11engine\include\Structure.h(496): warning C4244: '=': 'int'에서 'float'(으)로 변환하면서 데이터가 손실될 수 있습니다.
c:\users\hsj\desktop\20170815\main06120924\dx11engine\include\Structure.h(497): warning C4244: '=': 'int'에서 'float'(으)로 변환하면서 데이터가 손실될 수 있습니다.
c:\users\hsj\desktop\20170815\main06120924\dx11engine\include\Structure.h(498): warning C4244: '=': 'int'에서 'float'(으)로 변환하면서 데이터가 손실될 수 있습니다.
c:\users\hsj\desktop\20170815\main06120924\dx11engine\include\Structure.h(499): warning C4244: '=': 'int'에서 'float'(으)로 변환하면서 데이터가 손실될 수 있습니다.
c:\users\hsj\desktop\20170815\main06120924\dx11engine\include\Structure.h(672): warning C4244: '=': 'int'에서 'float'(으)로 변환하면서 데이터가 손실될 수 있습니다.
c:\users\hsj\desktop\20170815\main06120924\dx11engine\include\Structure.h(673): warning C4244: '=': 'int'에서 'float'(으)로 변환하면서 데이터가 손실될 수 있습니다.
c:\users\hsj\desktop\20170815\main06120924\dx11engine\include\Structure.h(674): warning C4244: '=': 'int'에서 'float'(으)로 변환하면서 데이터가 손실될 수 있습니다.
c:\users\hsj\desktop\20170815\main06120924\dx11engine\include\Structure.h(675): warning C4244: '=': 'int'에서 'float'(으)로 변환하면서 데이터가 손실될 수 있습니다.
  Dx11Debug.cpp
c:\users\hsj\desktop\20170815\main06120924\dx11engine\include\Structure.h(496): warning C4244: '=': 'int'에서 'float'(으)로 변환하면서 데이터가 손실될 수 있습니다.
c:\users\hsj\desktop\20170815\main06120924\dx11engine\include\Structure.h(497): warning C4244: '=': 'int'에서 'float'(으)로 변환하면서 데이터가 손실될 수 있습니다.
c:\users\hsj\desktop\20170815\main06120924\dx11engine\include\Structure.h(498): warning C4244: '=': 'int'에서 'float'(으)로 변환하면서 데이터가 손실될 수 있습니다.
c:\users\hsj\desktop\20170815\main06120924\dx11engine\include\Structure.h(499): warning C4244: '=': 'int'에서 'float'(으)로 변환하면서 데이터가 손실될 수 있습니다.
c:\users\hsj\desktop\20170815\main06120924\dx11engine\include\Structure.h(672): warning C4244: '=': 'int'에서 'float'(으)로 변환하면서 데이터가 손실될 수 있습니다.
c:\users\hsj\desktop\20170815\main06120924\dx11engine\include\Structure.h(673): warning C4244: '=': 'int'에서 'float'(으)로 변환하면서 데이터가 손실될 수 있습니다.
c:\users\hsj\desktop\20170815\main06120924\dx11engine\include\Structure.h(674): warning C4244: '=': 'int'에서 'float'(으)로 변환하면서 데이터가 손실될 수 있습니다.
c:\users\hsj\desktop\20170815\main06120924\dx11engine\include\Structure.h(675): warning C4244: '=': 'int'에서 'float'(으)로 변환하면서 데이터가 손실될 수 있습니다.
  Dx11Device.cpp
c:\users\hsj\desktop\20170815\main06120924\dx11engine\include\Structure.h(496): warning C4244: '=': 'int'에서 'float'(으)로 변환하면서 데이터가 손실될 수 있습니다.
c:\users\hsj\desktop\20170815\main06120924\dx11engine\include\Structure.h(497): warning C4244: '=': 'int'에서 'float'(으)로 변환하면서 데이터가 손실될 수 있습니다.
c:\users\hsj\desktop\20170815\main06120924\dx11engine\include\Structure.h(498): warning C4244: '=': 'int'에서 'float'(으)로 변환하면서 데이터가 손실될 수 있습니다.
c:\users\hsj\desktop\20170815\main06120924\dx11engine\include\Structure.h(499): warning C4244: '=': 'int'에서 'float'(으)로 변환하면서 데이터가 손실될 수 있습니다.
c:\users\hsj\desktop\20170815\main06120924\dx11engine\include\Structure.h(672): warning C4244: '=': 'int'에서 'float'(으)로 변환하면서 데이터가 손실될 수 있습니다.
c:\users\hsj\desktop\20170815\main06120924\dx11engine\include\Structure.h(673): warning C4244: '=': 'int'에서 'float'(으)로 변환하면서 데이터가 손실될 수 있습니다.
c:\users\hsj\desktop\20170815\main06120924\dx11engine\include\Structure.h(674): warning C4244: '=': 'int'에서 'float'(으)로 변환하면서 데이터가 손실될 수 있습니다.
c:\users\hsj\desktop\20170815\main06120924\dx11engine\include\Structure.h(675): warning C4244: '=': 'int'에서 'float'(으)로 변환하면서 데이터가 손실될 수 있습니다.
  Dx11File.cpp
c:\users\hsj\desktop\20170815\main06120924\dx11engine\include\Structure.h(496): warning C4244: '=': 'int'에서 'float'(으)로 변환하면서 데이터가 손실될 수 있습니다.
c:\users\hsj\desktop\20170815\main06120924\dx11engine\include\Structure.h(497): warning C4244: '=': 'int'에서 'float'(으)로 변환하면서 데이터가 손실될 수 있습니다.
c:\users\hsj\desktop\20170815\main06120924\dx11engine\include\Structure.h(498): warning C4244: '=': 'int'에서 'float'(으)로 변환하면서 데이터가 손실될 수 있습니다.
c:\users\hsj\desktop\20170815\main06120924\dx11engine\include\Structure.h(499): warning C4244: '=': 'int'에서 'float'(으)로 변환하면서 데이터가 손실될 수 있습니다.
c:\users\hsj\desktop\20170815\main06120924\dx11engine\include\Structure.h(672): warning C4244: '=': 'int'에서 'float'(으)로 변환하면서 데이터가 손실될 수 있습니다.
c:\users\hsj\desktop\20170815\main06120924\dx11engine\include\Structure.h(673): warning C4244: '=': 'int'에서 'float'(으)로 변환하면서 데이터가 손실될 수 있습니다.
c:\users\hsj\desktop\20170815\main06120924\dx11engine\include\Structure.h(674): warning C4244: '=': 'int'에서 'float'(으)로 변환하면서 데이터가 손실될 수 있습니다.
c:\users\hsj\desktop\20170815\main06120924\dx11engine\include\Structure.h(675): warning C4244: '=': 'int'에서 'float'(으)로 변환하면서 데이터가 손실될 수 있습니다.
  Dx11Input.cpp
c:\users\hsj\desktop\20170815\main06120924\dx11engine\include\Structure.h(496): warning C4244: '=': 'int'에서 'float'(으)로 변환하면서 데이터가 손실될 수 있습니다.
c:\users\hsj\desktop\20170815\main06120924\dx11engine\include\Structure.h(497): warning C4244: '=': 'int'에서 'float'(으)로 변환하면서 데이터가 손실될 수 있습니다.
c:\users\hsj\desktop\20170815\main06120924\dx11engine\include\Structure.h(498): warning C4244: '=': 'int'에서 'float'(으)로 변환하면서 데이터가 손실될 수 있습니다.
c:\users\hsj\desktop\20170815\main06120924\dx11engine\include\Structure.h(499): warning C4244: '=': 'int'에서 'float'(으)로 변환하면서 데이터가 손실될 수 있습니다.
c:\users\hsj\desktop\20170815\main06120924\dx11engine\include\Structure.h(672): warning C4244: '=': 'int'에서 'float'(으)로 변환하면서 데이터가 손실될 수 있습니다.
c:\users\hsj\desktop\20170815\main06120924\dx11engine\include\Structure.h(673): warning C4244: '=': 'int'에서 'float'(으)로 변환하면서 데이터가 손실될 수 있습니다.
c:\users\hsj\desktop\20170815\main06120924\dx11engine\include\Structure.h(674): warning C4244: '=': 'int'에서 'float'(으)로 변환하면서 데이터가 손실될 수 있습니다.
c:\users\hsj\desktop\20170815\main06120924\dx11engine\include\Structure.h(675): warning C4244: '=': 'int'에서 'float'(으)로 변환하면서 데이터가 손실될 수 있습니다.
  Dx11PathManager.cpp
c:\users\hsj\desktop\20170815\main06120924\dx11engine\include\Structure.h(496): warning C4244: '=': 'int'에서 'float'(으)로 변환하면서 데이터가 손실될 수 있습니다.
c:\users\hsj\desktop\20170815\main06120924\dx11engine\include\Structure.h(497): warning C4244: '=': 'int'에서 'float'(으)로 변환하면서 데이터가 손실될 수 있습니다.
c:\users\hsj\desktop\20170815\main06120924\dx11engine\include\Structure.h(498): warning C4244: '=': 'int'에서 'float'(으)로 변환하면서 데이터가 손실될 수 있습니다.
c:\users\hsj\desktop\20170815\main06120924\dx11engine\include\Structure.h(499): warning C4244: '=': 'int'에서 'float'(으)로 변환하면서 데이터가 손실될 수 있습니다.
c:\users\hsj\desktop\20170815\main06120924\dx11engine\include\Structure.h(672): warning C4244: '=': 'int'에서 'float'(으)로 변환하면서 데이터가 손실될 수 있습니다.
c:\users\hsj\desktop\20170815\main06120924\dx11engine\include\Structure.h(673): warning C4244: '=': 'int'에서 'float'(으)로 변환하면서 데이터가 손실될 수 있습니다.
c:\users\hsj\desktop\20170815\main06120924\dx11engine\include\Structure.h(674): warning C4244: '=': 'int'에서 'float'(으)로 변환하면서 데이터가 손실될 수 있습니다.
c:\users\hsj\desktop\20170815\main06120924\dx11engine\include\Structure.h(675): warning C4244: '=': 'int'에서 'float'(으)로 변환하면서 데이터가 손실될 수 있습니다.
  Dx11Scheduler.cpp
c:\users\hsj\desktop\20170815\main06120924\dx11engine\include\Structure.h(496): warning C4244: '=': 'int'에서 'float'(으)로 변환하면서 데이터가 손실될 수 있습니다.
c:\users\hsj\desktop\20170815\main06120924\dx11engine\include\Structure.h(497): warning C4244: '=': 'int'에서 'float'(으)로 변환하면서 데이터가 손실될 수 있습니다.
c:\users\hsj\desktop\20170815\main06120924\dx11engine\include\Structure.h(498): warning C4244: '=': 'int'에서 'float'(으)로 변환하면서 데이터가 손실될 수 있습니다.
c:\users\hsj\desktop\20170815\main06120924\dx11engine\include\Structure.h(499): warning C4244: '=': 'int'에서 'float'(으)로 변환하면서 데이터가 손실될 수 있습니다.
c:\users\hsj\desktop\20170815\main06120924\dx11engine\include\Structure.h(672): warning C4244: '=': 'int'에서 'float'(으)로 변환하면서 데이터가 손실될 수 있습니다.
c:\users\hsj\desktop\20170815\main06120924\dx11engine\include\Structure.h(673): warning C4244: '=': 'int'에서 'float'(으)로 변환하면서 데이터가 손실될 수 있습니다.
c:\users\hsj\desktop\20170815\main06120924\dx11engine\include\Structure.h(674): warning C4244: '=': 'int'에서 'float'(으)로 변환하면서 데이터가 손실될 수 있습니다.
c:\users\hsj\desktop\20170815\main06120924\dx11engine\include\Structure.h(675): warning C4244: '=': 'int'에서 'float'(으)로 변환하면서 데이터가 손실될 수 있습니다.
  Dx11Timer.cpp
c:\users\hsj\desktop\20170815\main06120924\dx11engine\include\Structure.h(496): warning C4244: '=': 'int'에서 'float'(으)로 변환하면서 데이터가 손실될 수 있습니다.
c:\users\hsj\desktop\20170815\main06120924\dx11engine\include\Structure.h(497): warning C4244: '=': 'int'에서 'float'(으)로 변환하면서 데이터가 손실될 수 있습니다.
c:\users\hsj\desktop\20170815\main06120924\dx11engine\include\Structure.h(498): warning C4244: '=': 'int'에서 'float'(으)로 변환하면서 데이터가 손실될 수 있습니다.
c:\users\hsj\desktop\20170815\main06120924\dx11engine\include\Structure.h(499): warning C4244: '=': 'int'에서 'float'(으)로 변환하면서 데이터가 손실될 수 있습니다.
c:\users\hsj\desktop\20170815\main06120924\dx11engine\include\Structure.h(672): warning C4244: '=': 'int'에서 'float'(으)로 변환하면서 데이터가 손실될 수 있습니다.
c:\users\hsj\desktop\20170815\main06120924\dx11engine\include\Structure.h(673): warning C4244: '=': 'int'에서 'float'(으)로 변환하면서 데이터가 손실될 수 있습니다.
c:\users\hsj\desktop\20170815\main06120924\dx11engine\include\Structure.h(674): warning C4244: '=': 'int'에서 'float'(으)로 변환하면서 데이터가 손실될 수 있습니다.
c:\users\hsj\desktop\20170815\main06120924\dx11engine\include\Structure.h(675): warning C4244: '=': 'int'에서 'float'(으)로 변환하면서 데이터가 손실될 수 있습니다.
  컴파일하고 있습니다...
  Dx11TimerManager.cpp
c:\users\hsj\desktop\20170815\main06120924\dx11engine\include\Structure.h(496): warning C4244: '=': 'int'에서 'float'(으)로 변환하면서 데이터가 손실될 수 있습니다.
c:\users\hsj\desktop\20170815\main06120924\dx11engine\include\Structure.h(497): warning C4244: '=': 'int'에서 'float'(으)로 변환하면서 데이터가 손실될 수 있습니다.
c:\users\hsj\desktop\20170815\main06120924\dx11engine\include\Structure.h(498): warning C4244: '=': 'int'에서 'float'(으)로 변환하면서 데이터가 손실될 수 있습니다.
c:\users\hsj\desktop\20170815\main06120924\dx11engine\include\Structure.h(499): warning C4244: '=': 'int'에서 'float'(으)로 변환하면서 데이터가 손실될 수 있습니다.
c:\users\hsj\desktop\20170815\main06120924\dx11engine\include\Structure.h(672): warning C4244: '=': 'int'에서 'float'(으)로 변환하면서 데이터가 손실될 수 있습니다.
c:\users\hsj\desktop\20170815\main06120924\dx11engine\include\Structure.h(673): warning C4244: '=': 'int'에서 'float'(으)로 변환하면서 데이터가 손실될 수 있습니다.
c:\users\hsj\desktop\20170815\main06120924\dx11engine\include\Structure.h(674): warning C4244: '=': 'int'에서 'float'(으)로 변환하면서 데이터가 손실될 수 있습니다.
c:\users\hsj\desktop\20170815\main06120924\dx11engine\include\Structure.h(675): warning C4244: '=': 'int'에서 'float'(으)로 변환하면서 데이터가 손실될 수 있습니다.
  Dx11Window.cpp
c:\users\hsj\desktop\20170815\main06120924\dx11engine\include\Structure.h(496): warning C4244: '=': 'int'에서 'float'(으)로 변환하면서 데이터가 손실될 수 있습니다.
c:\users\hsj\desktop\20170815\main06120924\dx11engine\include\Structure.h(497): warning C4244: '=': 'int'에서 'float'(으)로 변환하면서 데이터가 손실될 수 있습니다.
c:\users\hsj\desktop\20170815\main06120924\dx11engine\include\Structure.h(498): warning C4244: '=': 'int'에서 'float'(으)로 변환하면서 데이터가 손실될 수 있습니다.
c:\users\hsj\desktop\20170815\main06120924\dx11engine\include\Structure.h(499): warning C4244: '=': 'int'에서 'float'(으)로 변환하면서 데이터가 손실될 수 있습니다.
c:\users\hsj\desktop\20170815\main06120924\dx11engine\include\Structure.h(672): warning C4244: '=': 'int'에서 'float'(으)로 변환하면서 데이터가 손실될 수 있습니다.
c:\users\hsj\desktop\20170815\main06120924\dx11engine\include\Structure.h(673): warning C4244: '=': 'int'에서 'float'(으)로 변환하면서 데이터가 손실될 수 있습니다.
c:\users\hsj\desktop\20170815\main06120924\dx11engine\include\Structure.h(674): warning C4244: '=': 'int'에서 'float'(으)로 변환하면서 데이터가 손실될 수 있습니다.
c:\users\hsj\desktop\20170815\main06120924\dx11engine\include\Structure.h(675): warning C4244: '=': 'int'에서 'float'(으)로 변환하면서 데이터가 손실될 수 있습니다.
  Dx11Core.cpp
c:\users\hsj\desktop\20170815\main06120924\dx11engine\include\Structure.h(496): warning C4244: '=': 'int'에서 'float'(으)로 변환하면서 데이터가 손실될 수 있습니다.
c:\users\hsj\desktop\20170815\main06120924\dx11engine\include\Structure.h(497): warning C4244: '=': 'int'에서 'float'(으)로 변환하면서 데이터가 손실될 수 있습니다.
c:\users\hsj\desktop\20170815\main06120924\dx11engine\include\Structure.h(498): warning C4244: '=': 'int'에서 'float'(으)로 변환하면서 데이터가 손실될 수 있습니다.
c:\users\hsj\desktop\20170815\main06120924\dx11engine\include\Structure.h(499): warning C4244: '=': 'int'에서 'float'(으)로 변환하면서 데이터가 손실될 수 있습니다.
c:\users\hsj\desktop\20170815\main06120924\dx11engine\include\Structure.h(672): warning C4244: '=': 'int'에서 'float'(으)로 변환하면서 데이터가 손실될 수 있습니다.
c:\users\hsj\desktop\20170815\main06120924\dx11engine\include\Structure.h(673): warning C4244: '=': 'int'에서 'float'(으)로 변환하면서 데이터가 손실될 수 있습니다.
c:\users\hsj\desktop\20170815\main06120924\dx11engine\include\Structure.h(674): warning C4244: '=': 'int'에서 'float'(으)로 변환하면서 데이터가 손실될 수 있습니다.
c:\users\hsj\desktop\20170815\main06120924\dx11engine\include\Structure.h(675): warning C4244: '=': 'int'에서 'float'(으)로 변환하면서 데이터가 손실될 수 있습니다.
  Dx11FSM.cpp
c:\users\hsj\desktop\20170815\main06120924\dx11engine\include\Structure.h(496): warning C4244: '=': 'int'에서 'float'(으)로 변환하면서 데이터가 손실될 수 있습니다.
c:\users\hsj\desktop\20170815\main06120924\dx11engine\include\Structure.h(497): warning C4244: '=': 'int'에서 'float'(으)로 변환하면서 데이터가 손실될 수 있습니다.
c:\users\hsj\desktop\20170815\main06120924\dx11engine\include\Structure.h(498): warning C4244: '=': 'int'에서 'float'(으)로 변환하면서 데이터가 손실될 수 있습니다.
c:\users\hsj\desktop\20170815\main06120924\dx11engine\include\Structure.h(499): warning C4244: '=': 'int'에서 'float'(으)로 변환하면서 데이터가 손실될 수 있습니다.
c:\users\hsj\desktop\20170815\main06120924\dx11engine\include\Structure.h(672): warning C4244: '=': 'int'에서 'float'(으)로 변환하면서 데이터가 손실될 수 있습니다.
c:\users\hsj\desktop\20170815\main06120924\dx11engine\include\Structure.h(673): warning C4244: '=': 'int'에서 'float'(으)로 변환하면서 데이터가 손실될 수 있습니다.
c:\users\hsj\desktop\20170815\main06120924\dx11engine\include\Structure.h(674): warning C4244: '=': 'int'에서 'float'(으)로 변환하면서 데이터가 손실될 수 있습니다.
c:\users\hsj\desktop\20170815\main06120924\dx11engine\include\Structure.h(675): warning C4244: '=': 'int'에서 'float'(으)로 변환하면서 데이터가 손실될 수 있습니다.
  Dx11Object.cpp
c:\users\hsj\desktop\20170815\main06120924\dx11engine\include\Structure.h(496): warning C4244: '=': 'int'에서 'float'(으)로 변환하면서 데이터가 손실될 수 있습니다.
c:\users\hsj\desktop\20170815\main06120924\dx11engine\include\Structure.h(497): warning C4244: '=': 'int'에서 'float'(으)로 변환하면서 데이터가 손실될 수 있습니다.
c:\users\hsj\desktop\20170815\main06120924\dx11engine\include\Structure.h(498): warning C4244: '=': 'int'에서 'float'(으)로 변환하면서 데이터가 손실될 수 있습니다.
c:\users\hsj\desktop\20170815\main06120924\dx11engine\include\Structure.h(499): warning C4244: '=': 'int'에서 'float'(으)로 변환하면서 데이터가 손실될 수 있습니다.
c:\users\hsj\desktop\20170815\main06120924\dx11engine\include\Structure.h(672): warning C4244: '=': 'int'에서 'float'(으)로 변환하면서 데이터가 손실될 수 있습니다.
c:\users\hsj\desktop\20170815\main06120924\dx11engine\include\Structure.h(673): warning C4244: '=': 'int'에서 'float'(으)로 변환하면서 데이터가 손실될 수 있습니다.
c:\users\hsj\desktop\20170815\main06120924\dx11engine\include\Structure.h(674): warning C4244: '=': 'int'에서 'float'(으)로 변환하면서 데이터가 손실될 수 있습니다.
c:\users\hsj\desktop\20170815\main06120924\dx11engine\include\Structure.h(675): warning C4244: '=': 'int'에서 'float'(으)로 변환하면서 데이터가 손실될 수 있습니다.
  Dx11GameObject.cpp
c:\users\hsj\desktop\20170815\main06120924\dx11engine\include\Structure.h(496): warning C4244: '=': 'int'에서 'float'(으)로 변환하면서 데이터가 손실될 수 있습니다.
c:\users\hsj\desktop\20170815\main06120924\dx11engine\include\Structure.h(497): warning C4244: '=': 'int'에서 'float'(으)로 변환하면서 데이터가 손실될 수 있습니다.
c:\users\hsj\desktop\20170815\main06120924\dx11engine\include\Structure.h(498): warning C4244: '=': 'int'에서 'float'(으)로 변환하면서 데이터가 손실될 수 있습니다.
c:\users\hsj\desktop\20170815\main06120924\dx11engine\include\Structure.h(499): warning C4244: '=': 'int'에서 'float'(으)로 변환하면서 데이터가 손실될 수 있습니다.
c:\users\hsj\desktop\20170815\main06120924\dx11engine\include\Structure.h(672): warning C4244: '=': 'int'에서 'float'(으)로 변환하면서 데이터가 손실될 수 있습니다.
c:\users\hsj\desktop\20170815\main06120924\dx11engine\include\Structure.h(673): warning C4244: '=': 'int'에서 'float'(으)로 변환하면서 데이터가 손실될 수 있습니다.
c:\users\hsj\desktop\20170815\main06120924\dx11engine\include\Structure.h(674): warning C4244: '=': 'int'에서 'float'(으)로 변환하면서 데이터가 손실될 수 있습니다.
c:\users\hsj\desktop\20170815\main06120924\dx11engine\include\Structure.h(675): warning C4244: '=': 'int'에서 'float'(으)로 변환하면서 데이터가 손실될 수 있습니다.
  Dx11PrototypeManager.cpp
c:\users\hsj\desktop\20170815\main06120924\dx11engine\include\Structure.h(496): warning C4244: '=': 'int'에서 'float'(으)로 변환하면서 데이터가 손실될 수 있습니다.
c:\users\hsj\desktop\20170815\main06120924\dx11engine\include\Structure.h(497): warning C4244: '=': 'int'에서 'float'(으)로 변환하면서 데이터가 손실될 수 있습니다.
c:\users\hsj\desktop\20170815\main06120924\dx11engine\include\Structure.h(498): warning C4244: '=': 'int'에서 'float'(으)로 변환하면서 데이터가 손실될 수 있습니다.
c:\users\hsj\desktop\20170815\main06120924\dx11engine\include\Structure.h(499): warning C4244: '=': 'int'에서 'float'(으)로 변환하면서 데이터가 손실될 수 있습니다.
c:\users\hsj\desktop\20170815\main06120924\dx11engine\include\Structure.h(672): warning C4244: '=': 'int'에서 'float'(으)로 변환하면서 데이터가 손실될 수 있습니다.
c:\users\hsj\desktop\20170815\main06120924\dx11engine\include\Structure.h(673): warning C4244: '=': 'int'에서 'float'(으)로 변환하면서 데이터가 손실될 수 있습니다.
c:\users\hsj\desktop\20170815\main06120924\dx11engine\include\Structure.h(674): warning C4244: '=': 'int'에서 'float'(으)로 변환하면서 데이터가 손실될 수 있습니다.
c:\users\hsj\desktop\20170815\main06120924\dx11engine\include\Structure.h(675): warning C4244: '=': 'int'에서 'float'(으)로 변환하면서 데이터가 손실될 수 있습니다.
  Dx11BlendState.cpp
c:\users\hsj\desktop\20170815\main06120924\dx11engine\include\Structure.h(496): warning C4244: '=': 'int'에서 'float'(으)로 변환하면서 데이터가 손실될 수 있습니다.
c:\users\hsj\desktop\20170815\main06120924\dx11engine\include\Structure.h(497): warning C4244: '=': 'int'에서 'float'(으)로 변환하면서 데이터가 손실될 수 있습니다.
c:\users\hsj\desktop\20170815\main06120924\dx11engine\include\Structure.h(498): warning C4244: '=': 'int'에서 'float'(으)로 변환하면서 데이터가 손실될 수 있습니다.
c:\users\hsj\desktop\20170815\main06120924\dx11engine\include\Structure.h(499): warning C4244: '=': 'int'에서 'float'(으)로 변환하면서 데이터가 손실될 수 있습니다.
c:\users\hsj\desktop\20170815\main06120924\dx11engine\include\Structure.h(672): warning C4244: '=': 'int'에서 'float'(으)로 변환하면서 데이터가 손실될 수 있습니다.
c:\users\hsj\desktop\20170815\main06120924\dx11engine\include\Structure.h(673): warning C4244: '=': 'int'에서 'float'(으)로 변환하면서 데이터가 손실될 수 있습니다.
c:\users\hsj\desktop\20170815\main06120924\dx11engine\include\Structure.h(674): warning C4244: '=': 'int'에서 'float'(으)로 변환하면서 데이터가 손실될 수 있습니다.
c:\users\hsj\desktop\20170815\main06120924\dx11engine\include\Structure.h(675): warning C4244: '=': 'int'에서 'float'(으)로 변환하면서 데이터가 손실될 수 있습니다.
  Dx11DepthStencilState.cpp
c:\users\hsj\desktop\20170815\main06120924\dx11engine\include\Structure.h(496): warning C4244: '=': 'int'에서 'float'(으)로 변환하면서 데이터가 손실될 수 있습니다.
c:\users\hsj\desktop\20170815\main06120924\dx11engine\include\Structure.h(497): warning C4244: '=': 'int'에서 'float'(으)로 변환하면서 데이터가 손실될 수 있습니다.
c:\users\hsj\desktop\20170815\main06120924\dx11engine\include\Structure.h(498): warning C4244: '=': 'int'에서 'float'(으)로 변환하면서 데이터가 손실될 수 있습니다.
c:\users\hsj\desktop\20170815\main06120924\dx11engine\include\Structure.h(499): warning C4244: '=': 'int'에서 'float'(으)로 변환하면서 데이터가 손실될 수 있습니다.
c:\users\hsj\desktop\20170815\main06120924\dx11engine\include\Structure.h(672): warning C4244: '=': 'int'에서 'float'(으)로 변환하면서 데이터가 손실될 수 있습니다.
c:\users\hsj\desktop\20170815\main06120924\dx11engine\include\Structure.h(673): warning C4244: '=': 'int'에서 'float'(으)로 변환하면서 데이터가 손실될 수 있습니다.
c:\users\hsj\desktop\20170815\main06120924\dx11engine\include\Structure.h(674): warning C4244: '=': 'int'에서 'float'(으)로 변환하면서 데이터가 손실될 수 있습니다.
c:\users\hsj\desktop\20170815\main06120924\dx11engine\include\Structure.h(675): warning C4244: '=': 'int'에서 'float'(으)로 변환하면서 데이터가 손실될 수 있습니다.
  Dx11RasterizerState.cpp
c:\users\hsj\desktop\20170815\main06120924\dx11engine\include\Structure.h(496): warning C4244: '=': 'int'에서 'float'(으)로 변환하면서 데이터가 손실될 수 있습니다.
c:\users\hsj\desktop\20170815\main06120924\dx11engine\include\Structure.h(497): warning C4244: '=': 'int'에서 'float'(으)로 변환하면서 데이터가 손실될 수 있습니다.
c:\users\hsj\desktop\20170815\main06120924\dx11engine\include\Structure.h(498): warning C4244: '=': 'int'에서 'float'(으)로 변환하면서 데이터가 손실될 수 있습니다.
c:\users\hsj\desktop\20170815\main06120924\dx11engine\include\Structure.h(499): warning C4244: '=': 'int'에서 'float'(으)로 변환하면서 데이터가 손실될 수 있습니다.
c:\users\hsj\desktop\20170815\main06120924\dx11engine\include\Structure.h(672): warning C4244: '=': 'int'에서 'float'(으)로 변환하면서 데이터가 손실될 수 있습니다.
c:\users\hsj\desktop\20170815\main06120924\dx11engine\include\Structure.h(673): warning C4244: '=': 'int'에서 'float'(으)로 변환하면서 데이터가 손실될 수 있습니다.
c:\users\hsj\desktop\20170815\main06120924\dx11engine\include\Structure.h(674): warning C4244: '=': 'int'에서 'float'(으)로 변환하면서 데이터가 손실될 수 있습니다.
c:\users\hsj\desktop\20170815\main06120924\dx11engine\include\Structure.h(675): warning C4244: '=': 'int'에서 'float'(으)로 변환하면서 데이터가 손실될 수 있습니다.
  Dx11RenderManager.cpp
c:\users\hsj\desktop\20170815\main06120924\dx11engine\include\Structure.h(496): warning C4244: '=': 'int'에서 'float'(으)로 변환하면서 데이터가 손실될 수 있습니다.
c:\users\hsj\desktop\20170815\main06120924\dx11engine\include\Structure.h(497): warning C4244: '=': 'int'에서 'float'(으)로 변환하면서 데이터가 손실될 수 있습니다.
c:\users\hsj\desktop\20170815\main06120924\dx11engine\include\Structure.h(498): warning C4244: '=': 'int'에서 'float'(으)로 변환하면서 데이터가 손실될 수 있습니다.
c:\users\hsj\desktop\20170815\main06120924\dx11engine\include\Structure.h(499): warning C4244: '=': 'int'에서 'float'(으)로 변환하면서 데이터가 손실될 수 있습니다.
c:\users\hsj\desktop\20170815\main06120924\dx11engine\include\Structure.h(672): warning C4244: '=': 'int'에서 'float'(으)로 변환하면서 데이터가 손실될 수 있습니다.
c:\users\hsj\desktop\20170815\main06120924\dx11engine\include\Structure.h(673): warning C4244: '=': 'int'에서 'float'(으)로 변환하면서 데이터가 손실될 수 있습니다.
c:\users\hsj\desktop\20170815\main06120924\dx11engine\include\Structure.h(674): warning C4244: '=': 'int'에서 'float'(으)로 변환하면서 데이터가 손실될 수 있습니다.
c:\users\hsj\desktop\20170815\main06120924\dx11engine\include\Structure.h(675): warning C4244: '=': 'int'에서 'float'(으)로 변환하면서 데이터가 손실될 수 있습니다.
  Dx11RenderState.cpp
c:\users\hsj\desktop\20170815\main06120924\dx11engine\include\Structure.h(496): warning C4244: '=': 'int'에서 'float'(으)로 변환하면서 데이터가 손실될 수 있습니다.
c:\users\hsj\desktop\20170815\main06120924\dx11engine\include\Structure.h(497): warning C4244: '=': 'int'에서 'float'(으)로 변환하면서 데이터가 손실될 수 있습니다.
c:\users\hsj\desktop\20170815\main06120924\dx11engine\include\Structure.h(498): warning C4244: '=': 'int'에서 'float'(으)로 변환하면서 데이터가 손실될 수 있습니다.
c:\users\hsj\desktop\20170815\main06120924\dx11engine\include\Structure.h(499): warning C4244: '=': 'int'에서 'float'(으)로 변환하면서 데이터가 손실될 수 있습니다.
c:\users\hsj\desktop\20170815\main06120924\dx11engine\include\Structure.h(672): warning C4244: '=': 'int'에서 'float'(으)로 변환하면서 데이터가 손실될 수 있습니다.
c:\users\hsj\desktop\20170815\main06120924\dx11engine\include\Structure.h(673): warning C4244: '=': 'int'에서 'float'(으)로 변환하면서 데이터가 손실될 수 있습니다.
c:\users\hsj\desktop\20170815\main06120924\dx11engine\include\Structure.h(674): warning C4244: '=': 'int'에서 'float'(으)로 변환하면서 데이터가 손실될 수 있습니다.
c:\users\hsj\desktop\20170815\main06120924\dx11engine\include\Structure.h(675): warning C4244: '=': 'int'에서 'float'(으)로 변환하면서 데이터가 손실될 수 있습니다.
  Dx11FbxLoader.cpp
c:\users\hsj\desktop\20170815\main06120924\dx11engine\include\Structure.h(496): warning C4244: '=': 'int'에서 'float'(으)로 변환하면서 데이터가 손실될 수 있습니다.
c:\users\hsj\desktop\20170815\main06120924\dx11engine\include\Structure.h(497): warning C4244: '=': 'int'에서 'float'(으)로 변환하면서 데이터가 손실될 수 있습니다.
c:\users\hsj\desktop\20170815\main06120924\dx11engine\include\Structure.h(498): warning C4244: '=': 'int'에서 'float'(으)로 변환하면서 데이터가 손실될 수 있습니다.
c:\users\hsj\desktop\20170815\main06120924\dx11engine\include\Structure.h(499): warning C4244: '=': 'int'에서 'float'(으)로 변환하면서 데이터가 손실될 수 있습니다.
c:\users\hsj\desktop\20170815\main06120924\dx11engine\include\Structure.h(672): warning C4244: '=': 'int'에서 'float'(으)로 변환하면서 데이터가 손실될 수 있습니다.
c:\users\hsj\desktop\20170815\main06120924\dx11engine\include\Structure.h(673): warning C4244: '=': 'int'에서 'float'(으)로 변환하면서 데이터가 손실될 수 있습니다.
c:\users\hsj\desktop\20170815\main06120924\dx11engine\include\Structure.h(674): warning C4244: '=': 'int'에서 'float'(으)로 변환하면서 데이터가 손실될 수 있습니다.
c:\users\hsj\desktop\20170815\main06120924\dx11engine\include\Structure.h(675): warning C4244: '=': 'int'에서 'float'(으)로 변환하면서 데이터가 손실될 수 있습니다.
Resources\Dx11FbxLoader.cpp(959): warning C4244: '+=': 'double'에서 'float'(으)로 변환하면서 데이터가 손실될 수 있습니다.
Resources\Dx11FbxLoader.cpp(975): warning C4244: '=': 'double'에서 'float'(으)로 변환하면서 데이터가 손실될 수 있습니다.
  Dx11Mesh.cpp
c:\users\hsj\desktop\20170815\main06120924\dx11engine\include\Structure.h(496): warning C4244: '=': 'int'에서 'float'(으)로 변환하면서 데이터가 손실될 수 있습니다.
c:\users\hsj\desktop\20170815\main06120924\dx11engine\include\Structure.h(497): warning C4244: '=': 'int'에서 'float'(으)로 변환하면서 데이터가 손실될 수 있습니다.
c:\users\hsj\desktop\20170815\main06120924\dx11engine\include\Structure.h(498): warning C4244: '=': 'int'에서 'float'(으)로 변환하면서 데이터가 손실될 수 있습니다.
c:\users\hsj\desktop\20170815\main06120924\dx11engine\include\Structure.h(499): warning C4244: '=': 'int'에서 'float'(으)로 변환하면서 데이터가 손실될 수 있습니다.
c:\users\hsj\desktop\20170815\main06120924\dx11engine\include\Structure.h(672): warning C4244: '=': 'int'에서 'float'(으)로 변환하면서 데이터가 손실될 수 있습니다.
c:\users\hsj\desktop\20170815\main06120924\dx11engine\include\Structure.h(673): warning C4244: '=': 'int'에서 'float'(으)로 변환하면서 데이터가 손실될 수 있습니다.
c:\users\hsj\desktop\20170815\main06120924\dx11engine\include\Structure.h(674): warning C4244: '=': 'int'에서 'float'(으)로 변환하면서 데이터가 손실될 수 있습니다.
c:\users\hsj\desktop\20170815\main06120924\dx11engine\include\Structure.h(675): warning C4244: '=': 'int'에서 'float'(으)로 변환하면서 데이터가 손실될 수 있습니다.
Resources\Dx11Mesh.cpp(60): warning C4018: '<=': signed 또는 unsigned가 일치하지 않습니다.
Resources\Dx11Mesh.cpp(63): warning C4018: '<=': signed 또는 unsigned가 일치하지 않습니다.
Resources\Dx11Mesh.cpp(132): warning C4244: '=': 'fbxsdk::FbxDouble'에서 'float'(으)로 변환하면서 데이터가 손실될 수 있습니다.
Resources\Dx11Mesh.cpp(133): warning C4244: '=': 'fbxsdk::FbxDouble'에서 'float'(으)로 변환하면서 데이터가 손실될 수 있습니다.
Resources\Dx11Mesh.cpp(134): warning C4244: '=': 'fbxsdk::FbxDouble'에서 'float'(으)로 변환하면서 데이터가 손실될 수 있습니다.
Resources\Dx11Mesh.cpp(136): warning C4244: '=': 'fbxsdk::FbxDouble'에서 'float'(으)로 변환하면서 데이터가 손실될 수 있습니다.
Resources\Dx11Mesh.cpp(137): warning C4244: '=': 'fbxsdk::FbxDouble'에서 'float'(으)로 변환하면서 데이터가 손실될 수 있습니다.
Resources\Dx11Mesh.cpp(138): warning C4244: '=': 'fbxsdk::FbxDouble'에서 'float'(으)로 변환하면서 데이터가 손실될 수 있습니다.
Resources\Dx11Mesh.cpp(140): warning C4244: '=': 'fbxsdk::FbxDouble'에서 'float'(으)로 변환하면서 데이터가 손실될 수 있습니다.
Resources\Dx11Mesh.cpp(141): warning C4244: '=': 'fbxsdk::FbxDouble'에서 'float'(으)로 변환하면서 데이터가 손실될 수 있습니다.
Resources\Dx11Mesh.cpp(143): warning C4244: '=': 'fbxsdk::FbxDouble'에서 'float'(으)로 변환하면서 데이터가 손실될 수 있습니다.
Resources\Dx11Mesh.cpp(144): warning C4244: '=': 'fbxsdk::FbxDouble'에서 'float'(으)로 변환하면서 데이터가 손실될 수 있습니다.
Resources\Dx11Mesh.cpp(145): warning C4244: '=': 'fbxsdk::FbxDouble'에서 'float'(으)로 변환하면서 데이터가 손실될 수 있습니다.
Resources\Dx11Mesh.cpp(147): warning C4244: '=': 'fbxsdk::FbxDouble'에서 'float'(으)로 변환하면서 데이터가 손실될 수 있습니다.
Resources\Dx11Mesh.cpp(148): warning C4244: '=': 'fbxsdk::FbxDouble'에서 'float'(으)로 변환하면서 데이터가 손실될 수 있습니다.
Resources\Dx11Mesh.cpp(149): warning C4244: '=': 'fbxsdk::FbxDouble'에서 'float'(으)로 변환하면서 데이터가 손실될 수 있습니다.
Resources\Dx11Mesh.cpp(151): warning C4244: '=': 'fbxsdk::FbxDouble'에서 'float'(으)로 변환하면서 데이터가 손실될 수 있습니다.
Resources\Dx11Mesh.cpp(152): warning C4244: '=': 'fbxsdk::FbxDouble'에서 'float'(으)로 변환하면서 데이터가 손실될 수 있습니다.
Resources\Dx11Mesh.cpp(153): warning C4244: '=': 'fbxsdk::FbxDouble'에서 'float'(으)로 변환하면서 데이터가 손실될 수 있습니다.
Resources\Dx11Mesh.cpp(154): warning C4244: '=': 'fbxsdk::FbxDouble'에서 'float'(으)로 변환하면서 데이터가 손실될 수 있습니다.
Resources\Dx11Mesh.cpp(156): warning C4244: '=': 'fbxsdk::FbxDouble'에서 'float'(으)로 변환하면서 데이터가 손실될 수 있습니다.
Resources\Dx11Mesh.cpp(157): warning C4244: '=': 'fbxsdk::FbxDouble'에서 'float'(으)로 변환하면서 데이터가 손실될 수 있습니다.
Resources\Dx11Mesh.cpp(158): warning C4244: '=': 'fbxsdk::FbxDouble'에서 'float'(으)로 변환하면서 데이터가 손실될 수 있습니다.
Resources\Dx11Mesh.cpp(159): warning C4244: '=': 'fbxsdk::FbxDouble'에서 'float'(으)로 변환하면서 데이터가 손실될 수 있습니다.
Resources\Dx11Mesh.cpp(175): warning C4244: '=': 'fbxsdk::FbxDouble'에서 'float'(으)로 변환하면서 데이터가 손실될 수 있습니다.
Resources\Dx11Mesh.cpp(176): warning C4244: '=': 'fbxsdk::FbxDouble'에서 'float'(으)로 변환하면서 데이터가 손실될 수 있습니다.
Resources\Dx11Mesh.cpp(177): warning C4244: '=': 'fbxsdk::FbxDouble'에서 'float'(으)로 변환하면서 데이터가 손실될 수 있습니다.
Resources\Dx11Mesh.cpp(179): warning C4244: '=': 'fbxsdk::FbxDouble'에서 'float'(으)로 변환하면서 데이터가 손실될 수 있습니다.
Resources\Dx11Mesh.cpp(180): warning C4244: '=': 'fbxsdk::FbxDouble'에서 'float'(으)로 변환하면서 데이터가 손실될 수 있습니다.
Resources\Dx11Mesh.cpp(181): warning C4244: '=': 'fbxsdk::FbxDouble'에서 'float'(으)로 변환하면서 데이터가 손실될 수 있습니다.
Resources\Dx11Mesh.cpp(183): warning C4244: '=': 'fbxsdk::FbxDouble'에서 'float'(으)로 변환하면서 데이터가 손실될 수 있습니다.
Resources\Dx11Mesh.cpp(184): warning C4244: '=': 'fbxsdk::FbxDouble'에서 'float'(으)로 변환하면서 데이터가 손실될 수 있습니다.
Resources\Dx11Mesh.cpp(186): warning C4244: '=': 'fbxsdk::FbxDouble'에서 'float'(으)로 변환하면서 데이터가 손실될 수 있습니다.
Resources\Dx11Mesh.cpp(187): warning C4244: '=': 'fbxsdk::FbxDouble'에서 'float'(으)로 변환하면서 데이터가 손실될 수 있습니다.
Resources\Dx11Mesh.cpp(188): warning C4244: '=': 'fbxsdk::FbxDouble'에서 'float'(으)로 변환하면서 데이터가 손실될 수 있습니다.
Resources\Dx11Mesh.cpp(189): warning C4244: '=': 'fbxsdk::FbxDouble'에서 'float'(으)로 변환하면서 데이터가 손실될 수 있습니다.
Resources\Dx11Mesh.cpp(191): warning C4244: '=': 'fbxsdk::FbxDouble'에서 'float'(으)로 변환하면서 데이터가 손실될 수 있습니다.
Resources\Dx11Mesh.cpp(192): warning C4244: '=': 'fbxsdk::FbxDouble'에서 'float'(으)로 변환하면서 데이터가 손실될 수 있습니다.
Resources\Dx11Mesh.cpp(193): warning C4244: '=': 'fbxsdk::FbxDouble'에서 'float'(으)로 변환하면서 데이터가 손실될 수 있습니다.
Resources\Dx11Mesh.cpp(194): warning C4244: '=': 'fbxsdk::FbxDouble'에서 'float'(으)로 변환하면서 데이터가 손실될 수 있습니다.
Resources\Dx11Mesh.cpp(214): warning C4244: '=': 'fbxsdk::FbxDouble'에서 'float'(으)로 변환하면서 데이터가 손실될 수 있습니다.
Resources\Dx11Mesh.cpp(215): warning C4244: '=': 'fbxsdk::FbxDouble'에서 'float'(으)로 변환하면서 데이터가 손실될 수 있습니다.
Resources\Dx11Mesh.cpp(216): warning C4244: '=': 'fbxsdk::FbxDouble'에서 'float'(으)로 변환하면서 데이터가 손실될 수 있습니다.
Resources\Dx11Mesh.cpp(218): warning C4244: '=': 'fbxsdk::FbxDouble'에서 'float'(으)로 변환하면서 데이터가 손실될 수 있습니다.
Resources\Dx11Mesh.cpp(219): warning C4244: '=': 'fbxsdk::FbxDouble'에서 'float'(으)로 변환하면서 데이터가 손실될 수 있습니다.
Resources\Dx11Mesh.cpp(220): warning C4244: '=': 'fbxsdk::FbxDouble'에서 'float'(으)로 변환하면서 데이터가 손실될 수 있습니다.
Resources\Dx11Mesh.cpp(222): warning C4244: '=': 'fbxsdk::FbxDouble'에서 'float'(으)로 변환하면서 데이터가 손실될 수 있습니다.
Resources\Dx11Mesh.cpp(223): warning C4244: '=': 'fbxsdk::FbxDouble'에서 'float'(으)로 변환하면서 데이터가 손실될 수 있습니다.
Resources\Dx11Mesh.cpp(225): warning C4244: '=': 'fbxsdk::FbxDouble'에서 'float'(으)로 변환하면서 데이터가 손실될 수 있습니다.
Resources\Dx11Mesh.cpp(226): warning C4244: '=': 'fbxsdk::FbxDouble'에서 'float'(으)로 변환하면서 데이터가 손실될 수 있습니다.
Resources\Dx11Mesh.cpp(227): warning C4244: '=': 'fbxsdk::FbxDouble'에서 'float'(으)로 변환하면서 데이터가 손실될 수 있습니다.
Resources\Dx11Mesh.cpp(229): warning C4244: '=': 'fbxsdk::FbxDouble'에서 'float'(으)로 변환하면서 데이터가 손실될 수 있습니다.
Resources\Dx11Mesh.cpp(230): warning C4244: '=': 'fbxsdk::FbxDouble'에서 'float'(으)로 변환하면서 데이터가 손실될 수 있습니다.
Resources\Dx11Mesh.cpp(231): warning C4244: '=': 'fbxsdk::FbxDouble'에서 'float'(으)로 변환하면서 데이터가 손실될 수 있습니다.
Resources\Dx11Mesh.cpp(247): warning C4244: '=': 'fbxsdk::FbxDouble'에서 'float'(으)로 변환하면서 데이터가 손실될 수 있습니다.
Resources\Dx11Mesh.cpp(248): warning C4244: '=': 'fbxsdk::FbxDouble'에서 'float'(으)로 변환하면서 데이터가 손실될 수 있습니다.
Resources\Dx11Mesh.cpp(249): warning C4244: '=': 'fbxsdk::FbxDouble'에서 'float'(으)로 변환하면서 데이터가 손실될 수 있습니다.
Resources\Dx11Mesh.cpp(251): warning C4244: '=': 'fbxsdk::FbxDouble'에서 'float'(으)로 변환하면서 데이터가 손실될 수 있습니다.
Resources\Dx11Mesh.cpp(252): warning C4244: '=': 'fbxsdk::FbxDouble'에서 'float'(으)로 변환하면서 데이터가 손실될 수 있습니다.
Resources\Dx11Mesh.cpp(253): warning C4244: '=': 'fbxsdk::FbxDouble'에서 'float'(으)로 변환하면서 데이터가 손실될 수 있습니다.
Resources\Dx11Mesh.cpp(255): warning C4244: '=': 'fbxsdk::FbxDouble'에서 'float'(으)로 변환하면서 데이터가 손실될 수 있습니다.
Resources\Dx11Mesh.cpp(256): warning C4244: '=': 'fbxsdk::FbxDouble'에서 'float'(으)로 변환하면서 데이터가 손실될 수 있습니다.
Resources\Dx11Mesh.cpp(286): warning C4244: '=': 'fbxsdk::FbxDouble'에서 'float'(으)로 변환하면서 데이터가 손실될 수 있습니다.
Resources\Dx11Mesh.cpp(287): warning C4244: '=': 'fbxsdk::FbxDouble'에서 'float'(으)로 변환하면서 데이터가 손실될 수 있습니다.
Resources\Dx11Mesh.cpp(288): warning C4244: '=': 'fbxsdk::FbxDouble'에서 'float'(으)로 변환하면서 데이터가 손실될 수 있습니다.
Resources\Dx11Mesh.cpp(290): warning C4244: '=': 'fbxsdk::FbxDouble'에서 'float'(으)로 변환하면서 데이터가 손실될 수 있습니다.
Resources\Dx11Mesh.cpp(291): warning C4244: '=': 'fbxsdk::FbxDouble'에서 'float'(으)로 변환하면서 데이터가 손실될 수 있습니다.
Resources\Dx11Mesh.cpp(292): warning C4244: '=': 'fbxsdk::FbxDouble'에서 'float'(으)로 변환하면서 데이터가 손실될 수 있습니다.
Resources\Dx11Mesh.cpp(294): warning C4244: '=': 'fbxsdk::FbxDouble'에서 'float'(으)로 변환하면서 데이터가 손실될 수 있습니다.
Resources\Dx11Mesh.cpp(295): warning C4244: '=': 'fbxsdk::FbxDouble'에서 'float'(으)로 변환하면서 데이터가 손실될 수 있습니다.
Resources\Dx11Mesh.cpp(296): warning C4244: '=': 'fbxsdk::FbxDouble'에서 'float'(으)로 변환하면서 데이터가 손실될 수 있습니다.
Resources\Dx11Mesh.cpp(298): warning C4244: '=': 'fbxsdk::FbxDouble'에서 'float'(으)로 변환하면서 데이터가 손실될 수 있습니다.
Resources\Dx11Mesh.cpp(299): warning C4244: '=': 'fbxsdk::FbxDouble'에서 'float'(으)로 변환하면서 데이터가 손실될 수 있습니다.
Resources\Dx11Mesh.cpp(300): warning C4244: '=': 'fbxsdk::FbxDouble'에서 'float'(으)로 변환하면서 데이터가 손실될 수 있습니다.
Resources\Dx11Mesh.cpp(391): warning C4244: '=': 'double'에서 'float'(으)로 변환하면서 데이터가 손실될 수 있습니다.
Resources\Dx11Mesh.cpp(401): warning C4244: '=': 'double'에서 'float'(으)로 변환하면서 데이터가 손실될 수 있습니다.
Resources\Dx11Mesh.cpp(415): warning C4244: '=': 'fbxsdk::FbxDouble'에서 'float'(으)로 변환하면서 데이터가 손실될 수 있습니다.
Resources\Dx11Mesh.cpp(416): warning C4244: '=': 'fbxsdk::FbxDouble'에서 'float'(으)로 변환하면서 데이터가 손실될 수 있습니다.
Resources\Dx11Mesh.cpp(417): warning C4244: '=': 'fbxsdk::FbxDouble'에서 'float'(으)로 변환하면서 데이터가 손실될 수 있습니다.
Resources\Dx11Mesh.cpp(420): warning C4244: '=': 'fbxsdk::FbxDouble'에서 'float'(으)로 변환하면서 데이터가 손실될 수 있습니다.
Resources\Dx11Mesh.cpp(421): warning C4244: '=': 'fbxsdk::FbxDouble'에서 'float'(으)로 변환하면서 데이터가 손실될 수 있습니다.
Resources\Dx11Mesh.cpp(422): warning C4244: '=': 'fbxsdk::FbxDouble'에서 'float'(으)로 변환하면서 데이터가 손실될 수 있습니다.
Resources\Dx11Mesh.cpp(425): warning C4244: '=': 'fbxsdk::FbxDouble'에서 'float'(으)로 변환하면서 데이터가 손실될 수 있습니다.
Resources\Dx11Mesh.cpp(426): warning C4244: '=': 'fbxsdk::FbxDouble'에서 'float'(으)로 변환하면서 데이터가 손실될 수 있습니다.
Resources\Dx11Mesh.cpp(427): warning C4244: '=': 'fbxsdk::FbxDouble'에서 'float'(으)로 변환하면서 데이터가 손실될 수 있습니다.
Resources\Dx11Mesh.cpp(428): warning C4244: '=': 'fbxsdk::FbxDouble'에서 'float'(으)로 변환하면서 데이터가 손실될 수 있습니다.
Resources\Dx11Mesh.cpp(438): warning C4244: '=': 'double'에서 'float'(으)로 변환하면서 데이터가 손실될 수 있습니다.
Resources\Dx11Mesh.cpp(445): warning C4244: '=': 'fbxsdk::FbxDouble'에서 'float'(으)로 변환하면서 데이터가 손실될 수 있습니다.
Resources\Dx11Mesh.cpp(446): warning C4244: '=': 'fbxsdk::FbxDouble'에서 'float'(으)로 변환하면서 데이터가 손실될 수 있습니다.
Resources\Dx11Mesh.cpp(447): warning C4244: '=': 'fbxsdk::FbxDouble'에서 'float'(으)로 변환하면서 데이터가 손실될 수 있습니다.
Resources\Dx11Mesh.cpp(449): warning C4244: '=': 'fbxsdk::FbxDouble'에서 'float'(으)로 변환하면서 데이터가 손실될 수 있습니다.
Resources\Dx11Mesh.cpp(450): warning C4244: '=': 'fbxsdk::FbxDouble'에서 'float'(으)로 변환하면서 데이터가 손실될 수 있습니다.
Resources\Dx11Mesh.cpp(451): warning C4244: '=': 'fbxsdk::FbxDouble'에서 'float'(으)로 변환하면서 데이터가 손실될 수 있습니다.
Resources\Dx11Mesh.cpp(453): warning C4244: '=': 'fbxsdk::FbxDouble'에서 'float'(으)로 변환하면서 데이터가 손실될 수 있습니다.
Resources\Dx11Mesh.cpp(454): warning C4244: '=': 'fbxsdk::FbxDouble'에서 'float'(으)로 변환하면서 데이터가 손실될 수 있습니다.
Resources\Dx11Mesh.cpp(455): warning C4244: '=': 'fbxsdk::FbxDouble'에서 'float'(으)로 변환하면서 데이터가 손실될 수 있습니다.
Resources\Dx11Mesh.cpp(456): warning C4244: '=': 'fbxsdk::FbxDouble'에서 'float'(으)로 변환하면서 데이터가 손실될 수 있습니다.
Resources\Dx11Mesh.cpp(522): warning C4018: '<': signed 또는 unsigned가 일치하지 않습니다.
  Dx11Resources.cpp
c:\users\hsj\desktop\20170815\main06120924\dx11engine\include\Structure.h(496): warning C4244: '=': 'int'에서 'float'(으)로 변환하면서 데이터가 손실될 수 있습니다.
c:\users\hsj\desktop\20170815\main06120924\dx11engine\include\Structure.h(497): warning C4244: '=': 'int'에서 'float'(으)로 변환하면서 데이터가 손실될 수 있습니다.
c:\users\hsj\desktop\20170815\main06120924\dx11engine\include\Structure.h(498): warning C4244: '=': 'int'에서 'float'(으)로 변환하면서 데이터가 손실될 수 있습니다.
c:\users\hsj\desktop\20170815\main06120924\dx11engine\include\Structure.h(499): warning C4244: '=': 'int'에서 'float'(으)로 변환하면서 데이터가 손실될 수 있습니다.
c:\users\hsj\desktop\20170815\main06120924\dx11engine\include\Structure.h(672): warning C4244: '=': 'int'에서 'float'(으)로 변환하면서 데이터가 손실될 수 있습니다.
c:\users\hsj\desktop\20170815\main06120924\dx11engine\include\Structure.h(673): warning C4244: '=': 'int'에서 'float'(으)로 변환하면서 데이터가 손실될 수 있습니다.
c:\users\hsj\desktop\20170815\main06120924\dx11engine\include\Structure.h(674): warning C4244: '=': 'int'에서 'float'(으)로 변환하면서 데이터가 손실될 수 있습니다.
c:\users\hsj\desktop\20170815\main06120924\dx11engine\include\Structure.h(675): warning C4244: '=': 'int'에서 'float'(으)로 변환하면서 데이터가 손실될 수 있습니다.
  Dx11ResourcesManager.cpp
c:\users\hsj\desktop\20170815\main06120924\dx11engine\include\Structure.h(496): warning C4244: '=': 'int'에서 'float'(으)로 변환하면서 데이터가 손실될 수 있습니다.
c:\users\hsj\desktop\20170815\main06120924\dx11engine\include\Structure.h(497): warning C4244: '=': 'int'에서 'float'(으)로 변환하면서 데이터가 손실될 수 있습니다.
c:\users\hsj\desktop\20170815\main06120924\dx11engine\include\Structure.h(498): warning C4244: '=': 'int'에서 'float'(으)로 변환하면서 데이터가 손실될 수 있습니다.
c:\users\hsj\desktop\20170815\main06120924\dx11engine\include\Structure.h(499): warning C4244: '=': 'int'에서 'float'(으)로 변환하면서 데이터가 손실될 수 있습니다.
c:\users\hsj\desktop\20170815\main06120924\dx11engine\include\Structure.h(672): warning C4244: '=': 'int'에서 'float'(으)로 변환하면서 데이터가 손실될 수 있습니다.
c:\users\hsj\desktop\20170815\main06120924\dx11engine\include\Structure.h(673): warning C4244: '=': 'int'에서 'float'(으)로 변환하면서 데이터가 손실될 수 있습니다.
c:\users\hsj\desktop\20170815\main06120924\dx11engine\include\Structure.h(674): warning C4244: '=': 'int'에서 'float'(으)로 변환하면서 데이터가 손실될 수 있습니다.
c:\users\hsj\desktop\20170815\main06120924\dx11engine\include\Structure.h(675): warning C4244: '=': 'int'에서 'float'(으)로 변환하면서 데이터가 손실될 수 있습니다.
  Dx11Texture.cpp
c:\users\hsj\desktop\20170815\main06120924\dx11engine\include\Structure.h(496): warning C4244: '=': 'int'에서 'float'(으)로 변환하면서 데이터가 손실될 수 있습니다.
c:\users\hsj\desktop\20170815\main06120924\dx11engine\include\Structure.h(497): warning C4244: '=': 'int'에서 'float'(으)로 변환하면서 데이터가 손실될 수 있습니다.
c:\users\hsj\desktop\20170815\main06120924\dx11engine\include\Structure.h(498): warning C4244: '=': 'int'에서 'float'(으)로 변환하면서 데이터가 손실될 수 있습니다.
c:\users\hsj\desktop\20170815\main06120924\dx11engine\include\Structure.h(499): warning C4244: '=': 'int'에서 'float'(으)로 변환하면서 데이터가 손실될 수 있습니다.
c:\users\hsj\desktop\20170815\main06120924\dx11engine\include\Structure.h(672): warning C4244: '=': 'int'에서 'float'(으)로 변환하면서 데이터가 손실될 수 있습니다.
c:\users\hsj\desktop\20170815\main06120924\dx11engine\include\Structure.h(673): warning C4244: '=': 'int'에서 'float'(으)로 변환하면서 데이터가 손실될 수 있습니다.
c:\users\hsj\desktop\20170815\main06120924\dx11engine\include\Structure.h(674): warning C4244: '=': 'int'에서 'float'(으)로 변환하면서 데이터가 손실될 수 있습니다.
c:\users\hsj\desktop\20170815\main06120924\dx11engine\include\Structure.h(675): warning C4244: '=': 'int'에서 'float'(으)로 변환하면서 데이터가 손실될 수 있습니다.
  Dx11Layer.cpp
c:\users\hsj\desktop\20170815\main06120924\dx11engine\include\Structure.h(496): warning C4244: '=': 'int'에서 'float'(으)로 변환하면서 데이터가 손실될 수 있습니다.
c:\users\hsj\desktop\20170815\main06120924\dx11engine\include\Structure.h(497): warning C4244: '=': 'int'에서 'float'(으)로 변환하면서 데이터가 손실될 수 있습니다.
c:\users\hsj\desktop\20170815\main06120924\dx11engine\include\Structure.h(498): warning C4244: '=': 'int'에서 'float'(으)로 변환하면서 데이터가 손실될 수 있습니다.
c:\users\hsj\desktop\20170815\main06120924\dx11engine\include\Structure.h(499): warning C4244: '=': 'int'에서 'float'(으)로 변환하면서 데이터가 손실될 수 있습니다.
c:\users\hsj\desktop\20170815\main06120924\dx11engine\include\Structure.h(672): warning C4244: '=': 'int'에서 'float'(으)로 변환하면서 데이터가 손실될 수 있습니다.
c:\users\hsj\desktop\20170815\main06120924\dx11engine\include\Structure.h(673): warning C4244: '=': 'int'에서 'float'(으)로 변환하면서 데이터가 손실될 수 있습니다.
c:\users\hsj\desktop\20170815\main06120924\dx11engine\include\Structure.h(674): warning C4244: '=': 'int'에서 'float'(으)로 변환하면서 데이터가 손실될 수 있습니다.
c:\users\hsj\desktop\20170815\main06120924\dx11engine\include\Structure.h(675): warning C4244: '=': 'int'에서 'float'(으)로 변환하면서 데이터가 손실될 수 있습니다.
  Dx11Scene.cpp
c:\users\hsj\desktop\20170815\main06120924\dx11engine\include\Structure.h(496): warning C4244: '=': 'int'에서 'float'(으)로 변환하면서 데이터가 손실될 수 있습니다.
c:\users\hsj\desktop\20170815\main06120924\dx11engine\include\Structure.h(497): warning C4244: '=': 'int'에서 'float'(으)로 변환하면서 데이터가 손실될 수 있습니다.
c:\users\hsj\desktop\20170815\main06120924\dx11engine\include\Structure.h(498): warning C4244: '=': 'int'에서 'float'(으)로 변환하면서 데이터가 손실될 수 있습니다.
c:\users\hsj\desktop\20170815\main06120924\dx11engine\include\Structure.h(499): warning C4244: '=': 'int'에서 'float'(으)로 변환하면서 데이터가 손실될 수 있습니다.
c:\users\hsj\desktop\20170815\main06120924\dx11engine\include\Structure.h(672): warning C4244: '=': 'int'에서 'float'(으)로 변환하면서 데이터가 손실될 수 있습니다.
c:\users\hsj\desktop\20170815\main06120924\dx11engine\include\Structure.h(673): warning C4244: '=': 'int'에서 'float'(으)로 변환하면서 데이터가 손실될 수 있습니다.
c:\users\hsj\desktop\20170815\main06120924\dx11engine\include\Structure.h(674): warning C4244: '=': 'int'에서 'float'(으)로 변환하면서 데이터가 손실될 수 있습니다.
c:\users\hsj\desktop\20170815\main06120924\dx11engine\include\Structure.h(675): warning C4244: '=': 'int'에서 'float'(으)로 변환하면서 데이터가 손실될 수 있습니다.
  Dx11SceneManager.cpp
c:\users\hsj\desktop\20170815\main06120924\dx11engine\include\Structure.h(496): warning C4244: '=': 'int'에서 'float'(으)로 변환하면서 데이터가 손실될 수 있습니다.
c:\users\hsj\desktop\20170815\main06120924\dx11engine\include\Structure.h(497): warning C4244: '=': 'int'에서 'float'(으)로 변환하면서 데이터가 손실될 수 있습니다.
c:\users\hsj\desktop\20170815\main06120924\dx11engine\include\Structure.h(498): warning C4244: '=': 'int'에서 'float'(으)로 변환하면서 데이터가 손실될 수 있습니다.
c:\users\hsj\desktop\20170815\main06120924\dx11engine\include\Structure.h(499): warning C4244: '=': 'int'에서 'float'(으)로 변환하면서 데이터가 손실될 수 있습니다.
c:\users\hsj\desktop\20170815\main06120924\dx11engine\include\Structure.h(672): warning C4244: '=': 'int'에서 'float'(으)로 변환하면서 데이터가 손실될 수 있습니다.
c:\users\hsj\desktop\20170815\main06120924\dx11engine\include\Structure.h(673): warning C4244: '=': 'int'에서 'float'(으)로 변환하면서 데이터가 손실될 수 있습니다.
c:\users\hsj\desktop\20170815\main06120924\dx11engine\include\Structure.h(674): warning C4244: '=': 'int'에서 'float'(으)로 변환하면서 데이터가 손실될 수 있습니다.
c:\users\hsj\desktop\20170815\main06120924\dx11engine\include\Structure.h(675): warning C4244: '=': 'int'에서 'float'(으)로 변환하면서 데이터가 손실될 수 있습니다.
  컴파일하고 있습니다...
  Dx11Shader.cpp
c:\users\hsj\desktop\20170815\main06120924\dx11engine\include\Structure.h(496): warning C4244: '=': 'int'에서 'float'(으)로 변환하면서 데이터가 손실될 수 있습니다.
c:\users\hsj\desktop\20170815\main06120924\dx11engine\include\Structure.h(497): warning C4244: '=': 'int'에서 'float'(으)로 변환하면서 데이터가 손실될 수 있습니다.
c:\users\hsj\desktop\20170815\main06120924\dx11engine\include\Structure.h(498): warning C4244: '=': 'int'에서 'float'(으)로 변환하면서 데이터가 손실될 수 있습니다.
c:\users\hsj\desktop\20170815\main06120924\dx11engine\include\Structure.h(499): warning C4244: '=': 'int'에서 'float'(으)로 변환하면서 데이터가 손실될 수 있습니다.
c:\users\hsj\desktop\20170815\main06120924\dx11engine\include\Structure.h(672): warning C4244: '=': 'int'에서 'float'(으)로 변환하면서 데이터가 손실될 수 있습니다.
c:\users\hsj\desktop\20170815\main06120924\dx11engine\include\Structure.h(673): warning C4244: '=': 'int'에서 'float'(으)로 변환하면서 데이터가 손실될 수 있습니다.
c:\users\hsj\desktop\20170815\main06120924\dx11engine\include\Structure.h(674): warning C4244: '=': 'int'에서 'float'(으)로 변환하면서 데이터가 손실될 수 있습니다.
c:\users\hsj\desktop\20170815\main06120924\dx11engine\include\Structure.h(675): warning C4244: '=': 'int'에서 'float'(으)로 변환하면서 데이터가 손실될 수 있습니다.
  Dx11ShaderManager.cpp
c:\users\hsj\desktop\20170815\main06120924\dx11engine\include\Structure.h(496): warning C4244: '=': 'int'에서 'float'(으)로 변환하면서 데이터가 손실될 수 있습니다.
c:\users\hsj\desktop\20170815\main06120924\dx11engine\include\Structure.h(497): warning C4244: '=': 'int'에서 'float'(으)로 변환하면서 데이터가 손실될 수 있습니다.
c:\users\hsj\desktop\20170815\main06120924\dx11engine\include\Structure.h(498): warning C4244: '=': 'int'에서 'float'(으)로 변환하면서 데이터가 손실될 수 있습니다.
c:\users\hsj\desktop\20170815\main06120924\dx11engine\include\Structure.h(499): warning C4244: '=': 'int'에서 'float'(으)로 변환하면서 데이터가 손실될 수 있습니다.
c:\users\hsj\desktop\20170815\main06120924\dx11engine\include\Structure.h(672): warning C4244: '=': 'int'에서 'float'(으)로 변환하면서 데이터가 손실될 수 있습니다.
c:\users\hsj\desktop\20170815\main06120924\dx11engine\include\Structure.h(673): warning C4244: '=': 'int'에서 'float'(으)로 변환하면서 데이터가 손실될 수 있습니다.
c:\users\hsj\desktop\20170815\main06120924\dx11engine\include\Structure.h(674): warning C4244: '=': 'int'에서 'float'(으)로 변환하면서 데이터가 손실될 수 있습니다.
c:\users\hsj\desktop\20170815\main06120924\dx11engine\include\Structure.h(675): warning C4244: '=': 'int'에서 'float'(으)로 변환하면서 데이터가 손실될 수 있습니다.
     C:\Users\HSJ\Desktop\20170815\main06120924\\Dx11Engine\Bin\Dx11Engine.lib 라이브러리 및 C:\Users\HSJ\Desktop\20170815\main06120924\\Dx11Engine\Bin\Dx11Engine.exp 개체를 생성하고 있습니다.
  코드를 생성하고 있습니다.
  9210 of 9260 functions (99.5%) were compiled, the rest were copied from previous compilation.
    958 functions were new in current compilation
    0 functions had inline decision re-evaluated but remain unchanged
  코드를 생성했습니다.
DirectXTex.lib(BC.obj) : warning LNK4099: 'DirectXTex.pdb' PDB를 'DirectXTex.lib(BC.obj)' 또는 'C:\Users\HSJ\Desktop\20170815\main06120924\Dx11Engine\Bin\DirectXTex.pdb'에서 찾을 수 없습니다. 디버그 정보가 없는 것처럼 개체를 링크합니다.
DirectXTex.lib(BC4BC5.obj) : warning LNK4099: 'DirectXTex.pdb' PDB를 'DirectXTex.lib(BC4BC5.obj)' 또는 'C:\Users\HSJ\Desktop\20170815\main06120924\Dx11Engine\Bin\DirectXTex.pdb'에서 찾을 수 없습니다. 디버그 정보가 없는 것처럼 개체를 링크합니다.
DirectXTex.lib(BC6HBC7.obj) : warning LNK4099: 'DirectXTex.pdb' PDB를 'DirectXTex.lib(BC6HBC7.obj)' 또는 'C:\Users\HSJ\Desktop\20170815\main06120924\Dx11Engine\Bin\DirectXTex.pdb'에서 찾을 수 없습니다. 디버그 정보가 없는 것처럼 개체를 링크합니다.
DirectXTex.lib(DirectXTexCompress.obj) : warning LNK4099: 'DirectXTex.pdb' PDB를 'DirectXTex.lib(DirectXTexCompress.obj)' 또는 'C:\Users\HSJ\Desktop\20170815\main06120924\Dx11Engine\Bin\DirectXTex.pdb'에서 찾을 수 없습니다. 디버그 정보가 없는 것처럼 개체를 링크합니다.
DirectXTex.lib(DirectXTexConvert.obj) : warning LNK4099: 'DirectXTex.pdb' PDB를 'DirectXTex.lib(DirectXTexConvert.obj)' 또는 'C:\Users\HSJ\Desktop\20170815\main06120924\Dx11Engine\Bin\DirectXTex.pdb'에서 찾을 수 없습니다. 디버그 정보가 없는 것처럼 개체를 링크합니다.
DirectXTex.lib(DirectXTexD3D11.obj) : warning LNK4099: 'DirectXTex.pdb' PDB를 'DirectXTex.lib(DirectXTexD3D11.obj)' 또는 'C:\Users\HSJ\Desktop\20170815\main06120924\Dx11Engine\Bin\DirectXTex.pdb'에서 찾을 수 없습니다. 디버그 정보가 없는 것처럼 개체를 링크합니다.
DirectXTex.lib(DirectXTexDDS.obj) : warning LNK4099: 'DirectXTex.pdb' PDB를 'DirectXTex.lib(DirectXTexDDS.obj)' 또는 'C:\Users\HSJ\Desktop\20170815\main06120924\Dx11Engine\Bin\DirectXTex.pdb'에서 찾을 수 없습니다. 디버그 정보가 없는 것처럼 개체를 링크합니다.
DirectXTex.lib(DirectXTexImage.obj) : warning LNK4099: 'DirectXTex.pdb' PDB를 'DirectXTex.lib(DirectXTexImage.obj)' 또는 'C:\Users\HSJ\Desktop\20170815\main06120924\Dx11Engine\Bin\DirectXTex.pdb'에서 찾을 수 없습니다. 디버그 정보가 없는 것처럼 개체를 링크합니다.
DirectXTex.lib(DirectXTexMipMaps.obj) : warning LNK4099: 'DirectXTex.pdb' PDB를 'DirectXTex.lib(DirectXTexMipMaps.obj)' 또는 'C:\Users\HSJ\Desktop\20170815\main06120924\Dx11Engine\Bin\DirectXTex.pdb'에서 찾을 수 없습니다. 디버그 정보가 없는 것처럼 개체를 링크합니다.
DirectXTex.lib(DirectXTexTGA.obj) : warning LNK4099: 'DirectXTex.pdb' PDB를 'DirectXTex.lib(DirectXTexTGA.obj)' 또는 'C:\Users\HSJ\Desktop\20170815\main06120924\Dx11Engine\Bin\DirectXTex.pdb'에서 찾을 수 없습니다. 디버그 정보가 없는 것처럼 개체를 링크합니다.
DirectXTex.lib(DirectXTexUtil.obj) : warning LNK4099: 'DirectXTex.pdb' PDB를 'DirectXTex.lib(DirectXTexUtil.obj)' 또는 'C:\Users\HSJ\Desktop\20170815\main06120924\Dx11Engine\Bin\DirectXTex.pdb'에서 찾을 수 없습니다. 디버그 정보가 없는 것처럼 개체를 링크합니다.
DirectXTex.lib(DirectXTexWIC.obj) : warning LNK4099: 'DirectXTex.pdb' PDB를 'DirectXTex.lib(DirectXTexWIC.obj)' 또는 'C:\Users\HSJ\Desktop\20170815\main06120924\Dx11Engine\Bin\DirectXTex.pdb'에서 찾을 수 없습니다. 디버그 정보가 없는 것처럼 개체를 링크합니다.
  Dx11Engine.vcxproj -> C:\Users\HSJ\Desktop\20170815\main06120924\\Dx11Engine\Bin\Dx11Engine.dll
  Dx11Engine.vcxproj -> C:\Users\HSJ\Desktop\20170815\main06120924\\Dx11Engine\Bin\Dx11Engine.pdb (Full PDB)
  .\Dx11Engine\Include\Scene\Dx11Layer.h
  1개 파일이 복사되었습니다.
  0개 파일이 복사되었습니다.
  .\Dx11Engine\Bin\Collider.cso
  .\Dx11Engine\Bin\Default.cso
  .\Dx11Engine\Bin\Dx11Engine.dll
  .\Dx11Engine\Bin\Dx11Engine.lib
  .\Dx11Engine\Bin\Effect.cso
  .\Dx11Engine\Bin\Share.cso
  .\Dx11Engine\Bin\Sky.cso
  .\Dx11Engine\Bin\UI.cso
  8개 파일이 복사되었습니다.
  파일을 찾을 수 없습니다-*.*
  0개 파일이 복사되었습니다.
  0개 파일이 복사되었습니다.
  잘못된 경로
  0개 파일이 복사되었습니다.
  0개 파일이 복사되었습니다.
  .\Dx11Engine\Bin\Collider.cso
  .\Dx11Engine\Bin\Default.cso
  .\Dx11Engine\Bin\Dx11Engine.dll
  .\Dx11Engine\Bin\Dx11Engine.lib
  .\Dx11Engine\Bin\Effect.cso
  .\Dx11Engine\Bin\Share.cso
  .\Dx11Engine\Bin\Sky.cso
  .\Dx11Engine\Bin\UI.cso
  8개 파일이 복사되었습니다.
