c:\users\hsj\desktop\main0610\dx11engine\include\release\vc140.pdb
c:\users\hsj\desktop\main0610\dx11engine\include\release\dx11lightdir.obj
c:\users\hsj\desktop\main0610\dx11engine\include\release\dx11light.obj
c:\users\hsj\desktop\main0610\dx11engine\include\release\dx11fsm.obj
c:\users\hsj\desktop\main0610\dx11engine\include\release\dx11component.obj
c:\users\hsj\desktop\main0610\dx11engine\include\release\dx11colliderterrain.obj
c:\users\hsj\desktop\main0610\dx11engine\include\release\dx11collidersphere.obj
c:\users\hsj\desktop\main0610\dx11engine\include\release\dx11colliderray.obj
c:\users\hsj\desktop\main0610\dx11engine\include\release\dx11colliderrc.obj
c:\users\hsj\desktop\main0610\dx11engine\include\release\dx11colliderpoint.obj
c:\users\hsj\desktop\main0610\dx11engine\include\release\dx11collideraabb.obj
c:\users\hsj\desktop\main0610\dx11engine\include\release\dx11collider.obj
c:\users\hsj\desktop\main0610\dx11engine\include\release\dx11camera3rd.obj
c:\users\hsj\desktop\main0610\dx11engine\include\release\dx11camera.obj
c:\users\hsj\desktop\main0610\dx11engine\include\release\dx11billboard.obj
c:\users\hsj\desktop\main0610\dx11engine\include\release\dx11animationclip.obj
c:\users\hsj\desktop\main0610\dx11engine\include\release\dx11animation3d.obj
c:\users\hsj\desktop\main0610\dx11engine\include\release\dx11animation2d.obj
c:\users\hsj\desktop\main0610\dx11engine\include\release\dx11colliderobb.obj
c:\users\hsj\desktop\main0610\dx11engine\include\release\dx11colliderfrustrum.obj
c:\users\hsj\desktop\main0610\dx11engine\include\release\dx11state.obj
c:\users\hsj\desktop\main0610\dx11engine\include\release\dx11scheduler.obj
c:\users\hsj\desktop\main0610\dx11engine\include\release\dx11pathmanager.obj
c:\users\hsj\desktop\main0610\dx11engine\include\release\dx11input.obj
c:\users\hsj\desktop\main0610\dx11engine\include\release\dx11file.obj
c:\users\hsj\desktop\main0610\dx11engine\include\release\dx11device.obj
c:\users\hsj\desktop\main0610\dx11engine\include\release\dx11debug.obj
c:\users\hsj\desktop\main0610\dx11engine\include\release\dx11collisionmanager.obj
c:\users\hsj\desktop\main0610\dx11engine\include\release\dx11uislot.obj
c:\users\hsj\desktop\main0610\dx11engine\include\release\dx11uipanel.obj
c:\users\hsj\desktop\main0610\dx11engine\include\release\dx11uiicon.obj
c:\users\hsj\desktop\main0610\dx11engine\include\release\dx11uibutton.obj
c:\users\hsj\desktop\main0610\dx11engine\include\release\dx11uibar.obj
c:\users\hsj\desktop\main0610\dx11engine\include\release\dx11ui.obj
c:\users\hsj\desktop\main0610\dx11engine\include\release\dx11transform.obj
c:\users\hsj\desktop\main0610\dx11engine\include\release\dx11terrain.obj
c:\users\hsj\desktop\main0610\dx11engine\include\release\dx11script.obj
c:\users\hsj\desktop\main0610\dx11engine\include\release\dx11renderer.obj
c:\users\hsj\desktop\main0610\dx11engine\include\release\dx11mouse.obj
c:\users\hsj\desktop\main0610\dx11engine\include\release\dx11material.obj
c:\users\hsj\desktop\main0610\dx11engine\include\release\dx11lightpoint.obj
c:\users\hsj\desktop\main0610\dx11engine\include\release\dx11scenemanager.obj
c:\users\hsj\desktop\main0610\dx11engine\include\release\dx11scene.obj
c:\users\hsj\desktop\main0610\dx11engine\include\release\dx11layer.obj
c:\users\hsj\desktop\main0610\dx11engine\include\release\dx11texture.obj
c:\users\hsj\desktop\main0610\dx11engine\include\release\dx11resourcesmanager.obj
c:\users\hsj\desktop\main0610\dx11engine\include\release\dx11resources.obj
c:\users\hsj\desktop\main0610\dx11engine\include\release\dx11mesh.obj
c:\users\hsj\desktop\main0610\dx11engine\include\release\dx11fbxloader.obj
c:\users\hsj\desktop\main0610\dx11engine\include\release\dx11renderstate.obj
c:\users\hsj\desktop\main0610\dx11engine\include\release\dx11rendermanager.obj
c:\users\hsj\desktop\main0610\dx11engine\include\release\dx11rasterizerstate.obj
c:\users\hsj\desktop\main0610\dx11engine\include\release\dx11depthstencilstate.obj
c:\users\hsj\desktop\main0610\dx11engine\include\release\dx11blendstate.obj
c:\users\hsj\desktop\main0610\dx11engine\include\release\dx11prototypemanager.obj
c:\users\hsj\desktop\main0610\dx11engine\include\release\dx11gameobject.obj
c:\users\hsj\desktop\main0610\dx11engine\include\release\dx11object.obj
c:\users\hsj\desktop\main0610\dx11engine\include\release\dx11core.obj
c:\users\hsj\desktop\main0610\dx11engine\include\release\dx11window.obj
c:\users\hsj\desktop\main0610\dx11engine\include\release\dx11timermanager.obj
c:\users\hsj\desktop\main0610\dx11engine\include\release\dx11timer.obj
c:\users\hsj\desktop\main0610\dx11engine\include\release\dx11shadermanager.obj
c:\users\hsj\desktop\main0610\dx11engine\include\release\dx11shader.obj
c:\users\hsj\desktop\main0610\dx11engine\bin\collider.cso
c:\users\hsj\desktop\main0610\dx11engine\bin\default.cso
c:\users\hsj\desktop\main0610\dx11engine\bin\effect.cso
c:\users\hsj\desktop\main0610\dx11engine\bin\share.cso
c:\users\hsj\desktop\main0610\dx11engine\bin\sky.cso
c:\users\hsj\desktop\main0610\dx11engine\bin\ui.cso
c:\users\hsj\desktop\main0610\dx11engine\bin\dx11engine.lib
c:\users\hsj\desktop\main0610\dx11engine\bin\dx11engine.exp
c:\users\hsj\desktop\main0610\dx11engine\bin\dx11engine.dll
c:\users\hsj\desktop\main0610\dx11engine\bin\dx11engine.ipdb
c:\users\hsj\desktop\main0610\dx11engine\bin\dx11engine.iobj
c:\users\hsj\desktop\main0610\dx11engine\bin\dx11engine.pdb
c:\users\hsj\desktop\main0610\\dx11engine\bin\dx11engine.pdb
c:\users\hsj\desktop\main0610\\dx11engine\bin\dx11engine.dll
c:\users\hsj\desktop\main0610\dx11engine\include\release\dx11engine.tlog\cl.command.1.tlog
c:\users\hsj\desktop\main0610\dx11engine\include\release\dx11engine.tlog\cl.read.1.tlog
c:\users\hsj\desktop\main0610\dx11engine\include\release\dx11engine.tlog\cl.write.1.tlog
c:\users\hsj\desktop\main0610\dx11engine\include\release\dx11engine.tlog\dx11engine.write.1u.tlog
c:\users\hsj\desktop\main0610\dx11engine\include\release\dx11engine.tlog\fxc.command.1.tlog
c:\users\hsj\desktop\main0610\dx11engine\include\release\dx11engine.tlog\fxc.read.1.tlog
c:\users\hsj\desktop\main0610\dx11engine\include\release\dx11engine.tlog\fxc.write.1.tlog
c:\users\hsj\desktop\main0610\dx11engine\include\release\dx11engine.tlog\link.command.1.tlog
c:\users\hsj\desktop\main0610\dx11engine\include\release\dx11engine.tlog\link.read.1.tlog
c:\users\hsj\desktop\main0610\dx11engine\include\release\dx11engine.tlog\link.write.1.tlog
