  CircularQueue.cpp
c:\program files (x86)\windows kits\8.1\include\um\dbghelp.h(1544): warning C4091: 'typedef ': 변수를 선언하지 않으면 '' 왼쪽은 무시됩니다.
c:\program files (x86)\windows kits\8.1\include\um\dbghelp.h(3190): warning C4091: 'typedef ': 변수를 선언하지 않으면 '' 왼쪽은 무시됩니다.
c:\users\lsy\documents\github\the-hunter\lsy\server\serverframework\basic library\log\log.h(20): warning C4996: 'vswprintf': function has been changed to conform with the ISO C standard, adding an extra character count parameter. To use the traditional Microsoft version, set _CRT_NON_CONFORMING_SWPRINTFS.
  c:\program files (x86)\windows kits\10\include\10.0.10240.0\ucrt\corecrt_wstdio.h(1835): note: 'vswprintf' 선언을 참조하십시오.
c:\users\lsy\documents\github\the-hunter\lsy\server\serverframework\basic library\log\log.h(24): warning C4996: '_snwprintf': This function or variable may be unsafe. Consider using _snwprintf_s instead. To disable deprecation, use _CRT_SECURE_NO_WARNINGS. See online help for details.
  c:\program files (x86)\windows kits\10\include\10.0.10240.0\ucrt\corecrt_wstdio.h(1665): note: '_snwprintf' 선언을 참조하십시오.
c:\users\lsy\documents\github\the-hunter\lsy\server\serverframework\basic library\log\log.h(32): warning C4996: '_snwprintf': This function or variable may be unsafe. Consider using _snwprintf_s instead. To disable deprecation, use _CRT_SECURE_NO_WARNINGS. See online help for details.
  c:\program files (x86)\windows kits\10\include\10.0.10240.0\ucrt\corecrt_wstdio.h(1665): note: '_snwprintf' 선언을 참조하십시오.
c:\users\lsy\documents\github\the-hunter\lsy\server\serverframework\basic library\log\log.h(38): warning C4996: '_wfopen': This function or variable may be unsafe. Consider using _wfopen_s instead. To disable deprecation, use _CRT_SECURE_NO_WARNINGS. See online help for details.
  c:\program files (x86)\windows kits\10\include\10.0.10240.0\ucrt\corecrt_wstdio.h(129): note: '_wfopen' 선언을 참조하십시오.
c:\users\lsy\documents\github\the-hunter\lsy\server\serverframework\basic library\log\log.h(43): warning C4996: '_snwprintf': This function or variable may be unsafe. Consider using _snwprintf_s instead. To disable deprecation, use _CRT_SECURE_NO_WARNINGS. See online help for details.
  c:\program files (x86)\windows kits\10\include\10.0.10240.0\ucrt\corecrt_wstdio.h(1665): note: '_snwprintf' 선언을 참조하십시오.
c:\users\lsy\documents\github\the-hunter\lsy\server\serverframework\basic library\log\log.h(67): warning C4996: 'vswprintf': function has been changed to conform with the ISO C standard, adding an extra character count parameter. To use the traditional Microsoft version, set _CRT_NON_CONFORMING_SWPRINTFS.
  c:\program files (x86)\windows kits\10\include\10.0.10240.0\ucrt\corecrt_wstdio.h(1835): note: 'vswprintf' 선언을 참조하십시오.
c:\users\lsy\documents\github\the-hunter\lsy\server\serverframework\basic library\log\log.h(71): warning C4473: '_snwprintf': 서식 문자열에 대한 인수가 충분하게 전달되지 않았습니다.
  c:\users\lsy\documents\github\the-hunter\lsy\server\serverframework\basic library\log\log.h(71): note: 자리 표시자 및 해당 매개 변수에는 variadic 인수가 6개 필요하지만 4개가 제공되었습니다.
  c:\users\lsy\documents\github\the-hunter\lsy\server\serverframework\basic library\log\log.h(71): note: 누락된 variadic 인수 5이(가) 서식 문자열 '%d'에 필요합니다.
c:\users\lsy\documents\github\the-hunter\lsy\server\serverframework\basic library\log\log.h(71): warning C4996: '_snwprintf': This function or variable may be unsafe. Consider using _snwprintf_s instead. To disable deprecation, use _CRT_SECURE_NO_WARNINGS. See online help for details.
  c:\program files (x86)\windows kits\10\include\10.0.10240.0\ucrt\corecrt_wstdio.h(1665): note: '_snwprintf' 선언을 참조하십시오.
c:\users\lsy\documents\github\the-hunter\lsy\server\serverframework\basic library\log\log.h(77): warning C4996: '_snwprintf': This function or variable may be unsafe. Consider using _snwprintf_s instead. To disable deprecation, use _CRT_SECURE_NO_WARNINGS. See online help for details.
  c:\program files (x86)\windows kits\10\include\10.0.10240.0\ucrt\corecrt_wstdio.h(1665): note: '_snwprintf' 선언을 참조하십시오.
c:\users\lsy\documents\github\the-hunter\lsy\server\serverframework\basic library\log\log.h(83): warning C4996: '_wfopen': This function or variable may be unsafe. Consider using _wfopen_s instead. To disable deprecation, use _CRT_SECURE_NO_WARNINGS. See online help for details.
  c:\program files (x86)\windows kits\10\include\10.0.10240.0\ucrt\corecrt_wstdio.h(129): note: '_wfopen' 선언을 참조하십시오.
c:\users\lsy\documents\github\the-hunter\lsy\server\serverframework\basic library\log\log.h(88): warning C4996: '_snwprintf': This function or variable may be unsafe. Consider using _snwprintf_s instead. To disable deprecation, use _CRT_SECURE_NO_WARNINGS. See online help for details.
  c:\program files (x86)\windows kits\10\include\10.0.10240.0\ucrt\corecrt_wstdio.h(1665): note: '_snwprintf' 선언을 참조하십시오.
c:\users\lsy\documents\github\the-hunter\lsy\server\serverframework\basic library\circlequeue\circularqueue.cpp(73): warning C4996: 'strncpy': This function or variable may be unsafe. Consider using strncpy_s instead. To disable deprecation, use _CRT_SECURE_NO_WARNINGS. See online help for details.
  c:\program files (x86)\windows kits\10\include\10.0.10240.0\ucrt\string.h(346): note: 'strncpy' 선언을 참조하십시오.
c:\users\lsy\documents\github\the-hunter\lsy\server\serverframework\basic library\circlequeue\circularqueue.cpp(129): warning C4996: 'strncpy': This function or variable may be unsafe. Consider using strncpy_s instead. To disable deprecation, use _CRT_SECURE_NO_WARNINGS. See online help for details.
  c:\program files (x86)\windows kits\10\include\10.0.10240.0\ucrt\string.h(346): note: 'strncpy' 선언을 참조하십시오.
c:\users\lsy\documents\github\the-hunter\lsy\server\serverframework\basic library\circlequeue\circularqueue.cpp(201): warning C4996: 'strncpy': This function or variable may be unsafe. Consider using strncpy_s instead. To disable deprecation, use _CRT_SECURE_NO_WARNINGS. See online help for details.
  c:\program files (x86)\windows kits\10\include\10.0.10240.0\ucrt\string.h(346): note: 'strncpy' 선언을 참조하십시오.
c:\users\lsy\documents\github\the-hunter\lsy\server\serverframework\basic library\circlequeue\circularqueue.cpp(253): warning C4996: 'strncpy': This function or variable may be unsafe. Consider using strncpy_s instead. To disable deprecation, use _CRT_SECURE_NO_WARNINGS. See online help for details.
  c:\program files (x86)\windows kits\10\include\10.0.10240.0\ucrt\string.h(346): note: 'strncpy' 선언을 참조하십시오.
  코드를 생성하고 있습니다...
  컴파일하고 있습니다...
  StreamSP.cpp
c:\program files (x86)\windows kits\8.1\include\um\dbghelp.h(1544): warning C4091: 'typedef ': 변수를 선언하지 않으면 '' 왼쪽은 무시됩니다.
c:\program files (x86)\windows kits\8.1\include\um\dbghelp.h(3190): warning C4091: 'typedef ': 변수를 선언하지 않으면 '' 왼쪽은 무시됩니다.
  Stream.cpp
c:\program files (x86)\windows kits\8.1\include\um\dbghelp.h(1544): warning C4091: 'typedef ': 변수를 선언하지 않으면 '' 왼쪽은 무시됩니다.
c:\program files (x86)\windows kits\8.1\include\um\dbghelp.h(3190): warning C4091: 'typedef ': 변수를 선언하지 않으면 '' 왼쪽은 무시됩니다.
  코드를 생성하고 있습니다...
  ServerFrameWork.vcxproj -> C:\Users\LSY\Documents\GitHub\The-Hunter\LSY\Server\ServerFrameWork\Debug\Basic Library.lib
