c:\users\lsy\documents\github\the-hunter\lsy\oneself\client\include\debug\vc140.pdb
c:\users\lsy\documents\github\the-hunter\lsy\oneself\client\include\debug\vc140.idb
c:\users\lsy\documents\github\the-hunter\lsy\oneself\client\include\debug\clientcore.obj
c:\users\lsy\documents\github\the-hunter\lsy\oneself\client\include\debug\main.obj
c:\users\lsy\documents\github\the-hunter\lsy\oneself\client\include\debug\bullet.obj
c:\users\lsy\documents\github\the-hunter\lsy\oneself\client\include\debug\invisibleobject.obj
c:\users\lsy\documents\github\the-hunter\lsy\oneself\client\include\debug\monster.obj
c:\users\lsy\documents\github\the-hunter\lsy\oneself\client\include\debug\player.obj
c:\users\lsy\documents\github\the-hunter\lsy\oneself\client\include\debug\skill2.obj
c:\users\lsy\documents\github\the-hunter\lsy\oneself\client\include\debug\skill4.obj
c:\users\lsy\documents\github\the-hunter\lsy\oneself\client\include\debug\logoscene.obj
c:\users\lsy\documents\github\the-hunter\lsy\oneself\client\include\debug\mainscene.obj
c:\users\lsy\documents\github\the-hunter\lsy\oneself\client\bin_debug\client_debug.ilk
c:\users\lsy\documents\github\the-hunter\lsy\oneself\client\bin_debug\client_debug.exe
c:\users\lsy\documents\github\the-hunter\lsy\oneself\client\bin_debug\client_debug.pdb
c:\users\lsy\documents\github\the-hunter\lsy\oneself\client\include\debug\client.res
c:\users\lsy\documents\github\the-hunter\lsy\oneself\/client/bin_debug\client_debug.pdb
c:\users\lsy\documents\github\the-hunter\lsy\oneself\/client/bin_debug\client_debug.exe
c:\users\lsy\documents\github\the-hunter\lsy\oneself\/client/bin_debug\client_debug.ilk
c:\users\lsy\documents\github\the-hunter\lsy\oneself\client\include\debug\client.tlog\cl.command.1.tlog
c:\users\lsy\documents\github\the-hunter\lsy\oneself\client\include\debug\client.tlog\cl.read.1.tlog
c:\users\lsy\documents\github\the-hunter\lsy\oneself\client\include\debug\client.tlog\cl.write.1.tlog
c:\users\lsy\documents\github\the-hunter\lsy\oneself\client\include\debug\client.tlog\link.command.1.tlog
c:\users\lsy\documents\github\the-hunter\lsy\oneself\client\include\debug\client.tlog\link.read.1.tlog
c:\users\lsy\documents\github\the-hunter\lsy\oneself\client\include\debug\client.tlog\link.write.1.tlog
c:\users\lsy\documents\github\the-hunter\lsy\oneself\client\include\debug\client.tlog\rc.command.1.tlog
c:\users\lsy\documents\github\the-hunter\lsy\oneself\client\include\debug\client.tlog\rc.read.1.tlog
c:\users\lsy\documents\github\the-hunter\lsy\oneself\client\include\debug\client.tlog\rc.write.1.tlog
