C:\Program Files (x86)\MSBuild\Microsoft.Cpp\v4.0\V140\Microsoft.CppBuild.targets(368,5): warning MSB8004: Output Directory does not end with a trailing slash.  This build instance will add the slash as it is required to allow proper evaluation of the Output Directory.
  MainScene.cpp
c:\users\lsy\documents\github\directx11\_lsy\oneself\engine\include\dx11object.h(14): warning C4251: 'DX11::CDx11Object::m_strTag': class 'std::basic_string<char,std::char_traits<char>,std::allocator<char>>'에서는 class 'DX11::CDx11Object'의 클라이언트에서 DLL 인터페이스를 사용하도록 지정해야 합니다.
  c:\program files (x86)\microsoft visual studio 14.0\vc\include\xstring(2633): note: 'std::basic_string<char,std::char_traits<char>,std::allocator<char>>' 선언을 참조하십시오.
c:\users\lsy\documents\github\directx11\_lsy\oneself\engine\include\dx11object.h(18): warning C4251: 'DX11::CDx11Object::m_strTypeName': class 'std::basic_string<char,std::char_traits<char>,std::allocator<char>>'에서는 class 'DX11::CDx11Object'의 클라이언트에서 DLL 인터페이스를 사용하도록 지정해야 합니다.
  c:\program files (x86)\microsoft visual studio 14.0\vc\include\xstring(2633): note: 'std::basic_string<char,std::char_traits<char>,std::allocator<char>>' 선언을 참조하십시오.
c:\users\lsy\documents\github\directx11\_lsy\oneself\engine\include\gameobject\dx11gameobject.h(28): warning C4251: 'DX11::CDx11GameObject::m_ComponentList': class 'std::list<DX11::CDx11Component *,std::allocator<_Ty>>'에서는 class 'DX11::CDx11GameObject'의 클라이언트에서 DLL 인터페이스를 사용하도록 지정해야 합니다.
          with
          [
              _Ty=DX11::CDx11Component *
          ]
  c:\users\lsy\documents\github\directx11\_lsy\oneself\engine\include\gameobject\dx11gameobject.h(28): note: 'std::list<DX11::CDx11Component *,std::allocator<_Ty>>' 선언을 참조하십시오.
          with
          [
              _Ty=DX11::CDx11Component *
          ]
c:\users\lsy\documents\github\directx11\_lsy\oneself\engine\include\gameobject\dx11gameobject.h(30): warning C4251: 'DX11::CDx11GameObject::m_FindList': class 'std::list<DX11::CDx11Component *,std::allocator<_Ty>>'에서는 class 'DX11::CDx11GameObject'의 클라이언트에서 DLL 인터페이스를 사용하도록 지정해야 합니다.
          with
          [
              _Ty=DX11::CDx11Component *
          ]
  c:\users\lsy\documents\github\directx11\_lsy\oneself\engine\include\gameobject\dx11gameobject.h(28): note: 'std::list<DX11::CDx11Component *,std::allocator<_Ty>>' 선언을 참조하십시오.
          with
          [
              _Ty=DX11::CDx11Component *
          ]
c:\users\lsy\documents\github\directx11\_lsy\oneself\engine\include\gameobject\dx11gameobject.h(36): warning C4251: 'DX11::CDx11GameObject::m_MonsterList': class 'std::list<DX11::CDx11GameObject *,std::allocator<_Ty>>'에서는 class 'DX11::CDx11GameObject'의 클라이언트에서 DLL 인터페이스를 사용하도록 지정해야 합니다.
          with
          [
              _Ty=DX11::CDx11GameObject *
          ]
  c:\users\lsy\documents\github\directx11\_lsy\oneself\engine\include\gameobject\dx11gameobject.h(36): note: 'std::list<DX11::CDx11GameObject *,std::allocator<_Ty>>' 선언을 참조하십시오.
          with
          [
              _Ty=DX11::CDx11GameObject *
          ]
c:\users\lsy\documents\github\directx11\_lsy\oneself\engine\include\gameobject\dx11gameobject.h(37): warning C4251: 'DX11::CDx11GameObject::m_ChildList': class 'std::list<DX11::CDx11GameObject *,std::allocator<_Ty>>'에서는 class 'DX11::CDx11GameObject'의 클라이언트에서 DLL 인터페이스를 사용하도록 지정해야 합니다.
          with
          [
              _Ty=DX11::CDx11GameObject *
          ]
  c:\users\lsy\documents\github\directx11\_lsy\oneself\engine\include\gameobject\dx11gameobject.h(36): note: 'std::list<DX11::CDx11GameObject *,std::allocator<_Ty>>' 선언을 참조하십시오.
          with
          [
              _Ty=DX11::CDx11GameObject *
          ]
c:\users\lsy\documents\github\directx11\_lsy\oneself\engine\include\component\dx11transform.h(25): warning C4251: 'DX11::CDx11Transform::m_vLocalScale': struct 'DX11::_tagVector3'에서는 class 'DX11::CDx11Transform'의 클라이언트에서 DLL 인터페이스를 사용하도록 지정해야 합니다.
  c:\users\lsy\documents\github\directx11\_lsy\oneself\engine\include\dx11types.h(272): note: 'DX11::_tagVector3' 선언을 참조하십시오.
c:\users\lsy\documents\github\directx11\_lsy\oneself\engine\include\component\dx11transform.h(26): warning C4251: 'DX11::CDx11Transform::m_vLocalRot': struct 'DX11::_tagVector3'에서는 class 'DX11::CDx11Transform'의 클라이언트에서 DLL 인터페이스를 사용하도록 지정해야 합니다.
  c:\users\lsy\documents\github\directx11\_lsy\oneself\engine\include\dx11types.h(272): note: 'DX11::_tagVector3' 선언을 참조하십시오.
c:\users\lsy\documents\github\directx11\_lsy\oneself\engine\include\component\dx11transform.h(27): warning C4251: 'DX11::CDx11Transform::m_vLocalPos': struct 'DX11::_tagVector3'에서는 class 'DX11::CDx11Transform'의 클라이언트에서 DLL 인터페이스를 사용하도록 지정해야 합니다.
  c:\users\lsy\documents\github\directx11\_lsy\oneself\engine\include\dx11types.h(272): note: 'DX11::_tagVector3' 선언을 참조하십시오.
c:\users\lsy\documents\github\directx11\_lsy\oneself\engine\include\component\dx11transform.h(28): warning C4251: 'DX11::CDx11Transform::m_vLocalMove': struct 'DX11::_tagVector3'에서는 class 'DX11::CDx11Transform'의 클라이언트에서 DLL 인터페이스를 사용하도록 지정해야 합니다.
  c:\users\lsy\documents\github\directx11\_lsy\oneself\engine\include\dx11types.h(272): note: 'DX11::_tagVector3' 선언을 참조하십시오.
c:\users\lsy\documents\github\directx11\_lsy\oneself\engine\include\component\dx11transform.h(29): warning C4251: 'DX11::CDx11Transform::m_vLocalAxis': struct 'DX11::_tagVector3'에서는 class 'DX11::CDx11Transform'의 클라이언트에서 DLL 인터페이스를 사용하도록 지정해야 합니다.
  c:\users\lsy\documents\github\directx11\_lsy\oneself\engine\include\dx11types.h(272): note: 'DX11::_tagVector3' 선언을 참조하십시오.
c:\users\lsy\documents\github\directx11\_lsy\oneself\engine\include\component\dx11transform.h(30): warning C4251: 'DX11::CDx11Transform::m_vLocalView': struct 'DX11::_tagVector3'에서는 class 'DX11::CDx11Transform'의 클라이언트에서 DLL 인터페이스를 사용하도록 지정해야 합니다.
  c:\users\lsy\documents\github\directx11\_lsy\oneself\engine\include\dx11types.h(272): note: 'DX11::_tagVector3' 선언을 참조하십시오.
c:\users\lsy\documents\github\directx11\_lsy\oneself\engine\include\component\dx11transform.h(32): warning C4251: 'DX11::CDx11Transform::m_matLocalScale': struct 'DirectX::XMMATRIX'에서는 class 'DX11::CDx11Transform'의 클라이언트에서 DLL 인터페이스를 사용하도록 지정해야 합니다.
  c:\program files (x86)\windows kits\8.1\include\um\directxmath.h(395): note: 'DirectX::XMMATRIX' 선언을 참조하십시오.
c:\users\lsy\documents\github\directx11\_lsy\oneself\engine\include\component\dx11transform.h(33): warning C4251: 'DX11::CDx11Transform::m_matLocalRotX': struct 'DirectX::XMMATRIX'에서는 class 'DX11::CDx11Transform'의 클라이언트에서 DLL 인터페이스를 사용하도록 지정해야 합니다.
  c:\program files (x86)\windows kits\8.1\include\um\directxmath.h(395): note: 'DirectX::XMMATRIX' 선언을 참조하십시오.
c:\users\lsy\documents\github\directx11\_lsy\oneself\engine\include\component\dx11transform.h(34): warning C4251: 'DX11::CDx11Transform::m_matLocalRotY': struct 'DirectX::XMMATRIX'에서는 class 'DX11::CDx11Transform'의 클라이언트에서 DLL 인터페이스를 사용하도록 지정해야 합니다.
  c:\program files (x86)\windows kits\8.1\include\um\directxmath.h(395): note: 'DirectX::XMMATRIX' 선언을 참조하십시오.
c:\users\lsy\documents\github\directx11\_lsy\oneself\engine\include\component\dx11transform.h(35): warning C4251: 'DX11::CDx11Transform::m_matLocalRotZ': struct 'DirectX::XMMATRIX'에서는 class 'DX11::CDx11Transform'의 클라이언트에서 DLL 인터페이스를 사용하도록 지정해야 합니다.
  c:\program files (x86)\windows kits\8.1\include\um\directxmath.h(395): note: 'DirectX::XMMATRIX' 선언을 참조하십시오.
c:\users\lsy\documents\github\directx11\_lsy\oneself\engine\include\component\dx11transform.h(36): warning C4251: 'DX11::CDx11Transform::m_matLocalRot': struct 'DirectX::XMMATRIX'에서는 class 'DX11::CDx11Transform'의 클라이언트에서 DLL 인터페이스를 사용하도록 지정해야 합니다.
  c:\program files (x86)\windows kits\8.1\include\um\directxmath.h(395): note: 'DirectX::XMMATRIX' 선언을 참조하십시오.
c:\users\lsy\documents\github\directx11\_lsy\oneself\engine\include\component\dx11transform.h(37): warning C4251: 'DX11::CDx11Transform::m_matLocalTranslate': struct 'DirectX::XMMATRIX'에서는 class 'DX11::CDx11Transform'의 클라이언트에서 DLL 인터페이스를 사용하도록 지정해야 합니다.
  c:\program files (x86)\windows kits\8.1\include\um\directxmath.h(395): note: 'DirectX::XMMATRIX' 선언을 참조하십시오.
c:\users\lsy\documents\github\directx11\_lsy\oneself\engine\include\component\dx11transform.h(38): warning C4251: 'DX11::CDx11Transform::m_matLocalParent': struct 'DirectX::XMMATRIX'에서는 class 'DX11::CDx11Transform'의 클라이언트에서 DLL 인터페이스를 사용하도록 지정해야 합니다.
  c:\program files (x86)\windows kits\8.1\include\um\directxmath.h(395): note: 'DirectX::XMMATRIX' 선언을 참조하십시오.
c:\users\lsy\documents\github\directx11\_lsy\oneself\engine\include\component\dx11transform.h(39): warning C4251: 'DX11::CDx11Transform::m_matLocal': struct 'DirectX::XMMATRIX'에서는 class 'DX11::CDx11Transform'의 클라이언트에서 DLL 인터페이스를 사용하도록 지정해야 합니다.
  c:\program files (x86)\windows kits\8.1\include\um\directxmath.h(395): note: 'DirectX::XMMATRIX' 선언을 참조하십시오.
c:\users\lsy\documents\github\directx11\_lsy\oneself\engine\include\component\dx11transform.h(73): warning C4251: 'DX11::CDx11Transform::m_vWorldScale': struct 'DX11::_tagVector3'에서는 class 'DX11::CDx11Transform'의 클라이언트에서 DLL 인터페이스를 사용하도록 지정해야 합니다.
  c:\users\lsy\documents\github\directx11\_lsy\oneself\engine\include\dx11types.h(272): note: 'DX11::_tagVector3' 선언을 참조하십시오.
c:\users\lsy\documents\github\directx11\_lsy\oneself\engine\include\component\dx11transform.h(74): warning C4251: 'DX11::CDx11Transform::m_vWorldFinalScale': struct 'DX11::_tagVector3'에서는 class 'DX11::CDx11Transform'의 클라이언트에서 DLL 인터페이스를 사용하도록 지정해야 합니다.
  c:\users\lsy\documents\github\directx11\_lsy\oneself\engine\include\dx11types.h(272): note: 'DX11::_tagVector3' 선언을 참조하십시오.
c:\users\lsy\documents\github\directx11\_lsy\oneself\engine\include\component\dx11transform.h(75): warning C4251: 'DX11::CDx11Transform::m_vWorldRot': struct 'DX11::_tagVector3'에서는 class 'DX11::CDx11Transform'의 클라이언트에서 DLL 인터페이스를 사용하도록 지정해야 합니다.
  c:\users\lsy\documents\github\directx11\_lsy\oneself\engine\include\dx11types.h(272): note: 'DX11::_tagVector3' 선언을 참조하십시오.
c:\users\lsy\documents\github\directx11\_lsy\oneself\engine\include\component\dx11transform.h(76): warning C4251: 'DX11::CDx11Transform::m_vWorldFinalRot': struct 'DX11::_tagVector3'에서는 class 'DX11::CDx11Transform'의 클라이언트에서 DLL 인터페이스를 사용하도록 지정해야 합니다.
  c:\users\lsy\documents\github\directx11\_lsy\oneself\engine\include\dx11types.h(272): note: 'DX11::_tagVector3' 선언을 참조하십시오.
c:\users\lsy\documents\github\directx11\_lsy\oneself\engine\include\component\dx11transform.h(77): warning C4251: 'DX11::CDx11Transform::m_vWorldPos': struct 'DX11::_tagVector3'에서는 class 'DX11::CDx11Transform'의 클라이언트에서 DLL 인터페이스를 사용하도록 지정해야 합니다.
  c:\users\lsy\documents\github\directx11\_lsy\oneself\engine\include\dx11types.h(272): note: 'DX11::_tagVector3' 선언을 참조하십시오.
c:\users\lsy\documents\github\directx11\_lsy\oneself\engine\include\component\dx11transform.h(78): warning C4251: 'DX11::CDx11Transform::m_vWorldFinalPos': struct 'DX11::_tagVector3'에서는 class 'DX11::CDx11Transform'의 클라이언트에서 DLL 인터페이스를 사용하도록 지정해야 합니다.
  c:\users\lsy\documents\github\directx11\_lsy\oneself\engine\include\dx11types.h(272): note: 'DX11::_tagVector3' 선언을 참조하십시오.
c:\users\lsy\documents\github\directx11\_lsy\oneself\engine\include\component\dx11transform.h(79): warning C4251: 'DX11::CDx11Transform::m_vWorldRev': struct 'DX11::_tagVector3'에서는 class 'DX11::CDx11Transform'의 클라이언트에서 DLL 인터페이스를 사용하도록 지정해야 합니다.
  c:\users\lsy\documents\github\directx11\_lsy\oneself\engine\include\dx11types.h(272): note: 'DX11::_tagVector3' 선언을 참조하십시오.
c:\users\lsy\documents\github\directx11\_lsy\oneself\engine\include\component\dx11transform.h(80): warning C4251: 'DX11::CDx11Transform::m_vWorldMove': struct 'DX11::_tagVector3'에서는 class 'DX11::CDx11Transform'의 클라이언트에서 DLL 인터페이스를 사용하도록 지정해야 합니다.
  c:\users\lsy\documents\github\directx11\_lsy\oneself\engine\include\dx11types.h(272): note: 'DX11::_tagVector3' 선언을 참조하십시오.
c:\users\lsy\documents\github\directx11\_lsy\oneself\engine\include\component\dx11transform.h(81): warning C4251: 'DX11::CDx11Transform::m_vWorldAxis': struct 'DX11::_tagVector3'에서는 class 'DX11::CDx11Transform'의 클라이언트에서 DLL 인터페이스를 사용하도록 지정해야 합니다.
  c:\users\lsy\documents\github\directx11\_lsy\oneself\engine\include\dx11types.h(272): note: 'DX11::_tagVector3' 선언을 참조하십시오.
c:\users\lsy\documents\github\directx11\_lsy\oneself\engine\include\component\dx11transform.h(82): warning C4251: 'DX11::CDx11Transform::m_vWorldView': struct 'DX11::_tagVector3'에서는 class 'DX11::CDx11Transform'의 클라이언트에서 DLL 인터페이스를 사용하도록 지정해야 합니다.
  c:\users\lsy\documents\github\directx11\_lsy\oneself\engine\include\dx11types.h(272): note: 'DX11::_tagVector3' 선언을 참조하십시오.
c:\users\lsy\documents\github\directx11\_lsy\oneself\engine\include\component\dx11transform.h(84): warning C4251: 'DX11::CDx11Transform::m_matWorldScale': struct 'DirectX::XMMATRIX'에서는 class 'DX11::CDx11Transform'의 클라이언트에서 DLL 인터페이스를 사용하도록 지정해야 합니다.
  c:\program files (x86)\windows kits\8.1\include\um\directxmath.h(395): note: 'DirectX::XMMATRIX' 선언을 참조하십시오.
c:\users\lsy\documents\github\directx11\_lsy\oneself\engine\include\component\dx11transform.h(85): warning C4251: 'DX11::CDx11Transform::m_matWorldRotX': struct 'DirectX::XMMATRIX'에서는 class 'DX11::CDx11Transform'의 클라이언트에서 DLL 인터페이스를 사용하도록 지정해야 합니다.
  c:\program files (x86)\windows kits\8.1\include\um\directxmath.h(395): note: 'DirectX::XMMATRIX' 선언을 참조하십시오.
c:\users\lsy\documents\github\directx11\_lsy\oneself\engine\include\component\dx11transform.h(86): warning C4251: 'DX11::CDx11Transform::m_matWorldRotY': struct 'DirectX::XMMATRIX'에서는 class 'DX11::CDx11Transform'의 클라이언트에서 DLL 인터페이스를 사용하도록 지정해야 합니다.
  c:\program files (x86)\windows kits\8.1\include\um\directxmath.h(395): note: 'DirectX::XMMATRIX' 선언을 참조하십시오.
c:\users\lsy\documents\github\directx11\_lsy\oneself\engine\include\component\dx11transform.h(87): warning C4251: 'DX11::CDx11Transform::m_matWorldRotZ': struct 'DirectX::XMMATRIX'에서는 class 'DX11::CDx11Transform'의 클라이언트에서 DLL 인터페이스를 사용하도록 지정해야 합니다.
  c:\program files (x86)\windows kits\8.1\include\um\directxmath.h(395): note: 'DirectX::XMMATRIX' 선언을 참조하십시오.
c:\users\lsy\documents\github\directx11\_lsy\oneself\engine\include\component\dx11transform.h(88): warning C4251: 'DX11::CDx11Transform::m_matWorldRot': struct 'DirectX::XMMATRIX'에서는 class 'DX11::CDx11Transform'의 클라이언트에서 DLL 인터페이스를 사용하도록 지정해야 합니다.
  c:\program files (x86)\windows kits\8.1\include\um\directxmath.h(395): note: 'DirectX::XMMATRIX' 선언을 참조하십시오.
c:\users\lsy\documents\github\directx11\_lsy\oneself\engine\include\component\dx11transform.h(89): warning C4251: 'DX11::CDx11Transform::m_matWorldTranslate': struct 'DirectX::XMMATRIX'에서는 class 'DX11::CDx11Transform'의 클라이언트에서 DLL 인터페이스를 사용하도록 지정해야 합니다.
  c:\program files (x86)\windows kits\8.1\include\um\directxmath.h(395): note: 'DirectX::XMMATRIX' 선언을 참조하십시오.
c:\users\lsy\documents\github\directx11\_lsy\oneself\engine\include\component\dx11transform.h(90): warning C4251: 'DX11::CDx11Transform::m_matWorldRevX': struct 'DirectX::XMMATRIX'에서는 class 'DX11::CDx11Transform'의 클라이언트에서 DLL 인터페이스를 사용하도록 지정해야 합니다.
  c:\program files (x86)\windows kits\8.1\include\um\directxmath.h(395): note: 'DirectX::XMMATRIX' 선언을 참조하십시오.
c:\users\lsy\documents\github\directx11\_lsy\oneself\engine\include\component\dx11transform.h(91): warning C4251: 'DX11::CDx11Transform::m_matWorldRevY': struct 'DirectX::XMMATRIX'에서는 class 'DX11::CDx11Transform'의 클라이언트에서 DLL 인터페이스를 사용하도록 지정해야 합니다.
  c:\program files (x86)\windows kits\8.1\include\um\directxmath.h(395): note: 'DirectX::XMMATRIX' 선언을 참조하십시오.
c:\users\lsy\documents\github\directx11\_lsy\oneself\engine\include\component\dx11transform.h(92): warning C4251: 'DX11::CDx11Transform::m_matWorldRevZ': struct 'DirectX::XMMATRIX'에서는 class 'DX11::CDx11Transform'의 클라이언트에서 DLL 인터페이스를 사용하도록 지정해야 합니다.
  c:\program files (x86)\windows kits\8.1\include\um\directxmath.h(395): note: 'DirectX::XMMATRIX' 선언을 참조하십시오.
c:\users\lsy\documents\github\directx11\_lsy\oneself\engine\include\component\dx11transform.h(93): warning C4251: 'DX11::CDx11Transform::m_matWorldRev': struct 'DirectX::XMMATRIX'에서는 class 'DX11::CDx11Transform'의 클라이언트에서 DLL 인터페이스를 사용하도록 지정해야 합니다.
  c:\program files (x86)\windows kits\8.1\include\um\directxmath.h(395): note: 'DirectX::XMMATRIX' 선언을 참조하십시오.
c:\users\lsy\documents\github\directx11\_lsy\oneself\engine\include\component\dx11transform.h(94): warning C4251: 'DX11::CDx11Transform::m_matWorldParent': struct 'DirectX::XMMATRIX'에서는 class 'DX11::CDx11Transform'의 클라이언트에서 DLL 인터페이스를 사용하도록 지정해야 합니다.
  c:\program files (x86)\windows kits\8.1\include\um\directxmath.h(395): note: 'DirectX::XMMATRIX' 선언을 참조하십시오.
c:\users\lsy\documents\github\directx11\_lsy\oneself\engine\include\component\dx11transform.h(95): warning C4251: 'DX11::CDx11Transform::m_matWorld': struct 'DirectX::XMMATRIX'에서는 class 'DX11::CDx11Transform'의 클라이언트에서 DLL 인터페이스를 사용하도록 지정해야 합니다.
  c:\program files (x86)\windows kits\8.1\include\um\directxmath.h(395): note: 'DirectX::XMMATRIX' 선언을 참조하십시오.
c:\users\lsy\documents\github\directx11\_lsy\oneself\engine\include\scene\dx11scene.h(17): warning C4251: 'DX11::CDx11Scene::m_vecLayer': class 'std::vector<DX11::CDx11Layer *,std::allocator<_Ty>>'에서는 class 'DX11::CDx11Scene'의 클라이언트에서 DLL 인터페이스를 사용하도록 지정해야 합니다.
          with
          [
              _Ty=DX11::CDx11Layer *
          ]
  c:\users\lsy\documents\github\directx11\_lsy\oneself\engine\include\scene\dx11scene.h(17): note: 'std::vector<DX11::CDx11Layer *,std::allocator<_Ty>>' 선언을 참조하십시오.
          with
          [
              _Ty=DX11::CDx11Layer *
          ]
c:\users\lsy\documents\github\directx11\_lsy\oneself\engine\include\scene\dx11scene.h(18): warning C4251: 'DX11::CDx11Scene::m_vecScript': class 'std::vector<DX11::CDx11Script *,std::allocator<_Ty>>'에서는 class 'DX11::CDx11Scene'의 클라이언트에서 DLL 인터페이스를 사용하도록 지정해야 합니다.
          with
          [
              _Ty=DX11::CDx11Script *
          ]
  c:\users\lsy\documents\github\directx11\_lsy\oneself\engine\include\scene\dx11scene.h(18): note: 'std::vector<DX11::CDx11Script *,std::allocator<_Ty>>' 선언을 참조하십시오.
          with
          [
              _Ty=DX11::CDx11Script *
          ]
c:\users\lsy\documents\github\directx11\_lsy\oneself\engine\include\scene\dx11scene.h(19): warning C4251: 'DX11::CDx11Scene::m_mapCamera': class 'std::unordered_map<std::string,DX11::CDx11GameObject *,std::hash<_Kty>,std::equal_to<_Kty>,std::allocator<std::pair<const _Kty,_Ty>>>'에서는 class 'DX11::CDx11Scene'의 클라이언트에서 DLL 인터페이스를 사용하도록 지정해야 합니다.
          with
          [
              _Kty=std::string,
              _Ty=DX11::CDx11GameObject *
          ]
  c:\users\lsy\documents\github\directx11\_lsy\oneself\engine\include\scene\dx11scene.h(19): note: 'std::unordered_map<std::string,DX11::CDx11GameObject *,std::hash<_Kty>,std::equal_to<_Kty>,std::allocator<std::pair<const _Kty,_Ty>>>' 선언을 참조하십시오.
          with
          [
              _Kty=std::string,
              _Ty=DX11::CDx11GameObject *
          ]
c:\users\lsy\documents\github\directx11\_lsy\oneself\engine\include\scene\dx11scene.h(21): warning C4251: 'DX11::CDx11Scene::m_FindList': class 'std::list<DX11::CDx11GameObject *,std::allocator<_Ty>>'에서는 class 'DX11::CDx11Scene'의 클라이언트에서 DLL 인터페이스를 사용하도록 지정해야 합니다.
          with
          [
              _Ty=DX11::CDx11GameObject *
          ]
  c:\users\lsy\documents\github\directx11\_lsy\oneself\engine\include\gameobject\dx11gameobject.h(36): note: 'std::list<DX11::CDx11GameObject *,std::allocator<_Ty>>' 선언을 참조하십시오.
          with
          [
              _Ty=DX11::CDx11GameObject *
          ]
c:\users\lsy\documents\github\directx11\_lsy\oneself\engine\include\scene\dx11scene.h(22): warning C4251: 'DX11::CDx11Scene::m_LightList': class 'std::list<DX11::CDx11GameObject *,std::allocator<_Ty>>'에서는 class 'DX11::CDx11Scene'의 클라이언트에서 DLL 인터페이스를 사용하도록 지정해야 합니다.
          with
          [
              _Ty=DX11::CDx11GameObject *
          ]
  c:\users\lsy\documents\github\directx11\_lsy\oneself\engine\include\gameobject\dx11gameobject.h(36): note: 'std::list<DX11::CDx11GameObject *,std::allocator<_Ty>>' 선언을 참조하십시오.
          with
          [
              _Ty=DX11::CDx11GameObject *
          ]
c:\users\lsy\documents\github\directx11\_lsy\oneself\engine\include\scene\dx11layer.h(17): warning C4251: 'DX11::CDx11Layer::m_ObjList': class 'std::list<DX11::CDx11GameObject *,std::allocator<_Ty>>'에서는 class 'DX11::CDx11Layer'의 클라이언트에서 DLL 인터페이스를 사용하도록 지정해야 합니다.
          with
          [
              _Ty=DX11::CDx11GameObject *
          ]
  c:\users\lsy\documents\github\directx11\_lsy\oneself\engine\include\gameobject\dx11gameobject.h(36): note: 'std::list<DX11::CDx11GameObject *,std::allocator<_Ty>>' 선언을 참조하십시오.
          with
          [
              _Ty=DX11::CDx11GameObject *
          ]
c:\users\lsy\documents\github\directx11\_lsy\oneself\engine\include\scene\dx11layer.h(19): warning C4251: 'DX11::CDx11Layer::m_FindList': class 'std::list<DX11::CDx11GameObject *,std::allocator<_Ty>>'에서는 class 'DX11::CDx11Layer'의 클라이언트에서 DLL 인터페이스를 사용하도록 지정해야 합니다.
          with
          [
              _Ty=DX11::CDx11GameObject *
          ]
  c:\users\lsy\documents\github\directx11\_lsy\oneself\engine\include\gameobject\dx11gameobject.h(36): note: 'std::list<DX11::CDx11GameObject *,std::allocator<_Ty>>' 선언을 참조하십시오.
          with
          [
              _Ty=DX11::CDx11GameObject *
          ]
c:\users\lsy\documents\github\directx11\_lsy\oneself\engine\include\core\dx11scheduler.h(22): warning C4251: 'DX11::CDx11Scheduler::m_Schedule': class 'std::list<DX11::CDx11Scheduler::PSCHEDULEINFO,std::allocator<_Ty>>'에서는 class 'DX11::CDx11Scheduler'의 클라이언트에서 DLL 인터페이스를 사용하도록 지정해야 합니다.
          with
          [
              _Ty=DX11::CDx11Scheduler::PSCHEDULEINFO
          ]
  c:\users\lsy\documents\github\directx11\_lsy\oneself\engine\include\core\dx11scheduler.h(22): note: 'std::list<DX11::CDx11Scheduler::PSCHEDULEINFO,std::allocator<_Ty>>' 선언을 참조하십시오.
          with
          [
              _Ty=DX11::CDx11Scheduler::PSCHEDULEINFO
          ]
c:\users\lsy\documents\github\directx11\_lsy\oneself\engine\include\resources\dx11resourcesmanager.h(12): warning C4251: 'DX11::CDx11ResourcesManager::m_mapMesh': class 'std::unordered_map<std::string,DX11::CDx11Mesh *,std::hash<_Kty>,std::equal_to<_Kty>,std::allocator<std::pair<const _Kty,_Ty>>>'에서는 class 'DX11::CDx11ResourcesManager'의 클라이언트에서 DLL 인터페이스를 사용하도록 지정해야 합니다.
          with
          [
              _Kty=std::string,
              _Ty=DX11::CDx11Mesh *
          ]
  c:\users\lsy\documents\github\directx11\_lsy\oneself\engine\include\resources\dx11resourcesmanager.h(12): note: 'std::unordered_map<std::string,DX11::CDx11Mesh *,std::hash<_Kty>,std::equal_to<_Kty>,std::allocator<std::pair<const _Kty,_Ty>>>' 선언을 참조하십시오.
          with
          [
              _Kty=std::string,
              _Ty=DX11::CDx11Mesh *
          ]
c:\users\lsy\documents\github\directx11\_lsy\oneself\engine\include\resources\dx11resourcesmanager.h(13): warning C4251: 'DX11::CDx11ResourcesManager::m_mapTexture': class 'std::unordered_map<std::string,DX11::CDx11Texture *,std::hash<_Kty>,std::equal_to<_Kty>,std::allocator<std::pair<const _Kty,_Ty>>>'에서는 class 'DX11::CDx11ResourcesManager'의 클라이언트에서 DLL 인터페이스를 사용하도록 지정해야 합니다.
          with
          [
              _Kty=std::string,
              _Ty=DX11::CDx11Texture *
          ]
  c:\users\lsy\documents\github\directx11\_lsy\oneself\engine\include\resources\dx11resourcesmanager.h(13): note: 'std::unordered_map<std::string,DX11::CDx11Texture *,std::hash<_Kty>,std::equal_to<_Kty>,std::allocator<std::pair<const _Kty,_Ty>>>' 선언을 참조하십시오.
          with
          [
              _Kty=std::string,
              _Ty=DX11::CDx11Texture *
          ]
c:\users\lsy\documents\github\directx11\_lsy\oneself\engine\include\resources\dx11resourcesmanager.h(14): warning C4251: 'DX11::CDx11ResourcesManager::m_mapSampler': class 'std::unordered_map<std::string,DX11::CDx11Sampler *,std::hash<_Kty>,std::equal_to<_Kty>,std::allocator<std::pair<const _Kty,_Ty>>>'에서는 class 'DX11::CDx11ResourcesManager'의 클라이언트에서 DLL 인터페이스를 사용하도록 지정해야 합니다.
          with
          [
              _Kty=std::string,
              _Ty=DX11::CDx11Sampler *
          ]
  c:\users\lsy\documents\github\directx11\_lsy\oneself\engine\include\resources\dx11resourcesmanager.h(14): note: 'std::unordered_map<std::string,DX11::CDx11Sampler *,std::hash<_Kty>,std::equal_to<_Kty>,std::allocator<std::pair<const _Kty,_Ty>>>' 선언을 참조하십시오.
          with
          [
              _Kty=std::string,
              _Ty=DX11::CDx11Sampler *
          ]
c:\users\lsy\documents\github\directx11\_lsy\oneself\engine\include\component\dx11material.h(20): warning C4251: 'DX11::CDx11Material::m_tInfo': struct 'DX11::_tagMaterial'에서는 class 'DX11::CDx11Material'의 클라이언트에서 DLL 인터페이스를 사용하도록 지정해야 합니다.
  c:\users\lsy\documents\github\directx11\_lsy\oneself\engine\include\dx11types.h(902): note: 'DX11::_tagMaterial' 선언을 참조하십시오.
  Client.vcxproj -> C:\Users\LSY\Documents\GitHub\DirectX11\_LSY\Oneself\/Client/Bin_Debug\Client_Debug.exe
  Client.vcxproj -> C:\Users\LSY\Documents\GitHub\DirectX11\_LSY\Oneself\/Client/Bin_Debug\Client_Debug.pdb (Full PDB)
